#
# There is insufficient memory for the Java Runtime Environment to continue.
# Native memory allocation (malloc) failed to allocate 1098096 bytes for Chunk::new
# Possible reasons:
#   The system is out of physical RAM or swap space
#   The process is running with CompressedOops enabled, and the Java Heap may be blocking the growth of the native heap
# Possible solutions:
#   Reduce memory load on the system
#   Increase physical memory or swap space
#   Check if swap backing store is full
#   Decrease Java heap size (-Xmx/-Xms)
#   Decrease number of Java threads
#   Decrease Java thread stack sizes (-Xss)
#   Set larger code cache with -XX:ReservedCodeCacheSize=
#   JVM is running with Unscaled Compressed Oops mode in which the Java heap is
#     placed in the first 4GB address space. The Java Heap base address is the
#     maximum limit for the native heap growth. Please use -XX:HeapBaseMinAddress
#     to set the Java Heap base and to place the Java Heap above 4GB virtual address.
# This output file may be truncated or incomplete.
#
#  Out of Memory Error (./src/hotspot/share/memory/arena.cpp:197), pid=7836, tid=13416
#
# JRE version: OpenJDK Runtime Environment (11.0.11+9) (build 11.0.11+9-b60-7590822)
# Java VM: OpenJDK 64-Bit Server VM (11.0.11+9-b60-7590822, mixed mode, tiered, compressed oops, g1 gc, windows-amd64)
# No core dump will be written. Minidumps are not enabled by default on client versions of Windows
#

---------------  S U M M A R Y ------------

Command Line: --add-opens=java.base/java.util=ALL-UNNAMED --add-opens=java.base/java.lang=ALL-UNNAMED --add-opens=java.base/java.lang.invoke=ALL-UNNAMED --add-opens=java.base/java.util=ALL-UNNAMED --add-opens=java.prefs/java.util.prefs=ALL-UNNAMED --add-opens=java.prefs/java.util.prefs=ALL-UNNAMED --add-opens=java.base/java.nio.charset=ALL-UNNAMED --add-opens=java.base/java.net=ALL-UNNAMED --add-opens=java.base/java.util.concurrent.atomic=ALL-UNNAMED -Xmx2048m -Dfile.encoding=UTF-8 -Duser.country=US -Duser.language=en -Duser.variant org.gradle.launcher.daemon.bootstrap.GradleDaemon 7.2

Host: Intel(R) Core(TM) i5-4570 CPU @ 3.20GHz, 4 cores, 15G,  Windows 10 , 64 bit Build 19041 (10.0.19041.1645)
Time: Sat May  7 11:15:44 2022 Romance Daylight Time elapsed time: 8.155742 seconds (0d 0h 0m 8s)

---------------  T H R E A D  ---------------

Current thread (0x0000024b57e44000):  JavaThread "C2 CompilerThread0" daemon [_thread_in_native, id=13416, stack(0x000000fcf9100000,0x000000fcf9200000)]


Current CompileTask:
C2:   8155 7571       4       java.util.TreeMap::put (247 bytes)

Stack: [0x000000fcf9100000,0x000000fcf9200000]
Native frames: (J=compiled Java code, j=interpreted, Vv=VM code, C=native code)
V  [jvm.dll+0x5f214a]
V  [jvm.dll+0x726fb5]
V  [jvm.dll+0x7285cd]
V  [jvm.dll+0x728c83]
V  [jvm.dll+0x243278]
V  [jvm.dll+0xbc53c]
V  [jvm.dll+0xbca3c]
V  [jvm.dll+0x353e7d]
V  [jvm.dll+0x321893]
V  [jvm.dll+0x320d8a]
V  [jvm.dll+0x1fc1e2]
V  [jvm.dll+0x1fb3d4]
V  [jvm.dll+0x183d6c]
V  [jvm.dll+0x209a57]
V  [jvm.dll+0x2082a1]
V  [jvm.dll+0x6ef58f]
V  [jvm.dll+0x6e80b5]
V  [jvm.dll+0x5f1036]
C  [ucrtbase.dll+0x21bb2]
C  [KERNEL32.DLL+0x17034]
C  [ntdll.dll+0x52651]


---------------  P R O C E S S  ---------------

Threads class SMR info:
_java_thread_list=0x0000024b5db77d00, length=84, elements={
0x0000024b3d98d800, 0x0000024b575be000, 0x0000024b57de1000, 0x0000024b57e3d800,
0x0000024b57e3e800, 0x0000024b57e41000, 0x0000024b57e44000, 0x0000024b57e49800,
0x0000024b57e9e800, 0x0000024b57fb2800, 0x0000024b5a294800, 0x0000024b5814e000,
0x0000024b59d3c000, 0x0000024b590db800, 0x0000024b59fca800, 0x0000024b592f2800,
0x0000024b5a98d800, 0x0000024b5a07e000, 0x0000024b5a4e4000, 0x0000024b5a5a8800,
0x0000024b5ab29800, 0x0000024b5ab23800, 0x0000024b5ab26000, 0x0000024b5ab27000,
0x0000024b5ab27800, 0x0000024b5ab24800, 0x0000024b5ab28800, 0x0000024b5ab25000,
0x0000024b5ab2a000, 0x0000024b5a8c9000, 0x0000024b5a8c5000, 0x0000024b5a8ca000,
0x0000024b5a8cb000, 0x0000024b5a8c8800, 0x0000024b5a8cd800, 0x0000024b5a8c7800,
0x0000024b5a8d4000, 0x0000024b5a8ce000, 0x0000024b5a8cf000, 0x0000024b5a8cf800,
0x0000024b5a8d0800, 0x0000024b5a8d3000, 0x0000024b5a8d1800, 0x0000024b5a8d2000,
0x0000024b5dc29000, 0x0000024b5dc26800, 0x0000024b5dc25800, 0x0000024b5dc28000,
0x0000024b5dc29800, 0x0000024b5dc25000, 0x0000024b5dc2d000, 0x0000024b5dc2a800,
0x0000024b5dc2b800, 0x0000024b5dc2c000, 0x0000024b5dc27000, 0x0000024b5dc32000,
0x0000024b5dc30000, 0x0000024b5dc31000, 0x0000024b5dc32800, 0x0000024b5dc2e800,
0x0000024b5dc33800, 0x0000024b5dc2f800, 0x0000024b5dc2e000, 0x0000024b5d4c6800,
0x0000024b5d4c5000, 0x0000024b5d4c7000, 0x0000024b5d4c1800, 0x0000024b5d4c8000,
0x0000024b5d4c3000, 0x0000024b5d4c4000, 0x0000024b5d4c2800, 0x0000024b5d4c9000,
0x0000024b5d4ca800, 0x0000024b5d4c9800, 0x0000024b5d4cb800, 0x0000024b5d4c5800,
0x0000024b5d4cc000, 0x0000024b5d4ce800, 0x0000024b5d4cd800, 0x0000024b5d4d0000,
0x0000024b61d17800, 0x0000024b61d1a000, 0x0000024b61d18000, 0x0000024b61d19000
}

Java Threads: ( => current thread )
  0x0000024b3d98d800 JavaThread "main" [_thread_blocked, id=25080, stack(0x000000fcf8500000,0x000000fcf8600000)]
  0x0000024b575be000 JavaThread "Reference Handler" daemon [_thread_blocked, id=21156, stack(0x000000fcf8c00000,0x000000fcf8d00000)]
  0x0000024b57de1000 JavaThread "Finalizer" daemon [_thread_blocked, id=24840, stack(0x000000fcf8d00000,0x000000fcf8e00000)]
  0x0000024b57e3d800 JavaThread "Signal Dispatcher" daemon [_thread_blocked, id=25148, stack(0x000000fcf8e00000,0x000000fcf8f00000)]
  0x0000024b57e3e800 JavaThread "Attach Listener" daemon [_thread_blocked, id=10416, stack(0x000000fcf8f00000,0x000000fcf9000000)]
  0x0000024b57e41000 JavaThread "Service Thread" daemon [_thread_blocked, id=8888, stack(0x000000fcf9000000,0x000000fcf9100000)]
=>0x0000024b57e44000 JavaThread "C2 CompilerThread0" daemon [_thread_in_native, id=13416, stack(0x000000fcf9100000,0x000000fcf9200000)]
  0x0000024b57e49800 JavaThread "C1 CompilerThread0" daemon [_thread_blocked, id=25052, stack(0x000000fcf9200000,0x000000fcf9300000)]
  0x0000024b57e9e800 JavaThread "Sweeper thread" daemon [_thread_blocked, id=13912, stack(0x000000fcf9300000,0x000000fcf9400000)]
  0x0000024b57fb2800 JavaThread "Common-Cleaner" daemon [_thread_blocked, id=8248, stack(0x000000fcf9400000,0x000000fcf9500000)]
  0x0000024b5a294800 JavaThread "Daemon health stats" [_thread_blocked, id=3192, stack(0x000000fcf9a00000,0x000000fcf9b00000)]
  0x0000024b5814e000 JavaThread "Incoming local TCP Connector on port 49950" [_thread_in_native, id=25608, stack(0x000000fcf9600000,0x000000fcf9700000)]
  0x0000024b59d3c000 JavaThread "Daemon periodic checks" [_thread_blocked, id=12984, stack(0x000000fcf9b00000,0x000000fcf9c00000)]
  0x0000024b590db800 JavaThread "Daemon" [_thread_blocked, id=7848, stack(0x000000fcf9c00000,0x000000fcf9d00000)]
  0x0000024b59fca800 JavaThread "Handler for socket connection from /127.0.0.1:49950 to /127.0.0.1:49951" [_thread_in_native, id=18224, stack(0x000000fcf9d00000,0x000000fcf9e00000)]
  0x0000024b592f2800 JavaThread "Cancel handler" [_thread_blocked, id=9536, stack(0x000000fcf9e00000,0x000000fcf9f00000)]
  0x0000024b5a98d800 JavaThread "C2 CompilerThread1" daemon [_thread_in_native, id=18172, stack(0x000000fcf9f00000,0x000000fcfa000000)]
  0x0000024b5a07e000 JavaThread "Daemon worker" [_thread_blocked, id=25628, stack(0x000000fcfa000000,0x000000fcfa100000)]
  0x0000024b5a4e4000 JavaThread "Asynchronous log dispatcher for DefaultDaemonConnection: socket connection from /127.0.0.1:49950 to /127.0.0.1:49951" [_thread_blocked, id=13144, stack(0x000000fcfa100000,0x000000fcfa200000)]
  0x0000024b5a5a8800 JavaThread "Stdin handler" [_thread_blocked, id=23596, stack(0x000000fcfa200000,0x000000fcfa300000)]
  0x0000024b5ab29800 JavaThread "Daemon client event forwarder" [_thread_blocked, id=19384, stack(0x000000fcfa300000,0x000000fcfa400000)]
  0x0000024b5ab23800 JavaThread "Cache worker for journal cache (C:\Users\Arne\.gradle\caches\journal-1)" [_thread_blocked, id=17092, stack(0x000000fcfa400000,0x000000fcfa500000)]
  0x0000024b5ab26000 JavaThread "File lock request listener" [_thread_in_native, id=17160, stack(0x000000fcfa500000,0x000000fcfa600000)]
  0x0000024b5ab27000 JavaThread "Cache worker for file hash cache (C:\Users\Arne\.gradle\caches\7.2\fileHashes)" [_thread_blocked, id=11472, stack(0x000000fcfa600000,0x000000fcfa700000)]
  0x0000024b5ab27800 JavaThread "Cache worker for file hash cache (C:\Users\Arne\AndroidStudioProjects\iHave\.gradle\7.2\fileHashes)" [_thread_blocked, id=25024, stack(0x000000fcfa700000,0x000000fcfa800000)]
  0x0000024b5ab24800 JavaThread "File watcher server" daemon [_thread_in_native, id=18128, stack(0x000000fcfa800000,0x000000fcfa900000)]
  0x0000024b5ab28800 JavaThread "File watcher consumer" daemon [_thread_blocked, id=19924, stack(0x000000fcfa900000,0x000000fcfaa00000)]
  0x0000024b5ab25000 JavaThread "Cache worker for checksums cache (C:\Users\Arne\AndroidStudioProjects\iHave\.gradle\checksums)" [_thread_blocked, id=9916, stack(0x000000fcfaa00000,0x000000fcfab00000)]
  0x0000024b5ab2a000 JavaThread "Cache worker for cache directory md-supplier (C:\Users\Arne\.gradle\caches\7.2\md-supplier)" [_thread_blocked, id=20764, stack(0x000000fcfab00000,0x000000fcfac00000)]
  0x0000024b5a8c9000 JavaThread "Cache worker for cache directory md-rule (C:\Users\Arne\.gradle\caches\7.2\md-rule)" [_thread_blocked, id=8056, stack(0x000000fcfac00000,0x000000fcfad00000)]
  0x0000024b5a8c5000 JavaThread "Cache worker for execution history cache (C:\Users\Arne\.gradle\caches\7.2\executionHistory)" [_thread_blocked, id=14568, stack(0x000000fcfad00000,0x000000fcfae00000)]
  0x0000024b5a8ca000 JavaThread "jar transforms" [_thread_blocked, id=14536, stack(0x000000fcfae00000,0x000000fcfaf00000)]
  0x0000024b5a8cb000 JavaThread "Cache worker for file content cache (C:\Users\Arne\.gradle\caches\7.2\fileContent)" [_thread_blocked, id=2140, stack(0x000000fcfaf00000,0x000000fcfb000000)]
  0x0000024b5a8c8800 JavaThread "jar transforms Thread 2" [_thread_blocked, id=4040, stack(0x000000fcfb000000,0x000000fcfb100000)]
  0x0000024b5a8cd800 JavaThread "Cache worker for dependencies-accessors (C:\Users\Arne\AndroidStudioProjects\iHave\.gradle\7.2\dependencies-accessors)" [_thread_blocked, id=25228, stack(0x000000fcfb100000,0x000000fcfb200000)]
  0x0000024b5a8c7800 JavaThread "jar transforms Thread 3" [_thread_blocked, id=13672, stack(0x000000fcfb200000,0x000000fcfb300000)]
  0x0000024b5a8d4000 JavaThread "Cache worker for Build Output Cleanup Cache (C:\Users\Arne\AndroidStudioProjects\iHave\.gradle\buildOutputCleanup)" [_thread_blocked, id=23960, stack(0x000000fcfb300000,0x000000fcfb400000)]
  0x0000024b5a8ce000 JavaThread "Unconstrained build operations" [_thread_blocked, id=25776, stack(0x000000fcfb400000,0x000000fcfb500000)]
  0x0000024b5a8cf000 JavaThread "Unconstrained build operations Thread 2" [_thread_blocked, id=11532, stack(0x000000fcfb500000,0x000000fcfb600000)]
  0x0000024b5a8cf800 JavaThread "Unconstrained build operations Thread 3" [_thread_blocked, id=26292, stack(0x000000fcfb600000,0x000000fcfb700000)]
  0x0000024b5a8d0800 JavaThread "Unconstrained build operations Thread 4" [_thread_blocked, id=19260, stack(0x000000fcfb700000,0x000000fcfb800000)]
  0x0000024b5a8d3000 JavaThread "Unconstrained build operations Thread 5" [_thread_blocked, id=17740, stack(0x000000fcfb800000,0x000000fcfb900000)]
  0x0000024b5a8d1800 JavaThread "Unconstrained build operations Thread 6" [_thread_blocked, id=2212, stack(0x000000fcfb900000,0x000000fcfba00000)]
  0x0000024b5a8d2000 JavaThread "Unconstrained build operations Thread 7" [_thread_blocked, id=26040, stack(0x000000fcfba00000,0x000000fcfbb00000)]
  0x0000024b5dc29000 JavaThread "Unconstrained build operations Thread 8" [_thread_blocked, id=560, stack(0x000000fcfbb00000,0x000000fcfbc00000)]
  0x0000024b5dc26800 JavaThread "Unconstrained build operations Thread 9" [_thread_blocked, id=25580, stack(0x000000fcfbc00000,0x000000fcfbd00000)]
  0x0000024b5dc25800 JavaThread "Unconstrained build operations Thread 10" [_thread_blocked, id=24356, stack(0x000000fcfbd00000,0x000000fcfbe00000)]
  0x0000024b5dc28000 JavaThread "Unconstrained build operations Thread 11" [_thread_blocked, id=12756, stack(0x000000fcfbe00000,0x000000fcfbf00000)]
  0x0000024b5dc29800 JavaThread "Unconstrained build operations Thread 12" [_thread_blocked, id=6712, stack(0x000000fcfbf00000,0x000000fcfc000000)]
  0x0000024b5dc25000 JavaThread "Unconstrained build operations Thread 13" [_thread_blocked, id=22264, stack(0x000000fcfc000000,0x000000fcfc100000)]
  0x0000024b5dc2d000 JavaThread "Unconstrained build operations Thread 14" [_thread_blocked, id=23780, stack(0x000000fcfc100000,0x000000fcfc200000)]
  0x0000024b5dc2a800 JavaThread "Unconstrained build operations Thread 15" [_thread_blocked, id=9936, stack(0x000000fcfc200000,0x000000fcfc300000)]
  0x0000024b5dc2b800 JavaThread "Unconstrained build operations Thread 16" [_thread_blocked, id=19264, stack(0x000000fcfc300000,0x000000fcfc400000)]
  0x0000024b5dc2c000 JavaThread "Unconstrained build operations Thread 17" [_thread_blocked, id=24704, stack(0x000000fcfc400000,0x000000fcfc500000)]
  0x0000024b5dc27000 JavaThread "Unconstrained build operations Thread 18" [_thread_blocked, id=22828, stack(0x000000fcfc500000,0x000000fcfc600000)]
  0x0000024b5dc32000 JavaThread "Unconstrained build operations Thread 19" [_thread_blocked, id=8828, stack(0x000000fcfc600000,0x000000fcfc700000)]
  0x0000024b5dc30000 JavaThread "Unconstrained build operations Thread 20" [_thread_blocked, id=25640, stack(0x000000fcfc700000,0x000000fcfc800000)]
  0x0000024b5dc31000 JavaThread "Unconstrained build operations Thread 21" [_thread_blocked, id=24272, stack(0x000000fcfc800000,0x000000fcfc900000)]
  0x0000024b5dc32800 JavaThread "Unconstrained build operations Thread 22" [_thread_blocked, id=25220, stack(0x000000fcfc900000,0x000000fcfca00000)]
  0x0000024b5dc2e800 JavaThread "Unconstrained build operations Thread 23" [_thread_blocked, id=16452, stack(0x000000fcfca00000,0x000000fcfcb00000)]
  0x0000024b5dc33800 JavaThread "Unconstrained build operations Thread 24" [_thread_blocked, id=9616, stack(0x000000fcfcb00000,0x000000fcfcc00000)]
  0x0000024b5dc2f800 JavaThread "Unconstrained build operations Thread 25" [_thread_blocked, id=26516, stack(0x000000fcfcc00000,0x000000fcfcd00000)]
  0x0000024b5dc2e000 JavaThread "Unconstrained build operations Thread 26" [_thread_blocked, id=25192, stack(0x000000fcfcd00000,0x000000fcfce00000)]
  0x0000024b5d4c6800 JavaThread "Unconstrained build operations Thread 27" [_thread_blocked, id=11184, stack(0x000000fcfce00000,0x000000fcfcf00000)]
  0x0000024b5d4c5000 JavaThread "Unconstrained build operations Thread 28" [_thread_blocked, id=25780, stack(0x000000fcfcf00000,0x000000fcfd000000)]
  0x0000024b5d4c7000 JavaThread "Unconstrained build operations Thread 29" [_thread_blocked, id=22804, stack(0x000000fcfd000000,0x000000fcfd100000)]
  0x0000024b5d4c1800 JavaThread "Unconstrained build operations Thread 30" [_thread_blocked, id=3772, stack(0x000000fcfd100000,0x000000fcfd200000)]
  0x0000024b5d4c8000 JavaThread "Unconstrained build operations Thread 31" [_thread_blocked, id=9820, stack(0x000000fcfd200000,0x000000fcfd300000)]
  0x0000024b5d4c3000 JavaThread "Unconstrained build operations Thread 32" [_thread_blocked, id=8620, stack(0x000000fcfd300000,0x000000fcfd400000)]
  0x0000024b5d4c4000 JavaThread "Unconstrained build operations Thread 33" [_thread_blocked, id=22040, stack(0x000000fcfd400000,0x000000fcfd500000)]
  0x0000024b5d4c2800 JavaThread "Unconstrained build operations Thread 34" [_thread_blocked, id=25096, stack(0x000000fcfd500000,0x000000fcfd600000)]
  0x0000024b5d4c9000 JavaThread "Unconstrained build operations Thread 35" [_thread_blocked, id=6744, stack(0x000000fcfd600000,0x000000fcfd700000)]
  0x0000024b5d4ca800 JavaThread "Unconstrained build operations Thread 36" [_thread_blocked, id=24976, stack(0x000000fcfd700000,0x000000fcfd800000)]
  0x0000024b5d4c9800 JavaThread "Unconstrained build operations Thread 37" [_thread_blocked, id=6248, stack(0x000000fcfd800000,0x000000fcfd900000)]
  0x0000024b5d4cb800 JavaThread "Unconstrained build operations Thread 38" [_thread_blocked, id=21476, stack(0x000000fcfd900000,0x000000fcfda00000)]
  0x0000024b5d4c5800 JavaThread "Unconstrained build operations Thread 39" [_thread_blocked, id=5528, stack(0x000000fcfda00000,0x000000fcfdb00000)]
  0x0000024b5d4cc000 JavaThread "Unconstrained build operations Thread 40" [_thread_blocked, id=7156, stack(0x000000fcfdb00000,0x000000fcfdc00000)]
  0x0000024b5d4ce800 JavaThread "jar transforms Thread 4" [_thread_blocked, id=21812, stack(0x000000fcfdc00000,0x000000fcfdd00000)]
  0x0000024b5d4cd800 JavaThread "Memory manager" [_thread_blocked, id=25888, stack(0x000000fcfdd00000,0x000000fcfde00000)]
  0x0000024b5d4d0000 JavaThread "build event listener" [_thread_blocked, id=12916, stack(0x000000fcfde00000,0x000000fcfdf00000)]
  0x0000024b61d17800 JavaThread "Execution worker for ':'" [_thread_blocked, id=1900, stack(0x000000fcfdf00000,0x000000fcfe000000)]
  0x0000024b61d1a000 JavaThread "Execution worker for ':' Thread 2" [_thread_in_Java, id=8668, stack(0x000000fcfe000000,0x000000fcfe100000)]
  0x0000024b61d18000 JavaThread "Execution worker for ':' Thread 3" [_thread_blocked, id=26296, stack(0x000000fcfe100000,0x000000fcfe200000)]
  0x0000024b61d19000 JavaThread "Cache worker for execution history cache (C:\Users\Arne\AndroidStudioProjects\iHave\.gradle\7.2\executionHistory)" [_thread_in_vm, id=15372, stack(0x000000fcfe200000,0x000000fcfe300000)]

Other Threads:
  0x0000024b575bb800 VMThread "VM Thread" [stack: 0x000000fcf8b00000,0x000000fcf8c00000] [id=11732]
  0x0000024b57ff8000 WatcherThread [stack: 0x000000fcf9500000,0x000000fcf9600000] [id=5536]
  0x0000024b3d9a6800 GCTaskThread "GC Thread#0" [stack: 0x000000fcf8600000,0x000000fcf8700000] [id=11344]
  0x0000024b585a6800 GCTaskThread "GC Thread#1" [stack: 0x000000fcf9700000,0x000000fcf9800000] [id=26328]
  0x0000024b58aa1800 GCTaskThread "GC Thread#2" [stack: 0x000000fcf9800000,0x000000fcf9900000] [id=24428]
  0x0000024b58aa2800 GCTaskThread "GC Thread#3" [stack: 0x000000fcf9900000,0x000000fcf9a00000] [id=10328]
  0x0000024b3d9d7800 ConcurrentGCThread "G1 Main Marker" [stack: 0x000000fcf8700000,0x000000fcf8800000] [id=23612]
  0x0000024b3d9da000 ConcurrentGCThread "G1 Conc#0" [stack: 0x000000fcf8800000,0x000000fcf8900000] [id=13972]
  0x0000024b3da6e000 ConcurrentGCThread "G1 Refine#0" [stack: 0x000000fcf8900000,0x000000fcf8a00000] [id=5580]
  0x0000024b57426800 ConcurrentGCThread "G1 Young RemSet Sampling" [stack: 0x000000fcf8a00000,0x000000fcf8b00000] [id=26592]

Threads with active compile tasks:
C2 CompilerThread0   8174 7571       4       java.util.TreeMap::put (247 bytes)
C2 CompilerThread1   8174 7417 %     4       org.gradle.internal.instantiation.generator.AbstractClassGenerator::inspectType @ 107 (560 bytes)

VM state:not at safepoint (normal execution)

VM Mutex/Monitor currently owned by a thread: None

Heap address: 0x0000000080000000, size: 2048 MB, Compressed Oops mode: 32-bit
Narrow klass base: 0x0000000000000000, Narrow klass shift: 3
Compressed class space size: 1073741824 Address: 0x0000000100000000

Heap:
 garbage-first heap   total 315392K, used 156929K [0x0000000080000000, 0x0000000100000000)
  region size 1024K, 112 young (114688K), 12 survivors (12288K)
 Metaspace       used 78839K, capacity 80757K, committed 80972K, reserved 1120256K
  class space    used 10336K, capacity 11054K, committed 11084K, reserved 1048576K
Heap Regions: E=young(eden), S=young(survivor), O=old, HS=humongous(starts), HC=humongous(continues), CS=collection set, F=free, A=archive, TAMS=top-at-mark-start (previous, next)
|   0|0x0000000080000000, 0x0000000080100000, 0x0000000080100000|100%| O|  |TAMS 0x0000000080100000, 0x0000000080000000| Untracked 
|   1|0x0000000080100000, 0x0000000080200000, 0x0000000080200000|100%| O|  |TAMS 0x0000000080200000, 0x0000000080100000| Untracked 
|   2|0x0000000080200000, 0x0000000080300000, 0x0000000080300000|100%| O|  |TAMS 0x0000000080300000, 0x0000000080200000| Untracked 
|   3|0x0000000080300000, 0x0000000080400000, 0x0000000080400000|100%|HS|  |TAMS 0x0000000080400000, 0x0000000080300000| Complete 
|   4|0x0000000080400000, 0x0000000080500000, 0x0000000080500000|100%|HC|  |TAMS 0x0000000080500000, 0x0000000080400000| Complete 
|   5|0x0000000080500000, 0x0000000080600000, 0x0000000080600000|100%|HC|  |TAMS 0x0000000080600000, 0x0000000080500000| Complete 
|   6|0x0000000080600000, 0x0000000080700000, 0x0000000080700000|100%| O|  |TAMS 0x0000000080700000, 0x0000000080600000| Untracked 
|   7|0x0000000080700000, 0x0000000080800000, 0x0000000080800000|100%| O|  |TAMS 0x0000000080800000, 0x0000000080700000| Untracked 
|   8|0x0000000080800000, 0x0000000080900000, 0x0000000080900000|100%| O|  |TAMS 0x0000000080900000, 0x0000000080800000| Untracked 
|   9|0x0000000080900000, 0x0000000080a00000, 0x0000000080a00000|100%| O|  |TAMS 0x0000000080a00000, 0x0000000080900000| Untracked 
|  10|0x0000000080a00000, 0x0000000080b00000, 0x0000000080b00000|100%| O|  |TAMS 0x0000000080b00000, 0x0000000080a00000| Untracked 
|  11|0x0000000080b00000, 0x0000000080c00000, 0x0000000080c00000|100%| O|  |TAMS 0x0000000080c00000, 0x0000000080b00000| Untracked 
|  12|0x0000000080c00000, 0x0000000080d00000, 0x0000000080d00000|100%| O|  |TAMS 0x0000000080d00000, 0x0000000080c00000| Untracked 
|  13|0x0000000080d00000, 0x0000000080e00000, 0x0000000080e00000|100%| O|  |TAMS 0x0000000080e00000, 0x0000000080d00000| Untracked 
|  14|0x0000000080e00000, 0x0000000080f00000, 0x0000000080f00000|100%|HS|  |TAMS 0x0000000080f00000, 0x0000000080e00000| Complete 
|  15|0x0000000080f00000, 0x0000000081000000, 0x0000000081000000|100%|HS|  |TAMS 0x0000000081000000, 0x0000000080f00000| Complete 
|  16|0x0000000081000000, 0x0000000081100000, 0x0000000081100000|100%|HS|  |TAMS 0x0000000081100000, 0x0000000081000000| Complete 
|  17|0x0000000081100000, 0x0000000081200000, 0x0000000081200000|100%| O|  |TAMS 0x0000000081200000, 0x0000000081100000| Untracked 
|  18|0x0000000081200000, 0x0000000081300000, 0x0000000081300000|100%| O|  |TAMS 0x0000000081300000, 0x0000000081200000| Untracked 
|  19|0x0000000081300000, 0x0000000081400000, 0x0000000081400000|100%| O|  |TAMS 0x0000000081400000, 0x0000000081300000| Untracked 
|  20|0x0000000081400000, 0x0000000081500000, 0x0000000081500000|100%| O|  |TAMS 0x0000000081500000, 0x0000000081400000| Untracked 
|  21|0x0000000081500000, 0x0000000081600000, 0x0000000081600000|100%|HS|  |TAMS 0x0000000081600000, 0x0000000081500000| Complete 
|  22|0x0000000081600000, 0x0000000081700000, 0x0000000081700000|100%|HC|  |TAMS 0x0000000081700000, 0x0000000081600000| Complete 
|  23|0x0000000081700000, 0x0000000081800000, 0x0000000081800000|100%| O|  |TAMS 0x0000000081800000, 0x0000000081700000| Untracked 
|  24|0x0000000081800000, 0x0000000081900000, 0x0000000081900000|100%| O|  |TAMS 0x0000000081900000, 0x0000000081800000| Untracked 
|  25|0x0000000081900000, 0x0000000081a00000, 0x0000000081a00000|100%| O|  |TAMS 0x0000000081a00000, 0x0000000081900000| Untracked 
|  26|0x0000000081a00000, 0x0000000081b00000, 0x0000000081b00000|100%| O|  |TAMS 0x0000000081b00000, 0x0000000081a00000| Untracked 
|  27|0x0000000081b00000, 0x0000000081c00000, 0x0000000081c00000|100%| O|  |TAMS 0x0000000081c00000, 0x0000000081b00000| Untracked 
|  28|0x0000000081c00000, 0x0000000081d00000, 0x0000000081d00000|100%| O|  |TAMS 0x0000000081d00000, 0x0000000081c00000| Untracked 
|  29|0x0000000081d00000, 0x0000000081e00000, 0x0000000081e00000|100%| O|  |TAMS 0x0000000081e00000, 0x0000000081d00000| Untracked 
|  30|0x0000000081e00000, 0x0000000081f00000, 0x0000000081f00000|100%| O|  |TAMS 0x0000000081f00000, 0x0000000081e00000| Untracked 
|  31|0x0000000081f00000, 0x0000000082000000, 0x0000000082000000|100%| O|  |TAMS 0x0000000082000000, 0x0000000081f00000| Untracked 
|  32|0x0000000082000000, 0x0000000082100000, 0x0000000082100000|100%| O|  |TAMS 0x0000000082100000, 0x0000000082000000| Untracked 
|  33|0x0000000082100000, 0x0000000082200000, 0x0000000082200000|100%| O|  |TAMS 0x0000000082200000, 0x0000000082100000| Untracked 
|  34|0x0000000082200000, 0x0000000082300000, 0x0000000082300000|100%| O|  |TAMS 0x0000000082300000, 0x0000000082200000| Untracked 
|  35|0x0000000082300000, 0x0000000082400000, 0x0000000082400000|100%| O|  |TAMS 0x0000000082400000, 0x0000000082300000| Untracked 
|  36|0x0000000082400000, 0x0000000082500000, 0x0000000082500000|100%| O|  |TAMS 0x0000000082500000, 0x0000000082400000| Untracked 
|  37|0x0000000082500000, 0x0000000082600000, 0x0000000082600000|100%| O|  |TAMS 0x0000000082600000, 0x0000000082500000| Untracked 
|  38|0x0000000082600000, 0x0000000082700000, 0x0000000082700000|100%| O|  |TAMS 0x0000000082700000, 0x0000000082600000| Untracked 
|  39|0x0000000082700000, 0x0000000082800000, 0x0000000082800000|100%| O|  |TAMS 0x0000000082800000, 0x0000000082700000| Untracked 
|  40|0x0000000082800000, 0x0000000082900000, 0x0000000082900000|100%| O|  |TAMS 0x0000000082900000, 0x0000000082800000| Untracked 
|  41|0x0000000082900000, 0x0000000082a00000, 0x0000000082a00000|100%| O|  |TAMS 0x0000000082a00000, 0x0000000082900000| Untracked 
|  42|0x0000000082a00000, 0x0000000082ac1000, 0x0000000082b00000| 75%| O|  |TAMS 0x0000000082ac1000, 0x0000000082a00000| Untracked 
|  43|0x0000000082b00000, 0x0000000082b00000, 0x0000000082c00000|  0%| F|  |TAMS 0x0000000082b00000, 0x0000000082b00000| Untracked 
|  44|0x0000000082c00000, 0x0000000082c00000, 0x0000000082d00000|  0%| F|  |TAMS 0x0000000082c00000, 0x0000000082c00000| Untracked 
|  45|0x0000000082d00000, 0x0000000082d00000, 0x0000000082e00000|  0%| F|  |TAMS 0x0000000082d00000, 0x0000000082d00000| Untracked 
|  46|0x0000000082e00000, 0x0000000082e00000, 0x0000000082f00000|  0%| F|  |TAMS 0x0000000082e00000, 0x0000000082e00000| Untracked 
|  47|0x0000000082f00000, 0x0000000082f00000, 0x0000000083000000|  0%| F|  |TAMS 0x0000000082f00000, 0x0000000082f00000| Untracked 
|  48|0x0000000083000000, 0x0000000083000000, 0x0000000083100000|  0%| F|  |TAMS 0x0000000083000000, 0x0000000083000000| Untracked 
|  49|0x0000000083100000, 0x0000000083100000, 0x0000000083200000|  0%| F|  |TAMS 0x0000000083100000, 0x0000000083100000| Untracked 
|  50|0x0000000083200000, 0x0000000083200000, 0x0000000083300000|  0%| F|  |TAMS 0x0000000083200000, 0x0000000083200000| Untracked 
|  51|0x0000000083300000, 0x0000000083300000, 0x0000000083400000|  0%| F|  |TAMS 0x0000000083300000, 0x0000000083300000| Untracked 
|  52|0x0000000083400000, 0x0000000083400000, 0x0000000083500000|  0%| F|  |TAMS 0x0000000083400000, 0x0000000083400000| Untracked 
|  53|0x0000000083500000, 0x0000000083500000, 0x0000000083600000|  0%| F|  |TAMS 0x0000000083500000, 0x0000000083500000| Untracked 
|  54|0x0000000083600000, 0x0000000083600000, 0x0000000083700000|  0%| F|  |TAMS 0x0000000083600000, 0x0000000083600000| Untracked 
|  55|0x0000000083700000, 0x0000000083700000, 0x0000000083800000|  0%| F|  |TAMS 0x0000000083700000, 0x0000000083700000| Untracked 
|  56|0x0000000083800000, 0x0000000083800000, 0x0000000083900000|  0%| F|  |TAMS 0x0000000083800000, 0x0000000083800000| Untracked 
|  57|0x0000000083900000, 0x0000000083900000, 0x0000000083a00000|  0%| F|  |TAMS 0x0000000083900000, 0x0000000083900000| Untracked 
|  58|0x0000000083a00000, 0x0000000083a00000, 0x0000000083b00000|  0%| F|  |TAMS 0x0000000083a00000, 0x0000000083a00000| Untracked 
|  59|0x0000000083b00000, 0x0000000083b00000, 0x0000000083c00000|  0%| F|  |TAMS 0x0000000083b00000, 0x0000000083b00000| Untracked 
|  60|0x0000000083c00000, 0x0000000083c00000, 0x0000000083d00000|  0%| F|  |TAMS 0x0000000083c00000, 0x0000000083c00000| Untracked 
|  61|0x0000000083d00000, 0x0000000083d00000, 0x0000000083e00000|  0%| F|  |TAMS 0x0000000083d00000, 0x0000000083d00000| Untracked 
|  62|0x0000000083e00000, 0x0000000083e00000, 0x0000000083f00000|  0%| F|  |TAMS 0x0000000083e00000, 0x0000000083e00000| Untracked 
|  63|0x0000000083f00000, 0x0000000083f00000, 0x0000000084000000|  0%| F|  |TAMS 0x0000000083f00000, 0x0000000083f00000| Untracked 
|  64|0x0000000084000000, 0x0000000084000000, 0x0000000084100000|  0%| F|  |TAMS 0x0000000084000000, 0x0000000084000000| Untracked 
|  65|0x0000000084100000, 0x0000000084100000, 0x0000000084200000|  0%| F|  |TAMS 0x0000000084100000, 0x0000000084100000| Untracked 
|  66|0x0000000084200000, 0x0000000084200000, 0x0000000084300000|  0%| F|  |TAMS 0x0000000084200000, 0x0000000084200000| Untracked 
|  67|0x0000000084300000, 0x0000000084300000, 0x0000000084400000|  0%| F|  |TAMS 0x0000000084300000, 0x0000000084300000| Untracked 
|  68|0x0000000084400000, 0x0000000084400000, 0x0000000084500000|  0%| F|  |TAMS 0x0000000084400000, 0x0000000084400000| Untracked 
|  69|0x0000000084500000, 0x0000000084500000, 0x0000000084600000|  0%| F|  |TAMS 0x0000000084500000, 0x0000000084500000| Untracked 
|  70|0x0000000084600000, 0x0000000084600000, 0x0000000084700000|  0%| F|  |TAMS 0x0000000084600000, 0x0000000084600000| Untracked 
|  71|0x0000000084700000, 0x0000000084700000, 0x0000000084800000|  0%| F|  |TAMS 0x0000000084700000, 0x0000000084700000| Untracked 
|  72|0x0000000084800000, 0x0000000084800000, 0x0000000084900000|  0%| F|  |TAMS 0x0000000084800000, 0x0000000084800000| Untracked 
|  73|0x0000000084900000, 0x0000000084900000, 0x0000000084a00000|  0%| F|  |TAMS 0x0000000084900000, 0x0000000084900000| Untracked 
|  74|0x0000000084a00000, 0x0000000084a00000, 0x0000000084b00000|  0%| F|  |TAMS 0x0000000084a00000, 0x0000000084a00000| Untracked 
|  75|0x0000000084b00000, 0x0000000084b00000, 0x0000000084c00000|  0%| F|  |TAMS 0x0000000084b00000, 0x0000000084b00000| Untracked 
|  76|0x0000000084c00000, 0x0000000084c00000, 0x0000000084d00000|  0%| F|  |TAMS 0x0000000084c00000, 0x0000000084c00000| Untracked 
|  77|0x0000000084d00000, 0x0000000084d00000, 0x0000000084e00000|  0%| F|  |TAMS 0x0000000084d00000, 0x0000000084d00000| Untracked 
|  78|0x0000000084e00000, 0x0000000084e00000, 0x0000000084f00000|  0%| F|  |TAMS 0x0000000084e00000, 0x0000000084e00000| Untracked 
|  79|0x0000000084f00000, 0x0000000084f00000, 0x0000000085000000|  0%| F|  |TAMS 0x0000000084f00000, 0x0000000084f00000| Untracked 
|  80|0x0000000085000000, 0x0000000085000000, 0x0000000085100000|  0%| F|  |TAMS 0x0000000085000000, 0x0000000085000000| Untracked 
|  81|0x0000000085100000, 0x0000000085100000, 0x0000000085200000|  0%| F|  |TAMS 0x0000000085100000, 0x0000000085100000| Untracked 
|  82|0x0000000085200000, 0x0000000085200000, 0x0000000085300000|  0%| F|  |TAMS 0x0000000085200000, 0x0000000085200000| Untracked 
|  83|0x0000000085300000, 0x0000000085300000, 0x0000000085400000|  0%| F|  |TAMS 0x0000000085300000, 0x0000000085300000| Untracked 
|  84|0x0000000085400000, 0x0000000085400000, 0x0000000085500000|  0%| F|  |TAMS 0x0000000085400000, 0x0000000085400000| Untracked 
|  85|0x0000000085500000, 0x0000000085500000, 0x0000000085600000|  0%| F|  |TAMS 0x0000000085500000, 0x0000000085500000| Untracked 
|  86|0x0000000085600000, 0x0000000085600000, 0x0000000085700000|  0%| F|  |TAMS 0x0000000085600000, 0x0000000085600000| Untracked 
|  87|0x0000000085700000, 0x0000000085700000, 0x0000000085800000|  0%| F|  |TAMS 0x0000000085700000, 0x0000000085700000| Untracked 
|  88|0x0000000085800000, 0x0000000085800000, 0x0000000085900000|  0%| F|  |TAMS 0x0000000085800000, 0x0000000085800000| Untracked 
|  89|0x0000000085900000, 0x0000000085900000, 0x0000000085a00000|  0%| F|  |TAMS 0x0000000085900000, 0x0000000085900000| Untracked 
|  90|0x0000000085a00000, 0x0000000085a00000, 0x0000000085b00000|  0%| F|  |TAMS 0x0000000085a00000, 0x0000000085a00000| Untracked 
|  91|0x0000000085b00000, 0x0000000085b00000, 0x0000000085c00000|  0%| F|  |TAMS 0x0000000085b00000, 0x0000000085b00000| Untracked 
|  92|0x0000000085c00000, 0x0000000085c00000, 0x0000000085d00000|  0%| F|  |TAMS 0x0000000085c00000, 0x0000000085c00000| Untracked 
|  93|0x0000000085d00000, 0x0000000085d00000, 0x0000000085e00000|  0%| F|  |TAMS 0x0000000085d00000, 0x0000000085d00000| Untracked 
|  94|0x0000000085e00000, 0x0000000085e00000, 0x0000000085f00000|  0%| F|  |TAMS 0x0000000085e00000, 0x0000000085e00000| Untracked 
|  95|0x0000000085f00000, 0x0000000085f00000, 0x0000000086000000|  0%| F|  |TAMS 0x0000000085f00000, 0x0000000085f00000| Untracked 
|  96|0x0000000086000000, 0x0000000086000000, 0x0000000086100000|  0%| F|  |TAMS 0x0000000086000000, 0x0000000086000000| Untracked 
|  97|0x0000000086100000, 0x0000000086100000, 0x0000000086200000|  0%| F|  |TAMS 0x0000000086100000, 0x0000000086100000| Untracked 
|  98|0x0000000086200000, 0x0000000086200000, 0x0000000086300000|  0%| F|  |TAMS 0x0000000086200000, 0x0000000086200000| Untracked 
|  99|0x0000000086300000, 0x0000000086300000, 0x0000000086400000|  0%| F|  |TAMS 0x0000000086300000, 0x0000000086300000| Untracked 
| 100|0x0000000086400000, 0x0000000086400000, 0x0000000086500000|  0%| F|  |TAMS 0x0000000086400000, 0x0000000086400000| Untracked 
| 101|0x0000000086500000, 0x0000000086500000, 0x0000000086600000|  0%| F|  |TAMS 0x0000000086500000, 0x0000000086500000| Untracked 
| 102|0x0000000086600000, 0x0000000086600000, 0x0000000086700000|  0%| F|  |TAMS 0x0000000086600000, 0x0000000086600000| Untracked 
| 103|0x0000000086700000, 0x0000000086700000, 0x0000000086800000|  0%| F|  |TAMS 0x0000000086700000, 0x0000000086700000| Untracked 
| 104|0x0000000086800000, 0x0000000086800000, 0x0000000086900000|  0%| F|  |TAMS 0x0000000086800000, 0x0000000086800000| Untracked 
| 105|0x0000000086900000, 0x000000008697f530, 0x0000000086a00000| 49%| S|CS|TAMS 0x0000000086900000, 0x0000000086900000| Complete 
| 106|0x0000000086a00000, 0x0000000086b00000, 0x0000000086b00000|100%| S|CS|TAMS 0x0000000086a00000, 0x0000000086a00000| Complete 
| 107|0x0000000086b00000, 0x0000000086c00000, 0x0000000086c00000|100%| S|CS|TAMS 0x0000000086b00000, 0x0000000086b00000| Complete 
| 108|0x0000000086c00000, 0x0000000086d00000, 0x0000000086d00000|100%| S|CS|TAMS 0x0000000086c00000, 0x0000000086c00000| Complete 
| 109|0x0000000086d00000, 0x0000000086e00000, 0x0000000086e00000|100%| S|CS|TAMS 0x0000000086d00000, 0x0000000086d00000| Complete 
| 110|0x0000000086e00000, 0x0000000086f00000, 0x0000000086f00000|100%| S|CS|TAMS 0x0000000086e00000, 0x0000000086e00000| Complete 
| 111|0x0000000086f00000, 0x0000000087000000, 0x0000000087000000|100%| S|CS|TAMS 0x0000000086f00000, 0x0000000086f00000| Complete 
| 112|0x0000000087000000, 0x0000000087100000, 0x0000000087100000|100%| S|CS|TAMS 0x0000000087000000, 0x0000000087000000| Complete 
| 113|0x0000000087100000, 0x0000000087200000, 0x0000000087200000|100%| S|CS|TAMS 0x0000000087100000, 0x0000000087100000| Complete 
| 114|0x0000000087200000, 0x0000000087300000, 0x0000000087300000|100%| S|CS|TAMS 0x0000000087200000, 0x0000000087200000| Complete 
| 115|0x0000000087300000, 0x0000000087400000, 0x0000000087400000|100%| S|CS|TAMS 0x0000000087300000, 0x0000000087300000| Complete 
| 116|0x0000000087400000, 0x0000000087500000, 0x0000000087500000|100%| S|CS|TAMS 0x0000000087400000, 0x0000000087400000| Complete 
| 117|0x0000000087500000, 0x0000000087500000, 0x0000000087600000|  0%| F|  |TAMS 0x0000000087500000, 0x0000000087500000| Untracked 
| 118|0x0000000087600000, 0x0000000087600000, 0x0000000087700000|  0%| F|  |TAMS 0x0000000087600000, 0x0000000087600000| Untracked 
| 119|0x0000000087700000, 0x0000000087700000, 0x0000000087800000|  0%| F|  |TAMS 0x0000000087700000, 0x0000000087700000| Untracked 
| 120|0x0000000087800000, 0x0000000087800000, 0x0000000087900000|  0%| F|  |TAMS 0x0000000087800000, 0x0000000087800000| Untracked 
| 121|0x0000000087900000, 0x0000000087900000, 0x0000000087a00000|  0%| F|  |TAMS 0x0000000087900000, 0x0000000087900000| Untracked 
| 122|0x0000000087a00000, 0x0000000087a00000, 0x0000000087b00000|  0%| F|  |TAMS 0x0000000087a00000, 0x0000000087a00000| Untracked 
| 123|0x0000000087b00000, 0x0000000087b00000, 0x0000000087c00000|  0%| F|  |TAMS 0x0000000087b00000, 0x0000000087b00000| Untracked 
| 124|0x0000000087c00000, 0x0000000087c00000, 0x0000000087d00000|  0%| F|  |TAMS 0x0000000087c00000, 0x0000000087c00000| Untracked 
| 125|0x0000000087d00000, 0x0000000087d00000, 0x0000000087e00000|  0%| F|  |TAMS 0x0000000087d00000, 0x0000000087d00000| Untracked 
| 126|0x0000000087e00000, 0x0000000087e00000, 0x0000000087f00000|  0%| F|  |TAMS 0x0000000087e00000, 0x0000000087e00000| Untracked 
| 127|0x0000000087f00000, 0x0000000087f00000, 0x0000000088000000|  0%| F|  |TAMS 0x0000000087f00000, 0x0000000087f00000| Untracked 
| 128|0x0000000088000000, 0x0000000088000000, 0x0000000088100000|  0%| F|  |TAMS 0x0000000088000000, 0x0000000088000000| Untracked 
| 129|0x0000000088100000, 0x0000000088100000, 0x0000000088200000|  0%| F|  |TAMS 0x0000000088100000, 0x0000000088100000| Untracked 
| 130|0x0000000088200000, 0x0000000088200000, 0x0000000088300000|  0%| F|  |TAMS 0x0000000088200000, 0x0000000088200000| Untracked 
| 131|0x0000000088300000, 0x0000000088300000, 0x0000000088400000|  0%| F|  |TAMS 0x0000000088300000, 0x0000000088300000| Untracked 
| 132|0x0000000088400000, 0x0000000088400000, 0x0000000088500000|  0%| F|  |TAMS 0x0000000088400000, 0x0000000088400000| Untracked 
| 133|0x0000000088500000, 0x0000000088500000, 0x0000000088600000|  0%| F|  |TAMS 0x0000000088500000, 0x0000000088500000| Untracked 
| 134|0x0000000088600000, 0x0000000088600000, 0x0000000088700000|  0%| F|  |TAMS 0x0000000088600000, 0x0000000088600000| Untracked 
| 135|0x0000000088700000, 0x0000000088700000, 0x0000000088800000|  0%| F|  |TAMS 0x0000000088700000, 0x0000000088700000| Untracked 
| 136|0x0000000088800000, 0x0000000088800000, 0x0000000088900000|  0%| F|  |TAMS 0x0000000088800000, 0x0000000088800000| Untracked 
| 137|0x0000000088900000, 0x0000000088900000, 0x0000000088a00000|  0%| F|  |TAMS 0x0000000088900000, 0x0000000088900000| Untracked 
| 138|0x0000000088a00000, 0x0000000088a00000, 0x0000000088b00000|  0%| F|  |TAMS 0x0000000088a00000, 0x0000000088a00000| Untracked 
| 139|0x0000000088b00000, 0x0000000088b00000, 0x0000000088c00000|  0%| F|  |TAMS 0x0000000088b00000, 0x0000000088b00000| Untracked 
| 140|0x0000000088c00000, 0x0000000088c00000, 0x0000000088d00000|  0%| F|  |TAMS 0x0000000088c00000, 0x0000000088c00000| Untracked 
| 141|0x0000000088d00000, 0x0000000088d00000, 0x0000000088e00000|  0%| F|  |TAMS 0x0000000088d00000, 0x0000000088d00000| Untracked 
| 142|0x0000000088e00000, 0x0000000088e00000, 0x0000000088f00000|  0%| F|  |TAMS 0x0000000088e00000, 0x0000000088e00000| Untracked 
| 143|0x0000000088f00000, 0x0000000088f00000, 0x0000000089000000|  0%| F|  |TAMS 0x0000000088f00000, 0x0000000088f00000| Untracked 
| 144|0x0000000089000000, 0x0000000089000000, 0x0000000089100000|  0%| F|  |TAMS 0x0000000089000000, 0x0000000089000000| Untracked 
| 145|0x0000000089100000, 0x0000000089100000, 0x0000000089200000|  0%| F|  |TAMS 0x0000000089100000, 0x0000000089100000| Untracked 
| 146|0x0000000089200000, 0x0000000089200000, 0x0000000089300000|  0%| F|  |TAMS 0x0000000089200000, 0x0000000089200000| Untracked 
| 147|0x0000000089300000, 0x0000000089300000, 0x0000000089400000|  0%| F|  |TAMS 0x0000000089300000, 0x0000000089300000| Untracked 
| 148|0x0000000089400000, 0x0000000089400000, 0x0000000089500000|  0%| F|  |TAMS 0x0000000089400000, 0x0000000089400000| Untracked 
| 149|0x0000000089500000, 0x0000000089500000, 0x0000000089600000|  0%| F|  |TAMS 0x0000000089500000, 0x0000000089500000| Untracked 
| 150|0x0000000089600000, 0x0000000089600000, 0x0000000089700000|  0%| F|  |TAMS 0x0000000089600000, 0x0000000089600000| Untracked 
| 151|0x0000000089700000, 0x0000000089700000, 0x0000000089800000|  0%| F|  |TAMS 0x0000000089700000, 0x0000000089700000| Untracked 
| 152|0x0000000089800000, 0x0000000089800000, 0x0000000089900000|  0%| F|  |TAMS 0x0000000089800000, 0x0000000089800000| Untracked 
| 153|0x0000000089900000, 0x0000000089900000, 0x0000000089a00000|  0%| F|  |TAMS 0x0000000089900000, 0x0000000089900000| Untracked 
| 154|0x0000000089a00000, 0x0000000089a00000, 0x0000000089b00000|  0%| F|  |TAMS 0x0000000089a00000, 0x0000000089a00000| Untracked 
| 155|0x0000000089b00000, 0x0000000089b00000, 0x0000000089c00000|  0%| F|  |TAMS 0x0000000089b00000, 0x0000000089b00000| Untracked 
| 156|0x0000000089c00000, 0x0000000089c00000, 0x0000000089d00000|  0%| F|  |TAMS 0x0000000089c00000, 0x0000000089c00000| Untracked 
| 157|0x0000000089d00000, 0x0000000089d00000, 0x0000000089e00000|  0%| F|  |TAMS 0x0000000089d00000, 0x0000000089d00000| Untracked 
| 158|0x0000000089e00000, 0x0000000089e00000, 0x0000000089f00000|  0%| F|  |TAMS 0x0000000089e00000, 0x0000000089e00000| Untracked 
| 159|0x0000000089f00000, 0x0000000089f00000, 0x000000008a000000|  0%| F|  |TAMS 0x0000000089f00000, 0x0000000089f00000| Untracked 
| 160|0x000000008a000000, 0x000000008a000000, 0x000000008a100000|  0%| F|  |TAMS 0x000000008a000000, 0x000000008a000000| Untracked 
| 161|0x000000008a100000, 0x000000008a100000, 0x000000008a200000|  0%| F|  |TAMS 0x000000008a100000, 0x000000008a100000| Untracked 
| 162|0x000000008a200000, 0x000000008a200000, 0x000000008a300000|  0%| F|  |TAMS 0x000000008a200000, 0x000000008a200000| Untracked 
| 163|0x000000008a300000, 0x000000008a300000, 0x000000008a400000|  0%| F|  |TAMS 0x000000008a300000, 0x000000008a300000| Untracked 
| 164|0x000000008a400000, 0x000000008a400000, 0x000000008a500000|  0%| F|  |TAMS 0x000000008a400000, 0x000000008a400000| Untracked 
| 165|0x000000008a500000, 0x000000008a500000, 0x000000008a600000|  0%| F|  |TAMS 0x000000008a500000, 0x000000008a500000| Untracked 
| 166|0x000000008a600000, 0x000000008a600000, 0x000000008a700000|  0%| F|  |TAMS 0x000000008a600000, 0x000000008a600000| Untracked 
| 167|0x000000008a700000, 0x000000008a700000, 0x000000008a800000|  0%| F|  |TAMS 0x000000008a700000, 0x000000008a700000| Untracked 
| 168|0x000000008a800000, 0x000000008a800000, 0x000000008a900000|  0%| F|  |TAMS 0x000000008a800000, 0x000000008a800000| Untracked 
| 169|0x000000008a900000, 0x000000008a900000, 0x000000008aa00000|  0%| F|  |TAMS 0x000000008a900000, 0x000000008a900000| Untracked 
| 170|0x000000008aa00000, 0x000000008aa00000, 0x000000008ab00000|  0%| F|  |TAMS 0x000000008aa00000, 0x000000008aa00000| Untracked 
| 171|0x000000008ab00000, 0x000000008ab00000, 0x000000008ac00000|  0%| F|  |TAMS 0x000000008ab00000, 0x000000008ab00000| Untracked 
| 172|0x000000008ac00000, 0x000000008ac00000, 0x000000008ad00000|  0%| F|  |TAMS 0x000000008ac00000, 0x000000008ac00000| Untracked 
| 173|0x000000008ad00000, 0x000000008ad00000, 0x000000008ae00000|  0%| F|  |TAMS 0x000000008ad00000, 0x000000008ad00000| Untracked 
| 174|0x000000008ae00000, 0x000000008ae00000, 0x000000008af00000|  0%| F|  |TAMS 0x000000008ae00000, 0x000000008ae00000| Untracked 
| 175|0x000000008af00000, 0x000000008af00000, 0x000000008b000000|  0%| F|  |TAMS 0x000000008af00000, 0x000000008af00000| Untracked 
| 176|0x000000008b000000, 0x000000008b000000, 0x000000008b100000|  0%| F|  |TAMS 0x000000008b000000, 0x000000008b000000| Untracked 
| 177|0x000000008b100000, 0x000000008b100000, 0x000000008b200000|  0%| F|  |TAMS 0x000000008b100000, 0x000000008b100000| Untracked 
| 178|0x000000008b200000, 0x000000008b200000, 0x000000008b300000|  0%| F|  |TAMS 0x000000008b200000, 0x000000008b200000| Untracked 
| 179|0x000000008b300000, 0x000000008b300000, 0x000000008b400000|  0%| F|  |TAMS 0x000000008b300000, 0x000000008b300000| Untracked 
| 180|0x000000008b400000, 0x000000008b400000, 0x000000008b500000|  0%| F|  |TAMS 0x000000008b400000, 0x000000008b400000| Untracked 
| 181|0x000000008b500000, 0x000000008b500000, 0x000000008b600000|  0%| F|  |TAMS 0x000000008b500000, 0x000000008b500000| Untracked 
| 182|0x000000008b600000, 0x000000008b600000, 0x000000008b700000|  0%| F|  |TAMS 0x000000008b600000, 0x000000008b600000| Untracked 
| 183|0x000000008b700000, 0x000000008b700000, 0x000000008b800000|  0%| F|  |TAMS 0x000000008b700000, 0x000000008b700000| Untracked 
| 184|0x000000008b800000, 0x000000008b800000, 0x000000008b900000|  0%| F|  |TAMS 0x000000008b800000, 0x000000008b800000| Untracked 
| 185|0x000000008b900000, 0x000000008b900000, 0x000000008ba00000|  0%| F|  |TAMS 0x000000008b900000, 0x000000008b900000| Untracked 
| 186|0x000000008ba00000, 0x000000008ba00000, 0x000000008bb00000|  0%| F|  |TAMS 0x000000008ba00000, 0x000000008ba00000| Untracked 
| 187|0x000000008bb00000, 0x000000008bb00000, 0x000000008bc00000|  0%| F|  |TAMS 0x000000008bb00000, 0x000000008bb00000| Untracked 
| 188|0x000000008bc00000, 0x000000008bc00000, 0x000000008bd00000|  0%| F|  |TAMS 0x000000008bc00000, 0x000000008bc00000| Untracked 
| 189|0x000000008bd00000, 0x000000008bd00000, 0x000000008be00000|  0%| F|  |TAMS 0x000000008bd00000, 0x000000008bd00000| Untracked 
| 190|0x000000008be00000, 0x000000008be00000, 0x000000008bf00000|  0%| F|  |TAMS 0x000000008be00000, 0x000000008be00000| Untracked 
| 191|0x000000008bf00000, 0x000000008bf00000, 0x000000008c000000|  0%| F|  |TAMS 0x000000008bf00000, 0x000000008bf00000| Untracked 
| 192|0x000000008c000000, 0x000000008c000000, 0x000000008c100000|  0%| F|  |TAMS 0x000000008c000000, 0x000000008c000000| Untracked 
| 193|0x000000008c100000, 0x000000008c100000, 0x000000008c200000|  0%| F|  |TAMS 0x000000008c100000, 0x000000008c100000| Untracked 
| 194|0x000000008c200000, 0x000000008c200000, 0x000000008c300000|  0%| F|  |TAMS 0x000000008c200000, 0x000000008c200000| Untracked 
| 195|0x000000008c300000, 0x000000008c300000, 0x000000008c400000|  0%| F|  |TAMS 0x000000008c300000, 0x000000008c300000| Untracked 
| 196|0x000000008c400000, 0x000000008c400000, 0x000000008c500000|  0%| F|  |TAMS 0x000000008c400000, 0x000000008c400000| Untracked 
| 197|0x000000008c500000, 0x000000008c500000, 0x000000008c600000|  0%| F|  |TAMS 0x000000008c500000, 0x000000008c500000| Untracked 
| 198|0x000000008c600000, 0x000000008c600000, 0x000000008c700000|  0%| F|  |TAMS 0x000000008c600000, 0x000000008c600000| Untracked 
| 199|0x000000008c700000, 0x000000008c700000, 0x000000008c800000|  0%| F|  |TAMS 0x000000008c700000, 0x000000008c700000| Untracked 
| 200|0x000000008c800000, 0x000000008c800000, 0x000000008c900000|  0%| F|  |TAMS 0x000000008c800000, 0x000000008c800000| Untracked 
| 201|0x000000008c900000, 0x000000008c900000, 0x000000008ca00000|  0%| F|  |TAMS 0x000000008c900000, 0x000000008c900000| Untracked 
| 202|0x000000008ca00000, 0x000000008ca00000, 0x000000008cb00000|  0%| F|  |TAMS 0x000000008ca00000, 0x000000008ca00000| Untracked 
| 203|0x000000008cb00000, 0x000000008cb00000, 0x000000008cc00000|  0%| F|  |TAMS 0x000000008cb00000, 0x000000008cb00000| Untracked 
| 204|0x000000008cc00000, 0x000000008cc00000, 0x000000008cd00000|  0%| F|  |TAMS 0x000000008cc00000, 0x000000008cc00000| Untracked 
| 205|0x000000008cd00000, 0x000000008cd00000, 0x000000008ce00000|  0%| F|  |TAMS 0x000000008cd00000, 0x000000008cd00000| Untracked 
| 206|0x000000008ce00000, 0x000000008ce00000, 0x000000008cf00000|  0%| F|  |TAMS 0x000000008ce00000, 0x000000008ce00000| Untracked 
| 207|0x000000008cf00000, 0x000000008cf00000, 0x000000008d000000|  0%| F|  |TAMS 0x000000008cf00000, 0x000000008cf00000| Untracked 
| 208|0x000000008d000000, 0x000000008d0ce5f8, 0x000000008d100000| 80%| E|  |TAMS 0x000000008d000000, 0x000000008d000000| Complete 
| 209|0x000000008d100000, 0x000000008d200000, 0x000000008d200000|100%| E|CS|TAMS 0x000000008d100000, 0x000000008d100000| Complete 
| 210|0x000000008d200000, 0x000000008d300000, 0x000000008d300000|100%| E|CS|TAMS 0x000000008d200000, 0x000000008d200000| Complete 
| 211|0x000000008d300000, 0x000000008d400000, 0x000000008d400000|100%| E|CS|TAMS 0x000000008d300000, 0x000000008d300000| Complete 
| 212|0x000000008d400000, 0x000000008d500000, 0x000000008d500000|100%| E|CS|TAMS 0x000000008d400000, 0x000000008d400000| Complete 
| 213|0x000000008d500000, 0x000000008d600000, 0x000000008d600000|100%| E|CS|TAMS 0x000000008d500000, 0x000000008d500000| Complete 
| 214|0x000000008d600000, 0x000000008d700000, 0x000000008d700000|100%| E|CS|TAMS 0x000000008d600000, 0x000000008d600000| Complete 
| 215|0x000000008d700000, 0x000000008d800000, 0x000000008d800000|100%| E|CS|TAMS 0x000000008d700000, 0x000000008d700000| Complete 
| 216|0x000000008d800000, 0x000000008d900000, 0x000000008d900000|100%| E|CS|TAMS 0x000000008d800000, 0x000000008d800000| Complete 
| 217|0x000000008d900000, 0x000000008da00000, 0x000000008da00000|100%| E|CS|TAMS 0x000000008d900000, 0x000000008d900000| Complete 
| 218|0x000000008da00000, 0x000000008db00000, 0x000000008db00000|100%| E|CS|TAMS 0x000000008da00000, 0x000000008da00000| Complete 
| 219|0x000000008db00000, 0x000000008dc00000, 0x000000008dc00000|100%| E|CS|TAMS 0x000000008db00000, 0x000000008db00000| Complete 
| 220|0x000000008dc00000, 0x000000008dd00000, 0x000000008dd00000|100%| E|CS|TAMS 0x000000008dc00000, 0x000000008dc00000| Complete 
| 221|0x000000008dd00000, 0x000000008de00000, 0x000000008de00000|100%| E|CS|TAMS 0x000000008dd00000, 0x000000008dd00000| Complete 
| 222|0x000000008de00000, 0x000000008df00000, 0x000000008df00000|100%| E|CS|TAMS 0x000000008de00000, 0x000000008de00000| Complete 
| 223|0x000000008df00000, 0x000000008e000000, 0x000000008e000000|100%| E|CS|TAMS 0x000000008df00000, 0x000000008df00000| Complete 
| 224|0x000000008e000000, 0x000000008e100000, 0x000000008e100000|100%| E|CS|TAMS 0x000000008e000000, 0x000000008e000000| Complete 
| 225|0x000000008e100000, 0x000000008e200000, 0x000000008e200000|100%| E|CS|TAMS 0x000000008e100000, 0x000000008e100000| Complete 
| 226|0x000000008e200000, 0x000000008e300000, 0x000000008e300000|100%| E|CS|TAMS 0x000000008e200000, 0x000000008e200000| Complete 
| 227|0x000000008e300000, 0x000000008e400000, 0x000000008e400000|100%| E|CS|TAMS 0x000000008e300000, 0x000000008e300000| Complete 
| 228|0x000000008e400000, 0x000000008e500000, 0x000000008e500000|100%| E|CS|TAMS 0x000000008e400000, 0x000000008e400000| Complete 
| 229|0x000000008e500000, 0x000000008e600000, 0x000000008e600000|100%| E|CS|TAMS 0x000000008e500000, 0x000000008e500000| Complete 
| 230|0x000000008e600000, 0x000000008e700000, 0x000000008e700000|100%| E|CS|TAMS 0x000000008e600000, 0x000000008e600000| Complete 
| 231|0x000000008e700000, 0x000000008e800000, 0x000000008e800000|100%| E|CS|TAMS 0x000000008e700000, 0x000000008e700000| Complete 
| 232|0x000000008e800000, 0x000000008e900000, 0x000000008e900000|100%| E|CS|TAMS 0x000000008e800000, 0x000000008e800000| Complete 
| 233|0x000000008e900000, 0x000000008ea00000, 0x000000008ea00000|100%| E|CS|TAMS 0x000000008e900000, 0x000000008e900000| Complete 
| 234|0x000000008ea00000, 0x000000008eb00000, 0x000000008eb00000|100%| E|CS|TAMS 0x000000008ea00000, 0x000000008ea00000| Complete 
| 235|0x000000008eb00000, 0x000000008ec00000, 0x000000008ec00000|100%| E|CS|TAMS 0x000000008eb00000, 0x000000008eb00000| Complete 
| 236|0x000000008ec00000, 0x000000008ed00000, 0x000000008ed00000|100%| E|CS|TAMS 0x000000008ec00000, 0x000000008ec00000| Complete 
| 237|0x000000008ed00000, 0x000000008ee00000, 0x000000008ee00000|100%| E|CS|TAMS 0x000000008ed00000, 0x000000008ed00000| Complete 
| 238|0x000000008ee00000, 0x000000008ef00000, 0x000000008ef00000|100%| E|CS|TAMS 0x000000008ee00000, 0x000000008ee00000| Complete 
| 239|0x000000008ef00000, 0x000000008f000000, 0x000000008f000000|100%| E|CS|TAMS 0x000000008ef00000, 0x000000008ef00000| Complete 
| 240|0x000000008f000000, 0x000000008f100000, 0x000000008f100000|100%| E|CS|TAMS 0x000000008f000000, 0x000000008f000000| Complete 
| 241|0x000000008f100000, 0x000000008f200000, 0x000000008f200000|100%| E|CS|TAMS 0x000000008f100000, 0x000000008f100000| Complete 
| 242|0x000000008f200000, 0x000000008f300000, 0x000000008f300000|100%| E|CS|TAMS 0x000000008f200000, 0x000000008f200000| Complete 
| 243|0x000000008f300000, 0x000000008f400000, 0x000000008f400000|100%| E|CS|TAMS 0x000000008f300000, 0x000000008f300000| Complete 
| 244|0x000000008f400000, 0x000000008f500000, 0x000000008f500000|100%| E|CS|TAMS 0x000000008f400000, 0x000000008f400000| Complete 
| 245|0x000000008f500000, 0x000000008f600000, 0x000000008f600000|100%| E|CS|TAMS 0x000000008f500000, 0x000000008f500000| Complete 
| 246|0x000000008f600000, 0x000000008f700000, 0x000000008f700000|100%| E|CS|TAMS 0x000000008f600000, 0x000000008f600000| Complete 
| 247|0x000000008f700000, 0x000000008f800000, 0x000000008f800000|100%| E|CS|TAMS 0x000000008f700000, 0x000000008f700000| Complete 
| 248|0x000000008f800000, 0x000000008f900000, 0x000000008f900000|100%| E|CS|TAMS 0x000000008f800000, 0x000000008f800000| Complete 
| 249|0x000000008f900000, 0x000000008fa00000, 0x000000008fa00000|100%| E|CS|TAMS 0x000000008f900000, 0x000000008f900000| Complete 
| 250|0x000000008fa00000, 0x000000008fb00000, 0x000000008fb00000|100%| E|CS|TAMS 0x000000008fa00000, 0x000000008fa00000| Complete 
| 251|0x000000008fb00000, 0x000000008fc00000, 0x000000008fc00000|100%| E|CS|TAMS 0x000000008fb00000, 0x000000008fb00000| Complete 
| 252|0x000000008fc00000, 0x000000008fd00000, 0x000000008fd00000|100%| E|CS|TAMS 0x000000008fc00000, 0x000000008fc00000| Complete 
| 253|0x000000008fd00000, 0x000000008fe00000, 0x000000008fe00000|100%| E|CS|TAMS 0x000000008fd00000, 0x000000008fd00000| Complete 
| 254|0x000000008fe00000, 0x000000008ff00000, 0x000000008ff00000|100%| E|CS|TAMS 0x000000008fe00000, 0x000000008fe00000| Complete 
| 255|0x000000008ff00000, 0x0000000090000000, 0x0000000090000000|100%| E|CS|TAMS 0x000000008ff00000, 0x000000008ff00000| Complete 
| 256|0x0000000090000000, 0x0000000090100000, 0x0000000090100000|100%| E|CS|TAMS 0x0000000090000000, 0x0000000090000000| Complete 
| 257|0x0000000090100000, 0x0000000090200000, 0x0000000090200000|100%| E|CS|TAMS 0x0000000090100000, 0x0000000090100000| Complete 
| 258|0x0000000090200000, 0x0000000090300000, 0x0000000090300000|100%| E|CS|TAMS 0x0000000090200000, 0x0000000090200000| Complete 
| 259|0x0000000090300000, 0x0000000090400000, 0x0000000090400000|100%| E|CS|TAMS 0x0000000090300000, 0x0000000090300000| Complete 
| 260|0x0000000090400000, 0x0000000090500000, 0x0000000090500000|100%| E|CS|TAMS 0x0000000090400000, 0x0000000090400000| Complete 
| 261|0x0000000090500000, 0x0000000090600000, 0x0000000090600000|100%| E|CS|TAMS 0x0000000090500000, 0x0000000090500000| Complete 
| 262|0x0000000090600000, 0x0000000090700000, 0x0000000090700000|100%| E|CS|TAMS 0x0000000090600000, 0x0000000090600000| Complete 
| 263|0x0000000090700000, 0x0000000090800000, 0x0000000090800000|100%| E|CS|TAMS 0x0000000090700000, 0x0000000090700000| Complete 
| 264|0x0000000090800000, 0x0000000090900000, 0x0000000090900000|100%| E|CS|TAMS 0x0000000090800000, 0x0000000090800000| Complete 
| 265|0x0000000090900000, 0x0000000090a00000, 0x0000000090a00000|100%| E|CS|TAMS 0x0000000090900000, 0x0000000090900000| Complete 
| 266|0x0000000090a00000, 0x0000000090b00000, 0x0000000090b00000|100%| E|CS|TAMS 0x0000000090a00000, 0x0000000090a00000| Complete 
| 267|0x0000000090b00000, 0x0000000090c00000, 0x0000000090c00000|100%| E|CS|TAMS 0x0000000090b00000, 0x0000000090b00000| Complete 
| 268|0x0000000090c00000, 0x0000000090d00000, 0x0000000090d00000|100%| E|CS|TAMS 0x0000000090c00000, 0x0000000090c00000| Complete 
| 269|0x0000000090d00000, 0x0000000090e00000, 0x0000000090e00000|100%| E|CS|TAMS 0x0000000090d00000, 0x0000000090d00000| Complete 
| 270|0x0000000090e00000, 0x0000000090f00000, 0x0000000090f00000|100%| E|CS|TAMS 0x0000000090e00000, 0x0000000090e00000| Complete 
| 271|0x0000000090f00000, 0x0000000091000000, 0x0000000091000000|100%| E|CS|TAMS 0x0000000090f00000, 0x0000000090f00000| Complete 
| 272|0x0000000091000000, 0x0000000091100000, 0x0000000091100000|100%| E|CS|TAMS 0x0000000091000000, 0x0000000091000000| Complete 
| 273|0x0000000091100000, 0x0000000091200000, 0x0000000091200000|100%| E|CS|TAMS 0x0000000091100000, 0x0000000091100000| Complete 
| 274|0x0000000091200000, 0x0000000091300000, 0x0000000091300000|100%| E|CS|TAMS 0x0000000091200000, 0x0000000091200000| Complete 
| 275|0x0000000091300000, 0x0000000091400000, 0x0000000091400000|100%| E|CS|TAMS 0x0000000091300000, 0x0000000091300000| Complete 
| 276|0x0000000091400000, 0x0000000091500000, 0x0000000091500000|100%| E|CS|TAMS 0x0000000091400000, 0x0000000091400000| Complete 
| 277|0x0000000091500000, 0x0000000091600000, 0x0000000091600000|100%| E|CS|TAMS 0x0000000091500000, 0x0000000091500000| Complete 
| 278|0x0000000091600000, 0x0000000091700000, 0x0000000091700000|100%| E|CS|TAMS 0x0000000091600000, 0x0000000091600000| Complete 
| 279|0x0000000091700000, 0x0000000091800000, 0x0000000091800000|100%| E|CS|TAMS 0x0000000091700000, 0x0000000091700000| Complete 
| 280|0x0000000091800000, 0x0000000091900000, 0x0000000091900000|100%| E|CS|TAMS 0x0000000091800000, 0x0000000091800000| Complete 
| 281|0x0000000091900000, 0x0000000091a00000, 0x0000000091a00000|100%| E|CS|TAMS 0x0000000091900000, 0x0000000091900000| Complete 
| 282|0x0000000091a00000, 0x0000000091b00000, 0x0000000091b00000|100%| E|CS|TAMS 0x0000000091a00000, 0x0000000091a00000| Complete 
| 283|0x0000000091b00000, 0x0000000091c00000, 0x0000000091c00000|100%| E|CS|TAMS 0x0000000091b00000, 0x0000000091b00000| Complete 
| 284|0x0000000091c00000, 0x0000000091d00000, 0x0000000091d00000|100%| E|CS|TAMS 0x0000000091c00000, 0x0000000091c00000| Complete 
| 285|0x0000000091d00000, 0x0000000091e00000, 0x0000000091e00000|100%| E|CS|TAMS 0x0000000091d00000, 0x0000000091d00000| Complete 
| 286|0x0000000091e00000, 0x0000000091f00000, 0x0000000091f00000|100%| E|CS|TAMS 0x0000000091e00000, 0x0000000091e00000| Complete 
| 287|0x0000000091f00000, 0x0000000092000000, 0x0000000092000000|100%| E|CS|TAMS 0x0000000091f00000, 0x0000000091f00000| Complete 
| 288|0x0000000092000000, 0x0000000092100000, 0x0000000092100000|100%| E|CS|TAMS 0x0000000092000000, 0x0000000092000000| Complete 
| 289|0x0000000092100000, 0x0000000092200000, 0x0000000092200000|100%| E|CS|TAMS 0x0000000092100000, 0x0000000092100000| Complete 
| 290|0x0000000092200000, 0x0000000092300000, 0x0000000092300000|100%| E|CS|TAMS 0x0000000092200000, 0x0000000092200000| Complete 
| 291|0x0000000092300000, 0x0000000092400000, 0x0000000092400000|100%| E|CS|TAMS 0x0000000092300000, 0x0000000092300000| Complete 
| 292|0x0000000092400000, 0x0000000092500000, 0x0000000092500000|100%| E|CS|TAMS 0x0000000092400000, 0x0000000092400000| Complete 
| 293|0x0000000092500000, 0x0000000092600000, 0x0000000092600000|100%| E|CS|TAMS 0x0000000092500000, 0x0000000092500000| Complete 
| 294|0x0000000092600000, 0x0000000092700000, 0x0000000092700000|100%| E|CS|TAMS 0x0000000092600000, 0x0000000092600000| Complete 
| 295|0x0000000092700000, 0x0000000092800000, 0x0000000092800000|100%| E|CS|TAMS 0x0000000092700000, 0x0000000092700000| Complete 
| 296|0x0000000092800000, 0x0000000092900000, 0x0000000092900000|100%| E|CS|TAMS 0x0000000092800000, 0x0000000092800000| Complete 
| 297|0x0000000092900000, 0x0000000092a00000, 0x0000000092a00000|100%| E|CS|TAMS 0x0000000092900000, 0x0000000092900000| Complete 
| 298|0x0000000092a00000, 0x0000000092b00000, 0x0000000092b00000|100%| E|CS|TAMS 0x0000000092a00000, 0x0000000092a00000| Complete 
| 299|0x0000000092b00000, 0x0000000092c00000, 0x0000000092c00000|100%| E|CS|TAMS 0x0000000092b00000, 0x0000000092b00000| Complete 
| 300|0x0000000092c00000, 0x0000000092d00000, 0x0000000092d00000|100%| E|CS|TAMS 0x0000000092c00000, 0x0000000092c00000| Complete 
| 301|0x0000000092d00000, 0x0000000092e00000, 0x0000000092e00000|100%| E|CS|TAMS 0x0000000092d00000, 0x0000000092d00000| Complete 
| 302|0x0000000092e00000, 0x0000000092f00000, 0x0000000092f00000|100%| E|CS|TAMS 0x0000000092e00000, 0x0000000092e00000| Complete 
| 303|0x0000000092f00000, 0x0000000093000000, 0x0000000093000000|100%| E|CS|TAMS 0x0000000092f00000, 0x0000000092f00000| Complete 
| 304|0x0000000093000000, 0x0000000093100000, 0x0000000093100000|100%| E|CS|TAMS 0x0000000093000000, 0x0000000093000000| Complete 
| 305|0x0000000093100000, 0x0000000093200000, 0x0000000093200000|100%| E|CS|TAMS 0x0000000093100000, 0x0000000093100000| Complete 
| 306|0x0000000093200000, 0x0000000093300000, 0x0000000093300000|100%| E|CS|TAMS 0x0000000093200000, 0x0000000093200000| Complete 
| 307|0x0000000093300000, 0x0000000093400000, 0x0000000093400000|100%| E|CS|TAMS 0x0000000093300000, 0x0000000093300000| Complete 

Card table byte_map: [0x0000024b50890000,0x0000024b50c90000] _byte_map_base: 0x0000024b50490000

Marking Bits (Prev, Next): (CMBitMap*) 0x0000024b3d9cea98, (CMBitMap*) 0x0000024b3d9cead0
 Prev Bits: [0x0000024b51090000, 0x0000024b53090000)
 Next Bits: [0x0000024b53090000, 0x0000024b55090000)

Polling page: 0x0000024b3d170000

Metaspace:

Usage:
  Non-class:     68.09 MB capacity,    66.94 MB ( 98%) used,   970.47 KB (  1%) free+waste,   207.25 KB ( <1%) overhead. 
      Class:     10.80 MB capacity,    10.11 MB ( 94%) used,   618.83 KB (  6%) free+waste,    96.75 KB ( <1%) overhead. 
       Both:     78.89 MB capacity,    77.05 MB ( 98%) used,     1.55 MB (  2%) free+waste,   304.00 KB ( <1%) overhead. 

Virtual space:
  Non-class space:       70.00 MB reserved,      68.25 MB ( 98%) committed 
      Class space:        1.00 GB reserved,      10.82 MB (  1%) committed 
             Both:        1.07 GB reserved,      79.07 MB (  7%) committed 

Chunk freelists:
   Non-Class:  36.00 KB
       Class:  0 bytes
        Both:  36.00 KB

MaxMetaspaceSize: 17179869184.00 GB
CompressedClassSpaceSize: 1.00 GB

CodeHeap 'non-profiled nmethods': size=120064Kb used=4250Kb max_used=4250Kb free=115813Kb
 bounds [0x0000024b48f50000, 0x0000024b49380000, 0x0000024b50490000]
CodeHeap 'profiled nmethods': size=120000Kb used=16601Kb max_used=16601Kb free=103398Kb
 bounds [0x0000024b41a20000, 0x0000024b42a60000, 0x0000024b48f50000]
CodeHeap 'non-nmethods': size=5696Kb used=2279Kb max_used=2320Kb free=3416Kb
 bounds [0x0000024b41490000, 0x0000024b41700000, 0x0000024b41a20000]
 total_blobs=8617 nmethods=7744 adapters=784
 compilation: enabled
              stopped_count=0, restarted_count=0
 full_count=0

Compilation events (20 events):
Event: 8.084 Thread 0x0000024b57e49800 nmethod 7729 0x0000024b42a39f10 code [0x0000024b42a3a1c0, 0x0000024b42a3ad18]
Event: 8.084 Thread 0x0000024b57e49800 7727       1       org.gradle.api.internal.tasks.properties.AbstractPropertyNode::getTypeMetadata (5 bytes)
Event: 8.084 Thread 0x0000024b57e49800 nmethod 7727 0x0000024b49368310 code [0x0000024b493684c0, 0x0000024b49368578]
Event: 8.084 Thread 0x0000024b57e49800 7730       1       com.google.common.base.Equivalence$Identity::doEquivalent (2 bytes)
Event: 8.084 Thread 0x0000024b57e49800 nmethod 7730 0x0000024b49368610 code [0x0000024b493687c0, 0x0000024b49368878]
Event: 8.098 Thread 0x0000024b57e49800 7731   !   2       java.util.concurrent.ConcurrentHashMap::putVal (432 bytes)
Event: 8.099 Thread 0x0000024b57e44000 nmethod 7396 0x0000024b49368910 code [0x0000024b493691e0, 0x0000024b49370360]
Event: 8.099 Thread 0x0000024b57e44000 7571       4       java.util.TreeMap::put (247 bytes)
Event: 8.100 Thread 0x0000024b57e49800 nmethod 7731 0x0000024b42a3b290 code [0x0000024b42a3b540, 0x0000024b42a3c698]
Event: 8.100 Thread 0x0000024b57e49800 7732       3       java.lang.invoke.MethodHandles::constant (87 bytes)
Event: 8.101 Thread 0x0000024b57e49800 nmethod 7732 0x0000024b42a3cf10 code [0x0000024b42a3d220, 0x0000024b42a3e0f8]
Event: 8.103 Thread 0x0000024b57e49800 7733       3       java.lang.StringLatin1::regionMatchesCI (92 bytes)
Event: 8.103 Thread 0x0000024b57e49800 nmethod 7733 0x0000024b42a3e610 code [0x0000024b42a3e8a0, 0x0000024b42a3f398]
Event: 8.123 Thread 0x0000024b57e49800 7734       3       java.lang.String::getBytes (25 bytes)
Event: 8.123 Thread 0x0000024b57e49800 nmethod 7734 0x0000024b42a3f890 code [0x0000024b42a3fa60, 0x0000024b42a3fd18]
Event: 8.123 Thread 0x0000024b57e49800 7735   !   3       java.lang.StringCoding::encode (324 bytes)
Event: 8.125 Thread 0x0000024b57e49800 nmethod 7735 0x0000024b42a3fe10 code [0x0000024b42a40300, 0x0000024b42a42e58]
Event: 8.125 Thread 0x0000024b57e49800 7736       3       org.gradle.internal.hash.Hashing$MessageDigestHasher::putString (17 bytes)
Event: 8.125 Thread 0x0000024b57e49800 nmethod 7736 0x0000024b42a43d10 code [0x0000024b42a43f40, 0x0000024b42a445f8]
Event: 8.133 Thread 0x0000024b57e49800 7737       3       java.io.ObjectStreamField::isPrimitive (23 bytes)

GC Heap History (20 events):
Event: 0.391 GC heap before
{Heap before GC invocations=0 (full 0):
 garbage-first heap   total 262144K, used 19456K [0x0000000080000000, 0x0000000100000000)
  region size 1024K, 14 young (14336K), 0 survivors (0K)
 Metaspace       used 6723K, capacity 6921K, committed 7168K, reserved 1056768K
  class space    used 582K, capacity 650K, committed 768K, reserved 1048576K
}
Event: 0.393 GC heap after
{Heap after GC invocations=1 (full 0):
 garbage-first heap   total 262144K, used 8052K [0x0000000080000000, 0x0000000100000000)
  region size 1024K, 2 young (2048K), 2 survivors (2048K)
 Metaspace       used 6723K, capacity 6921K, committed 7168K, reserved 1056768K
  class space    used 582K, capacity 650K, committed 768K, reserved 1048576K
}
Event: 0.677 GC heap before
{Heap before GC invocations=1 (full 0):
 garbage-first heap   total 262144K, used 22388K [0x0000000080000000, 0x0000000100000000)
  region size 1024K, 16 young (16384K), 2 survivors (2048K)
 Metaspace       used 10120K, capacity 10306K, committed 10368K, reserved 1058816K
  class space    used 1053K, capacity 1102K, committed 1152K, reserved 1048576K
}
Event: 0.679 GC heap after
{Heap after GC invocations=2 (full 0):
 garbage-first heap   total 262144K, used 9366K [0x0000000080000000, 0x0000000100000000)
  region size 1024K, 2 young (2048K), 2 survivors (2048K)
 Metaspace       used 10120K, capacity 10306K, committed 10368K, reserved 1058816K
  class space    used 1053K, capacity 1102K, committed 1152K, reserved 1048576K
}
Event: 1.026 GC heap before
{Heap before GC invocations=2 (full 0):
 garbage-first heap   total 262144K, used 48278K [0x0000000080000000, 0x0000000100000000)
  region size 1024K, 40 young (40960K), 2 survivors (2048K)
 Metaspace       used 11016K, capacity 11317K, committed 11520K, reserved 1058816K
  class space    used 1163K, capacity 1247K, committed 1280K, reserved 1048576K
}
Event: 1.029 GC heap after
{Heap after GC invocations=3 (full 0):
 garbage-first heap   total 262144K, used 13900K [0x0000000080000000, 0x0000000100000000)
  region size 1024K, 5 young (5120K), 5 survivors (5120K)
 Metaspace       used 11016K, capacity 11317K, committed 11520K, reserved 1058816K
  class space    used 1163K, capacity 1247K, committed 1280K, reserved 1048576K
}
Event: 1.996 GC heap before
{Heap before GC invocations=3 (full 0):
 garbage-first heap   total 262144K, used 69196K [0x0000000080000000, 0x0000000100000000)
  region size 1024K, 60 young (61440K), 5 survivors (5120K)
 Metaspace       used 20689K, capacity 21075K, committed 21248K, reserved 1067008K
  class space    used 2535K, capacity 2693K, committed 2816K, reserved 1048576K
}
Event: 2.004 GC heap after
{Heap after GC invocations=4 (full 0):
 garbage-first heap   total 262144K, used 16814K [0x0000000080000000, 0x0000000100000000)
  region size 1024K, 8 young (8192K), 8 survivors (8192K)
 Metaspace       used 20689K, capacity 21075K, committed 21248K, reserved 1067008K
  class space    used 2535K, capacity 2693K, committed 2816K, reserved 1048576K
}
Event: 2.542 GC heap before
{Heap before GC invocations=5 (full 0):
 garbage-first heap   total 262144K, used 83374K [0x0000000080000000, 0x0000000100000000)
  region size 1024K, 73 young (74752K), 8 survivors (8192K)
 Metaspace       used 26865K, capacity 27467K, committed 27648K, reserved 1073152K
  class space    used 3543K, capacity 3769K, committed 3840K, reserved 1048576K
}
Event: 2.549 GC heap after
{Heap after GC invocations=6 (full 0):
 garbage-first heap   total 262144K, used 19177K [0x0000000080000000, 0x0000000100000000)
  region size 1024K, 6 young (6144K), 6 survivors (6144K)
 Metaspace       used 26865K, capacity 27467K, committed 27648K, reserved 1073152K
  class space    used 3543K, capacity 3769K, committed 3840K, reserved 1048576K
}
Event: 3.096 GC heap before
{Heap before GC invocations=6 (full 0):
 garbage-first heap   total 262144K, used 64233K [0x0000000080000000, 0x0000000100000000)
  region size 1024K, 51 young (52224K), 6 survivors (6144K)
 Metaspace       used 35023K, capacity 35786K, committed 35840K, reserved 1081344K
  class space    used 4550K, capacity 4863K, committed 4864K, reserved 1048576K
}
Event: 3.105 GC heap after
{Heap after GC invocations=7 (full 0):
 garbage-first heap   total 262144K, used 23088K [0x0000000080000000, 0x0000000100000000)
  region size 1024K, 10 young (10240K), 10 survivors (10240K)
 Metaspace       used 35023K, capacity 35786K, committed 35840K, reserved 1081344K
  class space    used 4550K, capacity 4863K, committed 4864K, reserved 1048576K
}
Event: 3.946 GC heap before
{Heap before GC invocations=8 (full 0):
 garbage-first heap   total 262144K, used 118320K [0x0000000080000000, 0x0000000100000000)
  region size 1024K, 100 young (102400K), 10 survivors (10240K)
 Metaspace       used 43036K, capacity 44016K, committed 44236K, reserved 1087488K
  class space    used 5456K, capacity 5823K, committed 5836K, reserved 1048576K
}
Event: 3.958 GC heap after
{Heap after GC invocations=9 (full 0):
 garbage-first heap   total 262144K, used 28322K [0x0000000080000000, 0x0000000100000000)
  region size 1024K, 12 young (12288K), 12 survivors (12288K)
 Metaspace       used 43036K, capacity 44016K, committed 44236K, reserved 1087488K
  class space    used 5456K, capacity 5823K, committed 5836K, reserved 1048576K
}
Event: 5.297 GC heap before
{Heap before GC invocations=9 (full 0):
 garbage-first heap   total 262144K, used 177826K [0x0000000080000000, 0x0000000100000000)
  region size 1024K, 153 young (156672K), 12 survivors (12288K)
 Metaspace       used 53135K, capacity 54497K, committed 54732K, reserved 1097728K
  class space    used 6753K, capacity 7273K, committed 7372K, reserved 1048576K
}
Event: 5.312 GC heap after
{Heap after GC invocations=10 (full 0):
 garbage-first heap   total 262144K, used 44667K [0x0000000080000000, 0x0000000100000000)
  region size 1024K, 20 young (20480K), 20 survivors (20480K)
 Metaspace       used 53135K, capacity 54497K, committed 54732K, reserved 1097728K
  class space    used 6753K, capacity 7273K, committed 7372K, reserved 1048576K
}
Event: 5.768 GC heap before
{Heap before GC invocations=10 (full 0):
 garbage-first heap   total 262144K, used 80507K [0x0000000080000000, 0x0000000100000000)
  region size 1024K, 56 young (57344K), 20 survivors (20480K)
 Metaspace       used 58696K, capacity 60156K, committed 60236K, reserved 1101824K
  class space    used 7461K, capacity 7984K, committed 8012K, reserved 1048576K
}
Event: 5.790 GC heap after
{Heap after GC invocations=11 (full 0):
 garbage-first heap   total 262144K, used 46340K [0x0000000080000000, 0x0000000100000000)
  region size 1024K, 3 young (3072K), 3 survivors (3072K)
 Metaspace       used 58696K, capacity 60156K, committed 60236K, reserved 1101824K
  class space    used 7461K, capacity 7984K, committed 8012K, reserved 1048576K
}
Event: 7.036 GC heap before
{Heap before GC invocations=12 (full 0):
 garbage-first heap   total 262144K, used 185604K [0x0000000080000000, 0x0000000100000000)
  region size 1024K, 139 young (142336K), 3 survivors (3072K)
 Metaspace       used 68945K, capacity 70512K, committed 70860K, reserved 1110016K
  class space    used 8940K, capacity 9542K, committed 9676K, reserved 1048576K
}
Event: 7.052 GC heap after
{Heap after GC invocations=13 (full 0):
 garbage-first heap   total 315392K, used 55553K [0x0000000080000000, 0x0000000100000000)
  region size 1024K, 12 young (12288K), 12 survivors (12288K)
 Metaspace       used 68945K, capacity 70512K, committed 70860K, reserved 1110016K
  class space    used 8940K, capacity 9542K, committed 9676K, reserved 1048576K
}

Deoptimization events (20 events):
Event: 8.103 Thread 0x0000024b61d1a000 Uncommon trap: trap_request=0xffffffc6 fr.pc=0x0000024b490a30f0 relative=0x0000000000000470
Event: 8.103 Thread 0x0000024b61d1a000 Uncommon trap: reason=bimorphic_or_optimized_type_check action=maybe_recompile pc=0x0000024b490a30f0 method=java.util.Spliterators$IteratorSpliterator.tryAdvance(Ljava/util/function/Consumer;)Z @ 50 c2
Event: 8.103 Thread 0x0000024b61d1a000 DEOPT PACKING pc=0x0000024b490a30f0 sp=0x000000fcfe0fe420
Event: 8.103 Thread 0x0000024b61d1a000 DEOPT UNPACKING pc=0x0000024b414b662f sp=0x000000fcfe0fe3c0 mode 2
Event: 8.103 Thread 0x0000024b61d1a000 Uncommon trap: trap_request=0xffffffc6 fr.pc=0x0000024b490a30f0 relative=0x0000000000000470
Event: 8.103 Thread 0x0000024b61d1a000 Uncommon trap: reason=bimorphic_or_optimized_type_check action=maybe_recompile pc=0x0000024b490a30f0 method=java.util.Spliterators$IteratorSpliterator.tryAdvance(Ljava/util/function/Consumer;)Z @ 50 c2
Event: 8.103 Thread 0x0000024b61d1a000 DEOPT PACKING pc=0x0000024b490a30f0 sp=0x000000fcfe0fe420
Event: 8.103 Thread 0x0000024b61d1a000 DEOPT UNPACKING pc=0x0000024b414b662f sp=0x000000fcfe0fe3c0 mode 2
Event: 8.130 Thread 0x0000024b61d1a000 Uncommon trap: trap_request=0xffffffde fr.pc=0x0000024b4921a97c relative=0x000000000000005c
Event: 8.130 Thread 0x0000024b61d1a000 Uncommon trap: reason=class_check action=maybe_recompile pc=0x0000024b4921a97c method=java.util.stream.StreamOpFlag.fromCharacteristics(Ljava/util/Spliterator;)I @ 14 c2
Event: 8.130 Thread 0x0000024b61d1a000 DEOPT PACKING pc=0x0000024b4921a97c sp=0x000000fcfe0fdbe0
Event: 8.130 Thread 0x0000024b61d1a000 DEOPT UNPACKING pc=0x0000024b414b662f sp=0x000000fcfe0fdb70 mode 2
Event: 8.130 Thread 0x0000024b61d1a000 DEOPT PACKING pc=0x0000024b424a0edc sp=0x000000fcfe0fe1a0
Event: 8.130 Thread 0x0000024b61d1a000 DEOPT UNPACKING pc=0x0000024b414b6dde sp=0x000000fcfe0fd688 mode 0
Event: 8.130 Thread 0x0000024b61d1a000 DEOPT PACKING pc=0x0000024b424a13f4 sp=0x000000fcfe0fe250
Event: 8.131 Thread 0x0000024b61d1a000 DEOPT UNPACKING pc=0x0000024b414b6dde sp=0x000000fcfe0fd740 mode 0
Event: 8.131 Thread 0x0000024b61d1a000 Uncommon trap: trap_request=0xffffffde fr.pc=0x0000024b4921a97c relative=0x000000000000005c
Event: 8.131 Thread 0x0000024b61d1a000 Uncommon trap: reason=class_check action=maybe_recompile pc=0x0000024b4921a97c method=java.util.stream.StreamOpFlag.fromCharacteristics(Ljava/util/Spliterator;)I @ 14 c2
Event: 8.131 Thread 0x0000024b61d1a000 DEOPT PACKING pc=0x0000024b4921a97c sp=0x000000fcfe0fdc40
Event: 8.131 Thread 0x0000024b61d1a000 DEOPT UNPACKING pc=0x0000024b414b662f sp=0x000000fcfe0fdbd0 mode 2

Classes redefined (0 events):
No events

Internal exceptions (20 events):
Event: 7.204 Thread 0x0000024b5a07e000 Exception <a 'java/lang/ClassNotFoundException'{0x0000000092964928}: com/android/build/gradle/internal/api/BaseVariantOutputImplBeanInfo> (0x0000000092964928) thrown at [./src/hotspot/share/classfile/systemDictionary.cpp, line 231]
Event: 7.205 Thread 0x0000024b5a07e000 Exception <a 'java/lang/ClassNotFoundException'{0x000000009297fa00}: com/android/build/gradle/internal/api/BaseVariantOutputImplCustomizer> (0x000000009297fa00) thrown at [./src/hotspot/share/classfile/systemDictionary.cpp, line 231]
Event: 7.206 Thread 0x0000024b5a07e000 Exception <a 'java/lang/ClassNotFoundException'{0x00000000929ad430}: com/android/build/gradle/internal/api/ApkVariantOutputImplCustomizer> (0x00000000929ad430) thrown at [./src/hotspot/share/classfile/systemDictionary.cpp, line 231]
Event: 7.207 Thread 0x0000024b5a07e000 Exception <a 'java/lang/ClassNotFoundException'{0x00000000929d70c8}: com/android/build/gradle/internal/api/ApkVariantOutputImpl_DecoratedCustomizer> (0x00000000929d70c8) thrown at [./src/hotspot/share/classfile/systemDictionary.cpp, line 231]
Event: 7.213 Thread 0x0000024b5a07e000 Implicit null exception at 0x0000024b492597bf to 0x0000024b492599c0
Event: 7.218 Thread 0x0000024b5a07e000 Exception <a 'java/lang/NoClassDefFoundError'{0x0000000092741fb8}: org/jetbrains/kotlin/gradle/plugin/KotlinBasePluginWrapper> (0x0000000092741fb8) thrown at [./src/hotspot/share/classfile/systemDictionary.cpp, line 220]
Event: 7.463 Thread 0x0000024b5a07e000 Exception <a 'sun/nio/fs/WindowsException'{0x00000000911854d8}> (0x00000000911854d8) thrown at [./src/hotspot/share/prims/jni.cpp, line 615]
Event: 7.464 Thread 0x0000024b5a07e000 Exception <a 'sun/nio/fs/WindowsException'{0x00000000911858a0}> (0x00000000911858a0) thrown at [./src/hotspot/share/prims/jni.cpp, line 615]
Event: 7.555 Thread 0x0000024b5a07e000 Exception <a 'java/lang/NullPointerException'{0x00000000907304d0}> (0x00000000907304d0) thrown at [./src/hotspot/share/interpreter/linkResolver.cpp, line 1440]
Event: 7.613 Thread 0x0000024b5a07e000 Implicit null exception at 0x0000024b493074e7 to 0x0000024b493093ac
Event: 7.728 Thread 0x0000024b5a07e000 Exception <a 'java/lang/NoSuchMethodError'{0x000000008f731018}: 'int java.lang.invoke.DirectMethodHandle$Holder.invokeStatic(java.lang.Object, java.lang.Object, int, java.lang.Object)'> (0x000000008f731018) thrown at [./src/hotspot/share/interpreter/linkResolver.cpp, line 773]
Event: 7.729 Thread 0x0000024b5a07e000 Exception <a 'java/lang/NoSuchMethodError'{0x000000008f737ec0}: 'java.lang.Object java.lang.invoke.Invokers$Holder.linkToTargetMethod(java.lang.Object, int, java.lang.Object)'> (0x000000008f737ec0) thrown at [./src/hotspot/share/interpreter/linkResolver.cpp, line 773]
Event: 7.772 Thread 0x0000024b5a07e000 Exception <a 'sun/nio/fs/WindowsException'{0x000000008f668c30}> (0x000000008f668c30) thrown at [./src/hotspot/share/prims/jni.cpp, line 615]
Event: 7.773 Thread 0x0000024b5a07e000 Exception <a 'sun/nio/fs/WindowsException'{0x000000008f669fc0}> (0x000000008f669fc0) thrown at [./src/hotspot/share/prims/jni.cpp, line 615]
Event: 7.773 Thread 0x0000024b5a07e000 Exception <a 'sun/nio/fs/WindowsException'{0x000000008f66b388}> (0x000000008f66b388) thrown at [./src/hotspot/share/prims/jni.cpp, line 615]
Event: 7.773 Thread 0x0000024b5a07e000 Exception <a 'sun/nio/fs/WindowsException'{0x000000008f66c750}> (0x000000008f66c750) thrown at [./src/hotspot/share/prims/jni.cpp, line 615]
Event: 7.815 Thread 0x0000024b5a07e000 Implicit null exception at 0x0000024b493027c1 to 0x0000024b49303d34
Event: 7.983 Thread 0x0000024b5a07e000 Exception <a 'java/lang/NoSuchMethodError'{0x000000008e23ca08}: 'java.lang.Object java.lang.invoke.Invokers$Holder.linkToTargetMethod(java.lang.Object, int, int, java.lang.Object)'> (0x000000008e23ca08) thrown at [./src/hotspot/share/interpreter/linkResolver.cpp, line 773]
Event: 8.076 Thread 0x0000024b5a07e000 Exception <a 'java/lang/NoSuchMethodError'{0x000000008dabd0a0}: 'java.lang.Object java.lang.invoke.Invokers$Holder.linkToTargetMethod(java.lang.Object, java.lang.Object, java.lang.Object, int, java.lang.Object, java.lang.Object)'> (0x000000008dabd0a0) thrown at [./src/hotspot/share/interpreter/linkResolver.cpp, line 773]
Event: 8.132 Thread 0x0000024b5ab29800 Exception <a 'java/lang/NoSuchMethodError'{0x000000009330acd8}: <clinit>> (0x000000009330acd8) thrown at [./src/hotspot/share/prims/jni.cpp, line 1362]

Events (20 events):
Event: 8.128 Executing VM operation: Deoptimize
Event: 8.129 Executing VM operation: Deoptimize done
Event: 8.129 loading class org/gradle/api/internal/project/taskfactory/TaskIdentity
Event: 8.129 loading class org/gradle/api/internal/project/taskfactory/TaskIdentity done
Event: 8.129 loading class org/gradle/tooling/internal/provider/runner/ClientForwardingTaskOperationListener
Event: 8.129 loading class org/gradle/tooling/internal/provider/runner/ClientForwardingTaskOperationListener done
Event: 8.129 loading class java/util/TreeMap$KeySpliterator
Event: 8.130 loading class java/util/TreeMap$TreeMapSpliterator
Event: 8.130 loading class java/util/TreeMap$TreeMapSpliterator done
Event: 8.130 loading class java/util/TreeMap$KeySpliterator done
Event: 8.130 loading class org/gradle/execution/plan/Node
Event: 8.130 loading class org/gradle/execution/plan/Node done
Event: 8.130 loading class org/gradle/execution/plan/Node
Event: 8.130 loading class org/gradle/execution/plan/Node done
Event: 8.130 loading class org/gradle/tooling/internal/provider/runner/OperationDependenciesResolver
Event: 8.130 loading class org/gradle/tooling/internal/provider/runner/OperationDependenciesResolver done
Event: 8.130 loading class org/gradle/tooling/internal/protocol/events/InternalOperationDescriptor
Event: 8.130 loading class org/gradle/tooling/internal/protocol/events/InternalOperationDescriptor done
Event: 8.131 loading class org/gradle/internal/build/event/types/DefaultTaskFinishedProgressEvent
Event: 8.131 loading class org/gradle/internal/build/event/types/DefaultTaskFinishedProgressEvent done


Dynamic libraries:
0x00007ff7f4730000 - 0x00007ff7f473a000 	C:\Program Files\Android\Android Studio\jre\bin\java.exe
0x00007ffc2b690000 - 0x00007ffc2b885000 	C:\WINDOWS\SYSTEM32\ntdll.dll
0x00007ffc29d50000 - 0x00007ffc29e0e000 	C:\WINDOWS\System32\KERNEL32.DLL
0x00007ffc29420000 - 0x00007ffc296e8000 	C:\WINDOWS\System32\KERNELBASE.dll
0x00007ffc28fa0000 - 0x00007ffc290a0000 	C:\WINDOWS\System32\ucrtbase.dll
0x00007ffc0bff0000 - 0x00007ffc0c007000 	C:\Program Files\Android\Android Studio\jre\bin\VCRUNTIME140.dll
0x00007ffc0bfd0000 - 0x00007ffc0bfe9000 	C:\Program Files\Android\Android Studio\jre\bin\jli.dll
0x00007ffc296f0000 - 0x00007ffc29890000 	C:\WINDOWS\System32\USER32.dll
0x00007ffc293f0000 - 0x00007ffc29412000 	C:\WINDOWS\System32\win32u.dll
0x00007ffc0ff50000 - 0x00007ffc101ea000 	C:\WINDOWS\WinSxS\amd64_microsoft.windows.common-controls_6595b64144ccf1df_6.0.19041.1110_none_60b5254171f9507e\COMCTL32.dll
0x00007ffc2b1f0000 - 0x00007ffc2b21a000 	C:\WINDOWS\System32\GDI32.dll
0x00007ffc29c30000 - 0x00007ffc29cce000 	C:\WINDOWS\System32\msvcrt.dll
0x00007ffc29180000 - 0x00007ffc2928b000 	C:\WINDOWS\System32\gdi32full.dll
0x00007ffc28ed0000 - 0x00007ffc28f6d000 	C:\WINDOWS\System32\msvcp_win.dll
0x00007ffc2b3b0000 - 0x00007ffc2b3e0000 	C:\WINDOWS\System32\IMM32.DLL
0x00007ffc00ae0000 - 0x00007ffc00b7d000 	C:\Program Files\Android\Android Studio\jre\bin\msvcp140.dll
0x00007ffbd0010000 - 0x00007ffbd0ae5000 	C:\Program Files\Android\Android Studio\jre\bin\server\jvm.dll
0x00007ffc2b220000 - 0x00007ffc2b2ce000 	C:\WINDOWS\System32\ADVAPI32.dll
0x00007ffc29ac0000 - 0x00007ffc29b5c000 	C:\WINDOWS\System32\sechost.dll
0x00007ffc2abf0000 - 0x00007ffc2ad15000 	C:\WINDOWS\System32\RPCRT4.dll
0x00007ffc2a9b0000 - 0x00007ffc2a9b8000 	C:\WINDOWS\System32\PSAPI.DLL
0x00007ffc253b0000 - 0x00007ffc253b9000 	C:\WINDOWS\SYSTEM32\WSOCK32.dll
0x00007ffc2a9c0000 - 0x00007ffc2aa2b000 	C:\WINDOWS\System32\WS2_32.dll
0x00007ffc12660000 - 0x00007ffc12687000 	C:\WINDOWS\SYSTEM32\WINMM.dll
0x00007ffc20d10000 - 0x00007ffc20d1a000 	C:\WINDOWS\SYSTEM32\VERSION.dll
0x00007ffc276b0000 - 0x00007ffc276c2000 	C:\WINDOWS\SYSTEM32\kernel.appcore.dll
0x00007ffc220e0000 - 0x00007ffc220f1000 	C:\Program Files\Android\Android Studio\jre\bin\verify.dll
0x00007ffc26330000 - 0x00007ffc26514000 	C:\WINDOWS\SYSTEM32\DBGHELP.DLL
0x00007ffc1f550000 - 0x00007ffc1f57c000 	C:\WINDOWS\SYSTEM32\dbgcore.DLL
0x00007ffc290f0000 - 0x00007ffc29172000 	C:\WINDOWS\System32\bcryptPrimitives.dll
0x00007ffc1f040000 - 0x00007ffc1f069000 	C:\Program Files\Android\Android Studio\jre\bin\java.dll
0x00007ffc237c0000 - 0x00007ffc237cb000 	C:\Program Files\Android\Android Studio\jre\bin\jimage.dll
0x00007ffc20240000 - 0x00007ffc20258000 	C:\Program Files\Android\Android Studio\jre\bin\zip.dll
0x00007ffc29e90000 - 0x00007ffc2a5d4000 	C:\WINDOWS\System32\SHELL32.dll
0x00007ffc26eb0000 - 0x00007ffc27644000 	C:\WINDOWS\SYSTEM32\windows.storage.dll
0x00007ffc2a5f0000 - 0x00007ffc2a944000 	C:\WINDOWS\System32\combase.dll
0x00007ffc28750000 - 0x00007ffc2877c000 	C:\WINDOWS\SYSTEM32\Wldp.dll
0x00007ffc29a10000 - 0x00007ffc29abd000 	C:\WINDOWS\System32\SHCORE.dll
0x00007ffc2a950000 - 0x00007ffc2a9a5000 	C:\WINDOWS\System32\shlwapi.dll
0x00007ffc28cf0000 - 0x00007ffc28d0f000 	C:\WINDOWS\SYSTEM32\profapi.dll
0x00007ffc1ed90000 - 0x00007ffc1edaa000 	C:\Program Files\Android\Android Studio\jre\bin\net.dll
0x00007ffc1f650000 - 0x00007ffc1f75a000 	C:\WINDOWS\SYSTEM32\WINHTTP.dll
0x00007ffc284b0000 - 0x00007ffc2851a000 	C:\WINDOWS\system32\mswsock.dll
0x00007ffc1c2a0000 - 0x00007ffc1c2b4000 	C:\Program Files\Android\Android Studio\jre\bin\nio.dll
0x00007ffc02400000 - 0x00007ffc02427000 	C:\Users\Arne\.gradle\native\e1d6ef7f7dcc3fd88c89a11ec53ec762bb8ba0a96d01ffa2cd45eb1d1d8dd5c5\windows-amd64\native-platform.dll
0x00007ffbf3460000 - 0x00007ffbf35a4000 	C:\Users\Arne\.gradle\native\5664cfc778a61ccfe75a443a1ab52a65af34e5dc3c78e0209fed803814484fcb\windows-amd64\native-platform-file-events.dll
0x00007ffc220b0000 - 0x00007ffc220ba000 	C:\Program Files\Android\Android Studio\jre\bin\management.dll
0x00007ffc22090000 - 0x00007ffc2209d000 	C:\Program Files\Android\Android Studio\jre\bin\management_ext.dll
0x00007ffc286a0000 - 0x00007ffc286b8000 	C:\WINDOWS\SYSTEM32\CRYPTSP.dll
0x00007ffc27e30000 - 0x00007ffc27e64000 	C:\WINDOWS\system32\rsaenh.dll
0x00007ffc28f70000 - 0x00007ffc28f97000 	C:\WINDOWS\System32\bcrypt.dll
0x00007ffc28cb0000 - 0x00007ffc28cde000 	C:\WINDOWS\SYSTEM32\USERENV.dll
0x00007ffc286c0000 - 0x00007ffc286cc000 	C:\WINDOWS\SYSTEM32\CRYPTBASE.dll
0x00007ffc281a0000 - 0x00007ffc281db000 	C:\WINDOWS\SYSTEM32\IPHLPAPI.DLL
0x00007ffc2abe0000 - 0x00007ffc2abe8000 	C:\WINDOWS\System32\NSI.dll
0x00007ffc22330000 - 0x00007ffc22347000 	C:\WINDOWS\SYSTEM32\dhcpcsvc6.DLL
0x00007ffc225f0000 - 0x00007ffc2260d000 	C:\WINDOWS\SYSTEM32\dhcpcsvc.DLL
0x00007ffc281e0000 - 0x00007ffc282ab000 	C:\WINDOWS\SYSTEM32\DNSAPI.dll

dbghelp: loaded successfully - version: 4.0.5 - missing functions: none
symbol engine: initialized successfully - sym options: 0x614 - pdb path: .;C:\Program Files\Android\Android Studio\jre\bin;C:\WINDOWS\SYSTEM32;C:\WINDOWS\WinSxS\amd64_microsoft.windows.common-controls_6595b64144ccf1df_6.0.19041.1110_none_60b5254171f9507e;C:\Program Files\Android\Android Studio\jre\bin\server;C:\Users\Arne\.gradle\native\e1d6ef7f7dcc3fd88c89a11ec53ec762bb8ba0a96d01ffa2cd45eb1d1d8dd5c5\windows-amd64;C:\Users\Arne\.gradle\native\5664cfc778a61ccfe75a443a1ab52a65af34e5dc3c78e0209fed803814484fcb\windows-amd64

VM Arguments:
jvm_args: --add-opens=java.base/java.util=ALL-UNNAMED --add-opens=java.base/java.lang=ALL-UNNAMED --add-opens=java.base/java.lang.invoke=ALL-UNNAMED --add-opens=java.base/java.util=ALL-UNNAMED --add-opens=java.prefs/java.util.prefs=ALL-UNNAMED --add-opens=java.prefs/java.util.prefs=ALL-UNNAMED --add-opens=java.base/java.nio.charset=ALL-UNNAMED --add-opens=java.base/java.net=ALL-UNNAMED --add-opens=java.base/java.util.concurrent.atomic=ALL-UNNAMED -Xmx2048m -Dfile.encoding=UTF-8 -Duser.country=US -Duser.language=en -Duser.variant 
java_command: org.gradle.launcher.daemon.bootstrap.GradleDaemon 7.2
java_class_path (initial): C:\Users\Arne\.gradle\wrapper\dists\gradle-7.2-bin\2dnblmf4td7x66yl1d74lt32g\gradle-7.2\lib\gradle-launcher-7.2.jar
Launcher Type: SUN_STANDARD

[Global flags]
     intx CICompilerCount                          = 3                                         {product} {ergonomic}
     uint ConcGCThreads                            = 1                                         {product} {ergonomic}
     uint G1ConcRefinementThreads                  = 4                                         {product} {ergonomic}
   size_t G1HeapRegionSize                         = 1048576                                   {product} {ergonomic}
    uintx GCDrainStackTargetSize                   = 64                                        {product} {ergonomic}
   size_t InitialHeapSize                          = 268435456                                 {product} {ergonomic}
   size_t MarkStackSize                            = 4194304                                   {product} {ergonomic}
   size_t MaxHeapSize                              = 2147483648                                {product} {command line}
   size_t MaxNewSize                               = 1287651328                                {product} {ergonomic}
   size_t MinHeapDeltaBytes                        = 1048576                                   {product} {ergonomic}
    uintx NonNMethodCodeHeapSize                   = 5830732                                {pd product} {ergonomic}
    uintx NonProfiledCodeHeapSize                  = 122913754                              {pd product} {ergonomic}
    uintx ProfiledCodeHeapSize                     = 122913754                              {pd product} {ergonomic}
    uintx ReservedCodeCacheSize                    = 251658240                              {pd product} {ergonomic}
     bool SegmentedCodeCache                       = true                                      {product} {ergonomic}
     bool UseCompressedClassPointers               = true                                 {lp64_product} {ergonomic}
     bool UseCompressedOops                        = true                                 {lp64_product} {ergonomic}
     bool UseG1GC                                  = true                                      {product} {ergonomic}
     bool UseLargePagesIndividualAllocation        = false                                  {pd product} {ergonomic}

Logging:
Log output configuration:
 #0: stdout all=warning uptime,level,tags
 #1: stderr all=off uptime,level,tags

Environment Variables:
JAVA_HOME=C:\Program Files\Java\jdk-17.0.2
PATH=C:\Program Files\Common Files\Oracle\Java\javapath;C:\Program Files\Eclipse Foundation\jdk-8.0.302.8-hotspot\bin;C:\Program Files (x86)\Common Files\Oracle\Java\javapath;C:\Program Files (x86)\Intel\iCLS Client\;C:\Program Files\Intel\iCLS Client\;C:\WINDOWS\system32;C:\WINDOWS;C:\WINDOWS\System32\Wbem;C:\WINDOWS\System32\WindowsPowerShell\v1.0\;C:\WINDOWS\System32\OpenSSH\;C:\Program Files\Intel\Intel(R) Management Engine Components\DAL;C:\Program Files (x86)\Intel\Intel(R) Management Engine Components\DAL;C:\Program Files\Intel\Intel(R) Management Engine Components\IPT;C:\Program Files (x86)\Intel\Intel(R) Management Engine Components\IPT;C:\Program Files\Microsoft SQL Server\Client SDK\ODBC\130\Tools\Binn\;C:\Program Files (x86)\Microsoft SQL Server\140\Tools\Binn\;C:\Program Files\Microsoft SQL Server\140\Tools\Binn\;C:\Program Files\Microsoft SQL Server\140\DTS\Binn\;C:\Program Files\Microsoft SQL Server\130\Tools\Binn\;C:\Program Files\Microsoft SQL Server\Client SDK\ODBC\170\Tools\Binn\;C:\Program Files (x86)\Microsoft SQL Server\150\DTS\Binn\;C:\Program Files\Git\cmd;C:\Program Files\dotnet\;C:\Users\Arne\AppData\Local\Microsoft\WindowsApps;C:\Users\Arne\.dotnet\tools
USERNAME=Arne
OS=Windows_NT
PROCESSOR_IDENTIFIER=Intel64 Family 6 Model 60 Stepping 3, GenuineIntel



---------------  S Y S T E M  ---------------

OS: Windows 10 , 64 bit Build 19041 (10.0.19041.1645)
OS uptime: 21 days 22:43 hours

CPU:total 4 (initial active 4) (4 cores per cpu, 1 threads per core) family 6 model 60 stepping 3 microcode 0x27, cmov, cx8, fxsr, mmx, sse, sse2, sse3, ssse3, sse4.1, sse4.2, popcnt, avx, avx2, aes, clmul, erms, lzcnt, tsc, tscinvbit, bmi1, bmi2, fma

Memory: 4k page, system-wide physical 16324M (4539M free)
TotalPageFile size 19260M (AvailPageFile size 5M)
current process WorkingSet (physical memory assigned to process): 510M, peak: 511M
current process commit charge ("private bytes"): 578M, peak: 579M

vm_info: OpenJDK 64-Bit Server VM (11.0.11+9-b60-7590822) for windows-amd64 JRE (11.0.11+9-b60-7590822), built on Jul 29 2021 21:43:44 by "builder" with MS VC++ 14.0 (VS2015)

END.
