#
# There is insufficient memory for the Java Runtime Environment to continue.
# Native memory allocation (malloc) failed to allocate 2402256 bytes for Chunk::new
# Possible reasons:
#   The system is out of physical RAM or swap space
#   The process is running with CompressedOops enabled, and the Java Heap may be blocking the growth of the native heap
# Possible solutions:
#   Reduce memory load on the system
#   Increase physical memory or swap space
#   Check if swap backing store is full
#   Decrease Java heap size (-Xmx/-Xms)
#   Decrease number of Java threads
#   Decrease Java thread stack sizes (-Xss)
#   Set larger code cache with -XX:ReservedCodeCacheSize=
#   JVM is running with Unscaled Compressed Oops mode in which the Java heap is
#     placed in the first 4GB address space. The Java Heap base address is the
#     maximum limit for the native heap growth. Please use -XX:HeapBaseMinAddress
#     to set the Java Heap base and to place the Java Heap above 4GB virtual address.
# This output file may be truncated or incomplete.
#
#  Out of Memory Error (./src/hotspot/share/memory/arena.cpp:197), pid=22288, tid=25168
#
# JRE version: OpenJDK Runtime Environment (11.0.11+9) (build 11.0.11+9-b60-7590822)
# Java VM: OpenJDK 64-Bit Server VM (11.0.11+9-b60-7590822, mixed mode, tiered, compressed oops, g1 gc, windows-amd64)
# No core dump will be written. Minidumps are not enabled by default on client versions of Windows
#

---------------  S U M M A R Y ------------

Command Line: --add-opens=java.base/java.util=ALL-UNNAMED --add-opens=java.base/java.lang=ALL-UNNAMED --add-opens=java.base/java.lang.invoke=ALL-UNNAMED --add-opens=java.base/java.util=ALL-UNNAMED --add-opens=java.prefs/java.util.prefs=ALL-UNNAMED --add-opens=java.prefs/java.util.prefs=ALL-UNNAMED --add-opens=java.base/java.nio.charset=ALL-UNNAMED --add-opens=java.base/java.net=ALL-UNNAMED --add-opens=java.base/java.util.concurrent.atomic=ALL-UNNAMED -Xmx2048m -Dfile.encoding=UTF-8 -Duser.country=US -Duser.language=en -Duser.variant org.gradle.launcher.daemon.bootstrap.GradleDaemon 7.2

Host: Intel(R) Core(TM) i5-4570 CPU @ 3.20GHz, 4 cores, 15G,  Windows 10 , 64 bit Build 19041 (10.0.19041.1645)
Time: Sat May  7 11:15:18 2022 Romance Daylight Time elapsed time: 117.837934 seconds (0d 0h 1m 57s)

---------------  T H R E A D  ---------------

Current thread (0x000001cc7efea800):  JavaThread "C2 CompilerThread0" daemon [_thread_in_native, id=25168, stack(0x000000996a100000,0x000000996a200000)]


Current CompileTask:
C2: 117837 12239       4       org.gradle.api.internal.artifacts.result.DefaultResolutionResult::eachElement (92 bytes)

Stack: [0x000000996a100000,0x000000996a200000]
Native frames: (J=compiled Java code, j=interpreted, Vv=VM code, C=native code)
V  [jvm.dll+0x5f214a]
V  [jvm.dll+0x726fb5]
V  [jvm.dll+0x7285cd]
V  [jvm.dll+0x728c83]
V  [jvm.dll+0x243278]
V  [jvm.dll+0xbc53c]
V  [jvm.dll+0xbca3c]
V  [jvm.dll+0x353e3b]
V  [jvm.dll+0x321893]
V  [jvm.dll+0x320d8a]
V  [jvm.dll+0x1fc1e2]
V  [jvm.dll+0x1fb3d4]
V  [jvm.dll+0x183d6c]
V  [jvm.dll+0x209a57]
V  [jvm.dll+0x2082a1]
V  [jvm.dll+0x6ef58f]
V  [jvm.dll+0x6e80b5]
V  [jvm.dll+0x5f1036]
C  [ucrtbase.dll+0x21bb2]
C  [KERNEL32.DLL+0x17034]
C  [ntdll.dll+0x52651]


---------------  P R O C E S S  ---------------

Threads class SMR info:
_java_thread_list=0x000001cc0c68b290, length=84, elements={
0x000001cc6ab1b800, 0x000001cc7e757800, 0x000001cc7ef86000, 0x000001cc7efe4800,
0x000001cc7efe6000, 0x000001cc7efe7800, 0x000001cc7efea800, 0x000001cc7eff2800,
0x000001cc7effe800, 0x000001cc7f167800, 0x000001cc06e3a800, 0x000001cc7f243000,
0x000001cc06f78000, 0x000001cc07e4e800, 0x000001cc07e4f000, 0x000001cc07e51000,
0x000001cc07e4b000, 0x000001cc07e51800, 0x000001cc082d2800, 0x000001cc082cc800,
0x000001cc082d3000, 0x000001cc082d1000, 0x000001cc082d8000, 0x000001cc0a9da800,
0x000001cc0a9d5800, 0x000001cc0a9cf000, 0x000001cc0a9d0000, 0x000001cc0a9d0800,
0x000001cc0a9d1800, 0x000001cc0a9d2800, 0x000001cc0a9d3000, 0x000001cc0a9cd800,
0x000001cc0a9d4000, 0x000001cc0a9ce000, 0x000001cc0a9d5000, 0x000001cc0a9d7000,
0x000001cc0a9d9000, 0x000001cc0a9db800, 0x000001cc06fce800, 0x000001cc0a9d6800,
0x000001cc0a9d8000, 0x000001cc0a9d9800, 0x000001cc082cd800, 0x000001cc082ce800,
0x000001cc082d5000, 0x000001cc082d5800, 0x000001cc082d7800, 0x000001cc082d1800,
0x000001cc082db800, 0x000001cc082d9000, 0x000001cc082da000, 0x000001cc082da800,
0x000001cc07e4d000, 0x000001cc07e4c000, 0x000001cc07e4d800, 0x000001cc07e50000,
0x000001cc0ac03000, 0x000001cc0ac07000, 0x000001cc0ac05000, 0x000001cc0ac07800,
0x000001cc0ac04800, 0x000001cc0ac06000, 0x000001cc0ac02000, 0x000001cc0ac08800,
0x000001cc0ac09800, 0x000001cc0ac03800, 0x000001cc0ac10000, 0x000001cc0ac0a000,
0x000001cc0ac0e000, 0x000001cc0ac0d800, 0x000001cc0ac0f000, 0x000001cc0ac10800,
0x000001cc0ac0c800, 0x000001cc0ac0b000, 0x000001cc0ac0b800, 0x000001cc0d8d3000,
0x000001cc0d8d6800, 0x000001cc0d8d8000, 0x000001cc0d8d4000, 0x000001cc0d8d7000,
0x000001cc0d8d5000, 0x000001cc0d8d5800, 0x000001cc0d8d2800, 0x000001cc0d8dc000
}

Java Threads: ( => current thread )
  0x000001cc6ab1b800 JavaThread "main" [_thread_blocked, id=14060, stack(0x0000009969500000,0x0000009969600000)]
  0x000001cc7e757800 JavaThread "Reference Handler" daemon [_thread_blocked, id=24852, stack(0x0000009969c00000,0x0000009969d00000)]
  0x000001cc7ef86000 JavaThread "Finalizer" daemon [_thread_blocked, id=17792, stack(0x0000009969d00000,0x0000009969e00000)]
  0x000001cc7efe4800 JavaThread "Signal Dispatcher" daemon [_thread_blocked, id=3352, stack(0x0000009969e00000,0x0000009969f00000)]
  0x000001cc7efe6000 JavaThread "Attach Listener" daemon [_thread_blocked, id=16364, stack(0x0000009969f00000,0x000000996a000000)]
  0x000001cc7efe7800 JavaThread "Service Thread" daemon [_thread_blocked, id=16640, stack(0x000000996a000000,0x000000996a100000)]
=>0x000001cc7efea800 JavaThread "C2 CompilerThread0" daemon [_thread_in_native, id=25168, stack(0x000000996a100000,0x000000996a200000)]
  0x000001cc7eff2800 JavaThread "C1 CompilerThread0" daemon [_thread_in_native, id=6640, stack(0x000000996a200000,0x000000996a300000)]
  0x000001cc7effe800 JavaThread "Sweeper thread" daemon [_thread_blocked, id=25692, stack(0x000000996a300000,0x000000996a400000)]
  0x000001cc7f167800 JavaThread "Common-Cleaner" daemon [_thread_blocked, id=25256, stack(0x000000996a400000,0x000000996a500000)]
  0x000001cc06e3a800 JavaThread "Daemon health stats" [_thread_blocked, id=15192, stack(0x000000996ab00000,0x000000996ac00000)]
  0x000001cc7f243000 JavaThread "Incoming local TCP Connector on port 49913" [_thread_in_native, id=22920, stack(0x000000996a700000,0x000000996a800000)]
  0x000001cc06f78000 JavaThread "Daemon periodic checks" [_thread_blocked, id=24740, stack(0x000000996ac00000,0x000000996ad00000)]
  0x000001cc07e4e800 JavaThread "Cache worker for journal cache (C:\Users\Arne\.gradle\caches\journal-1)" [_thread_blocked, id=25248, stack(0x000000996b400000,0x000000996b500000)]
  0x000001cc07e4f000 JavaThread "File lock request listener" [_thread_in_native, id=22156, stack(0x000000996b500000,0x000000996b600000)]
  0x000001cc07e51000 JavaThread "Cache worker for file hash cache (C:\Users\Arne\.gradle\caches\7.2\fileHashes)" [_thread_blocked, id=23164, stack(0x000000996b600000,0x000000996b700000)]
  0x000001cc07e4b000 JavaThread "File watcher server" daemon [_thread_in_native, id=16272, stack(0x000000996b900000,0x000000996ba00000)]
  0x000001cc07e51800 JavaThread "File watcher consumer" daemon [_thread_blocked, id=26088, stack(0x000000996ba00000,0x000000996bb00000)]
  0x000001cc082d2800 JavaThread "Cache worker for execution history cache (C:\Users\Arne\.gradle\caches\7.2\executionHistory)" [_thread_blocked, id=1648, stack(0x000000996be00000,0x000000996bf00000)]
  0x000001cc082cc800 JavaThread "jar transforms" [_thread_blocked, id=25844, stack(0x000000996bf00000,0x000000996c000000)]
  0x000001cc082d3000 JavaThread "Cache worker for file content cache (C:\Users\Arne\.gradle\caches\7.2\fileContent)" [_thread_blocked, id=25604, stack(0x000000996c000000,0x000000996c100000)]
  0x000001cc082d1000 JavaThread "jar transforms Thread 2" [_thread_blocked, id=17940, stack(0x000000996c100000,0x000000996c200000)]
  0x000001cc082d8000 JavaThread "jar transforms Thread 3" [_thread_blocked, id=26320, stack(0x000000996c300000,0x000000996c400000)]
  0x000001cc0a9da800 JavaThread "jar transforms Thread 4" [_thread_blocked, id=7816, stack(0x000000996ed00000,0x000000996ee00000)]
  0x000001cc0a9d5800 JavaThread "Memory manager" [_thread_blocked, id=10524, stack(0x000000996ee00000,0x000000996ef00000)]
  0x000001cc0a9cf000 JavaThread "Daemon Thread 2" [_thread_blocked, id=12436, stack(0x0000009969300000,0x0000009969400000)]
  0x000001cc0a9d0000 JavaThread "Handler for socket connection from /127.0.0.1:49913 to /127.0.0.1:49945" [_thread_in_native, id=15732, stack(0x0000009969400000,0x0000009969500000)]
  0x000001cc0a9d0800 JavaThread "Cancel handler" [_thread_blocked, id=24092, stack(0x000000996a600000,0x000000996a700000)]
  0x000001cc0a9d1800 JavaThread "Daemon worker Thread 2" [_thread_blocked, id=12176, stack(0x000000996ad00000,0x000000996ae00000)]
  0x000001cc0a9d2800 JavaThread "Asynchronous log dispatcher for DefaultDaemonConnection: socket connection from /127.0.0.1:49913 to /127.0.0.1:49945" [_thread_blocked, id=23076, stack(0x000000996b000000,0x000000996b100000)]
  0x000001cc0a9d3000 JavaThread "Stdin handler" [_thread_blocked, id=12856, stack(0x000000996b100000,0x000000996b200000)]
  0x000001cc0a9cd800 JavaThread "Daemon client event forwarder" [_thread_blocked, id=16908, stack(0x000000996b200000,0x000000996b300000)]
  0x000001cc0a9d4000 JavaThread "Cache worker for file hash cache (C:\Users\Arne\AndroidStudioProjects\iHave\.gradle\7.2\fileHashes)" [_thread_in_native, id=8520, stack(0x000000996b300000,0x000000996b400000)]
  0x000001cc0a9ce000 JavaThread "Cache worker for checksums cache (C:\Users\Arne\AndroidStudioProjects\iHave\.gradle\checksums)" [_thread_blocked, id=7488, stack(0x000000996b700000,0x000000996b800000)]
  0x000001cc0a9d5000 JavaThread "Cache worker for cache directory md-supplier (C:\Users\Arne\.gradle\caches\7.2\md-supplier)" [_thread_blocked, id=6656, stack(0x000000996b800000,0x000000996b900000)]
  0x000001cc0a9d7000 JavaThread "Cache worker for cache directory md-rule (C:\Users\Arne\.gradle\caches\7.2\md-rule)" [_thread_blocked, id=5032, stack(0x000000996bb00000,0x000000996bc00000)]
  0x000001cc0a9d9000 JavaThread "Cache worker for dependencies-accessors (C:\Users\Arne\AndroidStudioProjects\iHave\.gradle\7.2\dependencies-accessors)" [_thread_blocked, id=23248, stack(0x000000996bc00000,0x000000996bd00000)]
  0x000001cc0a9db800 JavaThread "Cache worker for Build Output Cleanup Cache (C:\Users\Arne\AndroidStudioProjects\iHave\.gradle\buildOutputCleanup)" [_thread_blocked, id=23900, stack(0x000000996bd00000,0x000000996be00000)]
  0x000001cc06fce800 JavaThread "C2 CompilerThread1" daemon [_thread_in_native, id=23608, stack(0x000000996c200000,0x000000996c300000)]
  0x000001cc0a9d6800 JavaThread "Unconstrained build operations" [_thread_blocked, id=25544, stack(0x000000996c400000,0x000000996c500000)]
  0x000001cc0a9d8000 JavaThread "Unconstrained build operations Thread 2" [_thread_blocked, id=21016, stack(0x000000996c500000,0x000000996c600000)]
  0x000001cc0a9d9800 JavaThread "Unconstrained build operations Thread 3" [_thread_blocked, id=11948, stack(0x000000996c600000,0x000000996c700000)]
  0x000001cc082cd800 JavaThread "Unconstrained build operations Thread 4" [_thread_blocked, id=26460, stack(0x000000996c700000,0x000000996c800000)]
  0x000001cc082ce800 JavaThread "Unconstrained build operations Thread 5" [_thread_blocked, id=25284, stack(0x000000996c800000,0x000000996c900000)]
  0x000001cc082d5000 JavaThread "Unconstrained build operations Thread 6" [_thread_blocked, id=18628, stack(0x000000996c900000,0x000000996ca00000)]
  0x000001cc082d5800 JavaThread "Unconstrained build operations Thread 7" [_thread_blocked, id=25260, stack(0x000000996ca00000,0x000000996cb00000)]
  0x000001cc082d7800 JavaThread "Unconstrained build operations Thread 8" [_thread_blocked, id=21392, stack(0x000000996cb00000,0x000000996cc00000)]
  0x000001cc082d1800 JavaThread "Unconstrained build operations Thread 9" [_thread_blocked, id=26096, stack(0x000000996cc00000,0x000000996cd00000)]
  0x000001cc082db800 JavaThread "Unconstrained build operations Thread 10" [_thread_blocked, id=26352, stack(0x000000996cd00000,0x000000996ce00000)]
  0x000001cc082d9000 JavaThread "Unconstrained build operations Thread 11" [_thread_blocked, id=23304, stack(0x000000996ce00000,0x000000996cf00000)]
  0x000001cc082da000 JavaThread "Unconstrained build operations Thread 12" [_thread_blocked, id=23848, stack(0x000000996cf00000,0x000000996d000000)]
  0x000001cc082da800 JavaThread "Unconstrained build operations Thread 13" [_thread_blocked, id=5148, stack(0x000000996d000000,0x000000996d100000)]
  0x000001cc07e4d000 JavaThread "Unconstrained build operations Thread 14" [_thread_blocked, id=17708, stack(0x000000996d100000,0x000000996d200000)]
  0x000001cc07e4c000 JavaThread "Unconstrained build operations Thread 15" [_thread_blocked, id=11920, stack(0x000000996d200000,0x000000996d300000)]
  0x000001cc07e4d800 JavaThread "Unconstrained build operations Thread 16" [_thread_blocked, id=22004, stack(0x000000996d300000,0x000000996d400000)]
  0x000001cc07e50000 JavaThread "Unconstrained build operations Thread 17" [_thread_blocked, id=25368, stack(0x000000996d400000,0x000000996d500000)]
  0x000001cc0ac03000 JavaThread "Unconstrained build operations Thread 18" [_thread_blocked, id=21736, stack(0x000000996d500000,0x000000996d600000)]
  0x000001cc0ac07000 JavaThread "Unconstrained build operations Thread 19" [_thread_blocked, id=9024, stack(0x000000996d600000,0x000000996d700000)]
  0x000001cc0ac05000 JavaThread "Unconstrained build operations Thread 20" [_thread_blocked, id=26404, stack(0x000000996d700000,0x000000996d800000)]
  0x000001cc0ac07800 JavaThread "Unconstrained build operations Thread 21" [_thread_blocked, id=20684, stack(0x000000996d800000,0x000000996d900000)]
  0x000001cc0ac04800 JavaThread "Unconstrained build operations Thread 22" [_thread_blocked, id=24440, stack(0x000000996d900000,0x000000996da00000)]
  0x000001cc0ac06000 JavaThread "Unconstrained build operations Thread 23" [_thread_blocked, id=8356, stack(0x000000996da00000,0x000000996db00000)]
  0x000001cc0ac02000 JavaThread "Unconstrained build operations Thread 24" [_thread_blocked, id=20336, stack(0x000000996db00000,0x000000996dc00000)]
  0x000001cc0ac08800 JavaThread "Unconstrained build operations Thread 25" [_thread_blocked, id=26380, stack(0x000000996dc00000,0x000000996dd00000)]
  0x000001cc0ac09800 JavaThread "Unconstrained build operations Thread 26" [_thread_blocked, id=20632, stack(0x000000996dd00000,0x000000996de00000)]
  0x000001cc0ac03800 JavaThread "Unconstrained build operations Thread 27" [_thread_blocked, id=24944, stack(0x000000996de00000,0x000000996df00000)]
  0x000001cc0ac10000 JavaThread "Unconstrained build operations Thread 28" [_thread_blocked, id=14196, stack(0x000000996df00000,0x000000996e000000)]
  0x000001cc0ac0a000 JavaThread "Unconstrained build operations Thread 29" [_thread_blocked, id=19552, stack(0x000000996e000000,0x000000996e100000)]
  0x000001cc0ac0e000 JavaThread "Unconstrained build operations Thread 30" [_thread_blocked, id=21752, stack(0x000000996e100000,0x000000996e200000)]
  0x000001cc0ac0d800 JavaThread "Unconstrained build operations Thread 31" [_thread_blocked, id=14376, stack(0x000000996e200000,0x000000996e300000)]
  0x000001cc0ac0f000 JavaThread "Unconstrained build operations Thread 32" [_thread_blocked, id=12292, stack(0x000000996e300000,0x000000996e400000)]
  0x000001cc0ac10800 JavaThread "Unconstrained build operations Thread 33" [_thread_blocked, id=17808, stack(0x000000996e400000,0x000000996e500000)]
  0x000001cc0ac0c800 JavaThread "Unconstrained build operations Thread 34" [_thread_blocked, id=12612, stack(0x000000996e500000,0x000000996e600000)]
  0x000001cc0ac0b000 JavaThread "Unconstrained build operations Thread 35" [_thread_blocked, id=24816, stack(0x000000996e600000,0x000000996e700000)]
  0x000001cc0ac0b800 JavaThread "Unconstrained build operations Thread 36" [_thread_blocked, id=7164, stack(0x000000996e700000,0x000000996e800000)]
  0x000001cc0d8d3000 JavaThread "Unconstrained build operations Thread 37" [_thread_blocked, id=24836, stack(0x000000996e800000,0x000000996e900000)]
  0x000001cc0d8d6800 JavaThread "Unconstrained build operations Thread 38" [_thread_blocked, id=23976, stack(0x000000996e900000,0x000000996ea00000)]
  0x000001cc0d8d8000 JavaThread "Unconstrained build operations Thread 39" [_thread_blocked, id=20876, stack(0x000000996ea00000,0x000000996eb00000)]
  0x000001cc0d8d4000 JavaThread "Unconstrained build operations Thread 40" [_thread_blocked, id=19068, stack(0x000000996eb00000,0x000000996ec00000)]
  0x000001cc0d8d7000 JavaThread "build event listener" [_thread_blocked, id=2232, stack(0x000000996ec00000,0x000000996ed00000)]
  0x000001cc0d8d5000 JavaThread "Execution worker for ':'" [_thread_blocked, id=1848, stack(0x000000996ef00000,0x000000996f000000)]
  0x000001cc0d8d5800 JavaThread "Execution worker for ':' Thread 2" [_thread_in_Java, id=17188, stack(0x000000996f000000,0x000000996f100000)]
  0x000001cc0d8d2800 JavaThread "Execution worker for ':' Thread 3" [_thread_blocked, id=22688, stack(0x000000996f100000,0x000000996f200000)]
  0x000001cc0d8dc000 JavaThread "Cache worker for execution history cache (C:\Users\Arne\AndroidStudioProjects\iHave\.gradle\7.2\executionHistory)" [_thread_blocked, id=24956, stack(0x000000996f200000,0x000000996f300000)]

Other Threads:
  0x000001cc7e753800 VMThread "VM Thread" [stack: 0x0000009969b00000,0x0000009969c00000] [id=9452]
  0x000001cc7f1c2800 WatcherThread [stack: 0x000000996a500000,0x000000996a600000] [id=25404]
  0x000001cc6ab35000 GCTaskThread "GC Thread#0" [stack: 0x0000009969600000,0x0000009969700000] [id=15996]
  0x000001cc7f55c800 GCTaskThread "GC Thread#1" [stack: 0x000000996a800000,0x000000996a900000] [id=14684]
  0x000001cc7f55d000 GCTaskThread "GC Thread#2" [stack: 0x000000996a900000,0x000000996aa00000] [id=24456]
  0x000001cc7f7e3800 GCTaskThread "GC Thread#3" [stack: 0x000000996aa00000,0x000000996ab00000] [id=8188]
  0x000001cc6ab65000 ConcurrentGCThread "G1 Main Marker" [stack: 0x0000009969700000,0x0000009969800000] [id=26176]
  0x000001cc6ab66800 ConcurrentGCThread "G1 Conc#0" [stack: 0x0000009969800000,0x0000009969900000] [id=9700]
  0x000001cc6abfe000 ConcurrentGCThread "G1 Refine#0" [stack: 0x0000009969900000,0x0000009969a00000] [id=26536]
  0x000001cc7e5c6800 ConcurrentGCThread "G1 Young RemSet Sampling" [stack: 0x0000009969a00000,0x0000009969b00000] [id=4072]

Threads with active compile tasks:
C2 CompilerThread0 117872 12239       4       org.gradle.api.internal.artifacts.result.DefaultResolutionResult::eachElement (92 bytes)
C2 CompilerThread1 117872 11942       4       org.gradle.internal.service.DefaultServiceRegistry$ClassInspector$ClassDetails::collectTypes (63 bytes)

VM state:not at safepoint (normal execution)

VM Mutex/Monitor currently owned by a thread: None

Heap address: 0x0000000080000000, size: 2048 MB, Compressed Oops mode: 32-bit
Narrow klass base: 0x0000000000000000, Narrow klass shift: 3
Compressed class space size: 1073741824 Address: 0x0000000100000000

Heap:
 garbage-first heap   total 262144K, used 81113K [0x0000000080000000, 0x0000000100000000)
  region size 1024K, 16 young (16384K), 13 survivors (13312K)
 Metaspace       used 83841K, capacity 85992K, committed 86220K, reserved 1124352K
  class space    used 10790K, capacity 11621K, committed 11724K, reserved 1048576K
Heap Regions: E=young(eden), S=young(survivor), O=old, HS=humongous(starts), HC=humongous(continues), CS=collection set, F=free, A=archive, TAMS=top-at-mark-start (previous, next)
|   0|0x0000000080000000, 0x0000000080100000, 0x0000000080100000|100%| O|  |TAMS 0x0000000080100000, 0x0000000080000000| Untracked 
|   1|0x0000000080100000, 0x0000000080200000, 0x0000000080200000|100%| O|  |TAMS 0x0000000080200000, 0x0000000080100000| Untracked 
|   2|0x0000000080200000, 0x0000000080300000, 0x0000000080300000|100%| O|  |TAMS 0x0000000080300000, 0x0000000080200000| Untracked 
|   3|0x0000000080300000, 0x0000000080400000, 0x0000000080400000|100%|HS|  |TAMS 0x0000000080400000, 0x0000000080300000| Complete 
|   4|0x0000000080400000, 0x0000000080500000, 0x0000000080500000|100%|HC|  |TAMS 0x0000000080500000, 0x0000000080400000| Complete 
|   5|0x0000000080500000, 0x0000000080600000, 0x0000000080600000|100%|HC|  |TAMS 0x0000000080600000, 0x0000000080500000| Complete 
|   6|0x0000000080600000, 0x0000000080700000, 0x0000000080700000|100%| O|  |TAMS 0x0000000080700000, 0x0000000080600000| Untracked 
|   7|0x0000000080700000, 0x0000000080800000, 0x0000000080800000|100%| O|  |TAMS 0x0000000080800000, 0x0000000080700000| Untracked 
|   8|0x0000000080800000, 0x0000000080900000, 0x0000000080900000|100%| O|  |TAMS 0x0000000080900000, 0x0000000080800000| Untracked 
|   9|0x0000000080900000, 0x0000000080a00000, 0x0000000080a00000|100%| O|  |TAMS 0x0000000080a00000, 0x0000000080900000| Untracked 
|  10|0x0000000080a00000, 0x0000000080b00000, 0x0000000080b00000|100%| O|  |TAMS 0x0000000080b00000, 0x0000000080a00000| Untracked 
|  11|0x0000000080b00000, 0x0000000080c00000, 0x0000000080c00000|100%| O|  |TAMS 0x0000000080c00000, 0x0000000080b00000| Untracked 
|  12|0x0000000080c00000, 0x0000000080d00000, 0x0000000080d00000|100%| O|  |TAMS 0x0000000080d00000, 0x0000000080c00000| Untracked 
|  13|0x0000000080d00000, 0x0000000080e00000, 0x0000000080e00000|100%| O|  |TAMS 0x0000000080e00000, 0x0000000080d00000| Untracked 
|  14|0x0000000080e00000, 0x0000000080f00000, 0x0000000080f00000|100%| O|  |TAMS 0x0000000080f00000, 0x0000000080e00000| Untracked 
|  15|0x0000000080f00000, 0x0000000081000000, 0x0000000081000000|100%| O|  |TAMS 0x0000000081000000, 0x0000000080f00000| Untracked 
|  16|0x0000000081000000, 0x0000000081100000, 0x0000000081100000|100%| O|  |TAMS 0x0000000081100000, 0x0000000081000000| Untracked 
|  17|0x0000000081100000, 0x0000000081200000, 0x0000000081200000|100%|HS|  |TAMS 0x0000000081200000, 0x0000000081100000| Complete 
|  18|0x0000000081200000, 0x0000000081300000, 0x0000000081300000|100%|HS|  |TAMS 0x0000000081300000, 0x0000000081200000| Complete 
|  19|0x0000000081300000, 0x0000000081400000, 0x0000000081400000|100%|HS|  |TAMS 0x0000000081400000, 0x0000000081300000| Complete 
|  20|0x0000000081400000, 0x0000000081500000, 0x0000000081500000|100%|HS|  |TAMS 0x0000000081500000, 0x0000000081400000| Complete 
|  21|0x0000000081500000, 0x0000000081600000, 0x0000000081600000|100%|HC|  |TAMS 0x0000000081600000, 0x0000000081500000| Complete 
|  22|0x0000000081600000, 0x0000000081700000, 0x0000000081700000|100%| O|  |TAMS 0x0000000081700000, 0x0000000081600000| Untracked 
|  23|0x0000000081700000, 0x0000000081800000, 0x0000000081800000|100%| O|  |TAMS 0x0000000081800000, 0x0000000081700000| Untracked 
|  24|0x0000000081800000, 0x0000000081900000, 0x0000000081900000|100%| O|  |TAMS 0x0000000081900000, 0x0000000081800000| Untracked 
|  25|0x0000000081900000, 0x0000000081a00000, 0x0000000081a00000|100%| O|  |TAMS 0x0000000081a00000, 0x0000000081900000| Untracked 
|  26|0x0000000081a00000, 0x0000000081b00000, 0x0000000081b00000|100%| O|  |TAMS 0x0000000081b00000, 0x0000000081a00000| Untracked 
|  27|0x0000000081b00000, 0x0000000081c00000, 0x0000000081c00000|100%| O|  |TAMS 0x0000000081c00000, 0x0000000081b00000| Untracked 
|  28|0x0000000081c00000, 0x0000000081d00000, 0x0000000081d00000|100%| O|  |TAMS 0x0000000081d00000, 0x0000000081c00000| Untracked 
|  29|0x0000000081d00000, 0x0000000081e00000, 0x0000000081e00000|100%| O|  |TAMS 0x0000000081e00000, 0x0000000081d00000| Untracked 
|  30|0x0000000081e00000, 0x0000000081f00000, 0x0000000081f00000|100%| O|  |TAMS 0x0000000081f00000, 0x0000000081e00000| Untracked 
|  31|0x0000000081f00000, 0x0000000082000000, 0x0000000082000000|100%| O|  |TAMS 0x0000000082000000, 0x0000000081f00000| Untracked 
|  32|0x0000000082000000, 0x0000000082100000, 0x0000000082100000|100%| O|  |TAMS 0x0000000082100000, 0x0000000082000000| Untracked 
|  33|0x0000000082100000, 0x0000000082200000, 0x0000000082200000|100%| O|  |TAMS 0x0000000082126000, 0x0000000082100000| Untracked 
|  34|0x0000000082200000, 0x0000000082300000, 0x0000000082300000|100%| O|  |TAMS 0x0000000082200000, 0x0000000082200000| Untracked 
|  35|0x0000000082300000, 0x0000000082400000, 0x0000000082400000|100%| O|  |TAMS 0x0000000082300000, 0x0000000082300000| Untracked 
|  36|0x0000000082400000, 0x0000000082500000, 0x0000000082500000|100%| O|  |TAMS 0x0000000082400000, 0x0000000082400000| Untracked 
|  37|0x0000000082500000, 0x0000000082600000, 0x0000000082600000|100%| O|  |TAMS 0x0000000082500000, 0x0000000082500000| Untracked 
|  38|0x0000000082600000, 0x0000000082700000, 0x0000000082700000|100%| O|  |TAMS 0x0000000082600000, 0x0000000082600000| Untracked 
|  39|0x0000000082700000, 0x0000000082800000, 0x0000000082800000|100%| O|  |TAMS 0x0000000082700000, 0x0000000082700000| Untracked 
|  40|0x0000000082800000, 0x0000000082900000, 0x0000000082900000|100%| O|  |TAMS 0x0000000082800000, 0x0000000082800000| Untracked 
|  41|0x0000000082900000, 0x0000000082a00000, 0x0000000082a00000|100%| O|  |TAMS 0x0000000082900000, 0x0000000082900000| Untracked 
|  42|0x0000000082a00000, 0x0000000082b00000, 0x0000000082b00000|100%| O|  |TAMS 0x0000000082a00000, 0x0000000082a00000| Untracked 
|  43|0x0000000082b00000, 0x0000000082c00000, 0x0000000082c00000|100%| O|  |TAMS 0x0000000082b00000, 0x0000000082b00000| Untracked 
|  44|0x0000000082c00000, 0x0000000082d00000, 0x0000000082d00000|100%| O|  |TAMS 0x0000000082c00000, 0x0000000082c00000| Untracked 
|  45|0x0000000082d00000, 0x0000000082e00000, 0x0000000082e00000|100%| O|  |TAMS 0x0000000082d00000, 0x0000000082d00000| Untracked 
|  46|0x0000000082e00000, 0x0000000082f00000, 0x0000000082f00000|100%| O|  |TAMS 0x0000000082e00000, 0x0000000082e00000| Untracked 
|  47|0x0000000082f00000, 0x0000000083000000, 0x0000000083000000|100%| O|  |TAMS 0x0000000082f00000, 0x0000000082f00000| Untracked 
|  48|0x0000000083000000, 0x0000000083100000, 0x0000000083100000|100%| O|  |TAMS 0x0000000083000000, 0x0000000083000000| Untracked 
|  49|0x0000000083100000, 0x0000000083200000, 0x0000000083200000|100%| O|  |TAMS 0x0000000083100000, 0x0000000083100000| Untracked 
|  50|0x0000000083200000, 0x0000000083300000, 0x0000000083300000|100%| O|  |TAMS 0x0000000083200000, 0x0000000083200000| Untracked 
|  51|0x0000000083300000, 0x0000000083400000, 0x0000000083400000|100%| O|  |TAMS 0x0000000083300000, 0x0000000083300000| Untracked 
|  52|0x0000000083400000, 0x0000000083500000, 0x0000000083500000|100%| O|  |TAMS 0x0000000083400000, 0x0000000083400000| Untracked 
|  53|0x0000000083500000, 0x0000000083600000, 0x0000000083600000|100%| O|  |TAMS 0x0000000083500000, 0x0000000083500000| Untracked 
|  54|0x0000000083600000, 0x0000000083700000, 0x0000000083700000|100%| O|  |TAMS 0x0000000083600000, 0x0000000083600000| Untracked 
|  55|0x0000000083700000, 0x0000000083800000, 0x0000000083800000|100%| O|  |TAMS 0x0000000083700000, 0x0000000083700000| Untracked 
|  56|0x0000000083800000, 0x0000000083900000, 0x0000000083900000|100%| O|  |TAMS 0x0000000083800000, 0x0000000083800000| Untracked 
|  57|0x0000000083900000, 0x0000000083a00000, 0x0000000083a00000|100%| O|  |TAMS 0x0000000083900000, 0x0000000083900000| Untracked 
|  58|0x0000000083a00000, 0x0000000083b00000, 0x0000000083b00000|100%| O|  |TAMS 0x0000000083a00000, 0x0000000083a00000| Untracked 
|  59|0x0000000083b00000, 0x0000000083c00000, 0x0000000083c00000|100%| O|  |TAMS 0x0000000083b00000, 0x0000000083b00000| Untracked 
|  60|0x0000000083c00000, 0x0000000083d00000, 0x0000000083d00000|100%| O|  |TAMS 0x0000000083c00000, 0x0000000083c00000| Untracked 
|  61|0x0000000083d00000, 0x0000000083e00000, 0x0000000083e00000|100%| O|  |TAMS 0x0000000083d00000, 0x0000000083d00000| Untracked 
|  62|0x0000000083e00000, 0x0000000083f00000, 0x0000000083f00000|100%| O|  |TAMS 0x0000000083e00000, 0x0000000083e00000| Untracked 
|  63|0x0000000083f00000, 0x0000000084000000, 0x0000000084000000|100%| O|  |TAMS 0x0000000083f00000, 0x0000000083f00000| Untracked 
|  64|0x0000000084000000, 0x00000000840b6400, 0x0000000084100000| 71%| O|  |TAMS 0x0000000084000000, 0x0000000084000000| Untracked 
|  65|0x0000000084100000, 0x0000000084100000, 0x0000000084200000|  0%| F|  |TAMS 0x0000000084100000, 0x0000000084100000| Untracked 
|  66|0x0000000084200000, 0x0000000084200000, 0x0000000084300000|  0%| F|  |TAMS 0x0000000084200000, 0x0000000084200000| Untracked 
|  67|0x0000000084300000, 0x0000000084300000, 0x0000000084400000|  0%| F|  |TAMS 0x0000000084300000, 0x0000000084300000| Untracked 
|  68|0x0000000084400000, 0x0000000084400000, 0x0000000084500000|  0%| F|  |TAMS 0x0000000084400000, 0x0000000084400000| Untracked 
|  69|0x0000000084500000, 0x0000000084500000, 0x0000000084600000|  0%| F|  |TAMS 0x0000000084500000, 0x0000000084500000| Untracked 
|  70|0x0000000084600000, 0x0000000084600000, 0x0000000084700000|  0%| F|  |TAMS 0x0000000084600000, 0x0000000084600000| Untracked 
|  71|0x0000000084700000, 0x0000000084700000, 0x0000000084800000|  0%| F|  |TAMS 0x0000000084700000, 0x0000000084700000| Untracked 
|  72|0x0000000084800000, 0x0000000084800000, 0x0000000084900000|  0%| F|  |TAMS 0x0000000084800000, 0x0000000084800000| Untracked 
|  73|0x0000000084900000, 0x0000000084900000, 0x0000000084a00000|  0%| F|  |TAMS 0x0000000084900000, 0x0000000084900000| Untracked 
|  74|0x0000000084a00000, 0x0000000084a00000, 0x0000000084b00000|  0%| F|  |TAMS 0x0000000084a00000, 0x0000000084a00000| Untracked 
|  75|0x0000000084b00000, 0x0000000084b00000, 0x0000000084c00000|  0%| F|  |TAMS 0x0000000084b00000, 0x0000000084b00000| Untracked 
|  76|0x0000000084c00000, 0x0000000084c00000, 0x0000000084d00000|  0%| F|  |TAMS 0x0000000084c00000, 0x0000000084c00000| Untracked 
|  77|0x0000000084d00000, 0x0000000084d00000, 0x0000000084e00000|  0%| F|  |TAMS 0x0000000084d00000, 0x0000000084d00000| Untracked 
|  78|0x0000000084e00000, 0x0000000084e00000, 0x0000000084f00000|  0%| F|  |TAMS 0x0000000084e00000, 0x0000000084e00000| Untracked 
|  79|0x0000000084f00000, 0x0000000084f00000, 0x0000000085000000|  0%| F|  |TAMS 0x0000000084f00000, 0x0000000084f00000| Untracked 
|  80|0x0000000085000000, 0x0000000085000000, 0x0000000085100000|  0%| F|  |TAMS 0x0000000085000000, 0x0000000085000000| Untracked 
|  81|0x0000000085100000, 0x0000000085100000, 0x0000000085200000|  0%| F|  |TAMS 0x0000000085100000, 0x0000000085100000| Untracked 
|  82|0x0000000085200000, 0x0000000085200000, 0x0000000085300000|  0%| F|  |TAMS 0x0000000085200000, 0x0000000085200000| Untracked 
|  83|0x0000000085300000, 0x0000000085300000, 0x0000000085400000|  0%| F|  |TAMS 0x0000000085300000, 0x0000000085300000| Untracked 
|  84|0x0000000085400000, 0x0000000085400000, 0x0000000085500000|  0%| F|  |TAMS 0x0000000085400000, 0x0000000085400000| Untracked 
|  85|0x0000000085500000, 0x0000000085500000, 0x0000000085600000|  0%| F|  |TAMS 0x0000000085500000, 0x0000000085500000| Untracked 
|  86|0x0000000085600000, 0x0000000085600000, 0x0000000085700000|  0%| F|  |TAMS 0x0000000085600000, 0x0000000085600000| Untracked 
|  87|0x0000000085700000, 0x0000000085700000, 0x0000000085800000|  0%| F|  |TAMS 0x0000000085700000, 0x0000000085700000| Untracked 
|  88|0x0000000085800000, 0x0000000085800000, 0x0000000085900000|  0%| F|  |TAMS 0x0000000085800000, 0x0000000085800000| Untracked 
|  89|0x0000000085900000, 0x0000000085900000, 0x0000000085a00000|  0%| F|  |TAMS 0x0000000085900000, 0x0000000085900000| Untracked 
|  90|0x0000000085a00000, 0x0000000085a00000, 0x0000000085b00000|  0%| F|  |TAMS 0x0000000085a00000, 0x0000000085a00000| Untracked 
|  91|0x0000000085b00000, 0x0000000085b00000, 0x0000000085c00000|  0%| F|  |TAMS 0x0000000085b00000, 0x0000000085b00000| Untracked 
|  92|0x0000000085c00000, 0x0000000085c00000, 0x0000000085d00000|  0%| F|  |TAMS 0x0000000085c00000, 0x0000000085c00000| Untracked 
|  93|0x0000000085d00000, 0x0000000085d00000, 0x0000000085e00000|  0%| F|  |TAMS 0x0000000085d00000, 0x0000000085d00000| Untracked 
|  94|0x0000000085e00000, 0x0000000085e00000, 0x0000000085f00000|  0%| F|  |TAMS 0x0000000085e00000, 0x0000000085e00000| Untracked 
|  95|0x0000000085f00000, 0x0000000085f00000, 0x0000000086000000|  0%| F|  |TAMS 0x0000000085f00000, 0x0000000085f00000| Untracked 
|  96|0x0000000086000000, 0x0000000086000000, 0x0000000086100000|  0%| F|  |TAMS 0x0000000086000000, 0x0000000086000000| Untracked 
|  97|0x0000000086100000, 0x0000000086100000, 0x0000000086200000|  0%| F|  |TAMS 0x0000000086100000, 0x0000000086100000| Untracked 
|  98|0x0000000086200000, 0x0000000086200000, 0x0000000086300000|  0%| F|  |TAMS 0x0000000086200000, 0x0000000086200000| Untracked 
|  99|0x0000000086300000, 0x0000000086300000, 0x0000000086400000|  0%| F|  |TAMS 0x0000000086300000, 0x0000000086300000| Untracked 
| 100|0x0000000086400000, 0x0000000086400000, 0x0000000086500000|  0%| F|  |TAMS 0x0000000086400000, 0x0000000086400000| Untracked 
| 101|0x0000000086500000, 0x0000000086500000, 0x0000000086600000|  0%| F|  |TAMS 0x0000000086500000, 0x0000000086500000| Untracked 
| 102|0x0000000086600000, 0x0000000086600000, 0x0000000086700000|  0%| F|  |TAMS 0x0000000086600000, 0x0000000086600000| Untracked 
| 103|0x0000000086700000, 0x0000000086700000, 0x0000000086800000|  0%| F|  |TAMS 0x0000000086700000, 0x0000000086700000| Untracked 
| 104|0x0000000086800000, 0x0000000086800000, 0x0000000086900000|  0%| F|  |TAMS 0x0000000086800000, 0x0000000086800000| Untracked 
| 105|0x0000000086900000, 0x0000000086900000, 0x0000000086a00000|  0%| F|  |TAMS 0x0000000086900000, 0x0000000086900000| Untracked 
| 106|0x0000000086a00000, 0x0000000086a00000, 0x0000000086b00000|  0%| F|  |TAMS 0x0000000086a00000, 0x0000000086a00000| Untracked 
| 107|0x0000000086b00000, 0x0000000086b00000, 0x0000000086c00000|  0%| F|  |TAMS 0x0000000086b00000, 0x0000000086b00000| Untracked 
| 108|0x0000000086c00000, 0x0000000086c00000, 0x0000000086d00000|  0%| F|  |TAMS 0x0000000086c00000, 0x0000000086c00000| Untracked 
| 109|0x0000000086d00000, 0x0000000086d00000, 0x0000000086e00000|  0%| F|  |TAMS 0x0000000086d00000, 0x0000000086d00000| Untracked 
| 110|0x0000000086e00000, 0x0000000086e00000, 0x0000000086f00000|  0%| F|  |TAMS 0x0000000086e00000, 0x0000000086e00000| Untracked 
| 111|0x0000000086f00000, 0x0000000086f00000, 0x0000000087000000|  0%| F|  |TAMS 0x0000000086f00000, 0x0000000086f00000| Untracked 
| 112|0x0000000087000000, 0x0000000087000000, 0x0000000087100000|  0%| F|  |TAMS 0x0000000087000000, 0x0000000087000000| Untracked 
| 113|0x0000000087100000, 0x0000000087100000, 0x0000000087200000|  0%| F|  |TAMS 0x0000000087100000, 0x0000000087100000| Untracked 
| 114|0x0000000087200000, 0x0000000087200000, 0x0000000087300000|  0%| F|  |TAMS 0x0000000087200000, 0x0000000087200000| Untracked 
| 115|0x0000000087300000, 0x0000000087300000, 0x0000000087400000|  0%| F|  |TAMS 0x0000000087300000, 0x0000000087300000| Untracked 
| 116|0x0000000087400000, 0x0000000087400000, 0x0000000087500000|  0%| F|  |TAMS 0x0000000087400000, 0x0000000087400000| Untracked 
| 117|0x0000000087500000, 0x0000000087500000, 0x0000000087600000|  0%| F|  |TAMS 0x0000000087500000, 0x0000000087500000| Untracked 
| 118|0x0000000087600000, 0x0000000087600000, 0x0000000087700000|  0%| F|  |TAMS 0x0000000087600000, 0x0000000087600000| Untracked 
| 119|0x0000000087700000, 0x0000000087700000, 0x0000000087800000|  0%| F|  |TAMS 0x0000000087700000, 0x0000000087700000| Untracked 
| 120|0x0000000087800000, 0x0000000087800000, 0x0000000087900000|  0%| F|  |TAMS 0x0000000087800000, 0x0000000087800000| Untracked 
| 121|0x0000000087900000, 0x0000000087900000, 0x0000000087a00000|  0%| F|  |TAMS 0x0000000087900000, 0x0000000087900000| Untracked 
| 122|0x0000000087a00000, 0x0000000087a80000, 0x0000000087b00000| 50%| S|CS|TAMS 0x0000000087a00000, 0x0000000087a00000| Complete 
| 123|0x0000000087b00000, 0x0000000087b00000, 0x0000000087c00000|  0%| F|  |TAMS 0x0000000087b00000, 0x0000000087b00000| Untracked 
| 124|0x0000000087c00000, 0x0000000087c00000, 0x0000000087d00000|  0%| F|  |TAMS 0x0000000087c00000, 0x0000000087c00000| Untracked 
| 125|0x0000000087d00000, 0x0000000087d00000, 0x0000000087e00000|  0%| F|  |TAMS 0x0000000087d00000, 0x0000000087d00000| Untracked 
| 126|0x0000000087e00000, 0x0000000087e00000, 0x0000000087f00000|  0%| F|  |TAMS 0x0000000087e00000, 0x0000000087e00000| Untracked 
| 127|0x0000000087f00000, 0x0000000087f00000, 0x0000000088000000|  0%| F|  |TAMS 0x0000000087f00000, 0x0000000087f00000| Untracked 
| 128|0x0000000088000000, 0x0000000088000000, 0x0000000088100000|  0%| F|  |TAMS 0x0000000088000000, 0x0000000088000000| Untracked 
| 129|0x0000000088100000, 0x0000000088100000, 0x0000000088200000|  0%| F|  |TAMS 0x0000000088100000, 0x0000000088100000| Untracked 
| 130|0x0000000088200000, 0x0000000088200000, 0x0000000088300000|  0%| F|  |TAMS 0x0000000088200000, 0x0000000088200000| Untracked 
| 131|0x0000000088300000, 0x0000000088300000, 0x0000000088400000|  0%| F|  |TAMS 0x0000000088300000, 0x0000000088300000| Untracked 
| 132|0x0000000088400000, 0x0000000088500000, 0x0000000088500000|100%| S|CS|TAMS 0x0000000088400000, 0x0000000088400000| Complete 
| 133|0x0000000088500000, 0x0000000088600000, 0x0000000088600000|100%| S|CS|TAMS 0x0000000088500000, 0x0000000088500000| Complete 
| 134|0x0000000088600000, 0x0000000088700000, 0x0000000088700000|100%| S|CS|TAMS 0x0000000088600000, 0x0000000088600000| Complete 
| 135|0x0000000088700000, 0x0000000088800000, 0x0000000088800000|100%| S|CS|TAMS 0x0000000088700000, 0x0000000088700000| Complete 
| 136|0x0000000088800000, 0x0000000088900000, 0x0000000088900000|100%| S|CS|TAMS 0x0000000088800000, 0x0000000088800000| Complete 
| 137|0x0000000088900000, 0x0000000088a00000, 0x0000000088a00000|100%| S|CS|TAMS 0x0000000088900000, 0x0000000088900000| Complete 
| 138|0x0000000088a00000, 0x0000000088b00000, 0x0000000088b00000|100%| S|CS|TAMS 0x0000000088a00000, 0x0000000088a00000| Complete 
| 139|0x0000000088b00000, 0x0000000088c00000, 0x0000000088c00000|100%| S|CS|TAMS 0x0000000088b00000, 0x0000000088b00000| Complete 
| 140|0x0000000088c00000, 0x0000000088d00000, 0x0000000088d00000|100%| S|CS|TAMS 0x0000000088c00000, 0x0000000088c00000| Complete 
| 141|0x0000000088d00000, 0x0000000088e00000, 0x0000000088e00000|100%| S|CS|TAMS 0x0000000088d00000, 0x0000000088d00000| Complete 
| 142|0x0000000088e00000, 0x0000000088f00000, 0x0000000088f00000|100%| S|CS|TAMS 0x0000000088e00000, 0x0000000088e00000| Complete 
| 143|0x0000000088f00000, 0x0000000089000000, 0x0000000089000000|100%| S|CS|TAMS 0x0000000088f00000, 0x0000000088f00000| Complete 
| 144|0x0000000089000000, 0x0000000089000000, 0x0000000089100000|  0%| F|  |TAMS 0x0000000089000000, 0x0000000089000000| Untracked 
| 145|0x0000000089100000, 0x0000000089100000, 0x0000000089200000|  0%| F|  |TAMS 0x0000000089100000, 0x0000000089100000| Untracked 
| 146|0x0000000089200000, 0x0000000089200000, 0x0000000089300000|  0%| F|  |TAMS 0x0000000089200000, 0x0000000089200000| Untracked 
| 147|0x0000000089300000, 0x0000000089300000, 0x0000000089400000|  0%| F|  |TAMS 0x0000000089300000, 0x0000000089300000| Untracked 
| 148|0x0000000089400000, 0x0000000089400000, 0x0000000089500000|  0%| F|  |TAMS 0x0000000089400000, 0x0000000089400000| Untracked 
| 149|0x0000000089500000, 0x0000000089500000, 0x0000000089600000|  0%| F|  |TAMS 0x0000000089500000, 0x0000000089500000| Untracked 
| 150|0x0000000089600000, 0x0000000089600000, 0x0000000089700000|  0%| F|  |TAMS 0x0000000089600000, 0x0000000089600000| Untracked 
| 151|0x0000000089700000, 0x0000000089700000, 0x0000000089800000|  0%| F|  |TAMS 0x0000000089700000, 0x0000000089700000| Untracked 
| 152|0x0000000089800000, 0x0000000089800000, 0x0000000089900000|  0%| F|  |TAMS 0x0000000089800000, 0x0000000089800000| Untracked 
| 153|0x0000000089900000, 0x0000000089900000, 0x0000000089a00000|  0%| F|  |TAMS 0x0000000089900000, 0x0000000089900000| Untracked 
| 154|0x0000000089a00000, 0x0000000089a00000, 0x0000000089b00000|  0%| F|  |TAMS 0x0000000089a00000, 0x0000000089a00000| Untracked 
| 155|0x0000000089b00000, 0x0000000089b00000, 0x0000000089c00000|  0%| F|  |TAMS 0x0000000089b00000, 0x0000000089b00000| Untracked 
| 156|0x0000000089c00000, 0x0000000089c00000, 0x0000000089d00000|  0%| F|  |TAMS 0x0000000089c00000, 0x0000000089c00000| Untracked 
| 157|0x0000000089d00000, 0x0000000089d00000, 0x0000000089e00000|  0%| F|  |TAMS 0x0000000089d00000, 0x0000000089d00000| Untracked 
| 158|0x0000000089e00000, 0x0000000089e00000, 0x0000000089f00000|  0%| F|  |TAMS 0x0000000089e00000, 0x0000000089e00000| Untracked 
| 159|0x0000000089f00000, 0x0000000089f00000, 0x000000008a000000|  0%| F|  |TAMS 0x0000000089f00000, 0x0000000089f00000| Untracked 
| 160|0x000000008a000000, 0x000000008a000000, 0x000000008a100000|  0%| F|  |TAMS 0x000000008a000000, 0x000000008a000000| Untracked 
| 161|0x000000008a100000, 0x000000008a100000, 0x000000008a200000|  0%| F|  |TAMS 0x000000008a100000, 0x000000008a100000| Untracked 
| 162|0x000000008a200000, 0x000000008a200000, 0x000000008a300000|  0%| F|  |TAMS 0x000000008a200000, 0x000000008a200000| Untracked 
| 163|0x000000008a300000, 0x000000008a300000, 0x000000008a400000|  0%| F|  |TAMS 0x000000008a300000, 0x000000008a300000| Untracked 
| 164|0x000000008a400000, 0x000000008a400000, 0x000000008a500000|  0%| F|  |TAMS 0x000000008a400000, 0x000000008a400000| Untracked 
| 165|0x000000008a500000, 0x000000008a500000, 0x000000008a600000|  0%| F|  |TAMS 0x000000008a500000, 0x000000008a500000| Untracked 
| 166|0x000000008a600000, 0x000000008a600000, 0x000000008a700000|  0%| F|  |TAMS 0x000000008a600000, 0x000000008a600000| Untracked 
| 167|0x000000008a700000, 0x000000008a700000, 0x000000008a800000|  0%| F|  |TAMS 0x000000008a700000, 0x000000008a700000| Untracked 
| 168|0x000000008a800000, 0x000000008a800000, 0x000000008a900000|  0%| F|  |TAMS 0x000000008a800000, 0x000000008a800000| Untracked 
| 169|0x000000008a900000, 0x000000008a900000, 0x000000008aa00000|  0%| F|  |TAMS 0x000000008a900000, 0x000000008a900000| Untracked 
| 170|0x000000008aa00000, 0x000000008aa00000, 0x000000008ab00000|  0%| F|  |TAMS 0x000000008aa00000, 0x000000008aa00000| Untracked 
| 171|0x000000008ab00000, 0x000000008ab00000, 0x000000008ac00000|  0%| F|  |TAMS 0x000000008ab00000, 0x000000008ab00000| Untracked 
| 172|0x000000008ac00000, 0x000000008ac00000, 0x000000008ad00000|  0%| F|  |TAMS 0x000000008ac00000, 0x000000008ac00000| Untracked 
| 173|0x000000008ad00000, 0x000000008ad00000, 0x000000008ae00000|  0%| F|  |TAMS 0x000000008ad00000, 0x000000008ad00000| Untracked 
| 174|0x000000008ae00000, 0x000000008ae00000, 0x000000008af00000|  0%| F|  |TAMS 0x000000008ae00000, 0x000000008ae00000| Untracked 
| 175|0x000000008af00000, 0x000000008af00000, 0x000000008b000000|  0%| F|  |TAMS 0x000000008af00000, 0x000000008af00000| Untracked 
| 176|0x000000008b000000, 0x000000008b000000, 0x000000008b100000|  0%| F|  |TAMS 0x000000008b000000, 0x000000008b000000| Untracked 
| 177|0x000000008b100000, 0x000000008b100000, 0x000000008b200000|  0%| F|  |TAMS 0x000000008b100000, 0x000000008b100000| Untracked 
| 178|0x000000008b200000, 0x000000008b200000, 0x000000008b300000|  0%| F|  |TAMS 0x000000008b200000, 0x000000008b200000| Untracked 
| 179|0x000000008b300000, 0x000000008b300000, 0x000000008b400000|  0%| F|  |TAMS 0x000000008b300000, 0x000000008b300000| Untracked 
| 180|0x000000008b400000, 0x000000008b400000, 0x000000008b500000|  0%| F|  |TAMS 0x000000008b400000, 0x000000008b400000| Untracked 
| 181|0x000000008b500000, 0x000000008b500000, 0x000000008b600000|  0%| F|  |TAMS 0x000000008b500000, 0x000000008b500000| Untracked 
| 182|0x000000008b600000, 0x000000008b600000, 0x000000008b700000|  0%| F|  |TAMS 0x000000008b600000, 0x000000008b600000| Untracked 
| 183|0x000000008b700000, 0x000000008b700000, 0x000000008b800000|  0%| F|  |TAMS 0x000000008b700000, 0x000000008b700000| Untracked 
| 184|0x000000008b800000, 0x000000008b800000, 0x000000008b900000|  0%| F|  |TAMS 0x000000008b800000, 0x000000008b800000| Untracked 
| 185|0x000000008b900000, 0x000000008b900000, 0x000000008ba00000|  0%| F|  |TAMS 0x000000008b900000, 0x000000008b900000| Untracked 
| 186|0x000000008ba00000, 0x000000008ba00000, 0x000000008bb00000|  0%| F|  |TAMS 0x000000008ba00000, 0x000000008ba00000| Untracked 
| 187|0x000000008bb00000, 0x000000008bb00000, 0x000000008bc00000|  0%| F|  |TAMS 0x000000008bb00000, 0x000000008bb00000| Untracked 
| 188|0x000000008bc00000, 0x000000008bc00000, 0x000000008bd00000|  0%| F|  |TAMS 0x000000008bc00000, 0x000000008bc00000| Untracked 
| 189|0x000000008bd00000, 0x000000008bd00000, 0x000000008be00000|  0%| F|  |TAMS 0x000000008bd00000, 0x000000008bd00000| Untracked 
| 190|0x000000008be00000, 0x000000008be00000, 0x000000008bf00000|  0%| F|  |TAMS 0x000000008be00000, 0x000000008be00000| Untracked 
| 191|0x000000008bf00000, 0x000000008bf00000, 0x000000008c000000|  0%| F|  |TAMS 0x000000008bf00000, 0x000000008bf00000| Untracked 
| 192|0x000000008c000000, 0x000000008c000000, 0x000000008c100000|  0%| F|  |TAMS 0x000000008c000000, 0x000000008c000000| Untracked 
| 193|0x000000008c100000, 0x000000008c100000, 0x000000008c200000|  0%| F|  |TAMS 0x000000008c100000, 0x000000008c100000| Untracked 
| 194|0x000000008c200000, 0x000000008c200000, 0x000000008c300000|  0%| F|  |TAMS 0x000000008c200000, 0x000000008c200000| Untracked 
| 195|0x000000008c300000, 0x000000008c300000, 0x000000008c400000|  0%| F|  |TAMS 0x000000008c300000, 0x000000008c300000| Untracked 
| 196|0x000000008c400000, 0x000000008c400000, 0x000000008c500000|  0%| F|  |TAMS 0x000000008c400000, 0x000000008c400000| Untracked 
| 197|0x000000008c500000, 0x000000008c500000, 0x000000008c600000|  0%| F|  |TAMS 0x000000008c500000, 0x000000008c500000| Untracked 
| 198|0x000000008c600000, 0x000000008c600000, 0x000000008c700000|  0%| F|  |TAMS 0x000000008c600000, 0x000000008c600000| Untracked 
| 199|0x000000008c700000, 0x000000008c700000, 0x000000008c800000|  0%| F|  |TAMS 0x000000008c700000, 0x000000008c700000| Untracked 
| 200|0x000000008c800000, 0x000000008c800000, 0x000000008c900000|  0%| F|  |TAMS 0x000000008c800000, 0x000000008c800000| Untracked 
| 201|0x000000008c900000, 0x000000008c900000, 0x000000008ca00000|  0%| F|  |TAMS 0x000000008c900000, 0x000000008c900000| Untracked 
| 202|0x000000008ca00000, 0x000000008ca00000, 0x000000008cb00000|  0%| F|  |TAMS 0x000000008ca00000, 0x000000008ca00000| Untracked 
| 203|0x000000008cb00000, 0x000000008cb00000, 0x000000008cc00000|  0%| F|  |TAMS 0x000000008cb00000, 0x000000008cb00000| Untracked 
| 204|0x000000008cc00000, 0x000000008cc00000, 0x000000008cd00000|  0%| F|  |TAMS 0x000000008cc00000, 0x000000008cc00000| Untracked 
| 205|0x000000008cd00000, 0x000000008cd00000, 0x000000008ce00000|  0%| F|  |TAMS 0x000000008cd00000, 0x000000008cd00000| Untracked 
| 206|0x000000008ce00000, 0x000000008ce00000, 0x000000008cf00000|  0%| F|  |TAMS 0x000000008ce00000, 0x000000008ce00000| Untracked 
| 207|0x000000008cf00000, 0x000000008cf00000, 0x000000008d000000|  0%| F|  |TAMS 0x000000008cf00000, 0x000000008cf00000| Untracked 
| 208|0x000000008d000000, 0x000000008d000000, 0x000000008d100000|  0%| F|  |TAMS 0x000000008d000000, 0x000000008d000000| Untracked 
| 209|0x000000008d100000, 0x000000008d100000, 0x000000008d200000|  0%| F|  |TAMS 0x000000008d100000, 0x000000008d100000| Untracked 
| 210|0x000000008d200000, 0x000000008d200000, 0x000000008d300000|  0%| F|  |TAMS 0x000000008d200000, 0x000000008d200000| Untracked 
| 211|0x000000008d300000, 0x000000008d300000, 0x000000008d400000|  0%| F|  |TAMS 0x000000008d300000, 0x000000008d300000| Untracked 
| 212|0x000000008d400000, 0x000000008d400000, 0x000000008d500000|  0%| F|  |TAMS 0x000000008d400000, 0x000000008d400000| Untracked 
| 213|0x000000008d500000, 0x000000008d500000, 0x000000008d600000|  0%| F|  |TAMS 0x000000008d500000, 0x000000008d500000| Untracked 
| 214|0x000000008d600000, 0x000000008d600000, 0x000000008d700000|  0%| F|  |TAMS 0x000000008d600000, 0x000000008d600000| Untracked 
| 215|0x000000008d700000, 0x000000008d700000, 0x000000008d800000|  0%| F|  |TAMS 0x000000008d700000, 0x000000008d700000| Untracked 
| 216|0x000000008d800000, 0x000000008d800000, 0x000000008d900000|  0%| F|  |TAMS 0x000000008d800000, 0x000000008d800000| Untracked 
| 217|0x000000008d900000, 0x000000008d900000, 0x000000008da00000|  0%| F|  |TAMS 0x000000008d900000, 0x000000008d900000| Untracked 
| 218|0x000000008da00000, 0x000000008da00000, 0x000000008db00000|  0%| F|  |TAMS 0x000000008da00000, 0x000000008da00000| Untracked 
| 219|0x000000008db00000, 0x000000008db00000, 0x000000008dc00000|  0%| F|  |TAMS 0x000000008db00000, 0x000000008db00000| Untracked 
| 220|0x000000008dc00000, 0x000000008dc00000, 0x000000008dd00000|  0%| F|  |TAMS 0x000000008dc00000, 0x000000008dc00000| Untracked 
| 221|0x000000008dd00000, 0x000000008dd00000, 0x000000008de00000|  0%| F|  |TAMS 0x000000008dd00000, 0x000000008dd00000| Untracked 
| 222|0x000000008de00000, 0x000000008de00000, 0x000000008df00000|  0%| F|  |TAMS 0x000000008de00000, 0x000000008de00000| Untracked 
| 223|0x000000008df00000, 0x000000008df00000, 0x000000008e000000|  0%| F|  |TAMS 0x000000008df00000, 0x000000008df00000| Untracked 
| 224|0x000000008e000000, 0x000000008e000000, 0x000000008e100000|  0%| F|  |TAMS 0x000000008e000000, 0x000000008e000000| Untracked 
| 225|0x000000008e100000, 0x000000008e100000, 0x000000008e200000|  0%| F|  |TAMS 0x000000008e100000, 0x000000008e100000| Untracked 
| 226|0x000000008e200000, 0x000000008e200000, 0x000000008e300000|  0%| F|  |TAMS 0x000000008e200000, 0x000000008e200000| Untracked 
| 227|0x000000008e300000, 0x000000008e300000, 0x000000008e400000|  0%| F|  |TAMS 0x000000008e300000, 0x000000008e300000| Untracked 
| 228|0x000000008e400000, 0x000000008e400000, 0x000000008e500000|  0%| F|  |TAMS 0x000000008e400000, 0x000000008e400000| Untracked 
| 229|0x000000008e500000, 0x000000008e500000, 0x000000008e600000|  0%| F|  |TAMS 0x000000008e500000, 0x000000008e500000| Untracked 
| 230|0x000000008e600000, 0x000000008e600000, 0x000000008e700000|  0%| F|  |TAMS 0x000000008e600000, 0x000000008e600000| Untracked 
| 231|0x000000008e700000, 0x000000008e700000, 0x000000008e800000|  0%| F|  |TAMS 0x000000008e700000, 0x000000008e700000| Untracked 
| 232|0x000000008e800000, 0x000000008e800000, 0x000000008e900000|  0%| F|  |TAMS 0x000000008e800000, 0x000000008e800000| Untracked 
| 233|0x000000008e900000, 0x000000008e900000, 0x000000008ea00000|  0%| F|  |TAMS 0x000000008e900000, 0x000000008e900000| Untracked 
| 234|0x000000008ea00000, 0x000000008ea00000, 0x000000008eb00000|  0%| F|  |TAMS 0x000000008ea00000, 0x000000008ea00000| Untracked 
| 235|0x000000008eb00000, 0x000000008eb00000, 0x000000008ec00000|  0%| F|  |TAMS 0x000000008eb00000, 0x000000008eb00000| Untracked 
| 236|0x000000008ec00000, 0x000000008ec00000, 0x000000008ed00000|  0%| F|  |TAMS 0x000000008ec00000, 0x000000008ec00000| Untracked 
| 237|0x000000008ed00000, 0x000000008ed00000, 0x000000008ee00000|  0%| F|  |TAMS 0x000000008ed00000, 0x000000008ed00000| Untracked 
| 238|0x000000008ee00000, 0x000000008ee00000, 0x000000008ef00000|  0%| F|  |TAMS 0x000000008ee00000, 0x000000008ee00000| Untracked 
| 239|0x000000008ef00000, 0x000000008ef00000, 0x000000008f000000|  0%| F|  |TAMS 0x000000008ef00000, 0x000000008ef00000| Untracked 
| 240|0x000000008f000000, 0x000000008f000000, 0x000000008f100000|  0%| F|  |TAMS 0x000000008f000000, 0x000000008f000000| Untracked 
| 241|0x000000008f100000, 0x000000008f100000, 0x000000008f200000|  0%| F|  |TAMS 0x000000008f100000, 0x000000008f100000| Untracked 
| 242|0x000000008f200000, 0x000000008f200000, 0x000000008f300000|  0%| F|  |TAMS 0x000000008f200000, 0x000000008f200000| Untracked 
| 243|0x000000008f300000, 0x000000008f300000, 0x000000008f400000|  0%| F|  |TAMS 0x000000008f300000, 0x000000008f300000| Untracked 
| 244|0x000000008f400000, 0x000000008f400000, 0x000000008f500000|  0%| F|  |TAMS 0x000000008f400000, 0x000000008f400000| Untracked 
| 245|0x000000008f500000, 0x000000008f500000, 0x000000008f600000|  0%| F|  |TAMS 0x000000008f500000, 0x000000008f500000| Untracked 
| 246|0x000000008f600000, 0x000000008f600000, 0x000000008f700000|  0%| F|  |TAMS 0x000000008f600000, 0x000000008f600000| Untracked 
| 247|0x000000008f700000, 0x000000008f700000, 0x000000008f800000|  0%| F|  |TAMS 0x000000008f700000, 0x000000008f700000| Untracked 
| 248|0x000000008f800000, 0x000000008f800000, 0x000000008f900000|  0%| F|  |TAMS 0x000000008f800000, 0x000000008f800000| Untracked 
| 249|0x000000008f900000, 0x000000008f900000, 0x000000008fa00000|  0%| F|  |TAMS 0x000000008f900000, 0x000000008f900000| Untracked 
| 250|0x000000008fa00000, 0x000000008fa00000, 0x000000008fb00000|  0%| F|  |TAMS 0x000000008fa00000, 0x000000008fa00000| Untracked 
| 251|0x000000008fb00000, 0x000000008fb00000, 0x000000008fc00000|  0%| F|  |TAMS 0x000000008fb00000, 0x000000008fb00000| Untracked 
| 252|0x000000008fc00000, 0x000000008fc00800, 0x000000008fd00000|  0%| E|  |TAMS 0x000000008fc00000, 0x000000008fc00000| Complete 
| 253|0x000000008fd00000, 0x000000008fe00000, 0x000000008fe00000|100%| E|CS|TAMS 0x000000008fd00000, 0x000000008fd00000| Complete 
| 254|0x000000008fe00000, 0x000000008ff00000, 0x000000008ff00000|100%| E|CS|TAMS 0x000000008fe00000, 0x000000008fe00000| Complete 
| 255|0x000000008ff00000, 0x0000000090000000, 0x0000000090000000|100%| E|CS|TAMS 0x000000008ff00000, 0x000000008ff00000| Complete 

Card table byte_map: [0x000001cc7da20000,0x000001cc7de20000] _byte_map_base: 0x000001cc7d620000

Marking Bits (Prev, Next): (CMBitMap*) 0x000001cc6ab5c170, (CMBitMap*) 0x000001cc6ab5c138
 Prev Bits: [0x000001cc02000000, 0x000001cc04000000)
 Next Bits: [0x000001cc00000000, 0x000001cc02000000)

Polling page: 0x000001cc68af0000

Metaspace:

Usage:
  Non-class:     72.63 MB capacity,    71.35 MB ( 98%) used,     1.03 MB (  1%) free+waste,   257.06 KB ( <1%) overhead. 
      Class:     11.35 MB capacity,    10.54 MB ( 93%) used,   717.13 KB (  6%) free+waste,   114.19 KB ( <1%) overhead. 
       Both:     83.98 MB capacity,    81.88 MB ( 98%) used,     1.73 MB (  2%) free+waste,   371.25 KB ( <1%) overhead. 

Virtual space:
  Non-class space:       74.00 MB reserved,      72.75 MB ( 98%) committed 
      Class space:        1.00 GB reserved,      11.45 MB (  1%) committed 
             Both:        1.07 GB reserved,      84.20 MB (  8%) committed 

Chunk freelists:
   Non-Class:  0 bytes
       Class:  0 bytes
        Both:  0 bytes

MaxMetaspaceSize: 17179869184.00 GB
CompressedClassSpaceSize: 1.00 GB

CodeHeap 'non-profiled nmethods': size=120064Kb used=6524Kb max_used=6524Kb free=113539Kb
 bounds [0x000001cc760e0000, 0x000001cc76740000, 0x000001cc7d620000]
CodeHeap 'profiled nmethods': size=120000Kb used=25672Kb max_used=25672Kb free=94327Kb
 bounds [0x000001cc6ebb0000, 0x000001cc704d0000, 0x000001cc760e0000]
CodeHeap 'non-nmethods': size=5696Kb used=2282Kb max_used=2364Kb free=3414Kb
 bounds [0x000001cc6e620000, 0x000001cc6e890000, 0x000001cc6ebb0000]
 total_blobs=13203 nmethods=12327 adapters=786
 compilation: enabled
              stopped_count=0, restarted_count=0
 full_count=0

Compilation events (20 events):
Event: 117.829 Thread 0x000001cc7eff2800 nmethod 12355 0x000001cc704b3590 code [0x000001cc704b3780, 0x000001cc704b3b28]
Event: 117.829 Thread 0x000001cc7eff2800 12356       2       org.gradle.internal.component.model.DefaultSelectedByVariantMatchingConfigurationMetadata::asDescribable (10 bytes)
Event: 117.829 Thread 0x000001cc7eff2800 nmethod 12356 0x000001cc704b3c90 code [0x000001cc704b3e40, 0x000001cc704b3f68]
Event: 117.829 Thread 0x000001cc7eff2800 12357       2       org.gradle.internal.component.external.model.AbstractConfigurationMetadata::asDescribable (14 bytes)
Event: 117.830 Thread 0x000001cc7eff2800 nmethod 12357 0x000001cc704b4010 code [0x000001cc704b41c0, 0x000001cc704b4438]
Event: 117.830 Thread 0x000001cc7eff2800 12358       2       org.gradle.api.internal.artifacts.ivyservice.ivyresolve.ErrorHandlingModuleComponentRepository::getArtifactCache (10 bytes)
Event: 117.831 Thread 0x000001cc7eff2800 nmethod 12358 0x000001cc704b4510 code [0x000001cc704b46c0, 0x000001cc704b47e8]
Event: 117.831 Thread 0x000001cc7eff2800 12360       2       org.gradle.api.internal.artifacts.DefaultResolverResults::maybeRethrowFatalError (13 bytes)
Event: 117.831 Thread 0x000001cc7eff2800 nmethod 12360 0x000001cc704b4890 code [0x000001cc704b4a40, 0x000001cc704b4b58]
Event: 117.832 Thread 0x000001cc7eff2800 12361   !   2       org.gradle.api.internal.artifacts.ivyservice.resolveengine.result.CachingComponentSelectionDescriptorFactory::getOrCreate (41 bytes)
Event: 117.833 Thread 0x000001cc7eff2800 nmethod 12361 0x000001cc704b4c10 code [0x000001cc704b4e20, 0x000001cc704b54d8]
Event: 117.833 Thread 0x000001cc7eff2800 12362       2       com.android.build.gradle.internal.dependency.AndroidXDependencyCheck$AndroidXEnabledJetifierDisabled$execute$supportLibDependencies$1::invoke (12 bytes)
Event: 117.833 Thread 0x000001cc7eff2800 nmethod 12362 0x000001cc704b5990 code [0x000001cc704b5b40, 0x000001cc704b5cc8]
Event: 117.833 Thread 0x000001cc7eff2800 12363       2       com.android.build.gradle.internal.dependency.AndroidXDependencySubstitution::isLegacySupportLibDependency (48 bytes)
Event: 117.833 Thread 0x000001cc7eff2800 nmethod 12363 0x000001cc704b5d90 code [0x000001cc704b5fa0, 0x000001cc704b6308]
Event: 117.834 Thread 0x000001cc7eff2800 12364       2       org.gradle.execution.plan.LocalTaskNodeExecutor$$Lambda$843/0x0000000100adec40::accept (28 bytes)
Event: 117.835 Thread 0x000001cc7eff2800 nmethod 12364 0x000001cc704b6510 code [0x000001cc704b66c0, 0x000001cc704b6848]
Event: 117.835 Thread 0x000001cc7eff2800 12365   !   2       org.gradle.execution.plan.LocalTaskNodeExecutor::lambda$detectMissingDependencies$5 (51 bytes)
Event: 117.835 Thread 0x000001cc7eff2800 nmethod 12365 0x000001cc704b6910 code [0x000001cc704b6b00, 0x000001cc704b6ec8]
Event: 117.836 Thread 0x000001cc7eff2800 12366       2       org.gradle.execution.plan.TaskNodeFactory$DefaultTypeOriginInspectorFactory$ProjectScopedTypeOriginInspector$$Lambda$777/0x0000000100a94440::test (16 bytes)

GC Heap History (20 events):
Event: 2.204 GC heap before
{Heap before GC invocations=3 (full 0):
 garbage-first heap   total 262144K, used 44416K [0x0000000080000000, 0x0000000100000000)
  region size 1024K, 38 young (38912K), 11 survivors (11264K)
 Metaspace       used 23406K, capacity 23928K, committed 24192K, reserved 1071104K
  class space    used 2978K, capacity 3179K, committed 3200K, reserved 1048576K
}
Event: 2.210 GC heap after
{Heap after GC invocations=4 (full 0):
 garbage-first heap   total 262144K, used 18038K [0x0000000080000000, 0x0000000100000000)
  region size 1024K, 2 young (2048K), 2 survivors (2048K)
 Metaspace       used 23406K, capacity 23928K, committed 24192K, reserved 1071104K
  class space    used 2978K, capacity 3179K, committed 3200K, reserved 1048576K
}
Event: 2.792 GC heap before
{Heap before GC invocations=4 (full 0):
 garbage-first heap   total 262144K, used 84598K [0x0000000080000000, 0x0000000100000000)
  region size 1024K, 67 young (68608K), 2 survivors (2048K)
 Metaspace       used 29720K, capacity 30297K, committed 30336K, reserved 1075200K
  class space    used 3977K, capacity 4203K, committed 4224K, reserved 1048576K
}
Event: 2.796 GC heap after
{Heap after GC invocations=5 (full 0):
 garbage-first heap   total 262144K, used 19892K [0x0000000080000000, 0x0000000100000000)
  region size 1024K, 4 young (4096K), 4 survivors (4096K)
 Metaspace       used 29720K, capacity 30297K, committed 30336K, reserved 1075200K
  class space    used 3977K, capacity 4203K, committed 4224K, reserved 1048576K
}
Event: 3.111 GC heap before
{Heap before GC invocations=5 (full 0):
 garbage-first heap   total 262144K, used 38324K [0x0000000080000000, 0x0000000100000000)
  region size 1024K, 23 young (23552K), 4 survivors (4096K)
 Metaspace       used 34996K, capacity 35786K, committed 35840K, reserved 1081344K
  class space    used 4536K, capacity 4863K, committed 4864K, reserved 1048576K
}
Event: 3.117 GC heap after
{Heap after GC invocations=6 (full 0):
 garbage-first heap   total 262144K, used 22360K [0x0000000080000000, 0x0000000100000000)
  region size 1024K, 6 young (6144K), 6 survivors (6144K)
 Metaspace       used 34996K, capacity 35786K, committed 35840K, reserved 1081344K
  class space    used 4536K, capacity 4863K, committed 4864K, reserved 1048576K
}
Event: 4.156 GC heap before
{Heap before GC invocations=7 (full 0):
 garbage-first heap   total 262144K, used 145240K [0x0000000080000000, 0x0000000100000000)
  region size 1024K, 123 young (125952K), 6 survivors (6144K)
 Metaspace       used 44840K, capacity 45793K, committed 46156K, reserved 1089536K
  class space    used 5744K, capacity 6095K, committed 6220K, reserved 1048576K
}
Event: 4.167 GC heap after
{Heap after GC invocations=8 (full 0):
 garbage-first heap   total 262144K, used 29296K [0x0000000080000000, 0x0000000100000000)
  region size 1024K, 13 young (13312K), 13 survivors (13312K)
 Metaspace       used 44840K, capacity 45793K, committed 46156K, reserved 1089536K
  class space    used 5744K, capacity 6095K, committed 6220K, reserved 1048576K
}
Event: 5.521 GC heap before
{Heap before GC invocations=8 (full 0):
 garbage-first heap   total 262144K, used 166512K [0x0000000080000000, 0x0000000100000000)
  region size 1024K, 143 young (146432K), 13 survivors (13312K)
 Metaspace       used 56183K, capacity 57500K, committed 57548K, reserved 1099776K
  class space    used 7112K, capacity 7615K, committed 7628K, reserved 1048576K
}
Event: 5.541 GC heap after
{Heap after GC invocations=9 (full 0):
 garbage-first heap   total 262144K, used 44000K [0x0000000080000000, 0x0000000100000000)
  region size 1024K, 18 young (18432K), 18 survivors (18432K)
 Metaspace       used 56183K, capacity 57500K, committed 57548K, reserved 1099776K
  class space    used 7112K, capacity 7615K, committed 7628K, reserved 1048576K
}
Event: 5.773 GC heap before
{Heap before GC invocations=9 (full 0):
 garbage-first heap   total 262144K, used 61408K [0x0000000080000000, 0x0000000100000000)
  region size 1024K, 36 young (36864K), 18 survivors (18432K)
 Metaspace       used 58651K, capacity 60073K, committed 60236K, reserved 1101824K
  class space    used 7460K, capacity 7979K, committed 8012K, reserved 1048576K
}
Event: 5.790 GC heap after
{Heap after GC invocations=10 (full 0):
 garbage-first heap   total 262144K, used 46232K [0x0000000080000000, 0x0000000100000000)
  region size 1024K, 12 young (12288K), 12 survivors (12288K)
 Metaspace       used 58651K, capacity 60073K, committed 60236K, reserved 1101824K
  class space    used 7460K, capacity 7979K, committed 8012K, reserved 1048576K
}
Event: 6.557 GC heap before
{Heap before GC invocations=11 (full 0):
 garbage-first heap   total 262144K, used 141464K [0x0000000080000000, 0x0000000100000000)
  region size 1024K, 105 young (107520K), 12 survivors (12288K)
 Metaspace       used 64587K, capacity 66155K, committed 66252K, reserved 1105920K
  class space    used 8210K, capacity 8819K, committed 8908K, reserved 1048576K
}
Event: 6.570 GC heap after
{Heap after GC invocations=12 (full 0):
 garbage-first heap   total 262144K, used 53407K [0x0000000080000000, 0x0000000100000000)
  region size 1024K, 9 young (9216K), 9 survivors (9216K)
 Metaspace       used 64587K, capacity 66155K, committed 66252K, reserved 1105920K
  class space    used 8210K, capacity 8819K, committed 8908K, reserved 1048576K
}
Event: 7.615 GC heap before
{Heap before GC invocations=12 (full 0):
 garbage-first heap   total 262144K, used 153759K [0x0000000080000000, 0x0000000100000000)
  region size 1024K, 107 young (109568K), 9 survivors (9216K)
 Metaspace       used 74019K, capacity 75689K, committed 75980K, reserved 1114112K
  class space    used 9698K, capacity 10330K, committed 10444K, reserved 1048576K
}
Event: 7.628 GC heap after
{Heap after GC invocations=13 (full 0):
 garbage-first heap   total 262144K, used 59837K [0x0000000080000000, 0x0000000100000000)
  region size 1024K, 7 young (7168K), 7 survivors (7168K)
 Metaspace       used 74019K, capacity 75689K, committed 75980K, reserved 1114112K
  class space    used 9698K, capacity 10330K, committed 10444K, reserved 1048576K
}
Event: 8.939 GC heap before
{Heap before GC invocations=13 (full 0):
 garbage-first heap   total 262144K, used 164285K [0x0000000080000000, 0x0000000100000000)
  region size 1024K, 110 young (112640K), 7 survivors (7168K)
 Metaspace       used 80397K, capacity 82417K, committed 82636K, reserved 1120256K
  class space    used 10529K, capacity 11339K, committed 11468K, reserved 1048576K
}
Event: 8.952 GC heap after
{Heap after GC invocations=14 (full 0):
 garbage-first heap   total 262144K, used 66892K [0x0000000080000000, 0x0000000100000000)
  region size 1024K, 14 young (14336K), 14 survivors (14336K)
 Metaspace       used 80397K, capacity 82417K, committed 82636K, reserved 1120256K
  class space    used 10529K, capacity 11339K, committed 11468K, reserved 1048576K
}
Event: 11.454 GC heap before
{Heap before GC invocations=14 (full 0):
 garbage-first heap   total 262144K, used 173388K [0x0000000080000000, 0x0000000100000000)
  region size 1024K, 119 young (121856K), 14 survivors (14336K)
 Metaspace       used 82209K, capacity 84237K, committed 84556K, reserved 1122304K
  class space    used 10716K, capacity 11520K, committed 11596K, reserved 1048576K
}
Event: 11.471 GC heap after
{Heap after GC invocations=15 (full 0):
 garbage-first heap   total 262144K, used 73600K [0x0000000080000000, 0x0000000100000000)
  region size 1024K, 14 young (14336K), 14 survivors (14336K)
 Metaspace       used 82209K, capacity 84237K, committed 84556K, reserved 1122304K
  class space    used 10716K, capacity 11520K, committed 11596K, reserved 1048576K
}

Deoptimization events (20 events):
Event: 117.577 Thread 0x000001cc0a9d1800 DEOPT PACKING pc=0x000001cc76718fd4 sp=0x000000996adfa680
Event: 117.577 Thread 0x000001cc0a9d1800 DEOPT UNPACKING pc=0x000001cc6e64662f sp=0x000000996adfa610 mode 2
Event: 117.593 Thread 0x000001cc0a9d1800 DEOPT PACKING pc=0x000001cc701ed7b3 sp=0x000000996adf95b0
Event: 117.593 Thread 0x000001cc0a9d1800 DEOPT UNPACKING pc=0x000001cc6e646dde sp=0x000000996adf8af0 mode 0
Event: 117.629 Thread 0x000001cc0a9d1800 Uncommon trap: trap_request=0xffffffcc fr.pc=0x000001cc7672f3c4 relative=0x0000000000000304
Event: 117.629 Thread 0x000001cc0a9d1800 Uncommon trap: reason=intrinsic_or_type_checked_inlining action=make_not_entrant pc=0x000001cc7672f3c4 method=java.util.Arrays.copyOfRange([Ljava/lang/Object;IILjava/lang/Class;)[Ljava/lang/Object; @ 83 c2
Event: 117.629 Thread 0x000001cc0a9d1800 DEOPT PACKING pc=0x000001cc7672f3c4 sp=0x000000996adf9140
Event: 117.629 Thread 0x000001cc0a9d1800 DEOPT UNPACKING pc=0x000001cc6e64662f sp=0x000000996adf90e0 mode 2
Event: 117.645 Thread 0x000001cc0a9d1800 Uncommon trap: trap_request=0xffffffde fr.pc=0x000001cc7654e878 relative=0x00000000000000b8
Event: 117.645 Thread 0x000001cc0a9d1800 Uncommon trap: reason=class_check action=maybe_recompile pc=0x000001cc7654e878 method=java.util.stream.ReferencePipeline$4$1.accept(Ljava/lang/Object;)V @ 12 c2
Event: 117.645 Thread 0x000001cc0a9d1800 DEOPT PACKING pc=0x000001cc7654e878 sp=0x000000996adfb660
Event: 117.645 Thread 0x000001cc0a9d1800 DEOPT UNPACKING pc=0x000001cc6e64662f sp=0x000000996adfb5e0 mode 2
Event: 117.653 Thread 0x000001cc0d8d5000 DEOPT PACKING pc=0x000001cc6f37f4f1 sp=0x000000996effd710
Event: 117.653 Thread 0x000001cc0d8d5000 DEOPT UNPACKING pc=0x000001cc6e646dde sp=0x000000996effcc08 mode 0
Event: 117.765 Thread 0x000001cc0d8d2800 DEOPT PACKING pc=0x000001cc6f77bf5d sp=0x000000996f1faa60
Event: 117.765 Thread 0x000001cc0d8d2800 DEOPT UNPACKING pc=0x000001cc6e646dde sp=0x000000996f1f9f18 mode 0
Event: 117.801 Thread 0x000001cc0d8d5800 Uncommon trap: trap_request=0xffffff4d fr.pc=0x000001cc766ea420 relative=0x00000000000055a0
Event: 117.801 Thread 0x000001cc0d8d5800 Uncommon trap: reason=unstable_if action=reinterpret pc=0x000001cc766ea420 method=java.io.ObjectOutputStream.writeObject0(Ljava/lang/Object;Z)V @ 477 c2
Event: 117.801 Thread 0x000001cc0d8d5800 DEOPT PACKING pc=0x000001cc766ea420 sp=0x000000996f0fc070
Event: 117.801 Thread 0x000001cc0d8d5800 DEOPT UNPACKING pc=0x000001cc6e64662f sp=0x000000996f0fc100 mode 2

Classes redefined (0 events):
No events

Internal exceptions (20 events):
Event: 51.804 Thread 0x000001cc0716c800 Exception <a 'sun/nio/fs/WindowsException'{0x000000008e489ec0}> (0x000000008e489ec0) thrown at [./src/hotspot/share/prims/jni.cpp, line 615]
Event: 51.857 Thread 0x000001cc0716c800 Exception <a 'java/lang/NoClassDefFoundError'{0x000000008e1ad038}: org/jetbrains/kotlin/gradle/plugin/KotlinBasePluginWrapper> (0x000000008e1ad038) thrown at [./src/hotspot/share/oops/constantPool.cpp, line 775]
Event: 51.908 Thread 0x000001cc0716c800 Exception <a 'sun/nio/fs/WindowsException'{0x000000008de44828}> (0x000000008de44828) thrown at [./src/hotspot/share/prims/jni.cpp, line 615]
Event: 51.915 Thread 0x000001cc0716c800 Exception <a 'sun/nio/fs/WindowsException'{0x000000008dee0310}> (0x000000008dee0310) thrown at [./src/hotspot/share/prims/jni.cpp, line 615]
Event: 51.915 Thread 0x000001cc0716c800 Exception <a 'sun/nio/fs/WindowsException'{0x000000008dee1688}> (0x000000008dee1688) thrown at [./src/hotspot/share/prims/jni.cpp, line 615]
Event: 51.916 Thread 0x000001cc0716c800 Exception <a 'sun/nio/fs/WindowsException'{0x000000008dee2a50}> (0x000000008dee2a50) thrown at [./src/hotspot/share/prims/jni.cpp, line 615]
Event: 51.916 Thread 0x000001cc0716c800 Exception <a 'sun/nio/fs/WindowsException'{0x000000008dee3e18}> (0x000000008dee3e18) thrown at [./src/hotspot/share/prims/jni.cpp, line 615]
Event: 52.097 Thread 0x000001cc0ac10000 Exception <a 'java/lang/NoSuchMethodError'{0x000000008d4f9630}: 'void java.lang.invoke.DirectMethodHandle$Holder.invokeVirtual(java.lang.Object, java.lang.Object)'> (0x000000008d4f9630) thrown at [./src/hotspot/share/interpreter/linkResolver.cpp, line 773]
Event: 52.257 Thread 0x000001cc0ac09800 Implicit null exception at 0x000001cc766b86d2 to 0x000001cc766b8ad8
Event: 52.482 Thread 0x000001cc0716c800 Exception <a 'sun/nio/fs/WindowsException'{0x000000008c35e130}> (0x000000008c35e130) thrown at [./src/hotspot/share/prims/jni.cpp, line 615]
Event: 52.482 Thread 0x000001cc0716c800 Exception <a 'sun/nio/fs/WindowsException'{0x000000008c35e298}> (0x000000008c35e298) thrown at [./src/hotspot/share/prims/jni.cpp, line 615]
Event: 52.482 Thread 0x000001cc0716c800 Exception <a 'sun/nio/fs/WindowsException'{0x000000008c35fbf8}> (0x000000008c35fbf8) thrown at [./src/hotspot/share/prims/jni.cpp, line 615]
Event: 117.537 Thread 0x000001cc0a9d1800 Exception <a 'sun/nio/fs/WindowsException'{0x000000008ac5de70}> (0x000000008ac5de70) thrown at [./src/hotspot/share/prims/jni.cpp, line 615]
Event: 117.575 Thread 0x000001cc0a9d1800 Exception <a 'java/lang/NoClassDefFoundError'{0x000000008a980e40}: org/jetbrains/kotlin/gradle/plugin/KotlinBasePluginWrapper> (0x000000008a980e40) thrown at [./src/hotspot/share/oops/constantPool.cpp, line 775]
Event: 117.577 Thread 0x000001cc0a9d1800 Implicit null exception at 0x000001cc76718b55 to 0x000001cc76718fac
Event: 117.591 Thread 0x000001cc0a9d1800 Exception <a 'sun/nio/fs/WindowsException'{0x000000008a8bec98}> (0x000000008a8bec98) thrown at [./src/hotspot/share/prims/jni.cpp, line 615]
Event: 117.597 Thread 0x000001cc0a9d1800 Exception <a 'sun/nio/fs/WindowsException'{0x000000008a761f08}> (0x000000008a761f08) thrown at [./src/hotspot/share/prims/jni.cpp, line 615]
Event: 117.597 Thread 0x000001cc0a9d1800 Exception <a 'sun/nio/fs/WindowsException'{0x000000008a763280}> (0x000000008a763280) thrown at [./src/hotspot/share/prims/jni.cpp, line 615]
Event: 117.598 Thread 0x000001cc0a9d1800 Exception <a 'sun/nio/fs/WindowsException'{0x000000008a764648}> (0x000000008a764648) thrown at [./src/hotspot/share/prims/jni.cpp, line 615]
Event: 117.598 Thread 0x000001cc0a9d1800 Exception <a 'sun/nio/fs/WindowsException'{0x000000008a765a10}> (0x000000008a765a10) thrown at [./src/hotspot/share/prims/jni.cpp, line 615]

Events (20 events):
Event: 117.757 Executing VM operation: RevokeBias
Event: 117.758 Executing VM operation: RevokeBias done
Event: 117.773 Executing VM operation: RevokeBias
Event: 117.773 Executing VM operation: RevokeBias done
Event: 117.774 Executing VM operation: RevokeBias
Event: 117.774 Executing VM operation: RevokeBias done
Event: 117.774 Executing VM operation: RevokeBias
Event: 117.774 Executing VM operation: RevokeBias done
Event: 117.783 Executing VM operation: RevokeBias
Event: 117.784 Executing VM operation: RevokeBias done
Event: 117.784 Executing VM operation: RevokeBias
Event: 117.784 Executing VM operation: RevokeBias done
Event: 117.784 Executing VM operation: RevokeBias
Event: 117.785 Executing VM operation: RevokeBias done
Event: 117.785 Executing VM operation: RevokeBias
Event: 117.785 Executing VM operation: RevokeBias done
Event: 117.785 Executing VM operation: RevokeBias
Event: 117.785 Executing VM operation: RevokeBias done
Event: 117.806 Executing VM operation: RevokeBias
Event: 117.806 Executing VM operation: RevokeBias done


Dynamic libraries:
0x00007ff7f4730000 - 0x00007ff7f473a000 	C:\Program Files\Android\Android Studio\jre\bin\java.exe
0x00007ffc2b690000 - 0x00007ffc2b885000 	C:\WINDOWS\SYSTEM32\ntdll.dll
0x00007ffc29d50000 - 0x00007ffc29e0e000 	C:\WINDOWS\System32\KERNEL32.DLL
0x00007ffc29420000 - 0x00007ffc296e8000 	C:\WINDOWS\System32\KERNELBASE.dll
0x00007ffc28fa0000 - 0x00007ffc290a0000 	C:\WINDOWS\System32\ucrtbase.dll
0x00007ffc1f2c0000 - 0x00007ffc1f2d9000 	C:\Program Files\Android\Android Studio\jre\bin\jli.dll
0x00007ffc296f0000 - 0x00007ffc29890000 	C:\WINDOWS\System32\USER32.dll
0x00007ffc293f0000 - 0x00007ffc29412000 	C:\WINDOWS\System32\win32u.dll
0x00007ffc2b1f0000 - 0x00007ffc2b21a000 	C:\WINDOWS\System32\GDI32.dll
0x00007ffc29180000 - 0x00007ffc2928b000 	C:\WINDOWS\System32\gdi32full.dll
0x00007ffc28ed0000 - 0x00007ffc28f6d000 	C:\WINDOWS\System32\msvcp_win.dll
0x00007ffc0bff0000 - 0x00007ffc0c007000 	C:\Program Files\Android\Android Studio\jre\bin\VCRUNTIME140.dll
0x00007ffc0ff50000 - 0x00007ffc101ea000 	C:\WINDOWS\WinSxS\amd64_microsoft.windows.common-controls_6595b64144ccf1df_6.0.19041.1110_none_60b5254171f9507e\COMCTL32.dll
0x00007ffc29c30000 - 0x00007ffc29cce000 	C:\WINDOWS\System32\msvcrt.dll
0x00007ffc2b3b0000 - 0x00007ffc2b3e0000 	C:\WINDOWS\System32\IMM32.DLL
0x00007ffbf6670000 - 0x00007ffbf670d000 	C:\Program Files\Android\Android Studio\jre\bin\msvcp140.dll
0x00007ffbd0010000 - 0x00007ffbd0ae5000 	C:\Program Files\Android\Android Studio\jre\bin\server\jvm.dll
0x00007ffc2b220000 - 0x00007ffc2b2ce000 	C:\WINDOWS\System32\ADVAPI32.dll
0x00007ffc29ac0000 - 0x00007ffc29b5c000 	C:\WINDOWS\System32\sechost.dll
0x00007ffc2abf0000 - 0x00007ffc2ad15000 	C:\WINDOWS\System32\RPCRT4.dll
0x00007ffc2a9b0000 - 0x00007ffc2a9b8000 	C:\WINDOWS\System32\PSAPI.DLL
0x00007ffc253b0000 - 0x00007ffc253b9000 	C:\WINDOWS\SYSTEM32\WSOCK32.dll
0x00007ffc2a9c0000 - 0x00007ffc2aa2b000 	C:\WINDOWS\System32\WS2_32.dll
0x00007ffc12660000 - 0x00007ffc12687000 	C:\WINDOWS\SYSTEM32\WINMM.dll
0x00007ffc20d10000 - 0x00007ffc20d1a000 	C:\WINDOWS\SYSTEM32\VERSION.dll
0x00007ffc276b0000 - 0x00007ffc276c2000 	C:\WINDOWS\SYSTEM32\kernel.appcore.dll
0x00007ffc220e0000 - 0x00007ffc220f1000 	C:\Program Files\Android\Android Studio\jre\bin\verify.dll
0x00007ffc26330000 - 0x00007ffc26514000 	C:\WINDOWS\SYSTEM32\DBGHELP.DLL
0x00007ffc1f550000 - 0x00007ffc1f57c000 	C:\WINDOWS\SYSTEM32\dbgcore.DLL
0x00007ffc290f0000 - 0x00007ffc29172000 	C:\WINDOWS\System32\bcryptPrimitives.dll
0x00007ffc1f040000 - 0x00007ffc1f069000 	C:\Program Files\Android\Android Studio\jre\bin\java.dll
0x00007ffc237c0000 - 0x00007ffc237cb000 	C:\Program Files\Android\Android Studio\jre\bin\jimage.dll
0x00007ffc20240000 - 0x00007ffc20258000 	C:\Program Files\Android\Android Studio\jre\bin\zip.dll
0x00007ffc29e90000 - 0x00007ffc2a5d4000 	C:\WINDOWS\System32\SHELL32.dll
0x00007ffc26eb0000 - 0x00007ffc27644000 	C:\WINDOWS\SYSTEM32\windows.storage.dll
0x00007ffc2a5f0000 - 0x00007ffc2a944000 	C:\WINDOWS\System32\combase.dll
0x00007ffc28750000 - 0x00007ffc2877c000 	C:\WINDOWS\SYSTEM32\Wldp.dll
0x00007ffc29a10000 - 0x00007ffc29abd000 	C:\WINDOWS\System32\SHCORE.dll
0x00007ffc2a950000 - 0x00007ffc2a9a5000 	C:\WINDOWS\System32\shlwapi.dll
0x00007ffc28cf0000 - 0x00007ffc28d0f000 	C:\WINDOWS\SYSTEM32\profapi.dll
0x00007ffc1ed90000 - 0x00007ffc1edaa000 	C:\Program Files\Android\Android Studio\jre\bin\net.dll
0x00007ffc1f650000 - 0x00007ffc1f75a000 	C:\WINDOWS\SYSTEM32\WINHTTP.dll
0x00007ffc284b0000 - 0x00007ffc2851a000 	C:\WINDOWS\system32\mswsock.dll
0x00007ffc1c2a0000 - 0x00007ffc1c2b4000 	C:\Program Files\Android\Android Studio\jre\bin\nio.dll
0x00007ffc02400000 - 0x00007ffc02427000 	C:\Users\Arne\.gradle\native\e1d6ef7f7dcc3fd88c89a11ec53ec762bb8ba0a96d01ffa2cd45eb1d1d8dd5c5\windows-amd64\native-platform.dll
0x00007ffbf3460000 - 0x00007ffbf35a4000 	C:\Users\Arne\.gradle\native\5664cfc778a61ccfe75a443a1ab52a65af34e5dc3c78e0209fed803814484fcb\windows-amd64\native-platform-file-events.dll
0x00007ffc220b0000 - 0x00007ffc220ba000 	C:\Program Files\Android\Android Studio\jre\bin\management.dll
0x00007ffc22090000 - 0x00007ffc2209d000 	C:\Program Files\Android\Android Studio\jre\bin\management_ext.dll
0x00007ffc286a0000 - 0x00007ffc286b8000 	C:\WINDOWS\SYSTEM32\CRYPTSP.dll
0x00007ffc27e30000 - 0x00007ffc27e64000 	C:\WINDOWS\system32\rsaenh.dll
0x00007ffc28f70000 - 0x00007ffc28f97000 	C:\WINDOWS\System32\bcrypt.dll
0x00007ffc28cb0000 - 0x00007ffc28cde000 	C:\WINDOWS\SYSTEM32\USERENV.dll
0x00007ffc286c0000 - 0x00007ffc286cc000 	C:\WINDOWS\SYSTEM32\CRYPTBASE.dll
0x00007ffc281a0000 - 0x00007ffc281db000 	C:\WINDOWS\SYSTEM32\IPHLPAPI.DLL
0x00007ffc2abe0000 - 0x00007ffc2abe8000 	C:\WINDOWS\System32\NSI.dll
0x00007ffc22330000 - 0x00007ffc22347000 	C:\WINDOWS\SYSTEM32\dhcpcsvc6.DLL
0x00007ffc225f0000 - 0x00007ffc2260d000 	C:\WINDOWS\SYSTEM32\dhcpcsvc.DLL
0x00007ffc281e0000 - 0x00007ffc282ab000 	C:\WINDOWS\SYSTEM32\DNSAPI.dll

dbghelp: loaded successfully - version: 4.0.5 - missing functions: none
symbol engine: initialized successfully - sym options: 0x614 - pdb path: .;C:\Program Files\Android\Android Studio\jre\bin;C:\WINDOWS\SYSTEM32;C:\WINDOWS\WinSxS\amd64_microsoft.windows.common-controls_6595b64144ccf1df_6.0.19041.1110_none_60b5254171f9507e;C:\Program Files\Android\Android Studio\jre\bin\server;C:\Users\Arne\.gradle\native\e1d6ef7f7dcc3fd88c89a11ec53ec762bb8ba0a96d01ffa2cd45eb1d1d8dd5c5\windows-amd64;C:\Users\Arne\.gradle\native\5664cfc778a61ccfe75a443a1ab52a65af34e5dc3c78e0209fed803814484fcb\windows-amd64

VM Arguments:
jvm_args: --add-opens=java.base/java.util=ALL-UNNAMED --add-opens=java.base/java.lang=ALL-UNNAMED --add-opens=java.base/java.lang.invoke=ALL-UNNAMED --add-opens=java.base/java.util=ALL-UNNAMED --add-opens=java.prefs/java.util.prefs=ALL-UNNAMED --add-opens=java.prefs/java.util.prefs=ALL-UNNAMED --add-opens=java.base/java.nio.charset=ALL-UNNAMED --add-opens=java.base/java.net=ALL-UNNAMED --add-opens=java.base/java.util.concurrent.atomic=ALL-UNNAMED -Xmx2048m -Dfile.encoding=UTF-8 -Duser.country=US -Duser.language=en -Duser.variant 
java_command: org.gradle.launcher.daemon.bootstrap.GradleDaemon 7.2
java_class_path (initial): C:\Users\Arne\.gradle\wrapper\dists\gradle-7.2-bin\2dnblmf4td7x66yl1d74lt32g\gradle-7.2\lib\gradle-launcher-7.2.jar
Launcher Type: SUN_STANDARD

[Global flags]
     intx CICompilerCount                          = 3                                         {product} {ergonomic}
     uint ConcGCThreads                            = 1                                         {product} {ergonomic}
     uint G1ConcRefinementThreads                  = 4                                         {product} {ergonomic}
   size_t G1HeapRegionSize                         = 1048576                                   {product} {ergonomic}
    uintx GCDrainStackTargetSize                   = 64                                        {product} {ergonomic}
   size_t InitialHeapSize                          = 268435456                                 {product} {ergonomic}
   size_t MarkStackSize                            = 4194304                                   {product} {ergonomic}
   size_t MaxHeapSize                              = 2147483648                                {product} {command line}
   size_t MaxNewSize                               = 1287651328                                {product} {ergonomic}
   size_t MinHeapDeltaBytes                        = 1048576                                   {product} {ergonomic}
    uintx NonNMethodCodeHeapSize                   = 5830732                                {pd product} {ergonomic}
    uintx NonProfiledCodeHeapSize                  = 122913754                              {pd product} {ergonomic}
    uintx ProfiledCodeHeapSize                     = 122913754                              {pd product} {ergonomic}
    uintx ReservedCodeCacheSize                    = 251658240                              {pd product} {ergonomic}
     bool SegmentedCodeCache                       = true                                      {product} {ergonomic}
     bool UseCompressedClassPointers               = true                                 {lp64_product} {ergonomic}
     bool UseCompressedOops                        = true                                 {lp64_product} {ergonomic}
     bool UseG1GC                                  = true                                      {product} {ergonomic}
     bool UseLargePagesIndividualAllocation        = false                                  {pd product} {ergonomic}

Logging:
Log output configuration:
 #0: stdout all=warning uptime,level,tags
 #1: stderr all=off uptime,level,tags

Environment Variables:
JAVA_HOME=C:\Program Files\Java\jdk-17.0.2
PATH=C:\Program Files\Common Files\Oracle\Java\javapath;C:\Program Files\Eclipse Foundation\jdk-8.0.302.8-hotspot\bin;C:\Program Files (x86)\Common Files\Oracle\Java\javapath;C:\Program Files (x86)\Intel\iCLS Client\;C:\Program Files\Intel\iCLS Client\;C:\WINDOWS\system32;C:\WINDOWS;C:\WINDOWS\System32\Wbem;C:\WINDOWS\System32\WindowsPowerShell\v1.0\;C:\WINDOWS\System32\OpenSSH\;C:\Program Files\Intel\Intel(R) Management Engine Components\DAL;C:\Program Files (x86)\Intel\Intel(R) Management Engine Components\DAL;C:\Program Files\Intel\Intel(R) Management Engine Components\IPT;C:\Program Files (x86)\Intel\Intel(R) Management Engine Components\IPT;C:\Program Files\Microsoft SQL Server\Client SDK\ODBC\130\Tools\Binn\;C:\Program Files (x86)\Microsoft SQL Server\140\Tools\Binn\;C:\Program Files\Microsoft SQL Server\140\Tools\Binn\;C:\Program Files\Microsoft SQL Server\140\DTS\Binn\;C:\Program Files\Microsoft SQL Server\130\Tools\Binn\;C:\Program Files\Microsoft SQL Server\Client SDK\ODBC\170\Tools\Binn\;C:\Program Files (x86)\Microsoft SQL Server\150\DTS\Binn\;C:\Program Files\Git\cmd;C:\Program Files\dotnet\;C:\Users\Arne\AppData\Local\Microsoft\WindowsApps;C:\Users\Arne\.dotnet\tools
USERNAME=Arne
OS=Windows_NT
PROCESSOR_IDENTIFIER=Intel64 Family 6 Model 60 Stepping 3, GenuineIntel



---------------  S Y S T E M  ---------------

OS: Windows 10 , 64 bit Build 19041 (10.0.19041.1645)
OS uptime: 21 days 22:42 hours

CPU:total 4 (initial active 4) (4 cores per cpu, 1 threads per core) family 6 model 60 stepping 3 microcode 0x27, cmov, cx8, fxsr, mmx, sse, sse2, sse3, ssse3, sse4.1, sse4.2, popcnt, avx, avx2, aes, clmul, erms, lzcnt, tsc, tscinvbit, bmi1, bmi2, fma

Memory: 4k page, system-wide physical 16324M (4625M free)
TotalPageFile size 19260M (AvailPageFile size 7M)
current process WorkingSet (physical memory assigned to process): 464M, peak: 478M
current process commit charge ("private bytes"): 540M, peak: 546M

vm_info: OpenJDK 64-Bit Server VM (11.0.11+9-b60-7590822) for windows-amd64 JRE (11.0.11+9-b60-7590822), built on Jul 29 2021 21:43:44 by "builder" with MS VC++ 14.0 (VS2015)

END.
