#
# There is insufficient memory for the Java Runtime Environment to continue.
# Native memory allocation (mmap) failed to map 54525952 bytes for Failed to commit area from 0x0000000090000000 to 0x0000000093400000 of length 54525952.
# Possible reasons:
#   The system is out of physical RAM or swap space
#   The process is running with CompressedOops enabled, and the Java Heap may be blocking the growth of the native heap
# Possible solutions:
#   Reduce memory load on the system
#   Increase physical memory or swap space
#   Check if swap backing store is full
#   Decrease Java heap size (-Xmx/-Xms)
#   Decrease number of Java threads
#   Decrease Java thread stack sizes (-Xss)
#   Set larger code cache with -XX:ReservedCodeCacheSize=
#   JVM is running with Unscaled Compressed Oops mode in which the Java heap is
#     placed in the first 4GB address space. The Java Heap base address is the
#     maximum limit for the native heap growth. Please use -XX:HeapBaseMinAddress
#     to set the Java Heap base and to place the Java Heap above 4GB virtual address.
# This output file may be truncated or incomplete.
#
#  Out of Memory Error (./src/hotspot/os/windows/os_windows.cpp:3301), pid=13272, tid=24660
#
# JRE version: OpenJDK Runtime Environment (11.0.11+9) (build 11.0.11+9-b60-7590822)
# Java VM: OpenJDK 64-Bit Server VM (11.0.11+9-b60-7590822, mixed mode, tiered, compressed oops, g1 gc, windows-amd64)
# No core dump will be written. Minidumps are not enabled by default on client versions of Windows
#

---------------  S U M M A R Y ------------

Command Line: --add-opens=java.base/java.util=ALL-UNNAMED --add-opens=java.base/java.lang=ALL-UNNAMED --add-opens=java.base/java.lang.invoke=ALL-UNNAMED --add-opens=java.base/java.util=ALL-UNNAMED --add-opens=java.prefs/java.util.prefs=ALL-UNNAMED --add-opens=java.prefs/java.util.prefs=ALL-UNNAMED --add-opens=java.base/java.nio.charset=ALL-UNNAMED --add-opens=java.base/java.net=ALL-UNNAMED --add-opens=java.base/java.util.concurrent.atomic=ALL-UNNAMED -Xmx2048m -Dfile.encoding=UTF-8 -Duser.country=US -Duser.language=en -Duser.variant org.gradle.launcher.daemon.bootstrap.GradleDaemon 7.2

Host: Intel(R) Core(TM) i5-4570 CPU @ 3.20GHz, 4 cores, 15G,  Windows 10 , 64 bit Build 19041 (10.0.19041.1645)
Time: Sat May  7 11:16:48 2022 Romance Daylight Time elapsed time: 8.471811 seconds (0d 0h 0m 8s)

---------------  T H R E A D  ---------------

Current thread (0x0000025afed80800):  VMThread "VM Thread" [stack: 0x000000a08c200000,0x000000a08c300000] [id=24660]

Stack: [0x000000a08c200000,0x000000a08c300000]
[error occurred during error reporting (printing stack bounds), id 0xc0000005, EXCEPTION_ACCESS_VIOLATION (0xc0000005) at pc=0x0000025a80000f2d]

Native frames: (J=compiled Java code, j=interpreted, Vv=VM code, C=native code)
V  [jvm.dll+0x5f214a]
V  [jvm.dll+0x726fb5]
V  [jvm.dll+0x7285cd]
V  [jvm.dll+0x728be5]
V  [jvm.dll+0x728b9b]
V  [jvm.dll+0x5f14e8]
V  [jvm.dll+0x5f1c78]
C  [ntdll.dll+0xa20cf]
C  [ntdll.dll+0x51454]
C  [ntdll.dll+0xa0bfe]
C  0x0000025a80000f2d

VM_Operation (0x000000a0917f9440): G1CollectForAllocation, mode: safepoint, requested by thread 0x0000025a97b06000


---------------  P R O C E S S  ---------------

Threads class SMR info:
_java_thread_list=0x0000025a9c38e090, length=84, elements={
0x0000025af792d000, 0x0000025afed84000, 0x0000025afed85800, 0x0000025afede0800,
0x0000025afede2000, 0x0000025afede3000, 0x0000025afede7000, 0x0000025afedeb000,
0x0000025afedfa000, 0x0000025afef73800, 0x0000025a93cd6800, 0x0000025aff15e800,
0x0000025a93b72000, 0x0000025aff2ff000, 0x0000025a93dd8800, 0x0000025a93f52000,
0x0000025a93d11000, 0x0000025a94958000, 0x0000025a930ea800, 0x0000025a930d9800,
0x0000025a9435d800, 0x0000025a9435c800, 0x0000025a9435e000, 0x0000025a94358800,
0x0000025a9435f000, 0x0000025a9435c000, 0x0000025a94359800, 0x0000025a9435a000,
0x0000025a9435b000, 0x0000025a96206800, 0x0000025a96207000, 0x0000025a96208000,
0x0000025a96209800, 0x0000025a9620a800, 0x0000025a96204800, 0x0000025a9620b000,
0x0000025a96205800, 0x0000025a9620c000, 0x0000025a9620f800, 0x0000025a9620e800,
0x0000025a9620d800, 0x0000025a96211800, 0x0000025a96212800, 0x0000025a96210000,
0x0000025a96211000, 0x0000025a9620d000, 0x0000025a97443800, 0x0000025a97448000,
0x0000025a97444000, 0x0000025a9744a000, 0x0000025a97449000, 0x0000025a9744a800,
0x0000025a97445000, 0x0000025a9744b800, 0x0000025a97446000, 0x0000025a9744c800,
0x0000025a97446800, 0x0000025a9744d000, 0x0000025a97447800, 0x0000025a9744f800,
0x0000025a9744e800, 0x0000025a97451000, 0x0000025a97452000, 0x0000025a97450800,
0x0000025a9744e000, 0x0000025a97afe000, 0x0000025a97afd000, 0x0000025a97aff800,
0x0000025a97b01000, 0x0000025a97b02000, 0x0000025a97afc800, 0x0000025a97b03800,
0x0000025a97b03000, 0x0000025a97b00800, 0x0000025a97b04800, 0x0000025a97aff000,
0x0000025a97b05800, 0x0000025a97b0b000, 0x0000025a97b08800, 0x0000025a97b07800,
0x0000025a97b0a000, 0x0000025a97b06000, 0x0000025a97b07000, 0x0000025a99a22800
}

Java Threads: ( => current thread )
  0x0000025af792d000 JavaThread "main" [_thread_blocked, id=22320, stack(0x000000a08bc00000,0x000000a08bd00000)]
  0x0000025afed84000 JavaThread "Reference Handler" daemon [_thread_blocked, id=14320, stack(0x000000a08c300000,0x000000a08c400000)]
  0x0000025afed85800 JavaThread "Finalizer" daemon [_thread_blocked, id=20412, stack(0x000000a08c400000,0x000000a08c500000)]
  0x0000025afede0800 JavaThread "Signal Dispatcher" daemon [_thread_blocked, id=25880, stack(0x000000a08c500000,0x000000a08c600000)]
  0x0000025afede2000 JavaThread "Attach Listener" daemon [_thread_blocked, id=1300, stack(0x000000a08c600000,0x000000a08c700000)]
  0x0000025afede3000 JavaThread "Service Thread" daemon [_thread_blocked, id=21336, stack(0x000000a08c700000,0x000000a08c800000)]
  0x0000025afede7000 JavaThread "C2 CompilerThread0" daemon [_thread_blocked, id=20508, stack(0x000000a08c800000,0x000000a08c900000)]
  0x0000025afedeb000 JavaThread "C1 CompilerThread0" daemon [_thread_blocked, id=19900, stack(0x000000a08c900000,0x000000a08ca00000)]
  0x0000025afedfa000 JavaThread "Sweeper thread" daemon [_thread_blocked, id=25000, stack(0x000000a08ca00000,0x000000a08cb00000)]
  0x0000025afef73800 JavaThread "Common-Cleaner" daemon [_thread_blocked, id=8428, stack(0x000000a08cb00000,0x000000a08cc00000)]
  0x0000025a93cd6800 JavaThread "Daemon health stats" [_thread_blocked, id=25372, stack(0x000000a08d100000,0x000000a08d200000)]
  0x0000025aff15e800 JavaThread "Incoming local TCP Connector on port 49965" [_thread_in_native, id=25668, stack(0x000000a08cd00000,0x000000a08ce00000)]
  0x0000025a93b72000 JavaThread "Daemon periodic checks" [_thread_blocked, id=10156, stack(0x000000a08d200000,0x000000a08d300000)]
  0x0000025aff2ff000 JavaThread "Daemon" [_thread_blocked, id=19952, stack(0x000000a08d300000,0x000000a08d400000)]
  0x0000025a93dd8800 JavaThread "Handler for socket connection from /127.0.0.1:49965 to /127.0.0.1:49966" [_thread_in_native, id=26012, stack(0x000000a08d400000,0x000000a08d500000)]
  0x0000025a93f52000 JavaThread "Cancel handler" [_thread_blocked, id=24888, stack(0x000000a08d500000,0x000000a08d600000)]
  0x0000025a93d11000 JavaThread "Daemon worker" [_thread_blocked, id=26184, stack(0x000000a08d600000,0x000000a08d700000)]
  0x0000025a94958000 JavaThread "C2 CompilerThread1" daemon [_thread_in_native, id=2460, stack(0x000000a08d700000,0x000000a08d800000)]
  0x0000025a930ea800 JavaThread "Asynchronous log dispatcher for DefaultDaemonConnection: socket connection from /127.0.0.1:49965 to /127.0.0.1:49966" [_thread_blocked, id=25524, stack(0x000000a08d800000,0x000000a08d900000)]
  0x0000025a930d9800 JavaThread "Stdin handler" [_thread_blocked, id=19804, stack(0x000000a08d900000,0x000000a08da00000)]
  0x0000025a9435d800 JavaThread "Daemon client event forwarder" [_thread_blocked, id=13160, stack(0x000000a08da00000,0x000000a08db00000)]
  0x0000025a9435c800 JavaThread "Cache worker for journal cache (C:\Users\Arne\.gradle\caches\journal-1)" [_thread_blocked, id=24216, stack(0x000000a08db00000,0x000000a08dc00000)]
  0x0000025a9435e000 JavaThread "File lock request listener" [_thread_in_native, id=12712, stack(0x000000a08dc00000,0x000000a08dd00000)]
  0x0000025a94358800 JavaThread "Cache worker for file hash cache (C:\Users\Arne\.gradle\caches\7.2\fileHashes)" [_thread_blocked, id=23792, stack(0x000000a08dd00000,0x000000a08de00000)]
  0x0000025a9435f000 JavaThread "Cache worker for file hash cache (C:\Users\Arne\AndroidStudioProjects\iHave\.gradle\7.2\fileHashes)" [_thread_blocked, id=25336, stack(0x000000a08de00000,0x000000a08df00000)]
  0x0000025a9435c000 JavaThread "File watcher server" daemon [_thread_blocked, id=19544, stack(0x000000a08df00000,0x000000a08e000000)]
  0x0000025a94359800 JavaThread "File watcher consumer" daemon [_thread_blocked, id=26372, stack(0x000000a08e000000,0x000000a08e100000)]
  0x0000025a9435a000 JavaThread "Cache worker for checksums cache (C:\Users\Arne\AndroidStudioProjects\iHave\.gradle\checksums)" [_thread_blocked, id=9388, stack(0x000000a08e100000,0x000000a08e200000)]
  0x0000025a9435b000 JavaThread "Cache worker for cache directory md-supplier (C:\Users\Arne\.gradle\caches\7.2\md-supplier)" [_thread_blocked, id=19564, stack(0x000000a08e200000,0x000000a08e300000)]
  0x0000025a96206800 JavaThread "Cache worker for cache directory md-rule (C:\Users\Arne\.gradle\caches\7.2\md-rule)" [_thread_blocked, id=25224, stack(0x000000a08e300000,0x000000a08e400000)]
  0x0000025a96207000 JavaThread "Cache worker for execution history cache (C:\Users\Arne\.gradle\caches\7.2\executionHistory)" [_thread_blocked, id=24508, stack(0x000000a08e400000,0x000000a08e500000)]
  0x0000025a96208000 JavaThread "jar transforms" [_thread_blocked, id=26140, stack(0x000000a08e500000,0x000000a08e600000)]
  0x0000025a96209800 JavaThread "Cache worker for file content cache (C:\Users\Arne\.gradle\caches\7.2\fileContent)" [_thread_blocked, id=23156, stack(0x000000a08e600000,0x000000a08e700000)]
  0x0000025a9620a800 JavaThread "jar transforms Thread 2" [_thread_blocked, id=10332, stack(0x000000a08e700000,0x000000a08e800000)]
  0x0000025a96204800 JavaThread "Cache worker for dependencies-accessors (C:\Users\Arne\AndroidStudioProjects\iHave\.gradle\7.2\dependencies-accessors)" [_thread_blocked, id=24700, stack(0x000000a08e800000,0x000000a08e900000)]
  0x0000025a9620b000 JavaThread "jar transforms Thread 3" [_thread_blocked, id=20140, stack(0x000000a08e900000,0x000000a08ea00000)]
  0x0000025a96205800 JavaThread "Cache worker for Build Output Cleanup Cache (C:\Users\Arne\AndroidStudioProjects\iHave\.gradle\buildOutputCleanup)" [_thread_blocked, id=24488, stack(0x000000a08ea00000,0x000000a08eb00000)]
  0x0000025a9620c000 JavaThread "Unconstrained build operations" [_thread_blocked, id=20984, stack(0x000000a08eb00000,0x000000a08ec00000)]
  0x0000025a9620f800 JavaThread "Unconstrained build operations Thread 2" [_thread_blocked, id=3340, stack(0x000000a08ec00000,0x000000a08ed00000)]
  0x0000025a9620e800 JavaThread "Unconstrained build operations Thread 3" [_thread_blocked, id=24316, stack(0x000000a08ed00000,0x000000a08ee00000)]
  0x0000025a9620d800 JavaThread "Unconstrained build operations Thread 4" [_thread_blocked, id=23980, stack(0x000000a08ee00000,0x000000a08ef00000)]
  0x0000025a96211800 JavaThread "Unconstrained build operations Thread 5" [_thread_blocked, id=24684, stack(0x000000a08ef00000,0x000000a08f000000)]
  0x0000025a96212800 JavaThread "Unconstrained build operations Thread 6" [_thread_blocked, id=24924, stack(0x000000a08f000000,0x000000a08f100000)]
  0x0000025a96210000 JavaThread "Unconstrained build operations Thread 7" [_thread_blocked, id=17208, stack(0x000000a08f100000,0x000000a08f200000)]
  0x0000025a96211000 JavaThread "Unconstrained build operations Thread 8" [_thread_blocked, id=2216, stack(0x000000a08f200000,0x000000a08f300000)]
  0x0000025a9620d000 JavaThread "Unconstrained build operations Thread 9" [_thread_blocked, id=11552, stack(0x000000a08f300000,0x000000a08f400000)]
  0x0000025a97443800 JavaThread "Unconstrained build operations Thread 10" [_thread_blocked, id=19256, stack(0x000000a08f400000,0x000000a08f500000)]
  0x0000025a97448000 JavaThread "Unconstrained build operations Thread 11" [_thread_blocked, id=16796, stack(0x000000a08f500000,0x000000a08f600000)]
  0x0000025a97444000 JavaThread "Unconstrained build operations Thread 12" [_thread_blocked, id=19676, stack(0x000000a08f600000,0x000000a08f700000)]
  0x0000025a9744a000 JavaThread "Unconstrained build operations Thread 13" [_thread_blocked, id=21712, stack(0x000000a08f700000,0x000000a08f800000)]
  0x0000025a97449000 JavaThread "Unconstrained build operations Thread 14" [_thread_blocked, id=18856, stack(0x000000a08f800000,0x000000a08f900000)]
  0x0000025a9744a800 JavaThread "Unconstrained build operations Thread 15" [_thread_blocked, id=1832, stack(0x000000a08f900000,0x000000a08fa00000)]
  0x0000025a97445000 JavaThread "Unconstrained build operations Thread 16" [_thread_blocked, id=21540, stack(0x000000a08fa00000,0x000000a08fb00000)]
  0x0000025a9744b800 JavaThread "Unconstrained build operations Thread 17" [_thread_blocked, id=23868, stack(0x000000a08fb00000,0x000000a08fc00000)]
  0x0000025a97446000 JavaThread "Unconstrained build operations Thread 18" [_thread_blocked, id=20768, stack(0x000000a08fc00000,0x000000a08fd00000)]
  0x0000025a9744c800 JavaThread "Unconstrained build operations Thread 19" [_thread_blocked, id=20116, stack(0x000000a08fd00000,0x000000a08fe00000)]
  0x0000025a97446800 JavaThread "Unconstrained build operations Thread 20" [_thread_blocked, id=15308, stack(0x000000a08fe00000,0x000000a08ff00000)]
  0x0000025a9744d000 JavaThread "Unconstrained build operations Thread 21" [_thread_blocked, id=25952, stack(0x000000a08ff00000,0x000000a090000000)]
  0x0000025a97447800 JavaThread "Unconstrained build operations Thread 22" [_thread_blocked, id=10292, stack(0x000000a090000000,0x000000a090100000)]
  0x0000025a9744f800 JavaThread "Unconstrained build operations Thread 23" [_thread_blocked, id=10476, stack(0x000000a090100000,0x000000a090200000)]
  0x0000025a9744e800 JavaThread "Unconstrained build operations Thread 24" [_thread_blocked, id=19980, stack(0x000000a090200000,0x000000a090300000)]
  0x0000025a97451000 JavaThread "Unconstrained build operations Thread 25" [_thread_blocked, id=24692, stack(0x000000a090300000,0x000000a090400000)]
  0x0000025a97452000 JavaThread "Unconstrained build operations Thread 26" [_thread_blocked, id=21268, stack(0x000000a090400000,0x000000a090500000)]
  0x0000025a97450800 JavaThread "Unconstrained build operations Thread 27" [_thread_blocked, id=6064, stack(0x000000a090500000,0x000000a090600000)]
  0x0000025a9744e000 JavaThread "Unconstrained build operations Thread 28" [_thread_blocked, id=22944, stack(0x000000a090600000,0x000000a090700000)]
  0x0000025a97afe000 JavaThread "Unconstrained build operations Thread 29" [_thread_blocked, id=23372, stack(0x000000a090700000,0x000000a090800000)]
  0x0000025a97afd000 JavaThread "Unconstrained build operations Thread 30" [_thread_blocked, id=24844, stack(0x000000a090800000,0x000000a090900000)]
  0x0000025a97aff800 JavaThread "Unconstrained build operations Thread 31" [_thread_blocked, id=12928, stack(0x000000a090900000,0x000000a090a00000)]
  0x0000025a97b01000 JavaThread "Unconstrained build operations Thread 32" [_thread_blocked, id=17084, stack(0x000000a090a00000,0x000000a090b00000)]
  0x0000025a97b02000 JavaThread "Unconstrained build operations Thread 33" [_thread_blocked, id=21872, stack(0x000000a090b00000,0x000000a090c00000)]
  0x0000025a97afc800 JavaThread "Unconstrained build operations Thread 34" [_thread_blocked, id=20376, stack(0x000000a090c00000,0x000000a090d00000)]
  0x0000025a97b03800 JavaThread "Unconstrained build operations Thread 35" [_thread_blocked, id=19616, stack(0x000000a090d00000,0x000000a090e00000)]
  0x0000025a97b03000 JavaThread "Unconstrained build operations Thread 36" [_thread_blocked, id=16780, stack(0x000000a090e00000,0x000000a090f00000)]
  0x0000025a97b00800 JavaThread "Unconstrained build operations Thread 37" [_thread_blocked, id=24824, stack(0x000000a090f00000,0x000000a091000000)]
  0x0000025a97b04800 JavaThread "Unconstrained build operations Thread 38" [_thread_blocked, id=17348, stack(0x000000a091000000,0x000000a091100000)]
  0x0000025a97aff000 JavaThread "Unconstrained build operations Thread 39" [_thread_blocked, id=21484, stack(0x000000a091100000,0x000000a091200000)]
  0x0000025a97b05800 JavaThread "Unconstrained build operations Thread 40" [_thread_blocked, id=19000, stack(0x000000a091200000,0x000000a091300000)]
  0x0000025a97b0b000 JavaThread "jar transforms Thread 4" [_thread_blocked, id=24232, stack(0x000000a091300000,0x000000a091400000)]
  0x0000025a97b08800 JavaThread "Memory manager" [_thread_blocked, id=10940, stack(0x000000a091400000,0x000000a091500000)]
  0x0000025a97b07800 JavaThread "build event listener" [_thread_blocked, id=9508, stack(0x000000a091500000,0x000000a091600000)]
  0x0000025a97b0a000 JavaThread "Execution worker for ':'" [_thread_blocked, id=25172, stack(0x000000a091600000,0x000000a091700000)]
  0x0000025a97b06000 JavaThread "Execution worker for ':' Thread 2" [_thread_blocked, id=24200, stack(0x000000a091700000,0x000000a091800000)]
  0x0000025a97b07000 JavaThread "Execution worker for ':' Thread 3" [_thread_blocked, id=22152, stack(0x000000a091800000,0x000000a091900000)]
  0x0000025a99a22800 JavaThread "Cache worker for execution history cache (C:\Users\Arne\AndroidStudioProjects\iHave\.gradle\7.2\executionHistory)" [_thread_blocked, id=14804, stack(0x000000a091900000,0x000000a091a00000)]

Other Threads:
=>0x0000025afed80800 VMThread "VM Thread" [stack: 0x000000a08c200000,0x000000a08c300000] [id=24660]
  0x0000025afef85000 WatcherThread [stack: 0x000000a08cc00000,0x000000a08cd00000] [id=25932]
  0x0000025af7946800 GCTaskThread "GC Thread#0" [stack: 0x000000a08bd00000,0x000000a08be00000] [id=18796]
  0x0000025aff7af800 GCTaskThread "GC Thread#1" [stack: 0x000000a08ce00000,0x000000a08cf00000] [id=11884]
  0x0000025aff803000 GCTaskThread "GC Thread#2" [stack: 0x000000a08cf00000,0x000000a08d000000] [id=26220]
  0x0000025aff803800 GCTaskThread "GC Thread#3" [stack: 0x000000a08d000000,0x000000a08d100000] [id=9380]
  0x0000025af7976000 ConcurrentGCThread "G1 Main Marker" [stack: 0x000000a08be00000,0x000000a08bf00000] [id=26208]
  0x0000025af7977800 ConcurrentGCThread "G1 Conc#0" [stack: 0x000000a08bf00000,0x000000a08c000000] [id=14652]
  0x0000025afe3c6800 ConcurrentGCThread "G1 Refine#0" [stack: 0x000000a08c000000,0x000000a08c100000] [id=25976]
  0x0000025afe3c7800 ConcurrentGCThread "G1 Young RemSet Sampling" [stack: 0x000000a08c100000,0x000000a08c200000] [id=14784]

Threads with active compile tasks:
C2 CompilerThread0   8482 8354       4       org.gradle.cache.internal.btree.CachingBlockStore::read (56 bytes)
C1 CompilerThread0   8483 8468       3       org.gradle.cache.internal.filelock.DefaultLockStateSerializer$SequenceNumberLockState::completeUpdate (33 bytes)
C2 CompilerThread1   8483 8322       4       org.gradle.api.internal.cache.StringInterner::intern (9 bytes)

VM state:at safepoint (normal execution)

VM Mutex/Monitor currently owned by a thread:  ([mutex/lock_event])
[0x0000025af791d6b0] Threads_lock - owner thread: 0x0000025afed80800
[0x0000025af792a890] Heap_lock - owner thread: 0x0000025a97b06000

Heap address: 0x0000000080000000, size: 2048 MB, Compressed Oops mode: 32-bit
Narrow klass base: 0x0000000000000000, Narrow klass shift: 3
Compressed class space size: 1073741824 Address: 0x0000000100000000

Heap:
 garbage-first heap   total 315392K, used 65536K [0x0000000080000000, 0x0000000100000000)
  region size 1024K, 10 young (10240K), 10 survivors (10240K)
 Metaspace       used 80192K, capacity 82159K, committed 82252K, reserved 1120256K
  class space    used 10529K, capacity 11280K, committed 11340K, reserved 1048576K
Heap Regions: E=young(eden), S=young(survivor), O=old, HS=humongous(starts), HC=humongous(continues), CS=collection set, F=free, A=archive, TAMS=top-at-mark-start (previous, next)
|   0|0x0000000080000000, 0x0000000080100000, 0x0000000080100000|100%| O|  |TAMS 0x0000000080100000, 0x0000000080000000| Untracked 
|   1|0x0000000080100000, 0x0000000080200000, 0x0000000080200000|100%| O|  |TAMS 0x0000000080200000, 0x0000000080100000| Untracked 
|   2|0x0000000080200000, 0x0000000080300000, 0x0000000080300000|100%| O|  |TAMS 0x0000000080300000, 0x0000000080200000| Untracked 
|   3|0x0000000080300000, 0x0000000080400000, 0x0000000080400000|100%|HS|  |TAMS 0x0000000080400000, 0x0000000080300000| Complete 
|   4|0x0000000080400000, 0x0000000080500000, 0x0000000080500000|100%|HC|  |TAMS 0x0000000080500000, 0x0000000080400000| Complete 
|   5|0x0000000080500000, 0x0000000080600000, 0x0000000080600000|100%|HC|  |TAMS 0x0000000080600000, 0x0000000080500000| Complete 
|   6|0x0000000080600000, 0x0000000080700000, 0x0000000080700000|100%| O|  |TAMS 0x0000000080700000, 0x0000000080600000| Untracked 
|   7|0x0000000080700000, 0x0000000080800000, 0x0000000080800000|100%| O|  |TAMS 0x0000000080800000, 0x0000000080700000| Untracked 
|   8|0x0000000080800000, 0x0000000080900000, 0x0000000080900000|100%| O|  |TAMS 0x0000000080900000, 0x0000000080800000| Untracked 
|   9|0x0000000080900000, 0x0000000080a00000, 0x0000000080a00000|100%| O|  |TAMS 0x0000000080a00000, 0x0000000080900000| Untracked 
|  10|0x0000000080a00000, 0x0000000080b00000, 0x0000000080b00000|100%| O|  |TAMS 0x0000000080b00000, 0x0000000080a00000| Untracked 
|  11|0x0000000080b00000, 0x0000000080c00000, 0x0000000080c00000|100%| O|  |TAMS 0x0000000080c00000, 0x0000000080b00000| Untracked 
|  12|0x0000000080c00000, 0x0000000080d00000, 0x0000000080d00000|100%| O|  |TAMS 0x0000000080d00000, 0x0000000080c00000| Untracked 
|  13|0x0000000080d00000, 0x0000000080e00000, 0x0000000080e00000|100%|HS|  |TAMS 0x0000000080e00000, 0x0000000080d00000| Complete 
|  14|0x0000000080e00000, 0x0000000080f00000, 0x0000000080f00000|100%|HS|  |TAMS 0x0000000080f00000, 0x0000000080e00000| Complete 
|  15|0x0000000080f00000, 0x0000000081000000, 0x0000000081000000|100%|HS|  |TAMS 0x0000000081000000, 0x0000000080f00000| Complete 
|  16|0x0000000081000000, 0x0000000081100000, 0x0000000081100000|100%|HS|  |TAMS 0x0000000081100000, 0x0000000081000000| Complete 
|  17|0x0000000081100000, 0x0000000081200000, 0x0000000081200000|100%|HC|  |TAMS 0x0000000081200000, 0x0000000081100000| Complete 
|  18|0x0000000081200000, 0x0000000081300000, 0x0000000081300000|100%| O|  |TAMS 0x0000000081300000, 0x0000000081200000| Untracked 
|  19|0x0000000081300000, 0x0000000081400000, 0x0000000081400000|100%| O|  |TAMS 0x0000000081400000, 0x0000000081300000| Untracked 
|  20|0x0000000081400000, 0x0000000081500000, 0x0000000081500000|100%| O|  |TAMS 0x0000000081500000, 0x0000000081400000| Untracked 
|  21|0x0000000081500000, 0x0000000081600000, 0x0000000081600000|100%| O|  |TAMS 0x0000000081600000, 0x0000000081500000| Untracked 
|  22|0x0000000081600000, 0x0000000081700000, 0x0000000081700000|100%| O|  |TAMS 0x0000000081700000, 0x0000000081600000| Untracked 
|  23|0x0000000081700000, 0x0000000081800000, 0x0000000081800000|100%| O|  |TAMS 0x0000000081800000, 0x0000000081700000| Untracked 
|  24|0x0000000081800000, 0x0000000081900000, 0x0000000081900000|100%| O|  |TAMS 0x0000000081900000, 0x0000000081800000| Untracked 
|  25|0x0000000081900000, 0x0000000081a00000, 0x0000000081a00000|100%| O|  |TAMS 0x0000000081a00000, 0x0000000081900000| Untracked 
|  26|0x0000000081a00000, 0x0000000081b00000, 0x0000000081b00000|100%| O|  |TAMS 0x0000000081a55c00, 0x0000000081a00000| Untracked 
|  27|0x0000000081b00000, 0x0000000081c00000, 0x0000000081c00000|100%| O|  |TAMS 0x0000000081b00000, 0x0000000081b00000| Untracked 
|  28|0x0000000081c00000, 0x0000000081d00000, 0x0000000081d00000|100%| O|  |TAMS 0x0000000081c00000, 0x0000000081c00000| Untracked 
|  29|0x0000000081d00000, 0x0000000081e00000, 0x0000000081e00000|100%| O|  |TAMS 0x0000000081d00000, 0x0000000081d00000| Untracked 
|  30|0x0000000081e00000, 0x0000000081f00000, 0x0000000081f00000|100%| O|  |TAMS 0x0000000081e00000, 0x0000000081e00000| Untracked 
|  31|0x0000000081f00000, 0x0000000082000000, 0x0000000082000000|100%| O|  |TAMS 0x0000000081f00000, 0x0000000081f00000| Untracked 
|  32|0x0000000082000000, 0x0000000082100000, 0x0000000082100000|100%| O|  |TAMS 0x0000000082000000, 0x0000000082000000| Untracked 
|  33|0x0000000082100000, 0x0000000082200000, 0x0000000082200000|100%| O|  |TAMS 0x0000000082100000, 0x0000000082100000| Untracked 
|  34|0x0000000082200000, 0x0000000082300000, 0x0000000082300000|100%| O|  |TAMS 0x0000000082200000, 0x0000000082200000| Untracked 
|  35|0x0000000082300000, 0x0000000082400000, 0x0000000082400000|100%| O|  |TAMS 0x0000000082300000, 0x0000000082300000| Untracked 
|  36|0x0000000082400000, 0x0000000082500000, 0x0000000082500000|100%| O|  |TAMS 0x0000000082400000, 0x0000000082400000| Untracked 
|  37|0x0000000082500000, 0x0000000082600000, 0x0000000082600000|100%| O|  |TAMS 0x0000000082500000, 0x0000000082500000| Untracked 
|  38|0x0000000082600000, 0x0000000082700000, 0x0000000082700000|100%| O|  |TAMS 0x0000000082600000, 0x0000000082600000| Untracked 
|  39|0x0000000082700000, 0x0000000082800000, 0x0000000082800000|100%| O|  |TAMS 0x0000000082700000, 0x0000000082700000| Untracked 
|  40|0x0000000082800000, 0x0000000082900000, 0x0000000082900000|100%| O|  |TAMS 0x0000000082800000, 0x0000000082800000| Untracked 
|  41|0x0000000082900000, 0x0000000082a00000, 0x0000000082a00000|100%| O|  |TAMS 0x0000000082900000, 0x0000000082900000| Untracked 
|  42|0x0000000082a00000, 0x0000000082b00000, 0x0000000082b00000|100%| O|  |TAMS 0x0000000082a00000, 0x0000000082a00000| Untracked 
|  43|0x0000000082b00000, 0x0000000082c00000, 0x0000000082c00000|100%| O|  |TAMS 0x0000000082b00000, 0x0000000082b00000| Untracked 
|  44|0x0000000082c00000, 0x0000000082d00000, 0x0000000082d00000|100%| O|  |TAMS 0x0000000082c00000, 0x0000000082c00000| Untracked 
|  45|0x0000000082d00000, 0x0000000082e00000, 0x0000000082e00000|100%| O|  |TAMS 0x0000000082d00000, 0x0000000082d00000| Untracked 
|  46|0x0000000082e00000, 0x0000000082f00000, 0x0000000082f00000|100%| O|  |TAMS 0x0000000082e00000, 0x0000000082e00000| Untracked 
|  47|0x0000000082f00000, 0x0000000083000000, 0x0000000083000000|100%| O|  |TAMS 0x0000000082f00000, 0x0000000082f00000| Untracked 
|  48|0x0000000083000000, 0x0000000083100000, 0x0000000083100000|100%| O|  |TAMS 0x0000000083000000, 0x0000000083000000| Untracked 
|  49|0x0000000083100000, 0x0000000083200000, 0x0000000083200000|100%| O|  |TAMS 0x0000000083100000, 0x0000000083100000| Untracked 
|  50|0x0000000083200000, 0x0000000083300000, 0x0000000083300000|100%| O|  |TAMS 0x0000000083200000, 0x0000000083200000| Untracked 
|  51|0x0000000083300000, 0x0000000083400000, 0x0000000083400000|100%| O|  |TAMS 0x0000000083300000, 0x0000000083300000| Untracked 
|  52|0x0000000083400000, 0x0000000083500000, 0x0000000083500000|100%| O|  |TAMS 0x0000000083400000, 0x0000000083400000| Untracked 
|  53|0x0000000083500000, 0x0000000083600000, 0x0000000083600000|100%| O|  |TAMS 0x0000000083500000, 0x0000000083500000| Untracked 
|  54|0x0000000083600000, 0x0000000083680000, 0x0000000083700000| 50%| O|  |TAMS 0x0000000083600000, 0x0000000083600000| Untracked 
|  55|0x0000000083700000, 0x0000000083700000, 0x0000000083800000|  0%| F|  |TAMS 0x0000000083700000, 0x0000000083700000| Untracked 
|  56|0x0000000083800000, 0x0000000083800000, 0x0000000083900000|  0%| F|  |TAMS 0x0000000083800000, 0x0000000083800000| Untracked 
|  57|0x0000000083900000, 0x0000000083900000, 0x0000000083a00000|  0%| F|  |TAMS 0x0000000083900000, 0x0000000083900000| Untracked 
|  58|0x0000000083a00000, 0x0000000083a00000, 0x0000000083b00000|  0%| F|  |TAMS 0x0000000083a00000, 0x0000000083a00000| Untracked 
|  59|0x0000000083b00000, 0x0000000083b00000, 0x0000000083c00000|  0%| F|  |TAMS 0x0000000083b00000, 0x0000000083b00000| Untracked 
|  60|0x0000000083c00000, 0x0000000083c00000, 0x0000000083d00000|  0%| F|  |TAMS 0x0000000083c00000, 0x0000000083c00000| Untracked 
|  61|0x0000000083d00000, 0x0000000083d00000, 0x0000000083e00000|  0%| F|  |TAMS 0x0000000083d00000, 0x0000000083d00000| Untracked 
|  62|0x0000000083e00000, 0x0000000083e00000, 0x0000000083f00000|  0%| F|  |TAMS 0x0000000083e00000, 0x0000000083e00000| Untracked 
|  63|0x0000000083f00000, 0x0000000083f00000, 0x0000000084000000|  0%| F|  |TAMS 0x0000000083f00000, 0x0000000083f00000| Untracked 
|  64|0x0000000084000000, 0x0000000084000000, 0x0000000084100000|  0%| F|  |TAMS 0x0000000084000000, 0x0000000084000000| Untracked 
|  65|0x0000000084100000, 0x0000000084100000, 0x0000000084200000|  0%| F|  |TAMS 0x0000000084100000, 0x0000000084100000| Untracked 
|  66|0x0000000084200000, 0x0000000084200000, 0x0000000084300000|  0%| F|  |TAMS 0x0000000084200000, 0x0000000084200000| Untracked 
|  67|0x0000000084300000, 0x0000000084300000, 0x0000000084400000|  0%| F|  |TAMS 0x0000000084300000, 0x0000000084300000| Untracked 
|  68|0x0000000084400000, 0x0000000084400000, 0x0000000084500000|  0%| F|  |TAMS 0x0000000084400000, 0x0000000084400000| Untracked 
|  69|0x0000000084500000, 0x0000000084500000, 0x0000000084600000|  0%| F|  |TAMS 0x0000000084500000, 0x0000000084500000| Untracked 
|  70|0x0000000084600000, 0x0000000084600000, 0x0000000084700000|  0%| F|  |TAMS 0x0000000084600000, 0x0000000084600000| Untracked 
|  71|0x0000000084700000, 0x0000000084700000, 0x0000000084800000|  0%| F|  |TAMS 0x0000000084700000, 0x0000000084700000| Untracked 
|  72|0x0000000084800000, 0x0000000084800000, 0x0000000084900000|  0%| F|  |TAMS 0x0000000084800000, 0x0000000084800000| Untracked 
|  73|0x0000000084900000, 0x0000000084900000, 0x0000000084a00000|  0%| F|  |TAMS 0x0000000084900000, 0x0000000084900000| Untracked 
|  74|0x0000000084a00000, 0x0000000084a00000, 0x0000000084b00000|  0%| F|  |TAMS 0x0000000084a00000, 0x0000000084a00000| Untracked 
|  75|0x0000000084b00000, 0x0000000084b00000, 0x0000000084c00000|  0%| F|  |TAMS 0x0000000084b00000, 0x0000000084b00000| Untracked 
|  76|0x0000000084c00000, 0x0000000084c00000, 0x0000000084d00000|  0%| F|  |TAMS 0x0000000084c00000, 0x0000000084c00000| Untracked 
|  77|0x0000000084d00000, 0x0000000084d00000, 0x0000000084e00000|  0%| F|  |TAMS 0x0000000084d00000, 0x0000000084d00000| Untracked 
|  78|0x0000000084e00000, 0x0000000084e00000, 0x0000000084f00000|  0%| F|  |TAMS 0x0000000084e00000, 0x0000000084e00000| Untracked 
|  79|0x0000000084f00000, 0x0000000084f00000, 0x0000000085000000|  0%| F|  |TAMS 0x0000000084f00000, 0x0000000084f00000| Untracked 
|  80|0x0000000085000000, 0x0000000085000000, 0x0000000085100000|  0%| F|  |TAMS 0x0000000085000000, 0x0000000085000000| Untracked 
|  81|0x0000000085100000, 0x0000000085100000, 0x0000000085200000|  0%| F|  |TAMS 0x0000000085100000, 0x0000000085100000| Untracked 
|  82|0x0000000085200000, 0x0000000085200000, 0x0000000085300000|  0%| F|  |TAMS 0x0000000085200000, 0x0000000085200000| Untracked 
|  83|0x0000000085300000, 0x0000000085300000, 0x0000000085400000|  0%| F|  |TAMS 0x0000000085300000, 0x0000000085300000| Untracked 
|  84|0x0000000085400000, 0x0000000085400000, 0x0000000085500000|  0%| F|  |TAMS 0x0000000085400000, 0x0000000085400000| Untracked 
|  85|0x0000000085500000, 0x0000000085500000, 0x0000000085600000|  0%| F|  |TAMS 0x0000000085500000, 0x0000000085500000| Untracked 
|  86|0x0000000085600000, 0x0000000085600000, 0x0000000085700000|  0%| F|  |TAMS 0x0000000085600000, 0x0000000085600000| Untracked 
|  87|0x0000000085700000, 0x0000000085700000, 0x0000000085800000|  0%| F|  |TAMS 0x0000000085700000, 0x0000000085700000| Untracked 
|  88|0x0000000085800000, 0x0000000085800000, 0x0000000085900000|  0%| F|  |TAMS 0x0000000085800000, 0x0000000085800000| Untracked 
|  89|0x0000000085900000, 0x0000000085900000, 0x0000000085a00000|  0%| F|  |TAMS 0x0000000085900000, 0x0000000085900000| Untracked 
|  90|0x0000000085a00000, 0x0000000085a00000, 0x0000000085b00000|  0%| F|  |TAMS 0x0000000085a00000, 0x0000000085a00000| Untracked 
|  91|0x0000000085b00000, 0x0000000085b00000, 0x0000000085c00000|  0%| F|  |TAMS 0x0000000085b00000, 0x0000000085b00000| Untracked 
|  92|0x0000000085c00000, 0x0000000085c00000, 0x0000000085d00000|  0%| F|  |TAMS 0x0000000085c00000, 0x0000000085c00000| Untracked 
|  93|0x0000000085d00000, 0x0000000085d00000, 0x0000000085e00000|  0%| F|  |TAMS 0x0000000085d00000, 0x0000000085d00000| Untracked 
|  94|0x0000000085e00000, 0x0000000085e00000, 0x0000000085f00000|  0%| F|  |TAMS 0x0000000085e00000, 0x0000000085e00000| Untracked 
|  95|0x0000000085f00000, 0x0000000085f00000, 0x0000000086000000|  0%| F|  |TAMS 0x0000000085f00000, 0x0000000085f00000| Untracked 
|  96|0x0000000086000000, 0x0000000086000000, 0x0000000086100000|  0%| F|  |TAMS 0x0000000086000000, 0x0000000086000000| Untracked 
|  97|0x0000000086100000, 0x0000000086100000, 0x0000000086200000|  0%| F|  |TAMS 0x0000000086100000, 0x0000000086100000| Untracked 
|  98|0x0000000086200000, 0x0000000086200000, 0x0000000086300000|  0%| F|  |TAMS 0x0000000086200000, 0x0000000086200000| Untracked 
|  99|0x0000000086300000, 0x0000000086300000, 0x0000000086400000|  0%| F|  |TAMS 0x0000000086300000, 0x0000000086300000| Untracked 
| 100|0x0000000086400000, 0x0000000086400000, 0x0000000086500000|  0%| F|  |TAMS 0x0000000086400000, 0x0000000086400000| Untracked 
| 101|0x0000000086500000, 0x0000000086500000, 0x0000000086600000|  0%| F|  |TAMS 0x0000000086500000, 0x0000000086500000| Untracked 
| 102|0x0000000086600000, 0x0000000086600000, 0x0000000086700000|  0%| F|  |TAMS 0x0000000086600000, 0x0000000086600000| Untracked 
| 103|0x0000000086700000, 0x0000000086700000, 0x0000000086800000|  0%| F|  |TAMS 0x0000000086700000, 0x0000000086700000| Untracked 
| 104|0x0000000086800000, 0x0000000086800000, 0x0000000086900000|  0%| F|  |TAMS 0x0000000086800000, 0x0000000086800000| Untracked 
| 105|0x0000000086900000, 0x0000000086900000, 0x0000000086a00000|  0%| F|  |TAMS 0x0000000086900000, 0x0000000086900000| Untracked 
| 106|0x0000000086a00000, 0x0000000086a00000, 0x0000000086b00000|  0%| F|  |TAMS 0x0000000086a00000, 0x0000000086a00000| Untracked 
| 107|0x0000000086b00000, 0x0000000086b80000, 0x0000000086c00000| 50%| S|CS|TAMS 0x0000000086b00000, 0x0000000086b00000| Complete 
| 108|0x0000000086c00000, 0x0000000086d00000, 0x0000000086d00000|100%| S|CS|TAMS 0x0000000086c00000, 0x0000000086c00000| Complete 
| 109|0x0000000086d00000, 0x0000000086e00000, 0x0000000086e00000|100%| S|CS|TAMS 0x0000000086d00000, 0x0000000086d00000| Complete 
| 110|0x0000000086e00000, 0x0000000086f00000, 0x0000000086f00000|100%| S|CS|TAMS 0x0000000086e00000, 0x0000000086e00000| Complete 
| 111|0x0000000086f00000, 0x0000000087000000, 0x0000000087000000|100%| S|CS|TAMS 0x0000000086f00000, 0x0000000086f00000| Complete 
| 112|0x0000000087000000, 0x0000000087100000, 0x0000000087100000|100%| S|CS|TAMS 0x0000000087000000, 0x0000000087000000| Complete 
| 113|0x0000000087100000, 0x0000000087200000, 0x0000000087200000|100%| S|CS|TAMS 0x0000000087100000, 0x0000000087100000| Complete 
| 114|0x0000000087200000, 0x0000000087300000, 0x0000000087300000|100%| S|CS|TAMS 0x0000000087200000, 0x0000000087200000| Complete 
| 115|0x0000000087300000, 0x0000000087400000, 0x0000000087400000|100%| S|CS|TAMS 0x0000000087300000, 0x0000000087300000| Complete 
| 116|0x0000000087400000, 0x0000000087500000, 0x0000000087500000|100%| S|CS|TAMS 0x0000000087400000, 0x0000000087400000| Complete 
| 117|0x0000000087500000, 0x0000000087500000, 0x0000000087600000|  0%| F|  |TAMS 0x0000000087500000, 0x0000000087500000| Untracked 
| 118|0x0000000087600000, 0x0000000087600000, 0x0000000087700000|  0%| F|  |TAMS 0x0000000087600000, 0x0000000087600000| Untracked 
| 119|0x0000000087700000, 0x0000000087700000, 0x0000000087800000|  0%| F|  |TAMS 0x0000000087700000, 0x0000000087700000| Untracked 
| 120|0x0000000087800000, 0x0000000087800000, 0x0000000087900000|  0%| F|  |TAMS 0x0000000087800000, 0x0000000087800000| Untracked 
| 121|0x0000000087900000, 0x0000000087900000, 0x0000000087a00000|  0%| F|  |TAMS 0x0000000087900000, 0x0000000087900000| Untracked 
| 122|0x0000000087a00000, 0x0000000087a00000, 0x0000000087b00000|  0%| F|  |TAMS 0x0000000087a00000, 0x0000000087a00000| Untracked 
| 123|0x0000000087b00000, 0x0000000087b00000, 0x0000000087c00000|  0%| F|  |TAMS 0x0000000087b00000, 0x0000000087b00000| Untracked 
| 124|0x0000000087c00000, 0x0000000087c00000, 0x0000000087d00000|  0%| F|  |TAMS 0x0000000087c00000, 0x0000000087c00000| Untracked 
| 125|0x0000000087d00000, 0x0000000087d00000, 0x0000000087e00000|  0%| F|  |TAMS 0x0000000087d00000, 0x0000000087d00000| Untracked 
| 126|0x0000000087e00000, 0x0000000087e00000, 0x0000000087f00000|  0%| F|  |TAMS 0x0000000087e00000, 0x0000000087e00000| Untracked 
| 127|0x0000000087f00000, 0x0000000087f00000, 0x0000000088000000|  0%| F|  |TAMS 0x0000000087f00000, 0x0000000087f00000| Untracked 
| 128|0x0000000088000000, 0x0000000088000000, 0x0000000088100000|  0%| F|  |TAMS 0x0000000088000000, 0x0000000088000000| Untracked 
| 129|0x0000000088100000, 0x0000000088100000, 0x0000000088200000|  0%| F|  |TAMS 0x0000000088100000, 0x0000000088100000| Untracked 
| 130|0x0000000088200000, 0x0000000088200000, 0x0000000088300000|  0%| F|  |TAMS 0x0000000088200000, 0x0000000088200000| Untracked 
| 131|0x0000000088300000, 0x0000000088300000, 0x0000000088400000|  0%| F|  |TAMS 0x0000000088300000, 0x0000000088300000| Untracked 
| 132|0x0000000088400000, 0x0000000088400000, 0x0000000088500000|  0%| F|  |TAMS 0x0000000088400000, 0x0000000088400000| Untracked 
| 133|0x0000000088500000, 0x0000000088500000, 0x0000000088600000|  0%| F|  |TAMS 0x0000000088500000, 0x0000000088500000| Untracked 
| 134|0x0000000088600000, 0x0000000088600000, 0x0000000088700000|  0%| F|  |TAMS 0x0000000088600000, 0x0000000088600000| Untracked 
| 135|0x0000000088700000, 0x0000000088700000, 0x0000000088800000|  0%| F|  |TAMS 0x0000000088700000, 0x0000000088700000| Untracked 
| 136|0x0000000088800000, 0x0000000088800000, 0x0000000088900000|  0%| F|  |TAMS 0x0000000088800000, 0x0000000088800000| Untracked 
| 137|0x0000000088900000, 0x0000000088900000, 0x0000000088a00000|  0%| F|  |TAMS 0x0000000088900000, 0x0000000088900000| Untracked 
| 138|0x0000000088a00000, 0x0000000088a00000, 0x0000000088b00000|  0%| F|  |TAMS 0x0000000088a00000, 0x0000000088a00000| Untracked 
| 139|0x0000000088b00000, 0x0000000088b00000, 0x0000000088c00000|  0%| F|  |TAMS 0x0000000088b00000, 0x0000000088b00000| Untracked 
| 140|0x0000000088c00000, 0x0000000088c00000, 0x0000000088d00000|  0%| F|  |TAMS 0x0000000088c00000, 0x0000000088c00000| Untracked 
| 141|0x0000000088d00000, 0x0000000088d00000, 0x0000000088e00000|  0%| F|  |TAMS 0x0000000088d00000, 0x0000000088d00000| Untracked 
| 142|0x0000000088e00000, 0x0000000088e00000, 0x0000000088f00000|  0%| F|  |TAMS 0x0000000088e00000, 0x0000000088e00000| Untracked 
| 143|0x0000000088f00000, 0x0000000088f00000, 0x0000000089000000|  0%| F|  |TAMS 0x0000000088f00000, 0x0000000088f00000| Untracked 
| 144|0x0000000089000000, 0x0000000089000000, 0x0000000089100000|  0%| F|  |TAMS 0x0000000089000000, 0x0000000089000000| Untracked 
| 145|0x0000000089100000, 0x0000000089100000, 0x0000000089200000|  0%| F|  |TAMS 0x0000000089100000, 0x0000000089100000| Untracked 
| 146|0x0000000089200000, 0x0000000089200000, 0x0000000089300000|  0%| F|  |TAMS 0x0000000089200000, 0x0000000089200000| Untracked 
| 147|0x0000000089300000, 0x0000000089300000, 0x0000000089400000|  0%| F|  |TAMS 0x0000000089300000, 0x0000000089300000| Untracked 
| 148|0x0000000089400000, 0x0000000089400000, 0x0000000089500000|  0%| F|  |TAMS 0x0000000089400000, 0x0000000089400000| Untracked 
| 149|0x0000000089500000, 0x0000000089500000, 0x0000000089600000|  0%| F|  |TAMS 0x0000000089500000, 0x0000000089500000| Untracked 
| 150|0x0000000089600000, 0x0000000089600000, 0x0000000089700000|  0%| F|  |TAMS 0x0000000089600000, 0x0000000089600000| Untracked 
| 151|0x0000000089700000, 0x0000000089700000, 0x0000000089800000|  0%| F|  |TAMS 0x0000000089700000, 0x0000000089700000| Untracked 
| 152|0x0000000089800000, 0x0000000089800000, 0x0000000089900000|  0%| F|  |TAMS 0x0000000089800000, 0x0000000089800000| Untracked 
| 153|0x0000000089900000, 0x0000000089900000, 0x0000000089a00000|  0%| F|  |TAMS 0x0000000089900000, 0x0000000089900000| Untracked 
| 154|0x0000000089a00000, 0x0000000089a00000, 0x0000000089b00000|  0%| F|  |TAMS 0x0000000089a00000, 0x0000000089a00000| Untracked 
| 155|0x0000000089b00000, 0x0000000089b00000, 0x0000000089c00000|  0%| F|  |TAMS 0x0000000089b00000, 0x0000000089b00000| Untracked 
| 156|0x0000000089c00000, 0x0000000089c00000, 0x0000000089d00000|  0%| F|  |TAMS 0x0000000089c00000, 0x0000000089c00000| Untracked 
| 157|0x0000000089d00000, 0x0000000089d00000, 0x0000000089e00000|  0%| F|  |TAMS 0x0000000089d00000, 0x0000000089d00000| Untracked 
| 158|0x0000000089e00000, 0x0000000089e00000, 0x0000000089f00000|  0%| F|  |TAMS 0x0000000089e00000, 0x0000000089e00000| Untracked 
| 159|0x0000000089f00000, 0x0000000089f00000, 0x000000008a000000|  0%| F|  |TAMS 0x0000000089f00000, 0x0000000089f00000| Untracked 
| 160|0x000000008a000000, 0x000000008a000000, 0x000000008a100000|  0%| F|  |TAMS 0x000000008a000000, 0x000000008a000000| Untracked 
| 161|0x000000008a100000, 0x000000008a100000, 0x000000008a200000|  0%| F|  |TAMS 0x000000008a100000, 0x000000008a100000| Untracked 
| 162|0x000000008a200000, 0x000000008a200000, 0x000000008a300000|  0%| F|  |TAMS 0x000000008a200000, 0x000000008a200000| Untracked 
| 163|0x000000008a300000, 0x000000008a300000, 0x000000008a400000|  0%| F|  |TAMS 0x000000008a300000, 0x000000008a300000| Untracked 
| 164|0x000000008a400000, 0x000000008a400000, 0x000000008a500000|  0%| F|  |TAMS 0x000000008a400000, 0x000000008a400000| Untracked 
| 165|0x000000008a500000, 0x000000008a500000, 0x000000008a600000|  0%| F|  |TAMS 0x000000008a500000, 0x000000008a500000| Untracked 
| 166|0x000000008a600000, 0x000000008a600000, 0x000000008a700000|  0%| F|  |TAMS 0x000000008a600000, 0x000000008a600000| Untracked 
| 167|0x000000008a700000, 0x000000008a700000, 0x000000008a800000|  0%| F|  |TAMS 0x000000008a700000, 0x000000008a700000| Untracked 
| 168|0x000000008a800000, 0x000000008a800000, 0x000000008a900000|  0%| F|  |TAMS 0x000000008a800000, 0x000000008a800000| Untracked 
| 169|0x000000008a900000, 0x000000008a900000, 0x000000008aa00000|  0%| F|  |TAMS 0x000000008a900000, 0x000000008a900000| Untracked 
| 170|0x000000008aa00000, 0x000000008aa00000, 0x000000008ab00000|  0%| F|  |TAMS 0x000000008aa00000, 0x000000008aa00000| Untracked 
| 171|0x000000008ab00000, 0x000000008ab00000, 0x000000008ac00000|  0%| F|  |TAMS 0x000000008ab00000, 0x000000008ab00000| Untracked 
| 172|0x000000008ac00000, 0x000000008ac00000, 0x000000008ad00000|  0%| F|  |TAMS 0x000000008ac00000, 0x000000008ac00000| Untracked 
| 173|0x000000008ad00000, 0x000000008ad00000, 0x000000008ae00000|  0%| F|  |TAMS 0x000000008ad00000, 0x000000008ad00000| Untracked 
| 174|0x000000008ae00000, 0x000000008ae00000, 0x000000008af00000|  0%| F|  |TAMS 0x000000008ae00000, 0x000000008ae00000| Untracked 
| 175|0x000000008af00000, 0x000000008af00000, 0x000000008b000000|  0%| F|  |TAMS 0x000000008af00000, 0x000000008af00000| Untracked 
| 176|0x000000008b000000, 0x000000008b000000, 0x000000008b100000|  0%| F|  |TAMS 0x000000008b000000, 0x000000008b000000| Untracked 
| 177|0x000000008b100000, 0x000000008b100000, 0x000000008b200000|  0%| F|  |TAMS 0x000000008b100000, 0x000000008b100000| Untracked 
| 178|0x000000008b200000, 0x000000008b200000, 0x000000008b300000|  0%| F|  |TAMS 0x000000008b200000, 0x000000008b200000| Untracked 
| 179|0x000000008b300000, 0x000000008b300000, 0x000000008b400000|  0%| F|  |TAMS 0x000000008b300000, 0x000000008b300000| Untracked 
| 180|0x000000008b400000, 0x000000008b400000, 0x000000008b500000|  0%| F|  |TAMS 0x000000008b400000, 0x000000008b400000| Untracked 
| 181|0x000000008b500000, 0x000000008b500000, 0x000000008b600000|  0%| F|  |TAMS 0x000000008b500000, 0x000000008b500000| Untracked 
| 182|0x000000008b600000, 0x000000008b600000, 0x000000008b700000|  0%| F|  |TAMS 0x000000008b600000, 0x000000008b600000| Untracked 
| 183|0x000000008b700000, 0x000000008b700000, 0x000000008b800000|  0%| F|  |TAMS 0x000000008b700000, 0x000000008b700000| Untracked 
| 184|0x000000008b800000, 0x000000008b800000, 0x000000008b900000|  0%| F|  |TAMS 0x000000008b800000, 0x000000008b800000| Untracked 
| 185|0x000000008b900000, 0x000000008b900000, 0x000000008ba00000|  0%| F|  |TAMS 0x000000008b900000, 0x000000008b900000| Untracked 
| 186|0x000000008ba00000, 0x000000008ba00000, 0x000000008bb00000|  0%| F|  |TAMS 0x000000008ba00000, 0x000000008ba00000| Untracked 
| 187|0x000000008bb00000, 0x000000008bb00000, 0x000000008bc00000|  0%| F|  |TAMS 0x000000008bb00000, 0x000000008bb00000| Untracked 
| 188|0x000000008bc00000, 0x000000008bc00000, 0x000000008bd00000|  0%| F|  |TAMS 0x000000008bc00000, 0x000000008bc00000| Untracked 
| 189|0x000000008bd00000, 0x000000008bd00000, 0x000000008be00000|  0%| F|  |TAMS 0x000000008bd00000, 0x000000008bd00000| Untracked 
| 190|0x000000008be00000, 0x000000008be00000, 0x000000008bf00000|  0%| F|  |TAMS 0x000000008be00000, 0x000000008be00000| Untracked 
| 191|0x000000008bf00000, 0x000000008bf00000, 0x000000008c000000|  0%| F|  |TAMS 0x000000008bf00000, 0x000000008bf00000| Untracked 
| 192|0x000000008c000000, 0x000000008c000000, 0x000000008c100000|  0%| F|  |TAMS 0x000000008c000000, 0x000000008c000000| Untracked 
| 193|0x000000008c100000, 0x000000008c100000, 0x000000008c200000|  0%| F|  |TAMS 0x000000008c100000, 0x000000008c100000| Untracked 
| 194|0x000000008c200000, 0x000000008c200000, 0x000000008c300000|  0%| F|  |TAMS 0x000000008c200000, 0x000000008c200000| Untracked 
| 195|0x000000008c300000, 0x000000008c300000, 0x000000008c400000|  0%| F|  |TAMS 0x000000008c300000, 0x000000008c300000| Untracked 
| 196|0x000000008c400000, 0x000000008c400000, 0x000000008c500000|  0%| F|  |TAMS 0x000000008c400000, 0x000000008c400000| Untracked 
| 197|0x000000008c500000, 0x000000008c500000, 0x000000008c600000|  0%| F|  |TAMS 0x000000008c500000, 0x000000008c500000| Untracked 
| 198|0x000000008c600000, 0x000000008c600000, 0x000000008c700000|  0%| F|  |TAMS 0x000000008c600000, 0x000000008c600000| Untracked 
| 199|0x000000008c700000, 0x000000008c700000, 0x000000008c800000|  0%| F|  |TAMS 0x000000008c700000, 0x000000008c700000| Untracked 
| 200|0x000000008c800000, 0x000000008c800000, 0x000000008c900000|  0%| F|  |TAMS 0x000000008c800000, 0x000000008c800000| Untracked 
| 201|0x000000008c900000, 0x000000008c900000, 0x000000008ca00000|  0%| F|  |TAMS 0x000000008c900000, 0x000000008c900000| Untracked 
| 202|0x000000008ca00000, 0x000000008ca00000, 0x000000008cb00000|  0%| F|  |TAMS 0x000000008ca00000, 0x000000008ca00000| Untracked 
| 203|0x000000008cb00000, 0x000000008cb00000, 0x000000008cc00000|  0%| F|  |TAMS 0x000000008cb00000, 0x000000008cb00000| Untracked 
| 204|0x000000008cc00000, 0x000000008cc00000, 0x000000008cd00000|  0%| F|  |TAMS 0x000000008cc00000, 0x000000008cc00000| Untracked 
| 205|0x000000008cd00000, 0x000000008cd00000, 0x000000008ce00000|  0%| F|  |TAMS 0x000000008cd00000, 0x000000008cd00000| Untracked 
| 206|0x000000008ce00000, 0x000000008ce00000, 0x000000008cf00000|  0%| F|  |TAMS 0x000000008ce00000, 0x000000008ce00000| Untracked 
| 207|0x000000008cf00000, 0x000000008cf00000, 0x000000008d000000|  0%| F|  |TAMS 0x000000008cf00000, 0x000000008cf00000| Untracked 
| 208|0x000000008d000000, 0x000000008d000000, 0x000000008d100000|  0%| F|  |TAMS 0x000000008d000000, 0x000000008d000000| Untracked 
| 209|0x000000008d100000, 0x000000008d100000, 0x000000008d200000|  0%| F|  |TAMS 0x000000008d100000, 0x000000008d100000| Untracked 
| 210|0x000000008d200000, 0x000000008d200000, 0x000000008d300000|  0%| F|  |TAMS 0x000000008d200000, 0x000000008d200000| Untracked 
| 211|0x000000008d300000, 0x000000008d300000, 0x000000008d400000|  0%| F|  |TAMS 0x000000008d300000, 0x000000008d300000| Untracked 
| 212|0x000000008d400000, 0x000000008d400000, 0x000000008d500000|  0%| F|  |TAMS 0x000000008d400000, 0x000000008d400000| Untracked 
| 213|0x000000008d500000, 0x000000008d500000, 0x000000008d600000|  0%| F|  |TAMS 0x000000008d500000, 0x000000008d500000| Untracked 
| 214|0x000000008d600000, 0x000000008d600000, 0x000000008d700000|  0%| F|  |TAMS 0x000000008d600000, 0x000000008d600000| Untracked 
| 215|0x000000008d700000, 0x000000008d700000, 0x000000008d800000|  0%| F|  |TAMS 0x000000008d700000, 0x000000008d700000| Untracked 
| 216|0x000000008d800000, 0x000000008d800000, 0x000000008d900000|  0%| F|  |TAMS 0x000000008d800000, 0x000000008d800000| Untracked 
| 217|0x000000008d900000, 0x000000008d900000, 0x000000008da00000|  0%| F|  |TAMS 0x000000008d900000, 0x000000008d900000| Untracked 
| 218|0x000000008da00000, 0x000000008da00000, 0x000000008db00000|  0%| F|  |TAMS 0x000000008da00000, 0x000000008da00000| Untracked 
| 219|0x000000008db00000, 0x000000008db00000, 0x000000008dc00000|  0%| F|  |TAMS 0x000000008db00000, 0x000000008db00000| Untracked 
| 220|0x000000008dc00000, 0x000000008dc00000, 0x000000008dd00000|  0%| F|  |TAMS 0x000000008dc00000, 0x000000008dc00000| Untracked 
| 221|0x000000008dd00000, 0x000000008dd00000, 0x000000008de00000|  0%| F|  |TAMS 0x000000008dd00000, 0x000000008dd00000| Untracked 
| 222|0x000000008de00000, 0x000000008de00000, 0x000000008df00000|  0%| F|  |TAMS 0x000000008de00000, 0x000000008de00000| Untracked 
| 223|0x000000008df00000, 0x000000008df00000, 0x000000008e000000|  0%| F|  |TAMS 0x000000008df00000, 0x000000008df00000| Untracked 
| 224|0x000000008e000000, 0x000000008e000000, 0x000000008e100000|  0%| F|  |TAMS 0x000000008e000000, 0x000000008e000000| Untracked 
| 225|0x000000008e100000, 0x000000008e100000, 0x000000008e200000|  0%| F|  |TAMS 0x000000008e100000, 0x000000008e100000| Untracked 
| 226|0x000000008e200000, 0x000000008e200000, 0x000000008e300000|  0%| F|  |TAMS 0x000000008e200000, 0x000000008e200000| Untracked 
| 227|0x000000008e300000, 0x000000008e300000, 0x000000008e400000|  0%| F|  |TAMS 0x000000008e300000, 0x000000008e300000| Untracked 
| 228|0x000000008e400000, 0x000000008e400000, 0x000000008e500000|  0%| F|  |TAMS 0x000000008e400000, 0x000000008e400000| Untracked 
| 229|0x000000008e500000, 0x000000008e500000, 0x000000008e600000|  0%| F|  |TAMS 0x000000008e500000, 0x000000008e500000| Untracked 
| 230|0x000000008e600000, 0x000000008e600000, 0x000000008e700000|  0%| F|  |TAMS 0x000000008e600000, 0x000000008e600000| Untracked 
| 231|0x000000008e700000, 0x000000008e700000, 0x000000008e800000|  0%| F|  |TAMS 0x000000008e700000, 0x000000008e700000| Untracked 
| 232|0x000000008e800000, 0x000000008e800000, 0x000000008e900000|  0%| F|  |TAMS 0x000000008e800000, 0x000000008e800000| Untracked 
| 233|0x000000008e900000, 0x000000008e900000, 0x000000008ea00000|  0%| F|  |TAMS 0x000000008e900000, 0x000000008e900000| Untracked 
| 234|0x000000008ea00000, 0x000000008ea00000, 0x000000008eb00000|  0%| F|  |TAMS 0x000000008ea00000, 0x000000008ea00000| Untracked 
| 235|0x000000008eb00000, 0x000000008eb00000, 0x000000008ec00000|  0%| F|  |TAMS 0x000000008eb00000, 0x000000008eb00000| Untracked 
| 236|0x000000008ec00000, 0x000000008ec00000, 0x000000008ed00000|  0%| F|  |TAMS 0x000000008ec00000, 0x000000008ec00000| Untracked 
| 237|0x000000008ed00000, 0x000000008ed00000, 0x000000008ee00000|  0%| F|  |TAMS 0x000000008ed00000, 0x000000008ed00000| Untracked 
| 238|0x000000008ee00000, 0x000000008ee00000, 0x000000008ef00000|  0%| F|  |TAMS 0x000000008ee00000, 0x000000008ee00000| Untracked 
| 239|0x000000008ef00000, 0x000000008ef00000, 0x000000008f000000|  0%| F|  |TAMS 0x000000008ef00000, 0x000000008ef00000| Untracked 
| 240|0x000000008f000000, 0x000000008f000000, 0x000000008f100000|  0%| F|  |TAMS 0x000000008f000000, 0x000000008f000000| Untracked 
| 241|0x000000008f100000, 0x000000008f100000, 0x000000008f200000|  0%| F|  |TAMS 0x000000008f100000, 0x000000008f100000| Untracked 
| 242|0x000000008f200000, 0x000000008f200000, 0x000000008f300000|  0%| F|  |TAMS 0x000000008f200000, 0x000000008f200000| Untracked 
| 243|0x000000008f300000, 0x000000008f300000, 0x000000008f400000|  0%| F|  |TAMS 0x000000008f300000, 0x000000008f300000| Untracked 
| 244|0x000000008f400000, 0x000000008f400000, 0x000000008f500000|  0%| F|  |TAMS 0x000000008f400000, 0x000000008f400000| Untracked 
| 245|0x000000008f500000, 0x000000008f500000, 0x000000008f600000|  0%| F|  |TAMS 0x000000008f500000, 0x000000008f500000| Untracked 
| 246|0x000000008f600000, 0x000000008f600000, 0x000000008f700000|  0%| F|  |TAMS 0x000000008f600000, 0x000000008f600000| Untracked 
| 247|0x000000008f700000, 0x000000008f700000, 0x000000008f800000|  0%| F|  |TAMS 0x000000008f700000, 0x000000008f700000| Untracked 
| 248|0x000000008f800000, 0x000000008f800000, 0x000000008f900000|  0%| F|  |TAMS 0x000000008f800000, 0x000000008f800000| Untracked 
| 249|0x000000008f900000, 0x000000008f900000, 0x000000008fa00000|  0%| F|  |TAMS 0x000000008f900000, 0x000000008f900000| Untracked 
| 250|0x000000008fa00000, 0x000000008fa00000, 0x000000008fb00000|  0%| F|  |TAMS 0x000000008fa00000, 0x000000008fa00000| Untracked 
| 251|0x000000008fb00000, 0x000000008fb00000, 0x000000008fc00000|  0%| F|  |TAMS 0x000000008fb00000, 0x000000008fb00000| Untracked 
| 252|0x000000008fc00000, 0x000000008fc00000, 0x000000008fd00000|  0%| F|  |TAMS 0x000000008fc00000, 0x000000008fc00000| Untracked 
| 253|0x000000008fd00000, 0x000000008fd00000, 0x000000008fe00000|  0%| F|  |TAMS 0x000000008fd00000, 0x000000008fd00000| Untracked 
| 254|0x000000008fe00000, 0x000000008fe00000, 0x000000008ff00000|  0%| F|  |TAMS 0x000000008fe00000, 0x000000008fe00000| Untracked 
| 255|0x000000008ff00000, 0x000000008ff00000, 0x0000000090000000|  0%| F|  |TAMS 0x000000008ff00000, 0x000000008ff00000| Untracked 

Card table byte_map: [0x0000025afb830000,0x0000025afbc30000] _byte_map_base: 0x0000025afb430000

Marking Bits (Prev, Next): (CMBitMap*) 0x0000025af796d620, (CMBitMap*) 0x0000025af796d5e8
 Prev Bits: [0x0000025a8f000000, 0x0000025a91000000)
 Next Bits: [0x0000025afc030000, 0x0000025afe030000)

Polling page: 0x0000025af5920000

Metaspace:

Usage:
  Non-class:     69.22 MB capacity,    68.03 MB ( 98%) used,   991.86 KB (  1%) free+waste,   223.94 KB ( <1%) overhead. 
      Class:     11.02 MB capacity,    10.28 MB ( 93%) used,   645.89 KB (  6%) free+waste,   104.44 KB ( <1%) overhead. 
       Both:     80.23 MB capacity,    78.31 MB ( 98%) used,     1.60 MB (  2%) free+waste,   328.38 KB ( <1%) overhead. 

Virtual space:
  Non-class space:       70.00 MB reserved,      69.25 MB ( 99%) committed 
      Class space:        1.00 GB reserved,      11.07 MB (  1%) committed 
             Both:        1.07 GB reserved,      80.32 MB (  7%) committed 

Chunk freelists:
   Non-Class:  33.00 KB
       Class:  0 bytes
        Both:  33.00 KB

MaxMetaspaceSize: 17179869184.00 GB
CompressedClassSpaceSize: 1.00 GB

CodeHeap 'non-profiled nmethods': size=120064Kb used=4403Kb max_used=4403Kb free=115660Kb
 bounds [0x0000025a87ac0000, 0x0000025a87f10000, 0x0000025a8f000000]
CodeHeap 'profiled nmethods': size=120000Kb used=17776Kb max_used=17776Kb free=102223Kb
 bounds [0x0000025a80590000, 0x0000025a816f0000, 0x0000025a87ac0000]
CodeHeap 'non-nmethods': size=5696Kb used=2276Kb max_used=2334Kb free=3419Kb
 bounds [0x0000025a80000000, 0x0000025a80270000, 0x0000025a80590000]
 total_blobs=9289 nmethods=8415 adapters=785
 compilation: enabled
              stopped_count=0, restarted_count=0
 full_count=0

Compilation events (20 events):
Event: 8.445 Thread 0x0000025afedeb000 nmethod 8459 0x0000025a816e7a10 code [0x0000025a816e7bc0, 0x0000025a816e7ce8]
Event: 8.445 Thread 0x0000025afedeb000 8457       1       org.gradle.api.internal.file.DefaultFileCollectionFactory$FixedFileCollection::getIntrinsicFiles (5 bytes)
Event: 8.445 Thread 0x0000025afedeb000 nmethod 8457 0x0000025a87f0c910 code [0x0000025a87f0cac0, 0x0000025a87f0cb78]
Event: 8.445 Thread 0x0000025afedeb000 8460       1       org.gradle.internal.snapshot.AbstractFileSystemLocationSnapshot::hasDescendants (2 bytes)
Event: 8.445 Thread 0x0000025afedeb000 nmethod 8460 0x0000025a87f0cc10 code [0x0000025a87f0cdc0, 0x0000025a87f0ce78]
Event: 8.445 Thread 0x0000025afedeb000 8461       3       com.google.common.collect.ImmutableSortedMap::entrySet (5 bytes)
Event: 8.445 Thread 0x0000025afedeb000 nmethod 8461 0x0000025a816e7d90 code [0x0000025a816e7fc0, 0x0000025a816e88a8]
Event: 8.445 Thread 0x0000025afedeb000 8462       3       com.google.common.collect.ImmutableSortedMap$1EntrySet::iterator (5 bytes)
Event: 8.446 Thread 0x0000025afedeb000 nmethod 8462 0x0000025a816e8b90 code [0x0000025a816e8da0, 0x0000025a816e94a8]
Event: 8.446 Thread 0x0000025afedeb000 8463       3       com.google.common.collect.ImmutableListMultimap$Builder::put (7 bytes)
Event: 8.446 Thread 0x0000025afedeb000 nmethod 8463 0x0000025a816e9710 code [0x0000025a816e98e0, 0x0000025a816e9a88]
Event: 8.446 Thread 0x0000025afedeb000 8464   !   3       org.gradle.cache.internal.DefaultFileLockManager$DefaultFileLock::doWriteAction (66 bytes)
Event: 8.446 Thread 0x0000025afedeb000 nmethod 8464 0x0000025a816e9b90 code [0x0000025a816e9e00, 0x0000025a816ea6b8]
Event: 8.446 Thread 0x0000025afedeb000 8465       3       org.gradle.cache.internal.filelock.LockFileAccess::markDirty (21 bytes)
Event: 8.447 Thread 0x0000025afedeb000 nmethod 8465 0x0000025a816eac10 code [0x0000025a816eae00, 0x0000025a816eb148]
Event: 8.447 Thread 0x0000025afedeb000 8466       3       org.gradle.cache.internal.filelock.DefaultLockStateSerializer$SequenceNumberLockState::beforeUpdate (17 bytes)
Event: 8.447 Thread 0x0000025afedeb000 nmethod 8466 0x0000025a816eb310 code [0x0000025a816eb4c0, 0x0000025a816eb6f8]
Event: 8.447 Thread 0x0000025afedeb000 8467       3       org.gradle.cache.internal.filelock.LockFileAccess::markClean (21 bytes)
Event: 8.447 Thread 0x0000025afedeb000 nmethod 8467 0x0000025a816eb810 code [0x0000025a816eba00, 0x0000025a816ebe88]
Event: 8.447 Thread 0x0000025afedeb000 8468       3       org.gradle.cache.internal.filelock.DefaultLockStateSerializer$SequenceNumberLockState::completeUpdate (33 bytes)

GC Heap History (20 events):
Event: 0.386 GC heap after
{Heap after GC invocations=1 (full 0):
 garbage-first heap   total 262144K, used 8231K [0x0000000080000000, 0x0000000100000000)
  region size 1024K, 2 young (2048K), 2 survivors (2048K)
 Metaspace       used 6724K, capacity 6921K, committed 7168K, reserved 1056768K
  class space    used 582K, capacity 650K, committed 768K, reserved 1048576K
}
Event: 0.671 GC heap before
{Heap before GC invocations=1 (full 0):
 garbage-first heap   total 262144K, used 26663K [0x0000000080000000, 0x0000000100000000)
  region size 1024K, 20 young (20480K), 2 survivors (2048K)
 Metaspace       used 10720K, capacity 10940K, committed 11264K, reserved 1058816K
  class space    used 1129K, capacity 1207K, committed 1280K, reserved 1048576K
}
Event: 0.674 GC heap after
{Heap after GC invocations=2 (full 0):
 garbage-first heap   total 262144K, used 9298K [0x0000000080000000, 0x0000000100000000)
  region size 1024K, 2 young (2048K), 2 survivors (2048K)
 Metaspace       used 10720K, capacity 10940K, committed 11264K, reserved 1058816K
  class space    used 1129K, capacity 1207K, committed 1280K, reserved 1048576K
}
Event: 0.907 GC heap before
{Heap before GC invocations=2 (full 0):
 garbage-first heap   total 262144K, used 35922K [0x0000000080000000, 0x0000000100000000)
  region size 1024K, 28 young (28672K), 2 survivors (2048K)
 Metaspace       used 10884K, capacity 11069K, committed 11264K, reserved 1058816K
  class space    used 1130K, capacity 1207K, committed 1280K, reserved 1048576K
}
Event: 0.910 GC heap after
{Heap after GC invocations=3 (full 0):
 garbage-first heap   total 262144K, used 12684K [0x0000000080000000, 0x0000000100000000)
  region size 1024K, 4 young (4096K), 4 survivors (4096K)
 Metaspace       used 10884K, capacity 11069K, committed 11264K, reserved 1058816K
  class space    used 1130K, capacity 1207K, committed 1280K, reserved 1048576K
}
Event: 1.808 GC heap before
{Heap before GC invocations=3 (full 0):
 garbage-first heap   total 262144K, used 61836K [0x0000000080000000, 0x0000000100000000)
  region size 1024K, 52 young (53248K), 4 survivors (4096K)
 Metaspace       used 18883K, capacity 19286K, committed 19328K, reserved 1067008K
  class space    used 2282K, capacity 2416K, committed 2432K, reserved 1048576K
}
Event: 1.814 GC heap after
{Heap after GC invocations=4 (full 0):
 garbage-first heap   total 262144K, used 16184K [0x0000000080000000, 0x0000000100000000)
  region size 1024K, 7 young (7168K), 7 survivors (7168K)
 Metaspace       used 18883K, capacity 19286K, committed 19328K, reserved 1067008K
  class space    used 2282K, capacity 2416K, committed 2432K, reserved 1048576K
}
Event: 1.949 GC heap before
{Heap before GC invocations=4 (full 0):
 garbage-first heap   total 262144K, used 30520K [0x0000000080000000, 0x0000000100000000)
  region size 1024K, 22 young (22528K), 7 survivors (7168K)
 Metaspace       used 20683K, capacity 21075K, committed 21248K, reserved 1067008K
  class space    used 2537K, capacity 2693K, committed 2816K, reserved 1048576K
}
Event: 1.955 GC heap after
{Heap after GC invocations=5 (full 0):
 garbage-first heap   total 262144K, used 16905K [0x0000000080000000, 0x0000000100000000)
  region size 1024K, 5 young (5120K), 5 survivors (5120K)
 Metaspace       used 20683K, capacity 21075K, committed 21248K, reserved 1067008K
  class space    used 2537K, capacity 2693K, committed 2816K, reserved 1048576K
}
Event: 2.505 GC heap before
{Heap before GC invocations=6 (full 0):
 garbage-first heap   total 262144K, used 84489K [0x0000000080000000, 0x0000000100000000)
  region size 1024K, 71 young (72704K), 5 survivors (5120K)
 Metaspace       used 26892K, capacity 27467K, committed 27648K, reserved 1073152K
  class space    used 3543K, capacity 3769K, committed 3840K, reserved 1048576K
}
Event: 2.510 GC heap after
{Heap after GC invocations=7 (full 0):
 garbage-first heap   total 262144K, used 19146K [0x0000000080000000, 0x0000000100000000)
  region size 1024K, 7 young (7168K), 7 survivors (7168K)
 Metaspace       used 26892K, capacity 27467K, committed 27648K, reserved 1073152K
  class space    used 3543K, capacity 3769K, committed 3840K, reserved 1048576K
}
Event: 3.032 GC heap before
{Heap before GC invocations=7 (full 0):
 garbage-first heap   total 262144K, used 65226K [0x0000000080000000, 0x0000000100000000)
  region size 1024K, 53 young (54272K), 7 survivors (7168K)
 Metaspace       used 35025K, capacity 35786K, committed 35840K, reserved 1081344K
  class space    used 4554K, capacity 4863K, committed 4864K, reserved 1048576K
}
Event: 3.041 GC heap after
{Heap after GC invocations=8 (full 0):
 garbage-first heap   total 262144K, used 22376K [0x0000000080000000, 0x0000000100000000)
  region size 1024K, 10 young (10240K), 10 survivors (10240K)
 Metaspace       used 35025K, capacity 35786K, committed 35840K, reserved 1081344K
  class space    used 4554K, capacity 4863K, committed 4864K, reserved 1048576K
}
Event: 4.306 GC heap before
{Heap before GC invocations=9 (full 0):
 garbage-first heap   total 262144K, used 171880K [0x0000000080000000, 0x0000000100000000)
  region size 1024K, 153 young (156672K), 10 survivors (10240K)
 Metaspace       used 46745K, capacity 47929K, committed 48076K, reserved 1091584K
  class space    used 6016K, capacity 6468K, committed 6604K, reserved 1048576K
}
Event: 4.321 GC heap after
{Heap after GC invocations=10 (full 0):
 garbage-first heap   total 262144K, used 30512K [0x0000000080000000, 0x0000000100000000)
  region size 1024K, 18 young (18432K), 18 survivors (18432K)
 Metaspace       used 46745K, capacity 47929K, committed 48076K, reserved 1091584K
  class space    used 6016K, capacity 6468K, committed 6604K, reserved 1048576K
}
Event: 5.607 GC heap before
{Heap before GC invocations=10 (full 0):
 garbage-first heap   total 262144K, used 158512K [0x0000000080000000, 0x0000000100000000)
  region size 1024K, 140 young (143360K), 18 survivors (18432K)
 Metaspace       used 58579K, capacity 60027K, committed 60236K, reserved 1101824K
  class space    used 7451K, capacity 7984K, committed 8012K, reserved 1048576K
}
Event: 5.637 GC heap after
{Heap after GC invocations=11 (full 0):
 garbage-first heap   total 262144K, used 45399K [0x0000000080000000, 0x0000000100000000)
  region size 1024K, 18 young (18432K), 18 survivors (18432K)
 Metaspace       used 58579K, capacity 60027K, committed 60236K, reserved 1101824K
  class space    used 7451K, capacity 7984K, committed 8012K, reserved 1048576K
}
Event: 6.828 GC heap before
{Heap before GC invocations=12 (full 0):
 garbage-first heap   total 262144K, used 183639K [0x0000000080000000, 0x0000000100000000)
  region size 1024K, 153 young (156672K), 18 survivors (18432K)
 Metaspace       used 68788K, capacity 70359K, committed 70476K, reserved 1110016K
  class space    used 8923K, capacity 9514K, committed 9548K, reserved 1048576K
}
Event: 6.847 GC heap after
{Heap after GC invocations=13 (full 0):
 garbage-first heap   total 262144K, used 55691K [0x0000000080000000, 0x0000000100000000)
  region size 1024K, 11 young (11264K), 11 survivors (11264K)
 Metaspace       used 68788K, capacity 70359K, committed 70476K, reserved 1110016K
  class space    used 8923K, capacity 9514K, committed 9548K, reserved 1048576K
}
Event: 8.447 GC heap before
{Heap before GC invocations=13 (full 0):
 garbage-first heap   total 262144K, used 197003K [0x0000000080000000, 0x0000000100000000)
  region size 1024K, 150 young (153600K), 11 survivors (11264K)
 Metaspace       used 80192K, capacity 82159K, committed 82252K, reserved 1120256K
  class space    used 10529K, capacity 11280K, committed 11340K, reserved 1048576K
}

Deoptimization events (20 events):
Event: 8.297 Thread 0x0000025a97b06000 DEOPT PACKING pc=0x0000025a87d2e93c sp=0x000000a0917f7e20
Event: 8.297 Thread 0x0000025a97b06000 DEOPT UNPACKING pc=0x0000025a8002662f sp=0x000000a0917f7d18 mode 2
Event: 8.312 Thread 0x0000025a97b06000 DEOPT PACKING pc=0x0000025a8142ca44 sp=0x000000a0917fa0c0
Event: 8.312 Thread 0x0000025a97b06000 DEOPT UNPACKING pc=0x0000025a80026dde sp=0x000000a0917f9660 mode 0
Event: 8.327 Thread 0x0000025a97b03000 Uncommon trap: trap_request=0xffffff4d fr.pc=0x0000025a87b13fb8 relative=0x0000000000000478
Event: 8.327 Thread 0x0000025a97b03000 Uncommon trap: reason=unstable_if action=reinterpret pc=0x0000025a87b13fb8 method=java.lang.StringLatin1.compareToCI([B[B)I @ 68 c2
Event: 8.327 Thread 0x0000025a97b03000 DEOPT PACKING pc=0x0000025a87b13fb8 sp=0x000000a090efb220
Event: 8.327 Thread 0x0000025a97b03000 DEOPT UNPACKING pc=0x0000025a8002662f sp=0x000000a090efb198 mode 2
Event: 8.374 Thread 0x0000025a96207000 Uncommon trap: trap_request=0xffffff4d fr.pc=0x0000025a87ce5cd8 relative=0x00000000000001f8
Event: 8.374 Thread 0x0000025a96207000 Uncommon trap: reason=unstable_if action=reinterpret pc=0x0000025a87ce5cd8 method=com.esotericsoftware.kryo.io.Input.readVarInt(Z)I @ 42 c2
Event: 8.374 Thread 0x0000025a96207000 DEOPT PACKING pc=0x0000025a87ce5cd8 sp=0x000000a08e4fe090
Event: 8.374 Thread 0x0000025a96207000 DEOPT UNPACKING pc=0x0000025a8002662f sp=0x000000a08e4fdf80 mode 2
Event: 8.400 Thread 0x0000025a96211000 DEOPT PACKING pc=0x0000025a8168be31 sp=0x000000a08f2fb3f0
Event: 8.400 Thread 0x0000025a96211000 DEOPT UNPACKING pc=0x0000025a80026dde sp=0x000000a08f2fa8b8 mode 0
Event: 8.417 Thread 0x0000025a96211000 DEOPT PACKING pc=0x0000025a8142ca44 sp=0x000000a08f2fb7f0
Event: 8.417 Thread 0x0000025a96211000 DEOPT UNPACKING pc=0x0000025a80026dde sp=0x000000a08f2fad90 mode 0
Event: 8.423 Thread 0x0000025a97b06000 Uncommon trap: trap_request=0xffffff4d fr.pc=0x0000025a87bf4c7c relative=0x000000000000023c
Event: 8.423 Thread 0x0000025a97b06000 Uncommon trap: reason=unstable_if action=reinterpret pc=0x0000025a87bf4c7c method=java.util.concurrent.ConcurrentHashMap.get(Ljava/lang/Object;)Ljava/lang/Object; @ 86 c2
Event: 8.423 Thread 0x0000025a97b06000 DEOPT PACKING pc=0x0000025a87bf4c7c sp=0x000000a0917fa4c0
Event: 8.423 Thread 0x0000025a97b06000 DEOPT UNPACKING pc=0x0000025a8002662f sp=0x000000a0917fa438 mode 2

Classes redefined (0 events):
No events

Internal exceptions (20 events):
Event: 7.922 Thread 0x0000025a9435d800 Exception <a 'java/lang/NoSuchMethodError'{0x000000008ff0d8c8}: <clinit>> (0x000000008ff0d8c8) thrown at [./src/hotspot/share/prims/jni.cpp, line 1362]
Event: 7.923 Thread 0x0000025a9435d800 Exception <a 'java/lang/NoSuchMethodError'{0x000000008ff16cd0}: <clinit>> (0x000000008ff16cd0) thrown at [./src/hotspot/share/prims/jni.cpp, line 1362]
Event: 7.932 Thread 0x0000025a9435d800 Exception <a 'java/lang/NoSuchMethodError'{0x000000008a05b570}: <clinit>> (0x000000008a05b570) thrown at [./src/hotspot/share/prims/jni.cpp, line 1362]
Event: 7.935 Thread 0x0000025a9435d800 Exception <a 'java/lang/NoSuchMethodError'{0x000000008a06b3f8}: <clinit>> (0x000000008a06b3f8) thrown at [./src/hotspot/share/prims/jni.cpp, line 1362]
Event: 7.935 Thread 0x0000025a9435d800 Exception <a 'java/lang/NoSuchMethodError'{0x000000008a06c6d0}: <clinit>> (0x000000008a06c6d0) thrown at [./src/hotspot/share/prims/jni.cpp, line 1362]
Event: 7.961 Thread 0x0000025a97b07800 Exception <a 'java/lang/NoSuchMethodError'{0x0000000089eeb300}: <clinit>> (0x0000000089eeb300) thrown at [./src/hotspot/share/prims/jni.cpp, line 1362]
Event: 7.963 Thread 0x0000025a97b07800 Exception <a 'java/lang/NoSuchMethodError'{0x0000000089d3ceb8}: <clinit>> (0x0000000089d3ceb8) thrown at [./src/hotspot/share/prims/jni.cpp, line 1362]
Event: 7.966 Thread 0x0000025a97b07800 Exception <a 'java/lang/NoSuchMethodError'{0x0000000089d5f348}: <clinit>> (0x0000000089d5f348) thrown at [./src/hotspot/share/prims/jni.cpp, line 1362]
Event: 7.968 Thread 0x0000025a97b07800 Exception <a 'java/lang/NoSuchMethodError'{0x0000000089d69510}: 'void java.lang.invoke.DirectMethodHandle$Holder.invokeSpecial(java.lang.Object, java.lang.Object, java.lang.Object, int)'> (0x0000000089d69510) thrown at [./src/hotspot/share/interpreter/linkResolver.cpp, line 773]
Event: 7.975 Thread 0x0000025a97b07000 Exception <a 'java/lang/IncompatibleClassChangeError'{0x0000000089dd07c0}: Found class java.lang.Object, but interface was expected> (0x0000000089dd07c0) thrown at [./src/hotspot/share/interpreter/linkResolver.cpp, line 839]
Event: 7.991 Thread 0x0000025a97b07000 Exception <a 'java/lang/NoSuchMethodError'{0x0000000089ceebb8}: 'java.lang.Object java.lang.invoke.DirectMethodHandle$Holder.invokeInterface(java.lang.Object, java.lang.Object, int)'> (0x0000000089ceebb8) thrown at [./src/hotspot/share/interpreter/linkResolver.cpp, line 773]
Event: 7.992 Thread 0x0000025a97b07000 Exception <a 'java/lang/NoSuchMethodError'{0x0000000089b011f0}: 'void java.lang.invoke.DirectMethodHandle$Holder.invokeStatic(java.lang.Object, java.lang.Object, java.lang.Object, int)'> (0x0000000089b011f0) thrown at [./src/hotspot/share/interpreter/linkResolver.cpp, line 773]
Event: 7.993 Thread 0x0000025a9435d800 Exception <a 'java/lang/NoSuchMethodError'{0x000000008a0a6610}: <clinit>> (0x000000008a0a6610) thrown at [./src/hotspot/share/prims/jni.cpp, line 1362]
Event: 8.053 Thread 0x0000025a97b06000 Exception <a 'java/lang/IncompatibleClassChangeError'{0x0000000089a5cab0}: Found class java.lang.Object, but interface was expected> (0x0000000089a5cab0) thrown at [./src/hotspot/share/interpreter/linkResolver.cpp, line 839]
Event: 8.056 Thread 0x0000025a97b06000 Exception <a 'java/lang/IncompatibleClassChangeError'{0x0000000089abb7a0}: Found class java.lang.Object, but interface was expected> (0x0000000089abb7a0) thrown at [./src/hotspot/share/interpreter/linkResolver.cpp, line 839]
Event: 8.086 Thread 0x0000025a97b06000 Exception <a 'java/lang/NoSuchMethodError'{0x00000000898ee688}: 'int java.lang.invoke.DirectMethodHandle$Holder.invokeStaticInit(java.lang.Object, java.lang.Object, java.lang.Object, java.lang.Object, java.lang.Object)'> (0x00000000898ee688) thrown at [./src/hotspot/share/interpreter/linkResolver.cpp, line 773]
Event: 8.258 Thread 0x0000025a97b06000 Exception <a 'java/lang/NoSuchMethodError'{0x0000000088a5f768}: 'void java.lang.invoke.DirectMethodHandle$Holder.invokeStatic(java.lang.Object, java.lang.Object, java.lang.Object, java.lang.Object, int, java.lang.Object, java.lang.Object)'> (0x0000000088a5f768) thrown at [./src/hotspot/share/interpreter/linkResolver.cpp, line 773]
Event: 8.277 Thread 0x0000025a97b03000 Exception <a 'java/lang/NoSuchMethodError'{0x0000000088813708}: 'java.lang.Object java.lang.invoke.DirectMethodHandle$Holder.invokeSpecialIFC(java.lang.Object, java.lang.Object, java.lang.Object)'> (0x0000000088813708) thrown at [./src/hotspot/share/interpreter/linkResolver.cpp, line 773]
Event: 8.277 Thread 0x0000025a96211000 Exception <a 'java/lang/NoSuchMethodError'{0x00000000889fdda0}: 'java.lang.Object java.lang.invoke.DirectMethodHandle$Holder.invokeSpecialIFC(java.lang.Object, java.lang.Object, java.lang.Object)'> (0x00000000889fdda0) thrown at [./src/hotspot/share/interpreter/linkResolver.cpp, line 773]
Event: 8.277 Thread 0x0000025a97444000 Exception <a 'java/lang/NoSuchMethodError'{0x00000000888bc1b8}: 'java.lang.Object java.lang.invoke.DirectMethodHandle$Holder.invokeSpecialIFC(java.lang.Object, java.lang.Object, java.lang.Object)'> (0x00000000888bc1b8) thrown at [./src/hotspot/share/interpreter/linkResolver.cpp, line 773]

Events (20 events):
Event: 8.393 loading class org/gradle/internal/Try$Success
Event: 8.393 loading class org/gradle/internal/Try$Success done
Event: 8.393 loading class org/gradle/api/internal/artifacts/transform/CacheableInvocation
Event: 8.393 loading class org/gradle/api/internal/artifacts/transform/CacheableInvocation done
Event: 8.393 loading class org/gradle/api/internal/artifacts/transform/CacheableInvocation
Event: 8.393 loading class org/gradle/api/internal/artifacts/transform/CacheableInvocation done
Event: 8.400 Loaded shared library C:\Program Files\Android\Android Studio\jre\bin\java.dll
Event: 8.403 Executing VM operation: RevokeBias
Event: 8.403 Executing VM operation: RevokeBias done
Event: 8.412 Executing VM operation: RevokeBias
Event: 8.412 Executing VM operation: RevokeBias done
Event: 8.413 Executing VM operation: RevokeBias
Event: 8.413 Executing VM operation: RevokeBias done
Event: 8.423 Executing VM operation: RevokeBias
Event: 8.423 Executing VM operation: RevokeBias done
Event: 8.425 Executing VM operation: RevokeBias
Event: 8.425 Executing VM operation: RevokeBias done
Event: 8.432 Executing VM operation: RevokeBias
Event: 8.438 Executing VM operation: RevokeBias done
Event: 8.447 Executing VM operation: G1CollectForAllocation


Dynamic libraries:
0x00007ff7f4730000 - 0x00007ff7f473a000 	C:\Program Files\Android\Android Studio\jre\bin\java.exe
0x00007ffc2b690000 - 0x00007ffc2b885000 	C:\WINDOWS\SYSTEM32\ntdll.dll
0x00007ffc29d50000 - 0x00007ffc29e0e000 	C:\WINDOWS\System32\KERNEL32.DLL
0x00007ffc29420000 - 0x00007ffc296e8000 	C:\WINDOWS\System32\KERNELBASE.dll
0x00007ffc28fa0000 - 0x00007ffc290a0000 	C:\WINDOWS\System32\ucrtbase.dll
0x00007ffc0bfd0000 - 0x00007ffc0bfe7000 	C:\Program Files\Android\Android Studio\jre\bin\VCRUNTIME140.dll
0x00007ffc0be30000 - 0x00007ffc0be49000 	C:\Program Files\Android\Android Studio\jre\bin\jli.dll
0x00007ffc296f0000 - 0x00007ffc29890000 	C:\WINDOWS\System32\USER32.dll
0x00007ffc293f0000 - 0x00007ffc29412000 	C:\WINDOWS\System32\win32u.dll
0x00007ffc0ff50000 - 0x00007ffc101ea000 	C:\WINDOWS\WinSxS\amd64_microsoft.windows.common-controls_6595b64144ccf1df_6.0.19041.1110_none_60b5254171f9507e\COMCTL32.dll
0x00007ffc2b1f0000 - 0x00007ffc2b21a000 	C:\WINDOWS\System32\GDI32.dll
0x00007ffc29c30000 - 0x00007ffc29cce000 	C:\WINDOWS\System32\msvcrt.dll
0x00007ffc29180000 - 0x00007ffc2928b000 	C:\WINDOWS\System32\gdi32full.dll
0x00007ffc28ed0000 - 0x00007ffc28f6d000 	C:\WINDOWS\System32\msvcp_win.dll
0x00007ffc2b3b0000 - 0x00007ffc2b3e0000 	C:\WINDOWS\System32\IMM32.DLL
0x00007ffc00ae0000 - 0x00007ffc00b7d000 	C:\Program Files\Android\Android Studio\jre\bin\msvcp140.dll
0x00007ffbd0010000 - 0x00007ffbd0ae5000 	C:\Program Files\Android\Android Studio\jre\bin\server\jvm.dll
0x00007ffc2b220000 - 0x00007ffc2b2ce000 	C:\WINDOWS\System32\ADVAPI32.dll
0x00007ffc29ac0000 - 0x00007ffc29b5c000 	C:\WINDOWS\System32\sechost.dll
0x00007ffc2abf0000 - 0x00007ffc2ad15000 	C:\WINDOWS\System32\RPCRT4.dll
0x00007ffc2a9b0000 - 0x00007ffc2a9b8000 	C:\WINDOWS\System32\PSAPI.DLL
0x00007ffc253b0000 - 0x00007ffc253b9000 	C:\WINDOWS\SYSTEM32\WSOCK32.dll
0x00007ffc12660000 - 0x00007ffc12687000 	C:\WINDOWS\SYSTEM32\WINMM.dll
0x00007ffc2a9c0000 - 0x00007ffc2aa2b000 	C:\WINDOWS\System32\WS2_32.dll
0x00007ffc20d10000 - 0x00007ffc20d1a000 	C:\WINDOWS\SYSTEM32\VERSION.dll
0x00007ffc276b0000 - 0x00007ffc276c2000 	C:\WINDOWS\SYSTEM32\kernel.appcore.dll
0x00007ffc220e0000 - 0x00007ffc220f1000 	C:\Program Files\Android\Android Studio\jre\bin\verify.dll
0x00007ffc26330000 - 0x00007ffc26514000 	C:\WINDOWS\SYSTEM32\DBGHELP.DLL
0x00007ffc1f550000 - 0x00007ffc1f57c000 	C:\WINDOWS\SYSTEM32\dbgcore.DLL
0x00007ffc290f0000 - 0x00007ffc29172000 	C:\WINDOWS\System32\bcryptPrimitives.dll
0x00007ffc1f040000 - 0x00007ffc1f069000 	C:\Program Files\Android\Android Studio\jre\bin\java.dll
0x00007ffc237c0000 - 0x00007ffc237cb000 	C:\Program Files\Android\Android Studio\jre\bin\jimage.dll
0x00007ffc20240000 - 0x00007ffc20258000 	C:\Program Files\Android\Android Studio\jre\bin\zip.dll
0x00007ffc29e90000 - 0x00007ffc2a5d4000 	C:\WINDOWS\System32\SHELL32.dll
0x00007ffc26eb0000 - 0x00007ffc27644000 	C:\WINDOWS\SYSTEM32\windows.storage.dll
0x00007ffc2a5f0000 - 0x00007ffc2a944000 	C:\WINDOWS\System32\combase.dll
0x00007ffc28750000 - 0x00007ffc2877c000 	C:\WINDOWS\SYSTEM32\Wldp.dll
0x00007ffc29a10000 - 0x00007ffc29abd000 	C:\WINDOWS\System32\SHCORE.dll
0x00007ffc2a950000 - 0x00007ffc2a9a5000 	C:\WINDOWS\System32\shlwapi.dll
0x00007ffc28cf0000 - 0x00007ffc28d0f000 	C:\WINDOWS\SYSTEM32\profapi.dll
0x00007ffc1ed90000 - 0x00007ffc1edaa000 	C:\Program Files\Android\Android Studio\jre\bin\net.dll
0x00007ffc1f650000 - 0x00007ffc1f75a000 	C:\WINDOWS\SYSTEM32\WINHTTP.dll
0x00007ffc284b0000 - 0x00007ffc2851a000 	C:\WINDOWS\system32\mswsock.dll
0x00007ffc1c2a0000 - 0x00007ffc1c2b4000 	C:\Program Files\Android\Android Studio\jre\bin\nio.dll
0x00007ffc02400000 - 0x00007ffc02427000 	C:\Users\Arne\.gradle\native\e1d6ef7f7dcc3fd88c89a11ec53ec762bb8ba0a96d01ffa2cd45eb1d1d8dd5c5\windows-amd64\native-platform.dll
0x00007ffbf3460000 - 0x00007ffbf35a4000 	C:\Users\Arne\.gradle\native\5664cfc778a61ccfe75a443a1ab52a65af34e5dc3c78e0209fed803814484fcb\windows-amd64\native-platform-file-events.dll
0x00007ffc220b0000 - 0x00007ffc220ba000 	C:\Program Files\Android\Android Studio\jre\bin\management.dll
0x00007ffc22090000 - 0x00007ffc2209d000 	C:\Program Files\Android\Android Studio\jre\bin\management_ext.dll
0x00007ffc286a0000 - 0x00007ffc286b8000 	C:\WINDOWS\SYSTEM32\CRYPTSP.dll
0x00007ffc27e30000 - 0x00007ffc27e64000 	C:\WINDOWS\system32\rsaenh.dll
0x00007ffc28f70000 - 0x00007ffc28f97000 	C:\WINDOWS\System32\bcrypt.dll
0x00007ffc28cb0000 - 0x00007ffc28cde000 	C:\WINDOWS\SYSTEM32\USERENV.dll
0x00007ffc286c0000 - 0x00007ffc286cc000 	C:\WINDOWS\SYSTEM32\CRYPTBASE.dll
0x00007ffc281a0000 - 0x00007ffc281db000 	C:\WINDOWS\SYSTEM32\IPHLPAPI.DLL
0x00007ffc2abe0000 - 0x00007ffc2abe8000 	C:\WINDOWS\System32\NSI.dll
0x00007ffc22330000 - 0x00007ffc22347000 	C:\WINDOWS\SYSTEM32\dhcpcsvc6.DLL
0x00007ffc225f0000 - 0x00007ffc2260d000 	C:\WINDOWS\SYSTEM32\dhcpcsvc.DLL
0x00007ffc281e0000 - 0x00007ffc282ab000 	C:\WINDOWS\SYSTEM32\DNSAPI.dll

dbghelp: loaded successfully - version: 4.0.5 - missing functions: none
symbol engine: initialized successfully - sym options: 0x614 - pdb path: .;C:\Program Files\Android\Android Studio\jre\bin;C:\WINDOWS\SYSTEM32;C:\WINDOWS\WinSxS\amd64_microsoft.windows.common-controls_6595b64144ccf1df_6.0.19041.1110_none_60b5254171f9507e;C:\Program Files\Android\Android Studio\jre\bin\server;C:\Users\Arne\.gradle\native\e1d6ef7f7dcc3fd88c89a11ec53ec762bb8ba0a96d01ffa2cd45eb1d1d8dd5c5\windows-amd64;C:\Users\Arne\.gradle\native\5664cfc778a61ccfe75a443a1ab52a65af34e5dc3c78e0209fed803814484fcb\windows-amd64

VM Arguments:
jvm_args: --add-opens=java.base/java.util=ALL-UNNAMED --add-opens=java.base/java.lang=ALL-UNNAMED --add-opens=java.base/java.lang.invoke=ALL-UNNAMED --add-opens=java.base/java.util=ALL-UNNAMED --add-opens=java.prefs/java.util.prefs=ALL-UNNAMED --add-opens=java.prefs/java.util.prefs=ALL-UNNAMED --add-opens=java.base/java.nio.charset=ALL-UNNAMED --add-opens=java.base/java.net=ALL-UNNAMED --add-opens=java.base/java.util.concurrent.atomic=ALL-UNNAMED -Xmx2048m -Dfile.encoding=UTF-8 -Duser.country=US -Duser.language=en -Duser.variant 
java_command: org.gradle.launcher.daemon.bootstrap.GradleDaemon 7.2
java_class_path (initial): C:\Users\Arne\.gradle\wrapper\dists\gradle-7.2-bin\2dnblmf4td7x66yl1d74lt32g\gradle-7.2\lib\gradle-launcher-7.2.jar
Launcher Type: SUN_STANDARD

[Global flags]
     intx CICompilerCount                          = 3                                         {product} {ergonomic}
     uint ConcGCThreads                            = 1                                         {product} {ergonomic}
     uint G1ConcRefinementThreads                  = 4                                         {product} {ergonomic}
   size_t G1HeapRegionSize                         = 1048576                                   {product} {ergonomic}
    uintx GCDrainStackTargetSize                   = 64                                        {product} {ergonomic}
   size_t InitialHeapSize                          = 268435456                                 {product} {ergonomic}
   size_t MarkStackSize                            = 4194304                                   {product} {ergonomic}
   size_t MaxHeapSize                              = 2147483648                                {product} {command line}
   size_t MaxNewSize                               = 1287651328                                {product} {ergonomic}
   size_t MinHeapDeltaBytes                        = 1048576                                   {product} {ergonomic}
    uintx NonNMethodCodeHeapSize                   = 5830732                                {pd product} {ergonomic}
    uintx NonProfiledCodeHeapSize                  = 122913754                              {pd product} {ergonomic}
    uintx ProfiledCodeHeapSize                     = 122913754                              {pd product} {ergonomic}
    uintx ReservedCodeCacheSize                    = 251658240                              {pd product} {ergonomic}
     bool SegmentedCodeCache                       = true                                      {product} {ergonomic}
     bool UseCompressedClassPointers               = true                                 {lp64_product} {ergonomic}
     bool UseCompressedOops                        = true                                 {lp64_product} {ergonomic}
     bool UseG1GC                                  = true                                      {product} {ergonomic}
     bool UseLargePagesIndividualAllocation        = false                                  {pd product} {ergonomic}

Logging:
Log output configuration:
 #0: stdout all=warning uptime,level,tags
 #1: stderr all=off uptime,level,tags

Environment Variables:
JAVA_HOME=C:\Program Files\Java\jdk-17.0.2
PATH=C:\Program Files\Common Files\Oracle\Java\javapath;C:\Program Files\Eclipse Foundation\jdk-8.0.302.8-hotspot\bin;C:\Program Files (x86)\Common Files\Oracle\Java\javapath;C:\Program Files (x86)\Intel\iCLS Client\;C:\Program Files\Intel\iCLS Client\;C:\WINDOWS\system32;C:\WINDOWS;C:\WINDOWS\System32\Wbem;C:\WINDOWS\System32\WindowsPowerShell\v1.0\;C:\WINDOWS\System32\OpenSSH\;C:\Program Files\Intel\Intel(R) Management Engine Components\DAL;C:\Program Files (x86)\Intel\Intel(R) Management Engine Components\DAL;C:\Program Files\Intel\Intel(R) Management Engine Components\IPT;C:\Program Files (x86)\Intel\Intel(R) Management Engine Components\IPT;C:\Program Files\Microsoft SQL Server\Client SDK\ODBC\130\Tools\Binn\;C:\Program Files (x86)\Microsoft SQL Server\140\Tools\Binn\;C:\Program Files\Microsoft SQL Server\140\Tools\Binn\;C:\Program Files\Microsoft SQL Server\140\DTS\Binn\;C:\Program Files\Microsoft SQL Server\130\Tools\Binn\;C:\Program Files\Microsoft SQL Server\Client SDK\ODBC\170\Tools\Binn\;C:\Program Files (x86)\Microsoft SQL Server\150\DTS\Binn\;C:\Program Files\Git\cmd;C:\Program Files\dotnet\;C:\Users\Arne\AppData\Local\Microsoft\WindowsApps;C:\Users\Arne\.dotnet\tools
USERNAME=Arne
OS=Windows_NT
PROCESSOR_IDENTIFIER=Intel64 Family 6 Model 60 Stepping 3, GenuineIntel



---------------  S Y S T E M  ---------------

OS: Windows 10 , 64 bit Build 19041 (10.0.19041.1645)
OS uptime: 21 days 22:44 hours

CPU:total 4 (initial active 4) (4 cores per cpu, 1 threads per core) family 6 model 60 stepping 3 microcode 0x27, cmov, cx8, fxsr, mmx, sse, sse2, sse3, ssse3, sse4.1, sse4.2, popcnt, avx, avx2, aes, clmul, erms, lzcnt, tsc, tscinvbit, bmi1, bmi2, fma

Memory: 4k page, system-wide physical 16324M (4495M free)
TotalPageFile size 19260M (AvailPageFile size 30M)
current process WorkingSet (physical memory assigned to process): 471M, peak: 471M
current process commit charge ("private bytes"): 531M, peak: 583M

vm_info: OpenJDK 64-Bit Server VM (11.0.11+9-b60-7590822) for windows-amd64 JRE (11.0.11+9-b60-7590822), built on Jul 29 2021 21:43:44 by "builder" with MS VC++ 14.0 (VS2015)

END.
