#
# There is insufficient memory for the Java Runtime Environment to continue.
# Native memory allocation (mmap) failed to map 54525952 bytes for Failed to commit area from 0x0000000090000000 to 0x0000000093400000 of length 54525952.
# Possible reasons:
#   The system is out of physical RAM or swap space
#   The process is running with CompressedOops enabled, and the Java Heap may be blocking the growth of the native heap
# Possible solutions:
#   Reduce memory load on the system
#   Increase physical memory or swap space
#   Check if swap backing store is full
#   Decrease Java heap size (-Xmx/-Xms)
#   Decrease number of Java threads
#   Decrease Java thread stack sizes (-Xss)
#   Set larger code cache with -XX:ReservedCodeCacheSize=
#   JVM is running with Unscaled Compressed Oops mode in which the Java heap is
#     placed in the first 4GB address space. The Java Heap base address is the
#     maximum limit for the native heap growth. Please use -XX:HeapBaseMinAddress
#     to set the Java Heap base and to place the Java Heap above 4GB virtual address.
# This output file may be truncated or incomplete.
#
#  Out of Memory Error (./src/hotspot/os/windows/os_windows.cpp:3301), pid=23292, tid=25648
#
# JRE version: OpenJDK Runtime Environment (11.0.11+9) (build 11.0.11+9-b60-7590822)
# Java VM: OpenJDK 64-Bit Server VM (11.0.11+9-b60-7590822, mixed mode, tiered, compressed oops, g1 gc, windows-amd64)
# No core dump will be written. Minidumps are not enabled by default on client versions of Windows
#

---------------  S U M M A R Y ------------

Command Line: --add-opens=java.base/java.util=ALL-UNNAMED --add-opens=java.base/java.lang=ALL-UNNAMED --add-opens=java.base/java.lang.invoke=ALL-UNNAMED --add-opens=java.base/java.util=ALL-UNNAMED --add-opens=java.prefs/java.util.prefs=ALL-UNNAMED --add-opens=java.prefs/java.util.prefs=ALL-UNNAMED --add-opens=java.base/java.nio.charset=ALL-UNNAMED --add-opens=java.base/java.net=ALL-UNNAMED --add-opens=java.base/java.util.concurrent.atomic=ALL-UNNAMED -Xmx2048m -Dfile.encoding=UTF-8 -Duser.country=US -Duser.language=en -Duser.variant org.gradle.launcher.daemon.bootstrap.GradleDaemon 7.2

Host: Intel(R) Core(TM) i5-4570 CPU @ 3.20GHz, 4 cores, 15G,  Windows 10 , 64 bit Build 19041 (10.0.19041.1645)
Time: Sat May  7 11:11:36 2022 Romance Daylight Time elapsed time: 12.700772 seconds (0d 0h 0m 12s)

---------------  T H R E A D  ---------------

Current thread (0x00000131f9af6800):  VMThread "VM Thread" [stack: 0x00000017b3b00000,0x00000017b3c00000] [id=25648]

Stack: [0x00000017b3b00000,0x00000017b3c00000]
[error occurred during error reporting (printing stack bounds), id 0xc0000005, EXCEPTION_ACCESS_VIOLATION (0xc0000005) at pc=0x0000013180000f2d]

Native frames: (J=compiled Java code, j=interpreted, Vv=VM code, C=native code)
V  [jvm.dll+0x5f214a]
V  [jvm.dll+0x726fb5]
V  [jvm.dll+0x7285cd]
V  [jvm.dll+0x728be5]
V  [jvm.dll+0x728b9b]
V  [jvm.dll+0x5f14e8]
V  [jvm.dll+0x5f1c78]
C  [ntdll.dll+0xa20cf]
C  [ntdll.dll+0x51454]
C  [ntdll.dll+0xa0bfe]
C  0x0000013180000f2d

VM_Operation (0x00000017b90fa490): G1CollectForAllocation, mode: safepoint, requested by thread 0x0000013190b07000


---------------  P R O C E S S  ---------------

Threads class SMR info:
_java_thread_list=0x00000131914e8590, length=83, elements={
0x00000131ecf1c800, 0x00000131f9afb000, 0x00000131fa322800, 0x00000131fa380000,
0x00000131fa383000, 0x00000131fa385800, 0x00000131fa387000, 0x00000131fa394800,
0x00000131fa39a000, 0x00000131fa4ff800, 0x00000131fc887000, 0x00000131fcc05800,
0x00000131fcb4f000, 0x00000131fd416000, 0x00000131fd19d800, 0x00000131fbde2800,
0x00000131fc6f4800, 0x00000131fc7b5800, 0x00000131fc7b6000, 0x00000131fd110800,
0x00000131fd10f000, 0x00000131fd110000, 0x00000131fd10b000, 0x00000131fd111800,
0x00000131fd10c800, 0x00000131fd10b800, 0x00000131fd10d800, 0x00000131fd10e000,
0x00000131fddfc000, 0x00000131fddfc800, 0x00000131fddfa800, 0x00000131fddfd800,
0x00000131fddfe800, 0x00000131fddf9800, 0x00000131fde00000, 0x00000131fde01000,
0x00000131fddfb000, 0x00000131fde03800, 0x00000131fde04000, 0x00000131fde05800,
0x00000131fde05000, 0x00000131fde06800, 0x00000131fde01800, 0x00000131fde07800,
0x00000131fde02800, 0x0000013190ab4800, 0x0000013190ab8800, 0x0000013190ab9800,
0x0000013190ab5800, 0x0000013190ab4000, 0x0000013190ab7000, 0x0000013190abc000,
0x0000013190ab8000, 0x0000013190aba800, 0x0000013190abb000, 0x0000013190ab6800,
0x0000013190abd800, 0x0000013190abe800, 0x0000013190ac2800, 0x0000013190abf800,
0x0000013190abd000, 0x0000013190ac1000, 0x0000013190ac0000, 0x0000013190ac1800,
0x0000013190afe000, 0x0000013190afd000, 0x0000013190afa000, 0x0000013190af8800,
0x0000013190afa800, 0x0000013190afb800, 0x0000013190afc800, 0x0000013190aff000,
0x0000013190af9000, 0x0000013190b00800, 0x0000013190b01800, 0x0000013190b03800,
0x0000013190b02000, 0x0000013190b05800, 0x0000013190aff800, 0x0000013190b07000,
0x0000013190b06000, 0x00000131fb987000, 0x00000131fb98d800
}

Java Threads: ( => current thread )
  0x00000131ecf1c800 JavaThread "main" [_thread_blocked, id=560, stack(0x00000017b3500000,0x00000017b3600000)]
  0x00000131f9afb000 JavaThread "Reference Handler" daemon [_thread_blocked, id=21228, stack(0x00000017b3c00000,0x00000017b3d00000)]
  0x00000131fa322800 JavaThread "Finalizer" daemon [_thread_blocked, id=14536, stack(0x00000017b3d00000,0x00000017b3e00000)]
  0x00000131fa380000 JavaThread "Signal Dispatcher" daemon [_thread_blocked, id=2140, stack(0x00000017b3f00000,0x00000017b4000000)]
  0x00000131fa383000 JavaThread "Attach Listener" daemon [_thread_blocked, id=4040, stack(0x00000017b4000000,0x00000017b4100000)]
  0x00000131fa385800 JavaThread "Service Thread" daemon [_thread_blocked, id=25228, stack(0x00000017b4100000,0x00000017b4200000)]
  0x00000131fa387000 JavaThread "C2 CompilerThread0" daemon [_thread_blocked, id=13672, stack(0x00000017b4200000,0x00000017b4300000)]
  0x00000131fa394800 JavaThread "C1 CompilerThread0" daemon [_thread_blocked, id=23960, stack(0x00000017b4300000,0x00000017b4400000)]
  0x00000131fa39a000 JavaThread "Sweeper thread" daemon [_thread_blocked, id=25776, stack(0x00000017b4400000,0x00000017b4500000)]
  0x00000131fa4ff800 JavaThread "Common-Cleaner" daemon [_thread_blocked, id=11532, stack(0x00000017b4500000,0x00000017b4600000)]
  0x00000131fc887000 JavaThread "Daemon health stats" [_thread_blocked, id=26040, stack(0x00000017b4b00000,0x00000017b4c00000)]
  0x00000131fcc05800 JavaThread "Incoming local TCP Connector on port 49897" [_thread_in_native, id=24356, stack(0x00000017b4c00000,0x00000017b4d00000)]
  0x00000131fcb4f000 JavaThread "Daemon periodic checks" [_thread_blocked, id=25580, stack(0x00000017b4d00000,0x00000017b4e00000)]
  0x00000131fd416000 JavaThread "Daemon" [_thread_blocked, id=12756, stack(0x00000017b4e00000,0x00000017b4f00000)]
  0x00000131fd19d800 JavaThread "Handler for socket connection from /127.0.0.1:49897 to /127.0.0.1:49898" [_thread_in_native, id=6712, stack(0x00000017b4f00000,0x00000017b5000000)]
  0x00000131fbde2800 JavaThread "Cancel handler" [_thread_blocked, id=22264, stack(0x00000017b5000000,0x00000017b5100000)]
  0x00000131fc6f4800 JavaThread "Daemon worker" [_thread_blocked, id=23780, stack(0x00000017b5100000,0x00000017b5200000)]
  0x00000131fc7b5800 JavaThread "Asynchronous log dispatcher for DefaultDaemonConnection: socket connection from /127.0.0.1:49897 to /127.0.0.1:49898" [_thread_blocked, id=9936, stack(0x00000017b5200000,0x00000017b5300000)]
  0x00000131fc7b6000 JavaThread "Stdin handler" [_thread_blocked, id=19264, stack(0x00000017b5300000,0x00000017b5400000)]
  0x00000131fd110800 JavaThread "Daemon client event forwarder" [_thread_blocked, id=8620, stack(0x00000017b5400000,0x00000017b5500000)]
  0x00000131fd10f000 JavaThread "Cache worker for journal cache (C:\Users\Arne\.gradle\caches\journal-1)" [_thread_blocked, id=24704, stack(0x00000017b5500000,0x00000017b5600000)]
  0x00000131fd110000 JavaThread "File lock request listener" [_thread_in_native, id=22828, stack(0x00000017b5600000,0x00000017b5700000)]
  0x00000131fd10b000 JavaThread "Cache worker for file hash cache (C:\Users\Arne\.gradle\caches\7.2\fileHashes)" [_thread_blocked, id=8828, stack(0x00000017b5700000,0x00000017b5800000)]
  0x00000131fd111800 JavaThread "Cache worker for file hash cache (C:\Users\Arne\AndroidStudioProjects\iHave\.gradle\7.2\fileHashes)" [_thread_blocked, id=25640, stack(0x00000017b5800000,0x00000017b5900000)]
  0x00000131fd10c800 JavaThread "File watcher server" daemon [_thread_blocked, id=24272, stack(0x00000017b5900000,0x00000017b5a00000)]
  0x00000131fd10b800 JavaThread "File watcher consumer" daemon [_thread_blocked, id=25220, stack(0x00000017b5a00000,0x00000017b5b00000)]
  0x00000131fd10d800 JavaThread "Cache worker for checksums cache (C:\Users\Arne\AndroidStudioProjects\iHave\.gradle\checksums)" [_thread_blocked, id=16452, stack(0x00000017b5b00000,0x00000017b5c00000)]
  0x00000131fd10e000 JavaThread "Cache worker for cache directory md-supplier (C:\Users\Arne\.gradle\caches\7.2\md-supplier)" [_thread_blocked, id=9616, stack(0x00000017b5c00000,0x00000017b5d00000)]
  0x00000131fddfc000 JavaThread "Cache worker for cache directory md-rule (C:\Users\Arne\.gradle\caches\7.2\md-rule)" [_thread_blocked, id=25192, stack(0x00000017b5d00000,0x00000017b5e00000)]
  0x00000131fddfc800 JavaThread "Cache worker for execution history cache (C:\Users\Arne\.gradle\caches\7.2\executionHistory)" [_thread_blocked, id=11184, stack(0x00000017b5e00000,0x00000017b5f00000)]
  0x00000131fddfa800 JavaThread "jar transforms" [_thread_blocked, id=25780, stack(0x00000017b5f00000,0x00000017b6000000)]
  0x00000131fddfd800 JavaThread "Cache worker for file content cache (C:\Users\Arne\.gradle\caches\7.2\fileContent)" [_thread_blocked, id=22804, stack(0x00000017b6000000,0x00000017b6100000)]
  0x00000131fddfe800 JavaThread "jar transforms Thread 2" [_thread_blocked, id=3772, stack(0x00000017b6100000,0x00000017b6200000)]
  0x00000131fddf9800 JavaThread "Cache worker for dependencies-accessors (C:\Users\Arne\AndroidStudioProjects\iHave\.gradle\7.2\dependencies-accessors)" [_thread_blocked, id=9820, stack(0x00000017b6200000,0x00000017b6300000)]
  0x00000131fde00000 JavaThread "jar transforms Thread 3" [_thread_blocked, id=22040, stack(0x00000017b6300000,0x00000017b6400000)]
  0x00000131fde01000 JavaThread "Cache worker for Build Output Cleanup Cache (C:\Users\Arne\AndroidStudioProjects\iHave\.gradle\buildOutputCleanup)" [_thread_blocked, id=25096, stack(0x00000017b6400000,0x00000017b6500000)]
  0x00000131fddfb000 JavaThread "Unconstrained build operations" [_thread_blocked, id=24976, stack(0x00000017b6500000,0x00000017b6600000)]
  0x00000131fde03800 JavaThread "Unconstrained build operations Thread 2" [_thread_blocked, id=6248, stack(0x00000017b6600000,0x00000017b6700000)]
  0x00000131fde04000 JavaThread "Unconstrained build operations Thread 3" [_thread_blocked, id=21476, stack(0x00000017b6700000,0x00000017b6800000)]
  0x00000131fde05800 JavaThread "Unconstrained build operations Thread 4" [_thread_blocked, id=5528, stack(0x00000017b6800000,0x00000017b6900000)]
  0x00000131fde05000 JavaThread "Unconstrained build operations Thread 5" [_thread_blocked, id=7156, stack(0x00000017b6900000,0x00000017b6a00000)]
  0x00000131fde06800 JavaThread "Unconstrained build operations Thread 6" [_thread_blocked, id=21812, stack(0x00000017b6a00000,0x00000017b6b00000)]
  0x00000131fde01800 JavaThread "Unconstrained build operations Thread 7" [_thread_blocked, id=25268, stack(0x00000017b6b00000,0x00000017b6c00000)]
  0x00000131fde07800 JavaThread "Unconstrained build operations Thread 8" [_thread_blocked, id=20024, stack(0x00000017b6c00000,0x00000017b6d00000)]
  0x00000131fde02800 JavaThread "Unconstrained build operations Thread 9" [_thread_blocked, id=10380, stack(0x00000017b6d00000,0x00000017b6e00000)]
  0x0000013190ab4800 JavaThread "Unconstrained build operations Thread 10" [_thread_blocked, id=25888, stack(0x00000017b6e00000,0x00000017b6f00000)]
  0x0000013190ab8800 JavaThread "Unconstrained build operations Thread 11" [_thread_blocked, id=18888, stack(0x00000017b6f00000,0x00000017b7000000)]
  0x0000013190ab9800 JavaThread "Unconstrained build operations Thread 12" [_thread_blocked, id=12916, stack(0x00000017b7000000,0x00000017b7100000)]
  0x0000013190ab5800 JavaThread "Unconstrained build operations Thread 13" [_thread_blocked, id=1900, stack(0x00000017b7100000,0x00000017b7200000)]
  0x0000013190ab4000 JavaThread "Unconstrained build operations Thread 14" [_thread_blocked, id=8668, stack(0x00000017b7200000,0x00000017b7300000)]
  0x0000013190ab7000 JavaThread "Unconstrained build operations Thread 15" [_thread_blocked, id=26296, stack(0x00000017b7300000,0x00000017b7400000)]
  0x0000013190abc000 JavaThread "Unconstrained build operations Thread 16" [_thread_blocked, id=15372, stack(0x00000017b7400000,0x00000017b7500000)]
  0x0000013190ab8000 JavaThread "Unconstrained build operations Thread 17" [_thread_blocked, id=25408, stack(0x00000017b7500000,0x00000017b7600000)]
  0x0000013190aba800 JavaThread "Unconstrained build operations Thread 18" [_thread_blocked, id=17332, stack(0x00000017b7600000,0x00000017b7700000)]
  0x0000013190abb000 JavaThread "Unconstrained build operations Thread 19" [_thread_blocked, id=4216, stack(0x00000017b7700000,0x00000017b7800000)]
  0x0000013190ab6800 JavaThread "Unconstrained build operations Thread 20" [_thread_blocked, id=17524, stack(0x00000017b7800000,0x00000017b7900000)]
  0x0000013190abd800 JavaThread "Unconstrained build operations Thread 21" [_thread_blocked, id=22716, stack(0x00000017b7900000,0x00000017b7a00000)]
  0x0000013190abe800 JavaThread "Unconstrained build operations Thread 22" [_thread_blocked, id=16376, stack(0x00000017b7a00000,0x00000017b7b00000)]
  0x0000013190ac2800 JavaThread "Unconstrained build operations Thread 23" [_thread_blocked, id=15084, stack(0x00000017b7b00000,0x00000017b7c00000)]
  0x0000013190abf800 JavaThread "Unconstrained build operations Thread 24" [_thread_blocked, id=26068, stack(0x00000017b7c00000,0x00000017b7d00000)]
  0x0000013190abd000 JavaThread "Unconstrained build operations Thread 25" [_thread_blocked, id=26452, stack(0x00000017b7d00000,0x00000017b7e00000)]
  0x0000013190ac1000 JavaThread "Unconstrained build operations Thread 26" [_thread_blocked, id=14180, stack(0x00000017b7e00000,0x00000017b7f00000)]
  0x0000013190ac0000 JavaThread "Unconstrained build operations Thread 27" [_thread_blocked, id=19516, stack(0x00000017b7f00000,0x00000017b8000000)]
  0x0000013190ac1800 JavaThread "Unconstrained build operations Thread 28" [_thread_blocked, id=15156, stack(0x00000017b8000000,0x00000017b8100000)]
  0x0000013190afe000 JavaThread "Unconstrained build operations Thread 29" [_thread_blocked, id=6736, stack(0x00000017b8100000,0x00000017b8200000)]
  0x0000013190afd000 JavaThread "Unconstrained build operations Thread 30" [_thread_blocked, id=10900, stack(0x00000017b8200000,0x00000017b8300000)]
  0x0000013190afa000 JavaThread "Unconstrained build operations Thread 31" [_thread_blocked, id=24016, stack(0x00000017b8300000,0x00000017b8400000)]
  0x0000013190af8800 JavaThread "Unconstrained build operations Thread 32" [_thread_blocked, id=8836, stack(0x00000017b8400000,0x00000017b8500000)]
  0x0000013190afa800 JavaThread "Unconstrained build operations Thread 33" [_thread_blocked, id=24168, stack(0x00000017b8500000,0x00000017b8600000)]
  0x0000013190afb800 JavaThread "Unconstrained build operations Thread 34" [_thread_blocked, id=24004, stack(0x00000017b8600000,0x00000017b8700000)]
  0x0000013190afc800 JavaThread "Unconstrained build operations Thread 35" [_thread_blocked, id=26336, stack(0x00000017b8700000,0x00000017b8800000)]
  0x0000013190aff000 JavaThread "Unconstrained build operations Thread 36" [_thread_blocked, id=19624, stack(0x00000017b8800000,0x00000017b8900000)]
  0x0000013190af9000 JavaThread "Unconstrained build operations Thread 37" [_thread_blocked, id=1388, stack(0x00000017b8900000,0x00000017b8a00000)]
  0x0000013190b00800 JavaThread "Unconstrained build operations Thread 38" [_thread_blocked, id=25788, stack(0x00000017b8a00000,0x00000017b8b00000)]
  0x0000013190b01800 JavaThread "Unconstrained build operations Thread 39" [_thread_blocked, id=3376, stack(0x00000017b8b00000,0x00000017b8c00000)]
  0x0000013190b03800 JavaThread "Unconstrained build operations Thread 40" [_thread_blocked, id=13504, stack(0x00000017b8c00000,0x00000017b8d00000)]
  0x0000013190b02000 JavaThread "jar transforms Thread 4" [_thread_blocked, id=26156, stack(0x00000017b8d00000,0x00000017b8e00000)]
  0x0000013190b05800 JavaThread "Memory manager" [_thread_blocked, id=18540, stack(0x00000017b8e00000,0x00000017b8f00000)]
  0x0000013190aff800 JavaThread "build event listener" [_thread_blocked, id=23820, stack(0x00000017b8f00000,0x00000017b9000000)]
  0x0000013190b07000 JavaThread "Execution worker for ':'" [_thread_blocked, id=21252, stack(0x00000017b9000000,0x00000017b9100000)]
  0x0000013190b06000 JavaThread "Execution worker for ':' Thread 2" [_thread_blocked, id=21356, stack(0x00000017b9100000,0x00000017b9200000)]
  0x00000131fb987000 JavaThread "Execution worker for ':' Thread 3" [_thread_blocked, id=25028, stack(0x00000017b9200000,0x00000017b9300000)]
  0x00000131fb98d800 JavaThread "Cache worker for execution history cache (C:\Users\Arne\AndroidStudioProjects\iHave\.gradle\7.2\executionHistory)" [_thread_blocked, id=4444, stack(0x00000017b9300000,0x00000017b9400000)]

Other Threads:
=>0x00000131f9af6800 VMThread "VM Thread" [stack: 0x00000017b3b00000,0x00000017b3c00000] [id=25648]
  0x00000131fa543000 WatcherThread [stack: 0x00000017b4600000,0x00000017b4700000] [id=26292]
  0x00000131ecf35800 GCTaskThread "GC Thread#0" [stack: 0x00000017b3600000,0x00000017b3700000] [id=9916]
  0x00000131fa892000 GCTaskThread "GC Thread#1" [stack: 0x00000017b4800000,0x00000017b4900000] [id=19260]
  0x00000131fab8c000 GCTaskThread "GC Thread#2" [stack: 0x00000017b4900000,0x00000017b4a00000] [id=17740]
  0x00000131fab8c800 GCTaskThread "GC Thread#3" [stack: 0x00000017b4a00000,0x00000017b4b00000] [id=2212]
  0x00000131ecf67800 ConcurrentGCThread "G1 Main Marker" [stack: 0x00000017b3700000,0x00000017b3800000] [id=20764]
  0x00000131ecf69800 ConcurrentGCThread "G1 Conc#0" [stack: 0x00000017b3800000,0x00000017b3900000] [id=8056]
  0x00000131f9966800 ConcurrentGCThread "G1 Refine#0" [stack: 0x00000017b3900000,0x00000017b3a00000] [id=14568]
  0x00000131f9967000 ConcurrentGCThread "G1 Young RemSet Sampling" [stack: 0x00000017b3a00000,0x00000017b3b00000] [id=7152]

Threads with active compile tasks:
C2 CompilerThread0  12726 9135       4       java.util.Collections::indexedBinarySearch (85 bytes)
C1 CompilerThread0  12726 9139       3       org.gradle.api.internal.artifacts.transform.TransformationStep::createInvocation (92 bytes)

VM state:at safepoint (normal execution)

VM Mutex/Monitor currently owned by a thread:  ([mutex/lock_event])
[0x00000131ecf192c0] Threads_lock - owner thread: 0x00000131f9af6800
[0x00000131ecf19080] Heap_lock - owner thread: 0x0000013190b07000

Heap address: 0x0000000080000000, size: 2048 MB, Compressed Oops mode: 32-bit
Narrow klass base: 0x0000000000000000, Narrow klass shift: 3
Compressed class space size: 1073741824 Address: 0x0000000100000000

Heap:
 garbage-first heap   total 315392K, used 67584K [0x0000000080000000, 0x0000000100000000)
  region size 1024K, 14 young (14336K), 14 survivors (14336K)
 Metaspace       used 80614K, capacity 82659K, committed 82764K, reserved 1120256K
  class space    used 10560K, capacity 11329K, committed 11416K, reserved 1048576K
Heap Regions: E=young(eden), S=young(survivor), O=old, HS=humongous(starts), HC=humongous(continues), CS=collection set, F=free, A=archive, TAMS=top-at-mark-start (previous, next)
|   0|0x0000000080000000, 0x0000000080100000, 0x0000000080100000|100%| O|  |TAMS 0x0000000080100000, 0x0000000080100000| Untracked 
|   1|0x0000000080100000, 0x0000000080200000, 0x0000000080200000|100%| O|  |TAMS 0x0000000080200000, 0x0000000080200000| Untracked 
|   2|0x0000000080200000, 0x0000000080300000, 0x0000000080300000|100%| O|  |TAMS 0x0000000080300000, 0x0000000080300000| Untracked 
|   3|0x0000000080300000, 0x0000000080400000, 0x0000000080400000|100%|HS|  |TAMS 0x0000000080400000, 0x0000000080400000| Complete 
|   4|0x0000000080400000, 0x0000000080500000, 0x0000000080500000|100%|HC|  |TAMS 0x0000000080500000, 0x0000000080500000| Complete 
|   5|0x0000000080500000, 0x0000000080600000, 0x0000000080600000|100%|HC|  |TAMS 0x0000000080600000, 0x0000000080600000| Complete 
|   6|0x0000000080600000, 0x0000000080700000, 0x0000000080700000|100%| O|  |TAMS 0x0000000080700000, 0x0000000080700000| Untracked 
|   7|0x0000000080700000, 0x0000000080800000, 0x0000000080800000|100%| O|  |TAMS 0x0000000080800000, 0x0000000080800000| Untracked 
|   8|0x0000000080800000, 0x0000000080900000, 0x0000000080900000|100%| O|  |TAMS 0x0000000080900000, 0x0000000080900000| Untracked 
|   9|0x0000000080900000, 0x0000000080a00000, 0x0000000080a00000|100%| O|  |TAMS 0x0000000080a00000, 0x0000000080a00000| Untracked 
|  10|0x0000000080a00000, 0x0000000080b00000, 0x0000000080b00000|100%| O|  |TAMS 0x0000000080b00000, 0x0000000080b00000| Untracked 
|  11|0x0000000080b00000, 0x0000000080c00000, 0x0000000080c00000|100%| O|  |TAMS 0x0000000080c00000, 0x0000000080c00000| Untracked 
|  12|0x0000000080c00000, 0x0000000080d00000, 0x0000000080d00000|100%| O|  |TAMS 0x0000000080d00000, 0x0000000080d00000| Untracked 
|  13|0x0000000080d00000, 0x0000000080e00000, 0x0000000080e00000|100%| O|  |TAMS 0x0000000080e00000, 0x0000000080e00000| Untracked 
|  14|0x0000000080e00000, 0x0000000080f00000, 0x0000000080f00000|100%| O|  |TAMS 0x0000000080f00000, 0x0000000080f00000| Untracked 
|  15|0x0000000080f00000, 0x0000000081000000, 0x0000000081000000|100%| O|  |TAMS 0x0000000081000000, 0x0000000081000000| Untracked 
|  16|0x0000000081000000, 0x0000000081100000, 0x0000000081100000|100%| O|  |TAMS 0x0000000081100000, 0x0000000081100000| Untracked 
|  17|0x0000000081100000, 0x0000000081200000, 0x0000000081200000|100%|HS|  |TAMS 0x0000000081200000, 0x0000000081200000| Complete 
|  18|0x0000000081200000, 0x0000000081300000, 0x0000000081300000|100%|HS|  |TAMS 0x0000000081300000, 0x0000000081300000| Complete 
|  19|0x0000000081300000, 0x0000000081400000, 0x0000000081400000|100%|HS|  |TAMS 0x0000000081400000, 0x0000000081400000| Complete 
|  20|0x0000000081400000, 0x0000000081500000, 0x0000000081500000|100%|HS|  |TAMS 0x0000000081500000, 0x0000000081500000| Complete 
|  21|0x0000000081500000, 0x0000000081600000, 0x0000000081600000|100%|HC|  |TAMS 0x0000000081600000, 0x0000000081600000| Complete 
|  22|0x0000000081600000, 0x0000000081700000, 0x0000000081700000|100%| O|  |TAMS 0x0000000081700000, 0x0000000081700000| Untracked 
|  23|0x0000000081700000, 0x0000000081800000, 0x0000000081800000|100%| O|  |TAMS 0x0000000081800000, 0x0000000081800000| Untracked 
|  24|0x0000000081800000, 0x0000000081900000, 0x0000000081900000|100%| O|  |TAMS 0x0000000081800000, 0x0000000081900000| Untracked 
|  25|0x0000000081900000, 0x0000000081a00000, 0x0000000081a00000|100%| O|  |TAMS 0x0000000081a00000, 0x0000000081a00000| Untracked 
|  26|0x0000000081a00000, 0x0000000081b00000, 0x0000000081b00000|100%| O|  |TAMS 0x0000000081b00000, 0x0000000081b00000| Untracked 
|  27|0x0000000081b00000, 0x0000000081c00000, 0x0000000081c00000|100%| O|  |TAMS 0x0000000081c00000, 0x0000000081c00000| Untracked 
|  28|0x0000000081c00000, 0x0000000081d00000, 0x0000000081d00000|100%| O|  |TAMS 0x0000000081d00000, 0x0000000081d00000| Untracked 
|  29|0x0000000081d00000, 0x0000000081e00000, 0x0000000081e00000|100%| O|  |TAMS 0x0000000081e00000, 0x0000000081e00000| Untracked 
|  30|0x0000000081e00000, 0x0000000081f00000, 0x0000000081f00000|100%| O|  |TAMS 0x0000000081f00000, 0x0000000081f00000| Untracked 
|  31|0x0000000081f00000, 0x0000000082000000, 0x0000000082000000|100%| O|  |TAMS 0x0000000082000000, 0x0000000082000000| Untracked 
|  32|0x0000000082000000, 0x0000000082100000, 0x0000000082100000|100%| O|  |TAMS 0x0000000082100000, 0x0000000082100000| Untracked 
|  33|0x0000000082100000, 0x0000000082200000, 0x0000000082200000|100%| O|  |TAMS 0x0000000082200000, 0x0000000082200000| Untracked 
|  34|0x0000000082200000, 0x0000000082300000, 0x0000000082300000|100%| O|  |TAMS 0x0000000082300000, 0x0000000082300000| Untracked 
|  35|0x0000000082300000, 0x0000000082400000, 0x0000000082400000|100%| O|  |TAMS 0x0000000082400000, 0x0000000082400000| Untracked 
|  36|0x0000000082400000, 0x0000000082500000, 0x0000000082500000|100%| O|  |TAMS 0x0000000082500000, 0x0000000082500000| Untracked 
|  37|0x0000000082500000, 0x0000000082600000, 0x0000000082600000|100%| O|  |TAMS 0x0000000082600000, 0x0000000082600000| Untracked 
|  38|0x0000000082600000, 0x0000000082700000, 0x0000000082700000|100%| O|  |TAMS 0x0000000082700000, 0x0000000082700000| Untracked 
|  39|0x0000000082700000, 0x0000000082800000, 0x0000000082800000|100%| O|  |TAMS 0x0000000082800000, 0x0000000082800000| Untracked 
|  40|0x0000000082800000, 0x0000000082900000, 0x0000000082900000|100%| O|  |TAMS 0x0000000082900000, 0x0000000082900000| Untracked 
|  41|0x0000000082900000, 0x0000000082a00000, 0x0000000082a00000|100%| O|  |TAMS 0x0000000082a00000, 0x0000000082a00000| Untracked 
|  42|0x0000000082a00000, 0x0000000082b00000, 0x0000000082b00000|100%| O|  |TAMS 0x0000000082b00000, 0x0000000082b00000| Untracked 
|  43|0x0000000082b00000, 0x0000000082c00000, 0x0000000082c00000|100%| O|  |TAMS 0x0000000082c00000, 0x0000000082c00000| Untracked 
|  44|0x0000000082c00000, 0x0000000082d00000, 0x0000000082d00000|100%| O|  |TAMS 0x0000000082c16600, 0x0000000082d00000| Untracked 
|  45|0x0000000082d00000, 0x0000000082e00000, 0x0000000082e00000|100%| O|  |TAMS 0x0000000082d00000, 0x0000000082e00000| Untracked 
|  46|0x0000000082e00000, 0x0000000082f00000, 0x0000000082f00000|100%| O|  |TAMS 0x0000000082e00000, 0x0000000082f00000| Untracked 
|  47|0x0000000082f00000, 0x0000000083000000, 0x0000000083000000|100%| O|  |TAMS 0x0000000082f00000, 0x0000000083000000| Untracked 
|  48|0x0000000083000000, 0x0000000083100000, 0x0000000083100000|100%| O|  |TAMS 0x0000000083000000, 0x0000000083100000| Untracked 
|  49|0x0000000083100000, 0x0000000083200000, 0x0000000083200000|100%| O|  |TAMS 0x0000000083100000, 0x0000000083200000| Untracked 
|  50|0x0000000083200000, 0x0000000083300000, 0x0000000083300000|100%| O|  |TAMS 0x0000000083200000, 0x0000000083300000| Untracked 
|  51|0x0000000083300000, 0x0000000083400000, 0x0000000083400000|100%| O|  |TAMS 0x0000000083300000, 0x0000000083400000| Untracked 
|  52|0x0000000083400000, 0x0000000083400000, 0x0000000083500000|  0%| F|  |TAMS 0x0000000083400000, 0x0000000083400000| Untracked 
|  53|0x0000000083500000, 0x0000000083500000, 0x0000000083600000|  0%| F|  |TAMS 0x0000000083500000, 0x0000000083500000| Untracked 
|  54|0x0000000083600000, 0x0000000083600000, 0x0000000083700000|  0%| F|  |TAMS 0x0000000083600000, 0x0000000083600000| Untracked 
|  55|0x0000000083700000, 0x0000000083700000, 0x0000000083800000|  0%| F|  |TAMS 0x0000000083700000, 0x0000000083700000| Untracked 
|  56|0x0000000083800000, 0x0000000083800000, 0x0000000083900000|  0%| F|  |TAMS 0x0000000083800000, 0x0000000083800000| Untracked 
|  57|0x0000000083900000, 0x0000000083900000, 0x0000000083a00000|  0%| F|  |TAMS 0x0000000083900000, 0x0000000083900000| Untracked 
|  58|0x0000000083a00000, 0x0000000083a00000, 0x0000000083b00000|  0%| F|  |TAMS 0x0000000083a00000, 0x0000000083a00000| Untracked 
|  59|0x0000000083b00000, 0x0000000083b00000, 0x0000000083c00000|  0%| F|  |TAMS 0x0000000083b00000, 0x0000000083b00000| Untracked 
|  60|0x0000000083c00000, 0x0000000083c00000, 0x0000000083d00000|  0%| F|  |TAMS 0x0000000083c00000, 0x0000000083c00000| Untracked 
|  61|0x0000000083d00000, 0x0000000083d00000, 0x0000000083e00000|  0%| F|  |TAMS 0x0000000083d00000, 0x0000000083d00000| Untracked 
|  62|0x0000000083e00000, 0x0000000083e00000, 0x0000000083f00000|  0%| F|  |TAMS 0x0000000083e00000, 0x0000000083e00000| Untracked 
|  63|0x0000000083f00000, 0x0000000083f00000, 0x0000000084000000|  0%| F|  |TAMS 0x0000000083f00000, 0x0000000083f00000| Untracked 
|  64|0x0000000084000000, 0x0000000084000000, 0x0000000084100000|  0%| F|  |TAMS 0x0000000084000000, 0x0000000084000000| Untracked 
|  65|0x0000000084100000, 0x0000000084100000, 0x0000000084200000|  0%| F|  |TAMS 0x0000000084100000, 0x0000000084100000| Untracked 
|  66|0x0000000084200000, 0x0000000084200000, 0x0000000084300000|  0%| F|  |TAMS 0x0000000084200000, 0x0000000084200000| Untracked 
|  67|0x0000000084300000, 0x0000000084300000, 0x0000000084400000|  0%| F|  |TAMS 0x0000000084300000, 0x0000000084300000| Untracked 
|  68|0x0000000084400000, 0x0000000084400000, 0x0000000084500000|  0%| F|  |TAMS 0x0000000084400000, 0x0000000084400000| Untracked 
|  69|0x0000000084500000, 0x0000000084500000, 0x0000000084600000|  0%| F|  |TAMS 0x0000000084500000, 0x0000000084500000| Untracked 
|  70|0x0000000084600000, 0x0000000084600000, 0x0000000084700000|  0%| F|  |TAMS 0x0000000084600000, 0x0000000084600000| Untracked 
|  71|0x0000000084700000, 0x0000000084700000, 0x0000000084800000|  0%| F|  |TAMS 0x0000000084700000, 0x0000000084700000| Untracked 
|  72|0x0000000084800000, 0x0000000084800000, 0x0000000084900000|  0%| F|  |TAMS 0x0000000084800000, 0x0000000084800000| Untracked 
|  73|0x0000000084900000, 0x0000000084900000, 0x0000000084a00000|  0%| F|  |TAMS 0x0000000084900000, 0x0000000084900000| Untracked 
|  74|0x0000000084a00000, 0x0000000084a00000, 0x0000000084b00000|  0%| F|  |TAMS 0x0000000084a00000, 0x0000000084a00000| Untracked 
|  75|0x0000000084b00000, 0x0000000084b00000, 0x0000000084c00000|  0%| F|  |TAMS 0x0000000084b00000, 0x0000000084b00000| Untracked 
|  76|0x0000000084c00000, 0x0000000084c00000, 0x0000000084d00000|  0%| F|  |TAMS 0x0000000084c00000, 0x0000000084c00000| Untracked 
|  77|0x0000000084d00000, 0x0000000084d00000, 0x0000000084e00000|  0%| F|  |TAMS 0x0000000084d00000, 0x0000000084d00000| Untracked 
|  78|0x0000000084e00000, 0x0000000084e00000, 0x0000000084f00000|  0%| F|  |TAMS 0x0000000084e00000, 0x0000000084e00000| Untracked 
|  79|0x0000000084f00000, 0x0000000084f00000, 0x0000000085000000|  0%| F|  |TAMS 0x0000000084f00000, 0x0000000084f00000| Untracked 
|  80|0x0000000085000000, 0x0000000085000000, 0x0000000085100000|  0%| F|  |TAMS 0x0000000085000000, 0x0000000085000000| Untracked 
|  81|0x0000000085100000, 0x0000000085100000, 0x0000000085200000|  0%| F|  |TAMS 0x0000000085100000, 0x0000000085100000| Untracked 
|  82|0x0000000085200000, 0x0000000085200000, 0x0000000085300000|  0%| F|  |TAMS 0x0000000085200000, 0x0000000085200000| Untracked 
|  83|0x0000000085300000, 0x0000000085300000, 0x0000000085400000|  0%| F|  |TAMS 0x0000000085300000, 0x0000000085300000| Untracked 
|  84|0x0000000085400000, 0x0000000085400000, 0x0000000085500000|  0%| F|  |TAMS 0x0000000085400000, 0x0000000085400000| Untracked 
|  85|0x0000000085500000, 0x0000000085500000, 0x0000000085600000|  0%| F|  |TAMS 0x0000000085500000, 0x0000000085500000| Untracked 
|  86|0x0000000085600000, 0x0000000085600000, 0x0000000085700000|  0%| F|  |TAMS 0x0000000085600000, 0x0000000085600000| Untracked 
|  87|0x0000000085700000, 0x0000000085700000, 0x0000000085800000|  0%| F|  |TAMS 0x0000000085700000, 0x0000000085700000| Untracked 
|  88|0x0000000085800000, 0x0000000085800000, 0x0000000085900000|  0%| F|  |TAMS 0x0000000085800000, 0x0000000085800000| Untracked 
|  89|0x0000000085900000, 0x0000000085900000, 0x0000000085a00000|  0%| F|  |TAMS 0x0000000085900000, 0x0000000085900000| Untracked 
|  90|0x0000000085a00000, 0x0000000085a00000, 0x0000000085b00000|  0%| F|  |TAMS 0x0000000085a00000, 0x0000000085a00000| Untracked 
|  91|0x0000000085b00000, 0x0000000085b00000, 0x0000000085c00000|  0%| F|  |TAMS 0x0000000085b00000, 0x0000000085b00000| Untracked 
|  92|0x0000000085c00000, 0x0000000085c00000, 0x0000000085d00000|  0%| F|  |TAMS 0x0000000085c00000, 0x0000000085c00000| Untracked 
|  93|0x0000000085d00000, 0x0000000085d00000, 0x0000000085e00000|  0%| F|  |TAMS 0x0000000085d00000, 0x0000000085d00000| Untracked 
|  94|0x0000000085e00000, 0x0000000085e00000, 0x0000000085f00000|  0%| F|  |TAMS 0x0000000085e00000, 0x0000000085e00000| Untracked 
|  95|0x0000000085f00000, 0x0000000085f00000, 0x0000000086000000|  0%| F|  |TAMS 0x0000000085f00000, 0x0000000085f00000| Untracked 
|  96|0x0000000086000000, 0x0000000086000000, 0x0000000086100000|  0%| F|  |TAMS 0x0000000086000000, 0x0000000086000000| Untracked 
|  97|0x0000000086100000, 0x0000000086100000, 0x0000000086200000|  0%| F|  |TAMS 0x0000000086100000, 0x0000000086100000| Untracked 
|  98|0x0000000086200000, 0x0000000086200000, 0x0000000086300000|  0%| F|  |TAMS 0x0000000086200000, 0x0000000086200000| Untracked 
|  99|0x0000000086300000, 0x0000000086300000, 0x0000000086400000|  0%| F|  |TAMS 0x0000000086300000, 0x0000000086300000| Untracked 
| 100|0x0000000086400000, 0x0000000086500000, 0x0000000086500000|100%| S|CS|TAMS 0x0000000086400000, 0x0000000086400000| Complete 
| 101|0x0000000086500000, 0x0000000086600000, 0x0000000086600000|100%| S|CS|TAMS 0x0000000086500000, 0x0000000086500000| Complete 
| 102|0x0000000086600000, 0x0000000086700000, 0x0000000086700000|100%| S|CS|TAMS 0x0000000086600000, 0x0000000086600000| Complete 
| 103|0x0000000086700000, 0x0000000086800000, 0x0000000086800000|100%| S|CS|TAMS 0x0000000086700000, 0x0000000086700000| Complete 
| 104|0x0000000086800000, 0x0000000086900000, 0x0000000086900000|100%| S|CS|TAMS 0x0000000086800000, 0x0000000086800000| Complete 
| 105|0x0000000086900000, 0x0000000086a00000, 0x0000000086a00000|100%| S|CS|TAMS 0x0000000086900000, 0x0000000086900000| Complete 
| 106|0x0000000086a00000, 0x0000000086b00000, 0x0000000086b00000|100%| S|CS|TAMS 0x0000000086a00000, 0x0000000086a00000| Complete 
| 107|0x0000000086b00000, 0x0000000086c00000, 0x0000000086c00000|100%| S|CS|TAMS 0x0000000086b00000, 0x0000000086b00000| Complete 
| 108|0x0000000086c00000, 0x0000000086d00000, 0x0000000086d00000|100%| S|CS|TAMS 0x0000000086c00000, 0x0000000086c00000| Complete 
| 109|0x0000000086d00000, 0x0000000086e00000, 0x0000000086e00000|100%| S|CS|TAMS 0x0000000086d00000, 0x0000000086d00000| Complete 
| 110|0x0000000086e00000, 0x0000000086f00000, 0x0000000086f00000|100%| S|CS|TAMS 0x0000000086e00000, 0x0000000086e00000| Complete 
| 111|0x0000000086f00000, 0x0000000087000000, 0x0000000087000000|100%| S|CS|TAMS 0x0000000086f00000, 0x0000000086f00000| Complete 
| 112|0x0000000087000000, 0x0000000087100000, 0x0000000087100000|100%| S|CS|TAMS 0x0000000087000000, 0x0000000087000000| Complete 
| 113|0x0000000087100000, 0x0000000087200000, 0x0000000087200000|100%| S|CS|TAMS 0x0000000087100000, 0x0000000087100000| Complete 
| 114|0x0000000087200000, 0x0000000087200000, 0x0000000087300000|  0%| F|  |TAMS 0x0000000087200000, 0x0000000087200000| Untracked 
| 115|0x0000000087300000, 0x0000000087300000, 0x0000000087400000|  0%| F|  |TAMS 0x0000000087300000, 0x0000000087300000| Untracked 
| 116|0x0000000087400000, 0x0000000087400000, 0x0000000087500000|  0%| F|  |TAMS 0x0000000087400000, 0x0000000087400000| Untracked 
| 117|0x0000000087500000, 0x0000000087500000, 0x0000000087600000|  0%| F|  |TAMS 0x0000000087500000, 0x0000000087500000| Untracked 
| 118|0x0000000087600000, 0x0000000087600000, 0x0000000087700000|  0%| F|  |TAMS 0x0000000087600000, 0x0000000087600000| Untracked 
| 119|0x0000000087700000, 0x0000000087700000, 0x0000000087800000|  0%| F|  |TAMS 0x0000000087700000, 0x0000000087700000| Untracked 
| 120|0x0000000087800000, 0x0000000087800000, 0x0000000087900000|  0%| F|  |TAMS 0x0000000087800000, 0x0000000087800000| Untracked 
| 121|0x0000000087900000, 0x0000000087900000, 0x0000000087a00000|  0%| F|  |TAMS 0x0000000087900000, 0x0000000087900000| Untracked 
| 122|0x0000000087a00000, 0x0000000087a00000, 0x0000000087b00000|  0%| F|  |TAMS 0x0000000087a00000, 0x0000000087a00000| Untracked 
| 123|0x0000000087b00000, 0x0000000087b00000, 0x0000000087c00000|  0%| F|  |TAMS 0x0000000087b00000, 0x0000000087b00000| Untracked 
| 124|0x0000000087c00000, 0x0000000087c00000, 0x0000000087d00000|  0%| F|  |TAMS 0x0000000087c00000, 0x0000000087c00000| Untracked 
| 125|0x0000000087d00000, 0x0000000087d00000, 0x0000000087e00000|  0%| F|  |TAMS 0x0000000087d00000, 0x0000000087d00000| Untracked 
| 126|0x0000000087e00000, 0x0000000087e00000, 0x0000000087f00000|  0%| F|  |TAMS 0x0000000087e00000, 0x0000000087e00000| Untracked 
| 127|0x0000000087f00000, 0x0000000087f00000, 0x0000000088000000|  0%| F|  |TAMS 0x0000000087f00000, 0x0000000087f00000| Untracked 
| 128|0x0000000088000000, 0x0000000088000000, 0x0000000088100000|  0%| F|  |TAMS 0x0000000088000000, 0x0000000088000000| Untracked 
| 129|0x0000000088100000, 0x0000000088100000, 0x0000000088200000|  0%| F|  |TAMS 0x0000000088100000, 0x0000000088100000| Untracked 
| 130|0x0000000088200000, 0x0000000088200000, 0x0000000088300000|  0%| F|  |TAMS 0x0000000088200000, 0x0000000088200000| Untracked 
| 131|0x0000000088300000, 0x0000000088300000, 0x0000000088400000|  0%| F|  |TAMS 0x0000000088300000, 0x0000000088300000| Untracked 
| 132|0x0000000088400000, 0x0000000088400000, 0x0000000088500000|  0%| F|  |TAMS 0x0000000088400000, 0x0000000088400000| Untracked 
| 133|0x0000000088500000, 0x0000000088500000, 0x0000000088600000|  0%| F|  |TAMS 0x0000000088500000, 0x0000000088500000| Untracked 
| 134|0x0000000088600000, 0x0000000088600000, 0x0000000088700000|  0%| F|  |TAMS 0x0000000088600000, 0x0000000088600000| Untracked 
| 135|0x0000000088700000, 0x0000000088700000, 0x0000000088800000|  0%| F|  |TAMS 0x0000000088700000, 0x0000000088700000| Untracked 
| 136|0x0000000088800000, 0x0000000088800000, 0x0000000088900000|  0%| F|  |TAMS 0x0000000088800000, 0x0000000088800000| Untracked 
| 137|0x0000000088900000, 0x0000000088900000, 0x0000000088a00000|  0%| F|  |TAMS 0x0000000088900000, 0x0000000088900000| Untracked 
| 138|0x0000000088a00000, 0x0000000088a00000, 0x0000000088b00000|  0%| F|  |TAMS 0x0000000088a00000, 0x0000000088a00000| Untracked 
| 139|0x0000000088b00000, 0x0000000088b00000, 0x0000000088c00000|  0%| F|  |TAMS 0x0000000088b00000, 0x0000000088b00000| Untracked 
| 140|0x0000000088c00000, 0x0000000088c00000, 0x0000000088d00000|  0%| F|  |TAMS 0x0000000088c00000, 0x0000000088c00000| Untracked 
| 141|0x0000000088d00000, 0x0000000088d00000, 0x0000000088e00000|  0%| F|  |TAMS 0x0000000088d00000, 0x0000000088d00000| Untracked 
| 142|0x0000000088e00000, 0x0000000088e00000, 0x0000000088f00000|  0%| F|  |TAMS 0x0000000088e00000, 0x0000000088e00000| Untracked 
| 143|0x0000000088f00000, 0x0000000088f00000, 0x0000000089000000|  0%| F|  |TAMS 0x0000000088f00000, 0x0000000088f00000| Untracked 
| 144|0x0000000089000000, 0x0000000089000000, 0x0000000089100000|  0%| F|  |TAMS 0x0000000089000000, 0x0000000089000000| Untracked 
| 145|0x0000000089100000, 0x0000000089100000, 0x0000000089200000|  0%| F|  |TAMS 0x0000000089100000, 0x0000000089100000| Untracked 
| 146|0x0000000089200000, 0x0000000089200000, 0x0000000089300000|  0%| F|  |TAMS 0x0000000089200000, 0x0000000089200000| Untracked 
| 147|0x0000000089300000, 0x0000000089300000, 0x0000000089400000|  0%| F|  |TAMS 0x0000000089300000, 0x0000000089300000| Untracked 
| 148|0x0000000089400000, 0x0000000089400000, 0x0000000089500000|  0%| F|  |TAMS 0x0000000089400000, 0x0000000089400000| Untracked 
| 149|0x0000000089500000, 0x0000000089500000, 0x0000000089600000|  0%| F|  |TAMS 0x0000000089500000, 0x0000000089500000| Untracked 
| 150|0x0000000089600000, 0x0000000089600000, 0x0000000089700000|  0%| F|  |TAMS 0x0000000089600000, 0x0000000089600000| Untracked 
| 151|0x0000000089700000, 0x0000000089700000, 0x0000000089800000|  0%| F|  |TAMS 0x0000000089700000, 0x0000000089700000| Untracked 
| 152|0x0000000089800000, 0x0000000089800000, 0x0000000089900000|  0%| F|  |TAMS 0x0000000089800000, 0x0000000089800000| Untracked 
| 153|0x0000000089900000, 0x0000000089900000, 0x0000000089a00000|  0%| F|  |TAMS 0x0000000089900000, 0x0000000089900000| Untracked 
| 154|0x0000000089a00000, 0x0000000089a00000, 0x0000000089b00000|  0%| F|  |TAMS 0x0000000089a00000, 0x0000000089a00000| Untracked 
| 155|0x0000000089b00000, 0x0000000089b00000, 0x0000000089c00000|  0%| F|  |TAMS 0x0000000089b00000, 0x0000000089b00000| Untracked 
| 156|0x0000000089c00000, 0x0000000089c00000, 0x0000000089d00000|  0%| F|  |TAMS 0x0000000089c00000, 0x0000000089c00000| Untracked 
| 157|0x0000000089d00000, 0x0000000089d00000, 0x0000000089e00000|  0%| F|  |TAMS 0x0000000089d00000, 0x0000000089d00000| Untracked 
| 158|0x0000000089e00000, 0x0000000089e00000, 0x0000000089f00000|  0%| F|  |TAMS 0x0000000089e00000, 0x0000000089e00000| Untracked 
| 159|0x0000000089f00000, 0x0000000089f00000, 0x000000008a000000|  0%| F|  |TAMS 0x0000000089f00000, 0x0000000089f00000| Untracked 
| 160|0x000000008a000000, 0x000000008a000000, 0x000000008a100000|  0%| F|  |TAMS 0x000000008a000000, 0x000000008a000000| Untracked 
| 161|0x000000008a100000, 0x000000008a100000, 0x000000008a200000|  0%| F|  |TAMS 0x000000008a100000, 0x000000008a100000| Untracked 
| 162|0x000000008a200000, 0x000000008a200000, 0x000000008a300000|  0%| F|  |TAMS 0x000000008a200000, 0x000000008a200000| Untracked 
| 163|0x000000008a300000, 0x000000008a300000, 0x000000008a400000|  0%| F|  |TAMS 0x000000008a300000, 0x000000008a300000| Untracked 
| 164|0x000000008a400000, 0x000000008a400000, 0x000000008a500000|  0%| F|  |TAMS 0x000000008a400000, 0x000000008a400000| Untracked 
| 165|0x000000008a500000, 0x000000008a500000, 0x000000008a600000|  0%| F|  |TAMS 0x000000008a500000, 0x000000008a500000| Untracked 
| 166|0x000000008a600000, 0x000000008a600000, 0x000000008a700000|  0%| F|  |TAMS 0x000000008a600000, 0x000000008a600000| Untracked 
| 167|0x000000008a700000, 0x000000008a700000, 0x000000008a800000|  0%| F|  |TAMS 0x000000008a700000, 0x000000008a700000| Untracked 
| 168|0x000000008a800000, 0x000000008a800000, 0x000000008a900000|  0%| F|  |TAMS 0x000000008a800000, 0x000000008a800000| Untracked 
| 169|0x000000008a900000, 0x000000008a900000, 0x000000008aa00000|  0%| F|  |TAMS 0x000000008a900000, 0x000000008a900000| Untracked 
| 170|0x000000008aa00000, 0x000000008aa00000, 0x000000008ab00000|  0%| F|  |TAMS 0x000000008aa00000, 0x000000008aa00000| Untracked 
| 171|0x000000008ab00000, 0x000000008ab00000, 0x000000008ac00000|  0%| F|  |TAMS 0x000000008ab00000, 0x000000008ab00000| Untracked 
| 172|0x000000008ac00000, 0x000000008ac00000, 0x000000008ad00000|  0%| F|  |TAMS 0x000000008ac00000, 0x000000008ac00000| Untracked 
| 173|0x000000008ad00000, 0x000000008ad00000, 0x000000008ae00000|  0%| F|  |TAMS 0x000000008ad00000, 0x000000008ad00000| Untracked 
| 174|0x000000008ae00000, 0x000000008ae00000, 0x000000008af00000|  0%| F|  |TAMS 0x000000008ae00000, 0x000000008ae00000| Untracked 
| 175|0x000000008af00000, 0x000000008af00000, 0x000000008b000000|  0%| F|  |TAMS 0x000000008af00000, 0x000000008af00000| Untracked 
| 176|0x000000008b000000, 0x000000008b000000, 0x000000008b100000|  0%| F|  |TAMS 0x000000008b000000, 0x000000008b000000| Untracked 
| 177|0x000000008b100000, 0x000000008b100000, 0x000000008b200000|  0%| F|  |TAMS 0x000000008b100000, 0x000000008b100000| Untracked 
| 178|0x000000008b200000, 0x000000008b200000, 0x000000008b300000|  0%| F|  |TAMS 0x000000008b200000, 0x000000008b200000| Untracked 
| 179|0x000000008b300000, 0x000000008b300000, 0x000000008b400000|  0%| F|  |TAMS 0x000000008b300000, 0x000000008b300000| Untracked 
| 180|0x000000008b400000, 0x000000008b400000, 0x000000008b500000|  0%| F|  |TAMS 0x000000008b400000, 0x000000008b400000| Untracked 
| 181|0x000000008b500000, 0x000000008b500000, 0x000000008b600000|  0%| F|  |TAMS 0x000000008b500000, 0x000000008b500000| Untracked 
| 182|0x000000008b600000, 0x000000008b600000, 0x000000008b700000|  0%| F|  |TAMS 0x000000008b600000, 0x000000008b600000| Untracked 
| 183|0x000000008b700000, 0x000000008b700000, 0x000000008b800000|  0%| F|  |TAMS 0x000000008b700000, 0x000000008b700000| Untracked 
| 184|0x000000008b800000, 0x000000008b800000, 0x000000008b900000|  0%| F|  |TAMS 0x000000008b800000, 0x000000008b800000| Untracked 
| 185|0x000000008b900000, 0x000000008b900000, 0x000000008ba00000|  0%| F|  |TAMS 0x000000008b900000, 0x000000008b900000| Untracked 
| 186|0x000000008ba00000, 0x000000008ba00000, 0x000000008bb00000|  0%| F|  |TAMS 0x000000008ba00000, 0x000000008ba00000| Untracked 
| 187|0x000000008bb00000, 0x000000008bb00000, 0x000000008bc00000|  0%| F|  |TAMS 0x000000008bb00000, 0x000000008bb00000| Untracked 
| 188|0x000000008bc00000, 0x000000008bc00000, 0x000000008bd00000|  0%| F|  |TAMS 0x000000008bc00000, 0x000000008bc00000| Untracked 
| 189|0x000000008bd00000, 0x000000008bd00000, 0x000000008be00000|  0%| F|  |TAMS 0x000000008bd00000, 0x000000008bd00000| Untracked 
| 190|0x000000008be00000, 0x000000008be00000, 0x000000008bf00000|  0%| F|  |TAMS 0x000000008be00000, 0x000000008be00000| Untracked 
| 191|0x000000008bf00000, 0x000000008bf00000, 0x000000008c000000|  0%| F|  |TAMS 0x000000008bf00000, 0x000000008bf00000| Untracked 
| 192|0x000000008c000000, 0x000000008c000000, 0x000000008c100000|  0%| F|  |TAMS 0x000000008c000000, 0x000000008c000000| Untracked 
| 193|0x000000008c100000, 0x000000008c100000, 0x000000008c200000|  0%| F|  |TAMS 0x000000008c100000, 0x000000008c100000| Untracked 
| 194|0x000000008c200000, 0x000000008c200000, 0x000000008c300000|  0%| F|  |TAMS 0x000000008c200000, 0x000000008c200000| Untracked 
| 195|0x000000008c300000, 0x000000008c300000, 0x000000008c400000|  0%| F|  |TAMS 0x000000008c300000, 0x000000008c300000| Untracked 
| 196|0x000000008c400000, 0x000000008c400000, 0x000000008c500000|  0%| F|  |TAMS 0x000000008c400000, 0x000000008c400000| Untracked 
| 197|0x000000008c500000, 0x000000008c500000, 0x000000008c600000|  0%| F|  |TAMS 0x000000008c500000, 0x000000008c500000| Untracked 
| 198|0x000000008c600000, 0x000000008c600000, 0x000000008c700000|  0%| F|  |TAMS 0x000000008c600000, 0x000000008c600000| Untracked 
| 199|0x000000008c700000, 0x000000008c700000, 0x000000008c800000|  0%| F|  |TAMS 0x000000008c700000, 0x000000008c700000| Untracked 
| 200|0x000000008c800000, 0x000000008c800000, 0x000000008c900000|  0%| F|  |TAMS 0x000000008c800000, 0x000000008c800000| Untracked 
| 201|0x000000008c900000, 0x000000008c900000, 0x000000008ca00000|  0%| F|  |TAMS 0x000000008c900000, 0x000000008c900000| Untracked 
| 202|0x000000008ca00000, 0x000000008ca00000, 0x000000008cb00000|  0%| F|  |TAMS 0x000000008ca00000, 0x000000008ca00000| Untracked 
| 203|0x000000008cb00000, 0x000000008cb00000, 0x000000008cc00000|  0%| F|  |TAMS 0x000000008cb00000, 0x000000008cb00000| Untracked 
| 204|0x000000008cc00000, 0x000000008cc00000, 0x000000008cd00000|  0%| F|  |TAMS 0x000000008cc00000, 0x000000008cc00000| Untracked 
| 205|0x000000008cd00000, 0x000000008cd00000, 0x000000008ce00000|  0%| F|  |TAMS 0x000000008cd00000, 0x000000008cd00000| Untracked 
| 206|0x000000008ce00000, 0x000000008ce00000, 0x000000008cf00000|  0%| F|  |TAMS 0x000000008ce00000, 0x000000008ce00000| Untracked 
| 207|0x000000008cf00000, 0x000000008cf00000, 0x000000008d000000|  0%| F|  |TAMS 0x000000008cf00000, 0x000000008cf00000| Untracked 
| 208|0x000000008d000000, 0x000000008d000000, 0x000000008d100000|  0%| F|  |TAMS 0x000000008d000000, 0x000000008d000000| Untracked 
| 209|0x000000008d100000, 0x000000008d100000, 0x000000008d200000|  0%| F|  |TAMS 0x000000008d100000, 0x000000008d100000| Untracked 
| 210|0x000000008d200000, 0x000000008d200000, 0x000000008d300000|  0%| F|  |TAMS 0x000000008d200000, 0x000000008d200000| Untracked 
| 211|0x000000008d300000, 0x000000008d300000, 0x000000008d400000|  0%| F|  |TAMS 0x000000008d300000, 0x000000008d300000| Untracked 
| 212|0x000000008d400000, 0x000000008d400000, 0x000000008d500000|  0%| F|  |TAMS 0x000000008d400000, 0x000000008d400000| Untracked 
| 213|0x000000008d500000, 0x000000008d500000, 0x000000008d600000|  0%| F|  |TAMS 0x000000008d500000, 0x000000008d500000| Untracked 
| 214|0x000000008d600000, 0x000000008d600000, 0x000000008d700000|  0%| F|  |TAMS 0x000000008d600000, 0x000000008d600000| Untracked 
| 215|0x000000008d700000, 0x000000008d700000, 0x000000008d800000|  0%| F|  |TAMS 0x000000008d700000, 0x000000008d700000| Untracked 
| 216|0x000000008d800000, 0x000000008d800000, 0x000000008d900000|  0%| F|  |TAMS 0x000000008d800000, 0x000000008d800000| Untracked 
| 217|0x000000008d900000, 0x000000008d900000, 0x000000008da00000|  0%| F|  |TAMS 0x000000008d900000, 0x000000008d900000| Untracked 
| 218|0x000000008da00000, 0x000000008da00000, 0x000000008db00000|  0%| F|  |TAMS 0x000000008da00000, 0x000000008da00000| Untracked 
| 219|0x000000008db00000, 0x000000008db00000, 0x000000008dc00000|  0%| F|  |TAMS 0x000000008db00000, 0x000000008db00000| Untracked 
| 220|0x000000008dc00000, 0x000000008dc00000, 0x000000008dd00000|  0%| F|  |TAMS 0x000000008dc00000, 0x000000008dc00000| Untracked 
| 221|0x000000008dd00000, 0x000000008dd00000, 0x000000008de00000|  0%| F|  |TAMS 0x000000008dd00000, 0x000000008dd00000| Untracked 
| 222|0x000000008de00000, 0x000000008de00000, 0x000000008df00000|  0%| F|  |TAMS 0x000000008de00000, 0x000000008de00000| Untracked 
| 223|0x000000008df00000, 0x000000008df00000, 0x000000008e000000|  0%| F|  |TAMS 0x000000008df00000, 0x000000008df00000| Untracked 
| 224|0x000000008e000000, 0x000000008e000000, 0x000000008e100000|  0%| F|  |TAMS 0x000000008e000000, 0x000000008e000000| Untracked 
| 225|0x000000008e100000, 0x000000008e100000, 0x000000008e200000|  0%| F|  |TAMS 0x000000008e100000, 0x000000008e100000| Untracked 
| 226|0x000000008e200000, 0x000000008e200000, 0x000000008e300000|  0%| F|  |TAMS 0x000000008e200000, 0x000000008e200000| Untracked 
| 227|0x000000008e300000, 0x000000008e300000, 0x000000008e400000|  0%| F|  |TAMS 0x000000008e300000, 0x000000008e300000| Untracked 
| 228|0x000000008e400000, 0x000000008e400000, 0x000000008e500000|  0%| F|  |TAMS 0x000000008e400000, 0x000000008e400000| Untracked 
| 229|0x000000008e500000, 0x000000008e500000, 0x000000008e600000|  0%| F|  |TAMS 0x000000008e500000, 0x000000008e500000| Untracked 
| 230|0x000000008e600000, 0x000000008e600000, 0x000000008e700000|  0%| F|  |TAMS 0x000000008e600000, 0x000000008e600000| Untracked 
| 231|0x000000008e700000, 0x000000008e700000, 0x000000008e800000|  0%| F|  |TAMS 0x000000008e700000, 0x000000008e700000| Untracked 
| 232|0x000000008e800000, 0x000000008e800000, 0x000000008e900000|  0%| F|  |TAMS 0x000000008e800000, 0x000000008e800000| Untracked 
| 233|0x000000008e900000, 0x000000008e900000, 0x000000008ea00000|  0%| F|  |TAMS 0x000000008e900000, 0x000000008e900000| Untracked 
| 234|0x000000008ea00000, 0x000000008ea00000, 0x000000008eb00000|  0%| F|  |TAMS 0x000000008ea00000, 0x000000008ea00000| Untracked 
| 235|0x000000008eb00000, 0x000000008eb00000, 0x000000008ec00000|  0%| F|  |TAMS 0x000000008eb00000, 0x000000008eb00000| Untracked 
| 236|0x000000008ec00000, 0x000000008ec00000, 0x000000008ed00000|  0%| F|  |TAMS 0x000000008ec00000, 0x000000008ec00000| Untracked 
| 237|0x000000008ed00000, 0x000000008ed00000, 0x000000008ee00000|  0%| F|  |TAMS 0x000000008ed00000, 0x000000008ed00000| Untracked 
| 238|0x000000008ee00000, 0x000000008ee00000, 0x000000008ef00000|  0%| F|  |TAMS 0x000000008ee00000, 0x000000008ee00000| Untracked 
| 239|0x000000008ef00000, 0x000000008ef00000, 0x000000008f000000|  0%| F|  |TAMS 0x000000008ef00000, 0x000000008ef00000| Untracked 
| 240|0x000000008f000000, 0x000000008f000000, 0x000000008f100000|  0%| F|  |TAMS 0x000000008f000000, 0x000000008f000000| Untracked 
| 241|0x000000008f100000, 0x000000008f100000, 0x000000008f200000|  0%| F|  |TAMS 0x000000008f100000, 0x000000008f100000| Untracked 
| 242|0x000000008f200000, 0x000000008f200000, 0x000000008f300000|  0%| F|  |TAMS 0x000000008f200000, 0x000000008f200000| Untracked 
| 243|0x000000008f300000, 0x000000008f300000, 0x000000008f400000|  0%| F|  |TAMS 0x000000008f300000, 0x000000008f300000| Untracked 
| 244|0x000000008f400000, 0x000000008f400000, 0x000000008f500000|  0%| F|  |TAMS 0x000000008f400000, 0x000000008f400000| Untracked 
| 245|0x000000008f500000, 0x000000008f500000, 0x000000008f600000|  0%| F|  |TAMS 0x000000008f500000, 0x000000008f500000| Untracked 
| 246|0x000000008f600000, 0x000000008f600000, 0x000000008f700000|  0%| F|  |TAMS 0x000000008f600000, 0x000000008f600000| Untracked 
| 247|0x000000008f700000, 0x000000008f700000, 0x000000008f800000|  0%| F|  |TAMS 0x000000008f700000, 0x000000008f700000| Untracked 
| 248|0x000000008f800000, 0x000000008f800000, 0x000000008f900000|  0%| F|  |TAMS 0x000000008f800000, 0x000000008f800000| Untracked 
| 249|0x000000008f900000, 0x000000008f900000, 0x000000008fa00000|  0%| F|  |TAMS 0x000000008f900000, 0x000000008f900000| Untracked 
| 250|0x000000008fa00000, 0x000000008fa00000, 0x000000008fb00000|  0%| F|  |TAMS 0x000000008fa00000, 0x000000008fa00000| Untracked 
| 251|0x000000008fb00000, 0x000000008fb00000, 0x000000008fc00000|  0%| F|  |TAMS 0x000000008fb00000, 0x000000008fb00000| Untracked 
| 252|0x000000008fc00000, 0x000000008fc00000, 0x000000008fd00000|  0%| F|  |TAMS 0x000000008fc00000, 0x000000008fc00000| Untracked 
| 253|0x000000008fd00000, 0x000000008fd00000, 0x000000008fe00000|  0%| F|  |TAMS 0x000000008fd00000, 0x000000008fd00000| Untracked 
| 254|0x000000008fe00000, 0x000000008fe00000, 0x000000008ff00000|  0%| F|  |TAMS 0x000000008fe00000, 0x000000008fe00000| Untracked 
| 255|0x000000008ff00000, 0x000000008ff00000, 0x0000000090000000|  0%| F|  |TAMS 0x000000008ff00000, 0x000000008ff00000| Untracked 

Card table byte_map: [0x00000131f2c60000,0x00000131f3060000] _byte_map_base: 0x00000131f2860000

Marking Bits (Prev, Next): (CMBitMap*) 0x00000131ecf5eb88, (CMBitMap*) 0x00000131ecf5ebc0
 Prev Bits: [0x00000131f3460000, 0x00000131f5460000)
 Next Bits: [0x00000131f5460000, 0x00000131f7460000)

Polling page: 0x00000131ecd20000

Metaspace:

Usage:
  Non-class:     69.66 MB capacity,    68.41 MB ( 98%) used,     1.03 MB (  1%) free+waste,   224.38 KB ( <1%) overhead. 
      Class:     11.06 MB capacity,    10.31 MB ( 93%) used,   665.20 KB (  6%) free+waste,   103.63 KB ( <1%) overhead. 
       Both:     80.72 MB capacity,    78.73 MB ( 98%) used,     1.68 MB (  2%) free+waste,   328.00 KB ( <1%) overhead. 

Virtual space:
  Non-class space:       70.00 MB reserved,      69.68 MB (>99%) committed 
      Class space:        1.00 GB reserved,      11.15 MB (  1%) committed 
             Both:        1.07 GB reserved,      80.82 MB (  7%) committed 

Chunk freelists:
   Non-Class:  18.00 KB
       Class:  0 bytes
        Both:  18.00 KB

MaxMetaspaceSize: 17179869184.00 GB
CompressedClassSpaceSize: 1.00 GB

CodeHeap 'non-profiled nmethods': size=120064Kb used=5068Kb max_used=5068Kb free=114995Kb
 bounds [0x0000013187ac0000, 0x0000013187fc0000, 0x000001318f000000]
CodeHeap 'profiled nmethods': size=120000Kb used=19131Kb max_used=19131Kb free=100868Kb
 bounds [0x0000013180590000, 0x0000013181840000, 0x0000013187ac0000]
CodeHeap 'non-nmethods': size=5696Kb used=2277Kb max_used=2329Kb free=3418Kb
 bounds [0x0000013180000000, 0x0000013180270000, 0x0000013180590000]
 total_blobs=9963 nmethods=9088 adapters=786
 compilation: enabled
              stopped_count=0, restarted_count=0
 full_count=0

Compilation events (20 events):
Event: 12.642 Thread 0x00000131fa394800 nmethod 9128 0x0000013181833590 code [0x0000013181833780, 0x0000013181833cd8]
Event: 12.642 Thread 0x00000131fa394800 9129       3       org.gradle.api.internal.artifacts.transform.DefaultExtraExecutionGraphDependenciesResolverFactory$$Lambda$482/0x000000010061a440::dependenciesFor (5 bytes)
Event: 12.642 Thread 0x00000131fa394800 nmethod 9129 0x0000013181833f10 code [0x00000131818340c0, 0x0000013181834218]
Event: 12.643 Thread 0x00000131fa394800 9130       3       org.gradle.api.internal.artifacts.ivyservice.resolveengine.artifact.ArtifactBackedResolvedVariant::getAttributes (5 bytes)
Event: 12.643 Thread 0x00000131fa394800 nmethod 9130 0x0000013181834310 code [0x00000131818344c0, 0x00000131818345d8]
Event: 12.643 Thread 0x00000131fa394800 9131       3       org.gradle.api.internal.artifacts.transform.AttributeMatchingVariantSelector::doSelect (469 bytes)
Event: 12.644 Thread 0x00000131fa387000 nmethod 9123 0x0000013187fb2a90 code [0x0000013187fb2c40, 0x0000013187fb2ef8]
Event: 12.644 Thread 0x00000131fa387000 9135       4       java.util.Collections::indexedBinarySearch (85 bytes)
Event: 12.645 Thread 0x00000131fa394800 nmethod 9131 0x0000013181834690 code [0x0000013181834d00, 0x0000013181838a58]
Event: 12.645 Thread 0x00000131fa394800 9132       3       org.gradle.api.internal.attributes.DefaultImmutableAttributes::isPresent (13 bytes)
Event: 12.645 Thread 0x00000131fa394800 nmethod 9132 0x0000013181839f10 code [0x000001318183a0c0, 0x000001318183a218]
Event: 12.645 Thread 0x00000131fa394800 9134       3       org.gradle.internal.execution.impl.DefaultWorkValidationContext::<init> (33 bytes)
Event: 12.646 Thread 0x00000131fa394800 nmethod 9134 0x000001318183a290 code [0x000001318183a4c0, 0x000001318183ae78]
Event: 12.646 Thread 0x00000131fa394800 9137       3       org.gradle.internal.execution.impl.DefaultExecutionEngine::createRequest (10 bytes)
Event: 12.646 Thread 0x00000131fa394800 nmethod 9137 0x000001318183b190 code [0x000001318183b360, 0x000001318183b638]
Event: 12.646 Thread 0x00000131fa394800 9138       3       org.gradle.internal.execution.impl.DefaultExecutionEngine$1::<init> (15 bytes)
Event: 12.646 Thread 0x00000131fa394800 nmethod 9138 0x000001318183b790 code [0x000001318183b940, 0x000001318183bb58]
Event: 12.646 Thread 0x00000131fa394800 9133       3       org.gradle.internal.component.external.model.ModuleComponentFileArtifactIdentifier::getComponentIdentifier (5 bytes)
Event: 12.646 Thread 0x00000131fa394800 nmethod 9133 0x000001318183bc10 code [0x000001318183bde0, 0x000001318183c078]
Event: 12.646 Thread 0x00000131fa394800 9139       3       org.gradle.api.internal.artifacts.transform.TransformationStep::createInvocation (92 bytes)

GC Heap History (20 events):
Event: 0.677 GC heap after
{Heap after GC invocations=2 (full 0):
 garbage-first heap   total 262144K, used 9444K [0x0000000080000000, 0x0000000100000000)
  region size 1024K, 2 young (2048K), 2 survivors (2048K)
 Metaspace       used 10611K, capacity 10841K, committed 11008K, reserved 1058816K
  class space    used 1116K, capacity 1174K, committed 1280K, reserved 1048576K
}
Event: 0.900 GC heap before
{Heap before GC invocations=2 (full 0):
 garbage-first heap   total 262144K, used 34020K [0x0000000080000000, 0x0000000100000000)
  region size 1024K, 26 young (26624K), 2 survivors (2048K)
 Metaspace       used 10841K, capacity 11069K, committed 11264K, reserved 1058816K
  class space    used 1131K, capacity 1207K, committed 1280K, reserved 1048576K
}
Event: 0.903 GC heap after
{Heap after GC invocations=3 (full 0):
 garbage-first heap   total 262144K, used 10784K [0x0000000080000000, 0x0000000100000000)
  region size 1024K, 3 young (3072K), 3 survivors (3072K)
 Metaspace       used 10841K, capacity 11069K, committed 11264K, reserved 1058816K
  class space    used 1131K, capacity 1207K, committed 1280K, reserved 1048576K
}
Event: 1.849 GC heap before
{Heap before GC invocations=3 (full 0):
 garbage-first heap   total 262144K, used 60960K [0x0000000080000000, 0x0000000100000000)
  region size 1024K, 52 young (53248K), 3 survivors (3072K)
 Metaspace       used 18731K, capacity 19125K, committed 19328K, reserved 1067008K
  class space    used 2250K, capacity 2384K, committed 2432K, reserved 1048576K
}
Event: 1.854 GC heap after
{Heap after GC invocations=4 (full 0):
 garbage-first heap   total 262144K, used 16421K [0x0000000080000000, 0x0000000100000000)
  region size 1024K, 7 young (7168K), 7 survivors (7168K)
 Metaspace       used 18731K, capacity 19125K, committed 19328K, reserved 1067008K
  class space    used 2250K, capacity 2384K, committed 2432K, reserved 1048576K
}
Event: 2.010 GC heap before
{Heap before GC invocations=4 (full 0):
 garbage-first heap   total 262144K, used 34853K [0x0000000080000000, 0x0000000100000000)
  region size 1024K, 26 young (26624K), 7 survivors (7168K)
 Metaspace       used 20694K, capacity 21075K, committed 21248K, reserved 1067008K
  class space    used 2537K, capacity 2693K, committed 2816K, reserved 1048576K
}
Event: 2.017 GC heap after
{Heap after GC invocations=5 (full 0):
 garbage-first heap   total 262144K, used 17254K [0x0000000080000000, 0x0000000100000000)
  region size 1024K, 6 young (6144K), 6 survivors (6144K)
 Metaspace       used 20694K, capacity 21075K, committed 21248K, reserved 1067008K
  class space    used 2537K, capacity 2693K, committed 2816K, reserved 1048576K
}
Event: 2.466 GC heap before
{Heap before GC invocations=6 (full 0):
 garbage-first heap   total 262144K, used 70502K [0x0000000080000000, 0x0000000100000000)
  region size 1024K, 58 young (59392K), 6 survivors (6144K)
 Metaspace       used 26060K, capacity 26630K, committed 26752K, reserved 1073152K
  class space    used 3404K, capacity 3615K, committed 3712K, reserved 1048576K
}
Event: 2.471 GC heap after
{Heap after GC invocations=7 (full 0):
 garbage-first heap   total 262144K, used 19475K [0x0000000080000000, 0x0000000100000000)
  region size 1024K, 3 young (3072K), 3 survivors (3072K)
 Metaspace       used 26060K, capacity 26630K, committed 26752K, reserved 1073152K
  class space    used 3404K, capacity 3615K, committed 3712K, reserved 1048576K
}
Event: 3.098 GC heap before
{Heap before GC invocations=7 (full 0):
 garbage-first heap   total 262144K, used 78867K [0x0000000080000000, 0x0000000100000000)
  region size 1024K, 62 young (63488K), 3 survivors (3072K)
 Metaspace       used 35033K, capacity 35786K, committed 35840K, reserved 1081344K
  class space    used 4553K, capacity 4863K, committed 4864K, reserved 1048576K
}
Event: 3.105 GC heap after
{Heap after GC invocations=8 (full 0):
 garbage-first heap   total 262144K, used 22872K [0x0000000080000000, 0x0000000100000000)
  region size 1024K, 7 young (7168K), 7 survivors (7168K)
 Metaspace       used 35033K, capacity 35786K, committed 35840K, reserved 1081344K
  class space    used 4553K, capacity 4863K, committed 4864K, reserved 1048576K
}
Event: 3.942 GC heap before
{Heap before GC invocations=9 (full 0):
 garbage-first heap   total 262144K, used 119128K [0x0000000080000000, 0x0000000100000000)
  region size 1024K, 98 young (100352K), 7 survivors (7168K)
 Metaspace       used 43121K, capacity 44091K, committed 44236K, reserved 1087488K
  class space    used 5476K, capacity 5827K, committed 5836K, reserved 1048576K
}
Event: 3.959 GC heap after
{Heap after GC invocations=10 (full 0):
 garbage-first heap   total 262144K, used 29190K [0x0000000080000000, 0x0000000100000000)
  region size 1024K, 13 young (13312K), 13 survivors (13312K)
 Metaspace       used 43121K, capacity 44091K, committed 44236K, reserved 1087488K
  class space    used 5476K, capacity 5827K, committed 5836K, reserved 1048576K
}
Event: 5.278 GC heap before
{Heap before GC invocations=11 (full 0):
 garbage-first heap   total 262144K, used 176646K [0x0000000080000000, 0x0000000100000000)
  region size 1024K, 153 young (156672K), 13 survivors (13312K)
 Metaspace       used 53152K, capacity 54417K, committed 54732K, reserved 1097728K
  class space    used 6775K, capacity 7269K, committed 7372K, reserved 1048576K
}
Event: 5.294 GC heap after
{Heap after GC invocations=12 (full 0):
 garbage-first heap   total 262144K, used 44422K [0x0000000080000000, 0x0000000100000000)
  region size 1024K, 20 young (20480K), 20 survivors (20480K)
 Metaspace       used 53152K, capacity 54417K, committed 54732K, reserved 1097728K
  class space    used 6775K, capacity 7269K, committed 7372K, reserved 1048576K
}
Event: 6.797 GC heap before
{Heap before GC invocations=12 (full 0):
 garbage-first heap   total 262144K, used 180614K [0x0000000080000000, 0x0000000100000000)
  region size 1024K, 153 young (156672K), 20 survivors (20480K)
 Metaspace       used 64630K, capacity 66223K, committed 66508K, reserved 1107968K
  class space    used 8215K, capacity 8820K, committed 8908K, reserved 1048576K
}
Event: 6.818 GC heap after
{Heap after GC invocations=13 (full 0):
 garbage-first heap   total 262144K, used 53849K [0x0000000080000000, 0x0000000100000000)
  region size 1024K, 10 young (10240K), 10 survivors (10240K)
 Metaspace       used 64630K, capacity 66223K, committed 66508K, reserved 1107968K
  class space    used 8215K, capacity 8820K, committed 8908K, reserved 1048576K
}
Event: 8.144 GC heap before
{Heap before GC invocations=13 (full 0):
 garbage-first heap   total 262144K, used 130649K [0x0000000080000000, 0x0000000100000000)
  region size 1024K, 86 young (88064K), 10 survivors (10240K)
 Metaspace       used 71982K, capacity 73632K, committed 73728K, reserved 1114112K
  class space    used 9376K, capacity 10032K, committed 10060K, reserved 1048576K
}
Event: 8.164 GC heap after
{Heap after GC invocations=14 (full 0):
 garbage-first heap   total 262144K, used 58969K [0x0000000080000000, 0x0000000100000000)
  region size 1024K, 15 young (15360K), 15 survivors (15360K)
 Metaspace       used 71982K, capacity 73632K, committed 73728K, reserved 1114112K
  class space    used 9376K, capacity 10032K, committed 10060K, reserved 1048576K
}
Event: 12.647 GC heap before
{Heap before GC invocations=15 (full 0):
 garbage-first heap   total 262144K, used 187993K [0x0000000080000000, 0x0000000100000000)
  region size 1024K, 142 young (145408K), 15 survivors (15360K)
 Metaspace       used 80614K, capacity 82659K, committed 82764K, reserved 1120256K
  class space    used 10560K, capacity 11329K, committed 11416K, reserved 1048576K
}

Deoptimization events (20 events):
Event: 12.537 Thread 0x0000013190b07000 Uncommon trap: trap_request=0xffffff4d fr.pc=0x0000013187f7c868 relative=0x0000000000000668
Event: 12.537 Thread 0x0000013190b07000 Uncommon trap: reason=unstable_if action=reinterpret pc=0x0000013187f7c868 method=org.gradle.internal.snapshot.PathUtil.equalChars(CCLorg/gradle/internal/snapshot/CaseSensitivity;)Z @ 40 c2
Event: 12.537 Thread 0x0000013190b07000 DEOPT PACKING pc=0x0000013187f7c868 sp=0x00000017b90fbd20
Event: 12.537 Thread 0x0000013190b07000 DEOPT UNPACKING pc=0x000001318002662f sp=0x00000017b90fbc38 mode 2
Event: 12.537 Thread 0x0000013190b07000 Uncommon trap: trap_request=0xffffff4d fr.pc=0x0000013187fac7a4 relative=0x0000000000000264
Event: 12.537 Thread 0x0000013190b07000 Uncommon trap: reason=unstable_if action=reinterpret pc=0x0000013187fac7a4 method=org.gradle.internal.snapshot.PathUtil.equalChars(CCLorg/gradle/internal/snapshot/CaseSensitivity;)Z @ 40 c2
Event: 12.537 Thread 0x0000013190b07000 DEOPT PACKING pc=0x0000013187fac7a4 sp=0x00000017b90fbb20
Event: 12.537 Thread 0x0000013190b07000 DEOPT UNPACKING pc=0x000001318002662f sp=0x00000017b90fbac8 mode 2
Event: 12.576 Thread 0x0000013190b07000 Uncommon trap: trap_request=0xffffffde fr.pc=0x0000013187f95384 relative=0x0000000000000be4
Event: 12.576 Thread 0x0000013190b07000 Uncommon trap: reason=class_check action=maybe_recompile pc=0x0000013187f95384 method=org.gradle.internal.snapshot.ChildMap$Entry.handleAncestorDescendantOrExactMatch(Lorg/gradle/internal/snapshot/VfsRelativePath;Lorg/gradle/internal/snapshot/CaseSensitiv
Event: 12.576 Thread 0x0000013190b07000 DEOPT PACKING pc=0x0000013187f95384 sp=0x00000017b90fc9a0
Event: 12.576 Thread 0x0000013190b07000 DEOPT UNPACKING pc=0x000001318002662f sp=0x00000017b90fc998 mode 2
Event: 12.594 Thread 0x0000013190b07000 Uncommon trap: trap_request=0xffffff4d fr.pc=0x0000013187f59e38 relative=0x0000000000000658
Event: 12.594 Thread 0x0000013190b07000 Uncommon trap: reason=unstable_if action=reinterpret pc=0x0000013187f59e38 method=sun.security.provider.DigestBase.engineUpdate([BII)V @ 1 c2
Event: 12.594 Thread 0x0000013190b07000 DEOPT PACKING pc=0x0000013187f59e38 sp=0x00000017b90fa070
Event: 12.594 Thread 0x0000013190b07000 DEOPT UNPACKING pc=0x000001318002662f sp=0x00000017b90fa028 mode 2
Event: 12.609 Thread 0x0000013190b07000 Uncommon trap: trap_request=0xffffffde fr.pc=0x0000013187f95384 relative=0x0000000000000be4
Event: 12.609 Thread 0x0000013190b07000 Uncommon trap: reason=class_check action=maybe_recompile pc=0x0000013187f95384 method=org.gradle.internal.snapshot.ChildMap$Entry.handleAncestorDescendantOrExactMatch(Lorg/gradle/internal/snapshot/VfsRelativePath;Lorg/gradle/internal/snapshot/CaseSensitiv
Event: 12.609 Thread 0x0000013190b07000 DEOPT PACKING pc=0x0000013187f95384 sp=0x00000017b90fcbd0
Event: 12.609 Thread 0x0000013190b07000 DEOPT UNPACKING pc=0x000001318002662f sp=0x00000017b90fcbc8 mode 2

Classes redefined (0 events):
No events

Internal exceptions (20 events):
Event: 9.302 Thread 0x00000131fc6f4800 Exception <a 'java/lang/NoSuchMethodError'{0x000000008d231958}: 'java.lang.Object java.lang.invoke.Invokers$Holder.linkToTargetMethod(java.lang.Object, int, int, java.lang.Object)'> (0x000000008d231958) thrown at [./src/hotspot/share/interpreter/linkResolver.cpp, line 773]
Event: 9.399 Thread 0x00000131fc6f4800 Exception <a 'java/lang/NoSuchMethodError'{0x000000008cbe85c0}: 'java.lang.Object java.lang.invoke.Invokers$Holder.linkToTargetMethod(java.lang.Object, java.lang.Object, java.lang.Object, int, java.lang.Object, java.lang.Object)'> (0x000000008cbe85c0) thrown at [./src/hotspot/share/interpreter/linkResolver.cpp, line 773]
Event: 9.498 Thread 0x00000131fd110800 Exception <a 'java/lang/NoSuchMethodError'{0x000000008ff87aa8}: <clinit>> (0x000000008ff87aa8) thrown at [./src/hotspot/share/prims/jni.cpp, line 1362]
Event: 9.499 Thread 0x00000131fd110800 Exception <a 'java/lang/NoSuchMethodError'{0x000000008ff90eb0}: <clinit>> (0x000000008ff90eb0) thrown at [./src/hotspot/share/prims/jni.cpp, line 1362]
Event: 9.517 Thread 0x00000131fd110800 Exception <a 'java/lang/NoSuchMethodError'{0x000000008c6a1688}: <clinit>> (0x000000008c6a1688) thrown at [./src/hotspot/share/prims/jni.cpp, line 1362]
Event: 9.518 Thread 0x00000131fd110800 Exception <a 'java/lang/NoSuchMethodError'{0x000000008c6b1510}: <clinit>> (0x000000008c6b1510) thrown at [./src/hotspot/share/prims/jni.cpp, line 1362]
Event: 9.518 Thread 0x00000131fd110800 Exception <a 'java/lang/NoSuchMethodError'{0x000000008c6b27e8}: <clinit>> (0x000000008c6b27e8) thrown at [./src/hotspot/share/prims/jni.cpp, line 1362]
Event: 9.571 Thread 0x0000013190b07000 Exception <a 'java/lang/IncompatibleClassChangeError'{0x000000008c4de680}: Found class java.lang.Object, but interface was expected> (0x000000008c4de680) thrown at [./src/hotspot/share/interpreter/linkResolver.cpp, line 839]
Event: 9.581 Thread 0x0000013190aff800 Exception <a 'java/lang/NoSuchMethodError'{0x000000008c3dd1c0}: <clinit>> (0x000000008c3dd1c0) thrown at [./src/hotspot/share/prims/jni.cpp, line 1362]
Event: 9.584 Thread 0x0000013190aff800 Exception <a 'java/lang/NoSuchMethodError'{0x000000008c3f1fa0}: <clinit>> (0x000000008c3f1fa0) thrown at [./src/hotspot/share/prims/jni.cpp, line 1362]
Event: 9.585 Thread 0x0000013190aff800 Exception <a 'java/lang/NoSuchMethodError'{0x000000008c214ce8}: <clinit>> (0x000000008c214ce8) thrown at [./src/hotspot/share/prims/jni.cpp, line 1362]
Event: 9.586 Thread 0x0000013190aff800 Exception <a 'java/lang/NoSuchMethodError'{0x000000008c21ec68}: 'void java.lang.invoke.DirectMethodHandle$Holder.invokeSpecial(java.lang.Object, java.lang.Object, java.lang.Object, int)'> (0x000000008c21ec68) thrown at [./src/hotspot/share/interpreter/linkResolver.cpp, line 773]
Event: 9.605 Thread 0x00000131fd110800 Exception <a 'java/lang/NoSuchMethodError'{0x000000008c6f35b8}: <clinit>> (0x000000008c6f35b8) thrown at [./src/hotspot/share/prims/jni.cpp, line 1362]
Event: 9.630 Thread 0x0000013190b07000 Exception <a 'java/lang/NoSuchMethodError'{0x000000008c104178}: 'java.lang.Object java.lang.invoke.DirectMethodHandle$Holder.invokeInterface(java.lang.Object, java.lang.Object, int)'> (0x000000008c104178) thrown at [./src/hotspot/share/interpreter/linkResolver.cpp, line 773]
Event: 9.632 Thread 0x0000013190b07000 Exception <a 'java/lang/NoSuchMethodError'{0x000000008c116328}: 'void java.lang.invoke.DirectMethodHandle$Holder.invokeStatic(java.lang.Object, java.lang.Object, java.lang.Object, int)'> (0x000000008c116328) thrown at [./src/hotspot/share/interpreter/linkResolver.cpp, line 773]
Event: 9.718 Thread 0x0000013190b07000 Exception <a 'java/lang/IncompatibleClassChangeError'{0x000000008c086860}: Found class java.lang.Object, but interface was expected> (0x000000008c086860) thrown at [./src/hotspot/share/interpreter/linkResolver.cpp, line 839]
Event: 9.750 Thread 0x0000013190b07000 Exception <a 'java/lang/IncompatibleClassChangeError'{0x000000008c0e0190}: Found class java.lang.Object, but interface was expected> (0x000000008c0e0190) thrown at [./src/hotspot/share/interpreter/linkResolver.cpp, line 839]
Event: 9.794 Thread 0x0000013190b07000 Exception <a 'java/lang/NoSuchMethodError'{0x000000008bd1bf20}: 'int java.lang.invoke.DirectMethodHandle$Holder.invokeStaticInit(java.lang.Object, java.lang.Object, java.lang.Object, java.lang.Object, java.lang.Object)'> (0x000000008bd1bf20) thrown at [./src/hotspot/share/interpreter/linkResolver.cpp, line 773]
Event: 11.018 Thread 0x0000013190b07000 Exception <a 'java/lang/NoSuchMethodError'{0x000000008a16c118}: 'void java.lang.invoke.DirectMethodHandle$Holder.invokeStatic(java.lang.Object, java.lang.Object, java.lang.Object, java.lang.Object, int, java.lang.Object, java.lang.Object)'> (0x000000008a16c118) thrown at [./src/hotspot/share/interpreter/linkResolver.cpp, line 773]
Event: 11.054 Thread 0x00000131fde01800 Exception <a 'java/lang/NoSuchMethodError'{0x0000000089ea0428}: 'java.lang.Object java.lang.invoke.DirectMethodHandle$Holder.invokeSpecialIFC(java.lang.Object, java.lang.Object, java.lang.Object)'> (0x0000000089ea0428) thrown at [./src/hotspot/share/interpreter/linkResolver.cpp, line 773]

Events (20 events):
Event: 12.587 Executing VM operation: RevokeBias done
Event: 12.588 loading class org/gradle/internal/component/local/model/OpaqueComponentArtifactIdentifier
Event: 12.588 loading class org/gradle/internal/component/local/model/OpaqueComponentArtifactIdentifier done
Event: 12.589 loading class org/gradle/api/internal/artifacts/ivyservice/resolveengine/artifact/LocalFileDependencyBackedArtifactSet$SingletonFileResolvedVariant
Event: 12.589 loading class org/gradle/api/internal/artifacts/ivyservice/resolveengine/artifact/LocalFileDependencyBackedArtifactSet$SingletonFileResolvedVariant done
Event: 12.590 Executing VM operation: Deoptimize
Event: 12.591 Executing VM operation: Deoptimize done
Event: 12.592 loading class org/gradle/api/internal/artifacts/ivyservice/resolveengine/artifact/LocalFileDependencyBackedArtifactSet$TransformedLocalFileArtifactSet
Event: 12.592 loading class org/gradle/api/internal/artifacts/ivyservice/resolveengine/artifact/LocalFileDependencyBackedArtifactSet$TransformedLocalFileArtifactSet done
Event: 12.637 Executing VM operation: RevokeBias
Event: 12.637 Executing VM operation: RevokeBias done
Event: 12.637 Executing VM operation: RevokeBias
Event: 12.637 Executing VM operation: RevokeBias done
Event: 12.638 Executing VM operation: RevokeBias
Event: 12.638 Executing VM operation: RevokeBias done
Event: 12.638 Executing VM operation: RevokeBias
Event: 12.638 Executing VM operation: RevokeBias done
Event: 12.638 Executing VM operation: RevokeBias
Event: 12.638 Executing VM operation: RevokeBias done
Event: 12.647 Executing VM operation: G1CollectForAllocation


Dynamic libraries:
0x00007ff7f4730000 - 0x00007ff7f473a000 	C:\Program Files\Android\Android Studio\jre\bin\java.exe
0x00007ffc2b690000 - 0x00007ffc2b885000 	C:\WINDOWS\SYSTEM32\ntdll.dll
0x00007ffc29d50000 - 0x00007ffc29e0e000 	C:\WINDOWS\System32\KERNEL32.DLL
0x00007ffc29420000 - 0x00007ffc296e8000 	C:\WINDOWS\System32\KERNELBASE.dll
0x00007ffc28fa0000 - 0x00007ffc290a0000 	C:\WINDOWS\System32\ucrtbase.dll
0x00007ffc1f2c0000 - 0x00007ffc1f2d9000 	C:\Program Files\Android\Android Studio\jre\bin\jli.dll
0x00007ffc0bff0000 - 0x00007ffc0c007000 	C:\Program Files\Android\Android Studio\jre\bin\VCRUNTIME140.dll
0x00007ffc296f0000 - 0x00007ffc29890000 	C:\WINDOWS\System32\USER32.dll
0x00007ffc0ff50000 - 0x00007ffc101ea000 	C:\WINDOWS\WinSxS\amd64_microsoft.windows.common-controls_6595b64144ccf1df_6.0.19041.1110_none_60b5254171f9507e\COMCTL32.dll
0x00007ffc29c30000 - 0x00007ffc29cce000 	C:\WINDOWS\System32\msvcrt.dll
0x00007ffc2b1f0000 - 0x00007ffc2b21a000 	C:\WINDOWS\System32\GDI32.dll
0x00007ffc29180000 - 0x00007ffc2928b000 	C:\WINDOWS\System32\gdi32full.dll
0x00007ffc28ed0000 - 0x00007ffc28f6d000 	C:\WINDOWS\System32\msvcp_win.dll
0x00007ffc293f0000 - 0x00007ffc29412000 	C:\WINDOWS\System32\win32u.dll
0x00007ffc2b3b0000 - 0x00007ffc2b3e0000 	C:\WINDOWS\System32\IMM32.DLL
0x00007ffbf6670000 - 0x00007ffbf670d000 	C:\Program Files\Android\Android Studio\jre\bin\msvcp140.dll
0x00007ffbd0010000 - 0x00007ffbd0ae5000 	C:\Program Files\Android\Android Studio\jre\bin\server\jvm.dll
0x00007ffc2b220000 - 0x00007ffc2b2ce000 	C:\WINDOWS\System32\ADVAPI32.dll
0x00007ffc29ac0000 - 0x00007ffc29b5c000 	C:\WINDOWS\System32\sechost.dll
0x00007ffc2abf0000 - 0x00007ffc2ad15000 	C:\WINDOWS\System32\RPCRT4.dll
0x00007ffc2a9b0000 - 0x00007ffc2a9b8000 	C:\WINDOWS\System32\PSAPI.DLL
0x00007ffc253b0000 - 0x00007ffc253b9000 	C:\WINDOWS\SYSTEM32\WSOCK32.dll
0x00007ffc2a9c0000 - 0x00007ffc2aa2b000 	C:\WINDOWS\System32\WS2_32.dll
0x00007ffc12660000 - 0x00007ffc12687000 	C:\WINDOWS\SYSTEM32\WINMM.dll
0x00007ffc20d10000 - 0x00007ffc20d1a000 	C:\WINDOWS\SYSTEM32\VERSION.dll
0x00007ffc276b0000 - 0x00007ffc276c2000 	C:\WINDOWS\SYSTEM32\kernel.appcore.dll
0x00007ffc220e0000 - 0x00007ffc220f1000 	C:\Program Files\Android\Android Studio\jre\bin\verify.dll
0x00007ffc26330000 - 0x00007ffc26514000 	C:\WINDOWS\SYSTEM32\DBGHELP.DLL
0x00007ffc1f550000 - 0x00007ffc1f57c000 	C:\WINDOWS\SYSTEM32\dbgcore.DLL
0x00007ffc290f0000 - 0x00007ffc29172000 	C:\WINDOWS\System32\bcryptPrimitives.dll
0x00007ffc1f040000 - 0x00007ffc1f069000 	C:\Program Files\Android\Android Studio\jre\bin\java.dll
0x00007ffc237c0000 - 0x00007ffc237cb000 	C:\Program Files\Android\Android Studio\jre\bin\jimage.dll
0x00007ffc20240000 - 0x00007ffc20258000 	C:\Program Files\Android\Android Studio\jre\bin\zip.dll
0x00007ffc29e90000 - 0x00007ffc2a5d4000 	C:\WINDOWS\System32\SHELL32.dll
0x00007ffc26eb0000 - 0x00007ffc27644000 	C:\WINDOWS\SYSTEM32\windows.storage.dll
0x00007ffc2a5f0000 - 0x00007ffc2a944000 	C:\WINDOWS\System32\combase.dll
0x00007ffc28750000 - 0x00007ffc2877c000 	C:\WINDOWS\SYSTEM32\Wldp.dll
0x00007ffc29a10000 - 0x00007ffc29abd000 	C:\WINDOWS\System32\SHCORE.dll
0x00007ffc2a950000 - 0x00007ffc2a9a5000 	C:\WINDOWS\System32\shlwapi.dll
0x00007ffc28cf0000 - 0x00007ffc28d0f000 	C:\WINDOWS\SYSTEM32\profapi.dll
0x00007ffc1ed90000 - 0x00007ffc1edaa000 	C:\Program Files\Android\Android Studio\jre\bin\net.dll
0x00007ffc1f650000 - 0x00007ffc1f75a000 	C:\WINDOWS\SYSTEM32\WINHTTP.dll
0x00007ffc284b0000 - 0x00007ffc2851a000 	C:\WINDOWS\system32\mswsock.dll
0x00007ffc1c2a0000 - 0x00007ffc1c2b4000 	C:\Program Files\Android\Android Studio\jre\bin\nio.dll
0x00007ffc02400000 - 0x00007ffc02427000 	C:\Users\Arne\.gradle\native\e1d6ef7f7dcc3fd88c89a11ec53ec762bb8ba0a96d01ffa2cd45eb1d1d8dd5c5\windows-amd64\native-platform.dll
0x00007ffbf3460000 - 0x00007ffbf35a4000 	C:\Users\Arne\.gradle\native\5664cfc778a61ccfe75a443a1ab52a65af34e5dc3c78e0209fed803814484fcb\windows-amd64\native-platform-file-events.dll
0x00007ffc220b0000 - 0x00007ffc220ba000 	C:\Program Files\Android\Android Studio\jre\bin\management.dll
0x00007ffc22090000 - 0x00007ffc2209d000 	C:\Program Files\Android\Android Studio\jre\bin\management_ext.dll
0x00007ffc286a0000 - 0x00007ffc286b8000 	C:\WINDOWS\SYSTEM32\CRYPTSP.dll
0x00007ffc27e30000 - 0x00007ffc27e64000 	C:\WINDOWS\system32\rsaenh.dll
0x00007ffc28f70000 - 0x00007ffc28f97000 	C:\WINDOWS\System32\bcrypt.dll
0x00007ffc28cb0000 - 0x00007ffc28cde000 	C:\WINDOWS\SYSTEM32\USERENV.dll
0x00007ffc286c0000 - 0x00007ffc286cc000 	C:\WINDOWS\SYSTEM32\CRYPTBASE.dll
0x00007ffc281a0000 - 0x00007ffc281db000 	C:\WINDOWS\SYSTEM32\IPHLPAPI.DLL
0x00007ffc2abe0000 - 0x00007ffc2abe8000 	C:\WINDOWS\System32\NSI.dll
0x00007ffc22330000 - 0x00007ffc22347000 	C:\WINDOWS\SYSTEM32\dhcpcsvc6.DLL
0x00007ffc225f0000 - 0x00007ffc2260d000 	C:\WINDOWS\SYSTEM32\dhcpcsvc.DLL
0x00007ffc281e0000 - 0x00007ffc282ab000 	C:\WINDOWS\SYSTEM32\DNSAPI.dll

dbghelp: loaded successfully - version: 4.0.5 - missing functions: none
symbol engine: initialized successfully - sym options: 0x614 - pdb path: .;C:\Program Files\Android\Android Studio\jre\bin;C:\WINDOWS\SYSTEM32;C:\WINDOWS\WinSxS\amd64_microsoft.windows.common-controls_6595b64144ccf1df_6.0.19041.1110_none_60b5254171f9507e;C:\Program Files\Android\Android Studio\jre\bin\server;C:\Users\Arne\.gradle\native\e1d6ef7f7dcc3fd88c89a11ec53ec762bb8ba0a96d01ffa2cd45eb1d1d8dd5c5\windows-amd64;C:\Users\Arne\.gradle\native\5664cfc778a61ccfe75a443a1ab52a65af34e5dc3c78e0209fed803814484fcb\windows-amd64

VM Arguments:
jvm_args: --add-opens=java.base/java.util=ALL-UNNAMED --add-opens=java.base/java.lang=ALL-UNNAMED --add-opens=java.base/java.lang.invoke=ALL-UNNAMED --add-opens=java.base/java.util=ALL-UNNAMED --add-opens=java.prefs/java.util.prefs=ALL-UNNAMED --add-opens=java.prefs/java.util.prefs=ALL-UNNAMED --add-opens=java.base/java.nio.charset=ALL-UNNAMED --add-opens=java.base/java.net=ALL-UNNAMED --add-opens=java.base/java.util.concurrent.atomic=ALL-UNNAMED -Xmx2048m -Dfile.encoding=UTF-8 -Duser.country=US -Duser.language=en -Duser.variant 
java_command: org.gradle.launcher.daemon.bootstrap.GradleDaemon 7.2
java_class_path (initial): C:\Users\Arne\.gradle\wrapper\dists\gradle-7.2-bin\2dnblmf4td7x66yl1d74lt32g\gradle-7.2\lib\gradle-launcher-7.2.jar
Launcher Type: SUN_STANDARD

[Global flags]
     intx CICompilerCount                          = 3                                         {product} {ergonomic}
     uint ConcGCThreads                            = 1                                         {product} {ergonomic}
     uint G1ConcRefinementThreads                  = 4                                         {product} {ergonomic}
   size_t G1HeapRegionSize                         = 1048576                                   {product} {ergonomic}
    uintx GCDrainStackTargetSize                   = 64                                        {product} {ergonomic}
   size_t InitialHeapSize                          = 268435456                                 {product} {ergonomic}
   size_t MarkStackSize                            = 4194304                                   {product} {ergonomic}
   size_t MaxHeapSize                              = 2147483648                                {product} {command line}
   size_t MaxNewSize                               = 1287651328                                {product} {ergonomic}
   size_t MinHeapDeltaBytes                        = 1048576                                   {product} {ergonomic}
    uintx NonNMethodCodeHeapSize                   = 5830732                                {pd product} {ergonomic}
    uintx NonProfiledCodeHeapSize                  = 122913754                              {pd product} {ergonomic}
    uintx ProfiledCodeHeapSize                     = 122913754                              {pd product} {ergonomic}
    uintx ReservedCodeCacheSize                    = 251658240                              {pd product} {ergonomic}
     bool SegmentedCodeCache                       = true                                      {product} {ergonomic}
     bool UseCompressedClassPointers               = true                                 {lp64_product} {ergonomic}
     bool UseCompressedOops                        = true                                 {lp64_product} {ergonomic}
     bool UseG1GC                                  = true                                      {product} {ergonomic}
     bool UseLargePagesIndividualAllocation        = false                                  {pd product} {ergonomic}

Logging:
Log output configuration:
 #0: stdout all=warning uptime,level,tags
 #1: stderr all=off uptime,level,tags

Environment Variables:
JAVA_HOME=C:\Program Files\Java\jdk-17.0.2
PATH=C:\Program Files\Common Files\Oracle\Java\javapath;C:\Program Files\Eclipse Foundation\jdk-8.0.302.8-hotspot\bin;C:\Program Files (x86)\Common Files\Oracle\Java\javapath;C:\Program Files (x86)\Intel\iCLS Client\;C:\Program Files\Intel\iCLS Client\;C:\WINDOWS\system32;C:\WINDOWS;C:\WINDOWS\System32\Wbem;C:\WINDOWS\System32\WindowsPowerShell\v1.0\;C:\WINDOWS\System32\OpenSSH\;C:\Program Files\Intel\Intel(R) Management Engine Components\DAL;C:\Program Files (x86)\Intel\Intel(R) Management Engine Components\DAL;C:\Program Files\Intel\Intel(R) Management Engine Components\IPT;C:\Program Files (x86)\Intel\Intel(R) Management Engine Components\IPT;C:\Program Files\Microsoft SQL Server\Client SDK\ODBC\130\Tools\Binn\;C:\Program Files (x86)\Microsoft SQL Server\140\Tools\Binn\;C:\Program Files\Microsoft SQL Server\140\Tools\Binn\;C:\Program Files\Microsoft SQL Server\140\DTS\Binn\;C:\Program Files\Microsoft SQL Server\130\Tools\Binn\;C:\Program Files\Microsoft SQL Server\Client SDK\ODBC\170\Tools\Binn\;C:\Program Files (x86)\Microsoft SQL Server\150\DTS\Binn\;C:\Program Files\Git\cmd;C:\Program Files\dotnet\;C:\Users\Arne\AppData\Local\Microsoft\WindowsApps;C:\Users\Arne\.dotnet\tools
USERNAME=Arne
OS=Windows_NT
PROCESSOR_IDENTIFIER=Intel64 Family 6 Model 60 Stepping 3, GenuineIntel



---------------  S Y S T E M  ---------------

OS: Windows 10 , 64 bit Build 19041 (10.0.19041.1645)
OS uptime: 21 days 22:38 hours

CPU:total 4 (initial active 4) (4 cores per cpu, 1 threads per core) family 6 model 60 stepping 3 microcode 0x27, cmov, cx8, fxsr, mmx, sse, sse2, sse3, ssse3, sse4.1, sse4.2, popcnt, avx, avx2, aes, clmul, erms, lzcnt, tsc, tscinvbit, bmi1, bmi2, fma

Memory: 4k page, system-wide physical 16324M (4451M free)
TotalPageFile size 19260M (AvailPageFile size 22M)
current process WorkingSet (physical memory assigned to process): 447M, peak: 448M
current process commit charge ("private bytes"): 509M, peak: 561M

vm_info: OpenJDK 64-Bit Server VM (11.0.11+9-b60-7590822) for windows-amd64 JRE (11.0.11+9-b60-7590822), built on Jul 29 2021 21:43:44 by "builder" with MS VC++ 14.0 (VS2015)

END.
