#
# There is insufficient memory for the Java Runtime Environment to continue.
# Native memory allocation (malloc) failed to allocate 1076656 bytes for Chunk::new
# Possible reasons:
#   The system is out of physical RAM or swap space
#   The process is running with CompressedOops enabled, and the Java Heap may be blocking the growth of the native heap
# Possible solutions:
#   Reduce memory load on the system
#   Increase physical memory or swap space
#   Check if swap backing store is full
#   Decrease Java heap size (-Xmx/-Xms)
#   Decrease number of Java threads
#   Decrease Java thread stack sizes (-Xss)
#   Set larger code cache with -XX:ReservedCodeCacheSize=
#   JVM is running with Unscaled Compressed Oops mode in which the Java heap is
#     placed in the first 4GB address space. The Java Heap base address is the
#     maximum limit for the native heap growth. Please use -XX:HeapBaseMinAddress
#     to set the Java Heap base and to place the Java Heap above 4GB virtual address.
# This output file may be truncated or incomplete.
#
#  Out of Memory Error (./src/hotspot/share/memory/arena.cpp:197), pid=25292, tid=21832
#
# JRE version: OpenJDK Runtime Environment (11.0.11+9) (build 11.0.11+9-b60-7590822)
# Java VM: OpenJDK 64-Bit Server VM (11.0.11+9-b60-7590822, mixed mode, tiered, compressed oops, g1 gc, windows-amd64)
# No core dump will be written. Minidumps are not enabled by default on client versions of Windows
#

---------------  S U M M A R Y ------------

Command Line: --add-opens=java.base/java.util=ALL-UNNAMED --add-opens=java.base/java.lang=ALL-UNNAMED --add-opens=java.base/java.lang.invoke=ALL-UNNAMED --add-opens=java.base/java.util=ALL-UNNAMED --add-opens=java.prefs/java.util.prefs=ALL-UNNAMED --add-opens=java.prefs/java.util.prefs=ALL-UNNAMED --add-opens=java.base/java.nio.charset=ALL-UNNAMED --add-opens=java.base/java.net=ALL-UNNAMED --add-opens=java.base/java.util.concurrent.atomic=ALL-UNNAMED -Xmx2048m -Dfile.encoding=UTF-8 -Duser.country=US -Duser.language=en -Duser.variant org.gradle.launcher.daemon.bootstrap.GradleDaemon 7.2

Host: Intel(R) Core(TM) i5-4570 CPU @ 3.20GHz, 4 cores, 15G,  Windows 10 , 64 bit Build 19041 (10.0.19041.1645)
Time: Sat May  7 11:10:53 2022 Romance Daylight Time elapsed time: 29.287295 seconds (0d 0h 0m 29s)

---------------  T H R E A D  ---------------

Current thread (0x0000025b20d0a800):  JavaThread "C2 CompilerThread0" daemon [_thread_in_native, id=21832, stack(0x000000e321700000,0x000000e321800000)]


Current CompileTask:
C2:  29287 6312       4       java.util.TreeMap::put (247 bytes)

Stack: [0x000000e321700000,0x000000e321800000]
Native frames: (J=compiled Java code, j=interpreted, Vv=VM code, C=native code)
V  [jvm.dll+0x5f214a]
V  [jvm.dll+0x726fb5]
V  [jvm.dll+0x7285cd]
V  [jvm.dll+0x728c83]
V  [jvm.dll+0x243278]
V  [jvm.dll+0xbc53c]
V  [jvm.dll+0xbca3c]
V  [jvm.dll+0x353e7d]
V  [jvm.dll+0x321893]
V  [jvm.dll+0x320d8a]
V  [jvm.dll+0x1fc1e2]
V  [jvm.dll+0x1fb3d4]
V  [jvm.dll+0x183d6c]
V  [jvm.dll+0x209a57]
V  [jvm.dll+0x2082a1]
V  [jvm.dll+0x6ef58f]
V  [jvm.dll+0x6e80b5]
V  [jvm.dll+0x5f1036]
C  [ucrtbase.dll+0x21bb2]
C  [KERNEL32.DLL+0x17034]
C  [ntdll.dll+0x52651]


---------------  P R O C E S S  ---------------

Threads class SMR info:
_java_thread_list=0x0000025b26b34340, length=79, elements={
0x0000025b0683e800, 0x0000025b2047d000, 0x0000025b20cac800, 0x0000025b20cff800,
0x0000025b20d02000, 0x0000025b20d03800, 0x0000025b20d0a800, 0x0000025b20d0e000,
0x0000025b20d11800, 0x0000025b20e7c000, 0x0000025b2274f000, 0x0000025b21008800,
0x0000025b21c76800, 0x0000025b22cfe800, 0x0000025b21dfb800, 0x0000025b21adb000,
0x0000025b219c9000, 0x0000025b219c9800, 0x0000025b219a1000, 0x0000025b227ba000,
0x0000025b227bb800, 0x0000025b227bc800, 0x0000025b227bb000, 0x0000025b227b7000,
0x0000025b227bd800, 0x0000025b227b8800, 0x0000025b227b9000, 0x0000025b227b7800,
0x0000025b253f0000, 0x0000025b253f3000, 0x0000025b253f2800, 0x0000025b253f4000,
0x0000025b253f9000, 0x0000025b253fa800, 0x0000025b253f6800, 0x0000025b253fb800,
0x0000025b253f5800, 0x0000025b253fc000, 0x0000025b253f9800, 0x0000025b253fd000,
0x0000025b253f7800, 0x0000025b253f8000, 0x0000025b258c6800, 0x0000025b258c8000,
0x0000025b258c9000, 0x0000025b258ca000, 0x0000025b258c5000, 0x0000025b258c6000,
0x0000025b258c7800, 0x0000025b258c4000, 0x0000025b258cf800, 0x0000025b258d0800,
0x0000025b258cf000, 0x0000025b258cb800, 0x0000025b258cd000, 0x0000025b258cc800,
0x0000025b258ca800, 0x0000025b258d2000, 0x0000025b258ce000, 0x0000025b258d1000,
0x0000025b258d3000, 0x0000025b26a89000, 0x0000025b26a8a800, 0x0000025b26a86800,
0x0000025b26a8b800, 0x0000025b26a8c800, 0x0000025b26a8d000, 0x0000025b26a87800,
0x0000025b26a8e000, 0x0000025b26a88800, 0x0000025b26a8f800, 0x0000025b26a8a000,
0x0000025b26a93800, 0x0000025b26a94800, 0x0000025b26a90800, 0x0000025b26a8f000,
0x0000025b26a95800, 0x0000025b26a92000, 0x0000025b26a91800
}

Java Threads: ( => current thread )
  0x0000025b0683e800 JavaThread "main" [_thread_blocked, id=22632, stack(0x000000e320b00000,0x000000e320c00000)]
  0x0000025b2047d000 JavaThread "Reference Handler" daemon [_thread_blocked, id=12644, stack(0x000000e321200000,0x000000e321300000)]
  0x0000025b20cac800 JavaThread "Finalizer" daemon [_thread_blocked, id=10736, stack(0x000000e321300000,0x000000e321400000)]
  0x0000025b20cff800 JavaThread "Signal Dispatcher" daemon [_thread_blocked, id=15864, stack(0x000000e321400000,0x000000e321500000)]
  0x0000025b20d02000 JavaThread "Attach Listener" daemon [_thread_blocked, id=19228, stack(0x000000e321500000,0x000000e321600000)]
  0x0000025b20d03800 JavaThread "Service Thread" daemon [_thread_blocked, id=23280, stack(0x000000e321600000,0x000000e321700000)]
=>0x0000025b20d0a800 JavaThread "C2 CompilerThread0" daemon [_thread_in_native, id=21832, stack(0x000000e321700000,0x000000e321800000)]
  0x0000025b20d0e000 JavaThread "C1 CompilerThread0" daemon [_thread_blocked, id=2148, stack(0x000000e321800000,0x000000e321900000)]
  0x0000025b20d11800 JavaThread "Sweeper thread" daemon [_thread_blocked, id=14996, stack(0x000000e321900000,0x000000e321a00000)]
  0x0000025b20e7c000 JavaThread "Common-Cleaner" daemon [_thread_blocked, id=24820, stack(0x000000e321a00000,0x000000e321b00000)]
  0x0000025b2274f000 JavaThread "Daemon health stats" [_thread_blocked, id=25332, stack(0x000000e321f00000,0x000000e322000000)]
  0x0000025b21008800 JavaThread "Incoming local TCP Connector on port 49813" [_thread_in_native, id=13260, stack(0x000000e322000000,0x000000e322100000)]
  0x0000025b21c76800 JavaThread "Daemon periodic checks" [_thread_blocked, id=24856, stack(0x000000e322100000,0x000000e322200000)]
  0x0000025b22cfe800 JavaThread "Daemon" [_thread_blocked, id=25184, stack(0x000000e322200000,0x000000e322300000)]
  0x0000025b21dfb800 JavaThread "Handler for socket connection from /127.0.0.1:49813 to /127.0.0.1:49814" [_thread_in_native, id=8120, stack(0x000000e322300000,0x000000e322400000)]
  0x0000025b21adb000 JavaThread "Cancel handler" [_thread_blocked, id=19960, stack(0x000000e322400000,0x000000e322500000)]
  0x0000025b219c9000 JavaThread "Daemon worker" [_thread_in_Java, id=11104, stack(0x000000e322500000,0x000000e322600000)]
  0x0000025b219c9800 JavaThread "Asynchronous log dispatcher for DefaultDaemonConnection: socket connection from /127.0.0.1:49813 to /127.0.0.1:49814" [_thread_blocked, id=23176, stack(0x000000e322600000,0x000000e322700000)]
  0x0000025b219a1000 JavaThread "Stdin handler" [_thread_blocked, id=24780, stack(0x000000e322700000,0x000000e322800000)]
  0x0000025b227ba000 JavaThread "Daemon client event forwarder" [_thread_blocked, id=4716, stack(0x000000e322800000,0x000000e322900000)]
  0x0000025b227bb800 JavaThread "Cache worker for journal cache (C:\Users\Arne\.gradle\caches\journal-1)" [_thread_blocked, id=22304, stack(0x000000e322900000,0x000000e322a00000)]
  0x0000025b227bc800 JavaThread "File lock request listener" [_thread_in_native, id=24764, stack(0x000000e322a00000,0x000000e322b00000)]
  0x0000025b227bb000 JavaThread "Cache worker for file hash cache (C:\Users\Arne\.gradle\caches\7.2\fileHashes)" [_thread_blocked, id=13572, stack(0x000000e322b00000,0x000000e322c00000)]
  0x0000025b227b7000 JavaThread "Cache worker for file hash cache (C:\Users\Arne\AndroidStudioProjects\iHave\.gradle\7.2\fileHashes)" [_thread_blocked, id=19692, stack(0x000000e322c00000,0x000000e322d00000)]
  0x0000025b227bd800 JavaThread "File watcher server" daemon [_thread_in_native, id=16236, stack(0x000000e322d00000,0x000000e322e00000)]
  0x0000025b227b8800 JavaThread "File watcher consumer" daemon [_thread_blocked, id=16612, stack(0x000000e322e00000,0x000000e322f00000)]
  0x0000025b227b9000 JavaThread "Cache worker for checksums cache (C:\Users\Arne\AndroidStudioProjects\iHave\.gradle\checksums)" [_thread_blocked, id=25048, stack(0x000000e322f00000,0x000000e323000000)]
  0x0000025b227b7800 JavaThread "Cache worker for cache directory md-supplier (C:\Users\Arne\.gradle\caches\7.2\md-supplier)" [_thread_blocked, id=9956, stack(0x000000e323000000,0x000000e323100000)]
  0x0000025b253f0000 JavaThread "Cache worker for cache directory md-rule (C:\Users\Arne\.gradle\caches\7.2\md-rule)" [_thread_blocked, id=13916, stack(0x000000e323100000,0x000000e323200000)]
  0x0000025b253f3000 JavaThread "Cache worker for execution history cache (C:\Users\Arne\.gradle\caches\7.2\executionHistory)" [_thread_blocked, id=20592, stack(0x000000e323200000,0x000000e323300000)]
  0x0000025b253f2800 JavaThread "jar transforms" [_thread_blocked, id=14372, stack(0x000000e323400000,0x000000e323500000)]
  0x0000025b253f4000 JavaThread "Cache worker for file content cache (C:\Users\Arne\.gradle\caches\7.2\fileContent)" [_thread_blocked, id=26076, stack(0x000000e323500000,0x000000e323600000)]
  0x0000025b253f9000 JavaThread "jar transforms Thread 2" [_thread_blocked, id=16064, stack(0x000000e323600000,0x000000e323700000)]
  0x0000025b253fa800 JavaThread "Cache worker for dependencies-accessors (C:\Users\Arne\AndroidStudioProjects\iHave\.gradle\7.2\dependencies-accessors)" [_thread_blocked, id=25996, stack(0x000000e323700000,0x000000e323800000)]
  0x0000025b253f6800 JavaThread "jar transforms Thread 3" [_thread_blocked, id=12704, stack(0x000000e323800000,0x000000e323900000)]
  0x0000025b253fb800 JavaThread "Cache worker for Build Output Cleanup Cache (C:\Users\Arne\AndroidStudioProjects\iHave\.gradle\buildOutputCleanup)" [_thread_blocked, id=26024, stack(0x000000e323900000,0x000000e323a00000)]
  0x0000025b253f5800 JavaThread "Unconstrained build operations" [_thread_blocked, id=22224, stack(0x000000e323a00000,0x000000e323b00000)]
  0x0000025b253fc000 JavaThread "Unconstrained build operations Thread 2" [_thread_blocked, id=14680, stack(0x000000e323b00000,0x000000e323c00000)]
  0x0000025b253f9800 JavaThread "Unconstrained build operations Thread 3" [_thread_blocked, id=25588, stack(0x000000e323c00000,0x000000e323d00000)]
  0x0000025b253fd000 JavaThread "Unconstrained build operations Thread 4" [_thread_blocked, id=25940, stack(0x000000e323d00000,0x000000e323e00000)]
  0x0000025b253f7800 JavaThread "Unconstrained build operations Thread 5" [_thread_blocked, id=23464, stack(0x000000e323e00000,0x000000e323f00000)]
  0x0000025b253f8000 JavaThread "Unconstrained build operations Thread 6" [_thread_blocked, id=25540, stack(0x000000e323f00000,0x000000e324000000)]
  0x0000025b258c6800 JavaThread "Unconstrained build operations Thread 7" [_thread_blocked, id=12512, stack(0x000000e324000000,0x000000e324100000)]
  0x0000025b258c8000 JavaThread "Unconstrained build operations Thread 8" [_thread_blocked, id=20396, stack(0x000000e324100000,0x000000e324200000)]
  0x0000025b258c9000 JavaThread "Unconstrained build operations Thread 9" [_thread_blocked, id=23588, stack(0x000000e324200000,0x000000e324300000)]
  0x0000025b258ca000 JavaThread "Unconstrained build operations Thread 10" [_thread_blocked, id=1748, stack(0x000000e324300000,0x000000e324400000)]
  0x0000025b258c5000 JavaThread "Unconstrained build operations Thread 11" [_thread_blocked, id=26104, stack(0x000000e324400000,0x000000e324500000)]
  0x0000025b258c6000 JavaThread "Unconstrained build operations Thread 12" [_thread_blocked, id=24632, stack(0x000000e324500000,0x000000e324600000)]
  0x0000025b258c7800 JavaThread "Unconstrained build operations Thread 13" [_thread_blocked, id=22496, stack(0x000000e324600000,0x000000e324700000)]
  0x0000025b258c4000 JavaThread "Unconstrained build operations Thread 14" [_thread_blocked, id=16296, stack(0x000000e324700000,0x000000e324800000)]
  0x0000025b258cf800 JavaThread "Unconstrained build operations Thread 15" [_thread_blocked, id=19332, stack(0x000000e324800000,0x000000e324900000)]
  0x0000025b258d0800 JavaThread "Unconstrained build operations Thread 16" [_thread_blocked, id=8072, stack(0x000000e324900000,0x000000e324a00000)]
  0x0000025b258cf000 JavaThread "Unconstrained build operations Thread 17" [_thread_blocked, id=6256, stack(0x000000e324a00000,0x000000e324b00000)]
  0x0000025b258cb800 JavaThread "Unconstrained build operations Thread 18" [_thread_blocked, id=7204, stack(0x000000e324b00000,0x000000e324c00000)]
  0x0000025b258cd000 JavaThread "Unconstrained build operations Thread 19" [_thread_blocked, id=25156, stack(0x000000e324c00000,0x000000e324d00000)]
  0x0000025b258cc800 JavaThread "Unconstrained build operations Thread 20" [_thread_blocked, id=25384, stack(0x000000e324d00000,0x000000e324e00000)]
  0x0000025b258ca800 JavaThread "Unconstrained build operations Thread 21" [_thread_blocked, id=19408, stack(0x000000e324e00000,0x000000e324f00000)]
  0x0000025b258d2000 JavaThread "Unconstrained build operations Thread 22" [_thread_blocked, id=11256, stack(0x000000e324f00000,0x000000e325000000)]
  0x0000025b258ce000 JavaThread "Unconstrained build operations Thread 23" [_thread_blocked, id=26308, stack(0x000000e325000000,0x000000e325100000)]
  0x0000025b258d1000 JavaThread "Unconstrained build operations Thread 24" [_thread_blocked, id=4680, stack(0x000000e325100000,0x000000e325200000)]
  0x0000025b258d3000 JavaThread "Unconstrained build operations Thread 25" [_thread_blocked, id=9256, stack(0x000000e325200000,0x000000e325300000)]
  0x0000025b26a89000 JavaThread "Unconstrained build operations Thread 26" [_thread_blocked, id=18032, stack(0x000000e325300000,0x000000e325400000)]
  0x0000025b26a8a800 JavaThread "Unconstrained build operations Thread 27" [_thread_blocked, id=23708, stack(0x000000e325400000,0x000000e325500000)]
  0x0000025b26a86800 JavaThread "Unconstrained build operations Thread 28" [_thread_blocked, id=17628, stack(0x000000e325500000,0x000000e325600000)]
  0x0000025b26a8b800 JavaThread "Unconstrained build operations Thread 29" [_thread_blocked, id=9960, stack(0x000000e325600000,0x000000e325700000)]
  0x0000025b26a8c800 JavaThread "Unconstrained build operations Thread 30" [_thread_blocked, id=19212, stack(0x000000e325700000,0x000000e325800000)]
  0x0000025b26a8d000 JavaThread "Unconstrained build operations Thread 31" [_thread_blocked, id=10192, stack(0x000000e325800000,0x000000e325900000)]
  0x0000025b26a87800 JavaThread "Unconstrained build operations Thread 32" [_thread_blocked, id=25684, stack(0x000000e325900000,0x000000e325a00000)]
  0x0000025b26a8e000 JavaThread "Unconstrained build operations Thread 33" [_thread_blocked, id=23440, stack(0x000000e325a00000,0x000000e325b00000)]
  0x0000025b26a88800 JavaThread "Unconstrained build operations Thread 34" [_thread_blocked, id=26252, stack(0x000000e325b00000,0x000000e325c00000)]
  0x0000025b26a8f800 JavaThread "Unconstrained build operations Thread 35" [_thread_blocked, id=2792, stack(0x000000e325c00000,0x000000e325d00000)]
  0x0000025b26a8a000 JavaThread "Unconstrained build operations Thread 36" [_thread_blocked, id=23740, stack(0x000000e325d00000,0x000000e325e00000)]
  0x0000025b26a93800 JavaThread "Unconstrained build operations Thread 37" [_thread_blocked, id=8968, stack(0x000000e325e00000,0x000000e325f00000)]
  0x0000025b26a94800 JavaThread "Unconstrained build operations Thread 38" [_thread_blocked, id=14452, stack(0x000000e325f00000,0x000000e326000000)]
  0x0000025b26a90800 JavaThread "Unconstrained build operations Thread 39" [_thread_blocked, id=19976, stack(0x000000e326000000,0x000000e326100000)]
  0x0000025b26a8f000 JavaThread "Unconstrained build operations Thread 40" [_thread_blocked, id=14552, stack(0x000000e326100000,0x000000e326200000)]
  0x0000025b26a95800 JavaThread "jar transforms Thread 4" [_thread_blocked, id=10340, stack(0x000000e326200000,0x000000e326300000)]
  0x0000025b26a92000 JavaThread "Memory manager" [_thread_blocked, id=25772, stack(0x000000e326300000,0x000000e326400000)]
  0x0000025b26a91800 JavaThread "C2 CompilerThread1" daemon [_thread_in_native, id=26264, stack(0x000000e323300000,0x000000e323400000)]

Other Threads:
  0x0000025b20478800 VMThread "VM Thread" [stack: 0x000000e321100000,0x000000e321200000] [id=26164]
  0x0000025b20e86000 WatcherThread [stack: 0x000000e321b00000,0x000000e321c00000] [id=21824]
  0x0000025b06858000 GCTaskThread "GC Thread#0" [stack: 0x000000e320c00000,0x000000e320d00000] [id=14100]
  0x0000025b211d4000 GCTaskThread "GC Thread#1" [stack: 0x000000e321c00000,0x000000e321d00000] [id=25032]
  0x0000025b211d5000 GCTaskThread "GC Thread#2" [stack: 0x000000e321d00000,0x000000e321e00000] [id=20312]
  0x0000025b212ee000 GCTaskThread "GC Thread#3" [stack: 0x000000e321e00000,0x000000e321f00000] [id=18408]
  0x0000025b06888000 ConcurrentGCThread "G1 Main Marker" [stack: 0x000000e320d00000,0x000000e320e00000] [id=824]
  0x0000025b06889000 ConcurrentGCThread "G1 Conc#0" [stack: 0x000000e320e00000,0x000000e320f00000] [id=24992]
  0x0000025b0691e800 ConcurrentGCThread "G1 Refine#0" [stack: 0x000000e320f00000,0x000000e321000000] [id=4888]
  0x0000025b202e6800 ConcurrentGCThread "G1 Young RemSet Sampling" [stack: 0x000000e321000000,0x000000e321100000] [id=25176]

Threads with active compile tasks:
C2 CompilerThread0  29549 6312       4       java.util.TreeMap::put (247 bytes)
C2 CompilerThread1  29549 6313       4       sun.reflect.generics.parser.SignatureParser::parsePackageNameAndSimpleClassTypeSignature (119 bytes)

VM state:not at safepoint (normal execution)

VM Mutex/Monitor currently owned by a thread: None

Heap address: 0x0000000080000000, size: 2048 MB, Compressed Oops mode: 32-bit
Narrow klass base: 0x0000000000000000, Narrow klass shift: 3
Compressed class space size: 1073741824 Address: 0x0000000100000000

Heap:
 garbage-first heap   total 262144K, used 96375K [0x0000000080000000, 0x0000000100000000)
  region size 1024K, 70 young (71680K), 19 survivors (19456K)
 Metaspace       used 63630K, capacity 65181K, committed 65280K, reserved 1105920K
  class space    used 8083K, capacity 8649K, committed 8704K, reserved 1048576K
Heap Regions: E=young(eden), S=young(survivor), O=old, HS=humongous(starts), HC=humongous(continues), CS=collection set, F=free, A=archive, TAMS=top-at-mark-start (previous, next)
|   0|0x0000000080000000, 0x0000000080100000, 0x0000000080100000|100%| O|  |TAMS 0x0000000080100000, 0x0000000080000000| Untracked 
|   1|0x0000000080100000, 0x0000000080200000, 0x0000000080200000|100%| O|  |TAMS 0x0000000080200000, 0x0000000080100000| Untracked 
|   2|0x0000000080200000, 0x0000000080300000, 0x0000000080300000|100%|HS|  |TAMS 0x0000000080300000, 0x0000000080200000| Complete 
|   3|0x0000000080300000, 0x0000000080400000, 0x0000000080400000|100%|HS|  |TAMS 0x0000000080400000, 0x0000000080300000| Complete 
|   4|0x0000000080400000, 0x0000000080500000, 0x0000000080500000|100%|HC|  |TAMS 0x0000000080500000, 0x0000000080400000| Complete 
|   5|0x0000000080500000, 0x0000000080600000, 0x0000000080600000|100%|HC|  |TAMS 0x0000000080600000, 0x0000000080500000| Complete 
|   6|0x0000000080600000, 0x0000000080700000, 0x0000000080700000|100%| O|  |TAMS 0x0000000080700000, 0x0000000080600000| Untracked 
|   7|0x0000000080700000, 0x0000000080800000, 0x0000000080800000|100%| O|  |TAMS 0x0000000080800000, 0x0000000080700000| Untracked 
|   8|0x0000000080800000, 0x0000000080900000, 0x0000000080900000|100%| O|  |TAMS 0x0000000080900000, 0x0000000080800000| Untracked 
|   9|0x0000000080900000, 0x0000000080a00000, 0x0000000080a00000|100%|HS|  |TAMS 0x0000000080a00000, 0x0000000080900000| Complete 
|  10|0x0000000080a00000, 0x0000000080b00000, 0x0000000080b00000|100%|HS|  |TAMS 0x0000000080b00000, 0x0000000080a00000| Complete 
|  11|0x0000000080b00000, 0x0000000080c00000, 0x0000000080c00000|100%| O|  |TAMS 0x0000000080c00000, 0x0000000080b00000| Untracked 
|  12|0x0000000080c00000, 0x0000000080d00000, 0x0000000080d00000|100%| O|  |TAMS 0x0000000080d00000, 0x0000000080c00000| Untracked 
|  13|0x0000000080d00000, 0x0000000080e00000, 0x0000000080e00000|100%| O|  |TAMS 0x0000000080e00000, 0x0000000080d00000| Untracked 
|  14|0x0000000080e00000, 0x0000000080f00000, 0x0000000080f00000|100%| O|  |TAMS 0x0000000080f00000, 0x0000000080e00000| Untracked 
|  15|0x0000000080f00000, 0x0000000081000000, 0x0000000081000000|100%| O|  |TAMS 0x0000000081000000, 0x0000000080f00000| Untracked 
|  16|0x0000000081000000, 0x0000000081100000, 0x0000000081100000|100%| O|  |TAMS 0x0000000081100000, 0x0000000081000000| Untracked 
|  17|0x0000000081100000, 0x0000000081200000, 0x0000000081200000|100%| O|  |TAMS 0x0000000081200000, 0x0000000081100000| Untracked 
|  18|0x0000000081200000, 0x0000000081300000, 0x0000000081300000|100%| O|  |TAMS 0x0000000081300000, 0x0000000081200000| Untracked 
|  19|0x0000000081300000, 0x0000000081400000, 0x0000000081400000|100%| O|  |TAMS 0x0000000081400000, 0x0000000081300000| Untracked 
|  20|0x0000000081400000, 0x0000000081500000, 0x0000000081500000|100%| O|  |TAMS 0x0000000081500000, 0x0000000081400000| Untracked 
|  21|0x0000000081500000, 0x0000000081600000, 0x0000000081600000|100%|HS|  |TAMS 0x0000000081600000, 0x0000000081500000| Complete 
|  22|0x0000000081600000, 0x0000000081700000, 0x0000000081700000|100%|HC|  |TAMS 0x0000000081700000, 0x0000000081600000| Complete 
|  23|0x0000000081700000, 0x0000000081800000, 0x0000000081800000|100%| O|  |TAMS 0x0000000081800000, 0x0000000081700000| Untracked 
|  24|0x0000000081800000, 0x0000000081900000, 0x0000000081900000|100%| O|  |TAMS 0x0000000081900000, 0x0000000081800000| Untracked 
|  25|0x0000000081900000, 0x0000000081a00000, 0x0000000081a00000|100%| O|  |TAMS 0x0000000081a00000, 0x0000000081900000| Untracked 
|  26|0x0000000081a00000, 0x0000000081a9dc00, 0x0000000081b00000| 61%| O|  |TAMS 0x0000000081a9dc00, 0x0000000081a00000| Untracked 
|  27|0x0000000081b00000, 0x0000000081b00000, 0x0000000081c00000|  0%| F|  |TAMS 0x0000000081b00000, 0x0000000081b00000| Untracked 
|  28|0x0000000081c00000, 0x0000000081c00000, 0x0000000081d00000|  0%| F|  |TAMS 0x0000000081c00000, 0x0000000081c00000| Untracked 
|  29|0x0000000081d00000, 0x0000000081d00000, 0x0000000081e00000|  0%| F|  |TAMS 0x0000000081d00000, 0x0000000081d00000| Untracked 
|  30|0x0000000081e00000, 0x0000000081e00000, 0x0000000081f00000|  0%| F|  |TAMS 0x0000000081e00000, 0x0000000081e00000| Untracked 
|  31|0x0000000081f00000, 0x0000000081f00000, 0x0000000082000000|  0%| F|  |TAMS 0x0000000081f00000, 0x0000000081f00000| Untracked 
|  32|0x0000000082000000, 0x0000000082000000, 0x0000000082100000|  0%| F|  |TAMS 0x0000000082000000, 0x0000000082000000| Untracked 
|  33|0x0000000082100000, 0x0000000082100000, 0x0000000082200000|  0%| F|  |TAMS 0x0000000082100000, 0x0000000082100000| Untracked 
|  34|0x0000000082200000, 0x0000000082200000, 0x0000000082300000|  0%| F|  |TAMS 0x0000000082200000, 0x0000000082200000| Untracked 
|  35|0x0000000082300000, 0x0000000082300000, 0x0000000082400000|  0%| F|  |TAMS 0x0000000082300000, 0x0000000082300000| Untracked 
|  36|0x0000000082400000, 0x0000000082400000, 0x0000000082500000|  0%| F|  |TAMS 0x0000000082400000, 0x0000000082400000| Untracked 
|  37|0x0000000082500000, 0x0000000082500000, 0x0000000082600000|  0%| F|  |TAMS 0x0000000082500000, 0x0000000082500000| Untracked 
|  38|0x0000000082600000, 0x0000000082600000, 0x0000000082700000|  0%| F|  |TAMS 0x0000000082600000, 0x0000000082600000| Untracked 
|  39|0x0000000082700000, 0x0000000082700000, 0x0000000082800000|  0%| F|  |TAMS 0x0000000082700000, 0x0000000082700000| Untracked 
|  40|0x0000000082800000, 0x0000000082800000, 0x0000000082900000|  0%| F|  |TAMS 0x0000000082800000, 0x0000000082800000| Untracked 
|  41|0x0000000082900000, 0x0000000082900000, 0x0000000082a00000|  0%| F|  |TAMS 0x0000000082900000, 0x0000000082900000| Untracked 
|  42|0x0000000082a00000, 0x0000000082a00000, 0x0000000082b00000|  0%| F|  |TAMS 0x0000000082a00000, 0x0000000082a00000| Untracked 
|  43|0x0000000082b00000, 0x0000000082b00000, 0x0000000082c00000|  0%| F|  |TAMS 0x0000000082b00000, 0x0000000082b00000| Untracked 
|  44|0x0000000082c00000, 0x0000000082c00000, 0x0000000082d00000|  0%| F|  |TAMS 0x0000000082c00000, 0x0000000082c00000| Untracked 
|  45|0x0000000082d00000, 0x0000000082d00000, 0x0000000082e00000|  0%| F|  |TAMS 0x0000000082d00000, 0x0000000082d00000| Untracked 
|  46|0x0000000082e00000, 0x0000000082e00000, 0x0000000082f00000|  0%| F|  |TAMS 0x0000000082e00000, 0x0000000082e00000| Untracked 
|  47|0x0000000082f00000, 0x0000000082f00000, 0x0000000083000000|  0%| F|  |TAMS 0x0000000082f00000, 0x0000000082f00000| Untracked 
|  48|0x0000000083000000, 0x0000000083000000, 0x0000000083100000|  0%| F|  |TAMS 0x0000000083000000, 0x0000000083000000| Untracked 
|  49|0x0000000083100000, 0x0000000083100000, 0x0000000083200000|  0%| F|  |TAMS 0x0000000083100000, 0x0000000083100000| Untracked 
|  50|0x0000000083200000, 0x0000000083200000, 0x0000000083300000|  0%| F|  |TAMS 0x0000000083200000, 0x0000000083200000| Untracked 
|  51|0x0000000083300000, 0x0000000083300000, 0x0000000083400000|  0%| F|  |TAMS 0x0000000083300000, 0x0000000083300000| Untracked 
|  52|0x0000000083400000, 0x0000000083400000, 0x0000000083500000|  0%| F|  |TAMS 0x0000000083400000, 0x0000000083400000| Untracked 
|  53|0x0000000083500000, 0x0000000083500000, 0x0000000083600000|  0%| F|  |TAMS 0x0000000083500000, 0x0000000083500000| Untracked 
|  54|0x0000000083600000, 0x0000000083600000, 0x0000000083700000|  0%| F|  |TAMS 0x0000000083600000, 0x0000000083600000| Untracked 
|  55|0x0000000083700000, 0x0000000083700000, 0x0000000083800000|  0%| F|  |TAMS 0x0000000083700000, 0x0000000083700000| Untracked 
|  56|0x0000000083800000, 0x0000000083800000, 0x0000000083900000|  0%| F|  |TAMS 0x0000000083800000, 0x0000000083800000| Untracked 
|  57|0x0000000083900000, 0x0000000083900000, 0x0000000083a00000|  0%| F|  |TAMS 0x0000000083900000, 0x0000000083900000| Untracked 
|  58|0x0000000083a00000, 0x0000000083a00000, 0x0000000083b00000|  0%| F|  |TAMS 0x0000000083a00000, 0x0000000083a00000| Untracked 
|  59|0x0000000083b00000, 0x0000000083b00000, 0x0000000083c00000|  0%| F|  |TAMS 0x0000000083b00000, 0x0000000083b00000| Untracked 
|  60|0x0000000083c00000, 0x0000000083c00000, 0x0000000083d00000|  0%| F|  |TAMS 0x0000000083c00000, 0x0000000083c00000| Untracked 
|  61|0x0000000083d00000, 0x0000000083d00000, 0x0000000083e00000|  0%| F|  |TAMS 0x0000000083d00000, 0x0000000083d00000| Untracked 
|  62|0x0000000083e00000, 0x0000000083e00000, 0x0000000083f00000|  0%| F|  |TAMS 0x0000000083e00000, 0x0000000083e00000| Untracked 
|  63|0x0000000083f00000, 0x0000000083f00000, 0x0000000084000000|  0%| F|  |TAMS 0x0000000083f00000, 0x0000000083f00000| Untracked 
|  64|0x0000000084000000, 0x0000000084000000, 0x0000000084100000|  0%| F|  |TAMS 0x0000000084000000, 0x0000000084000000| Untracked 
|  65|0x0000000084100000, 0x0000000084100000, 0x0000000084200000|  0%| F|  |TAMS 0x0000000084100000, 0x0000000084100000| Untracked 
|  66|0x0000000084200000, 0x0000000084200000, 0x0000000084300000|  0%| F|  |TAMS 0x0000000084200000, 0x0000000084200000| Untracked 
|  67|0x0000000084300000, 0x0000000084300000, 0x0000000084400000|  0%| F|  |TAMS 0x0000000084300000, 0x0000000084300000| Untracked 
|  68|0x0000000084400000, 0x0000000084400000, 0x0000000084500000|  0%| F|  |TAMS 0x0000000084400000, 0x0000000084400000| Untracked 
|  69|0x0000000084500000, 0x0000000084500000, 0x0000000084600000|  0%| F|  |TAMS 0x0000000084500000, 0x0000000084500000| Untracked 
|  70|0x0000000084600000, 0x0000000084600000, 0x0000000084700000|  0%| F|  |TAMS 0x0000000084600000, 0x0000000084600000| Untracked 
|  71|0x0000000084700000, 0x0000000084700000, 0x0000000084800000|  0%| F|  |TAMS 0x0000000084700000, 0x0000000084700000| Untracked 
|  72|0x0000000084800000, 0x0000000084800000, 0x0000000084900000|  0%| F|  |TAMS 0x0000000084800000, 0x0000000084800000| Untracked 
|  73|0x0000000084900000, 0x0000000084900000, 0x0000000084a00000|  0%| F|  |TAMS 0x0000000084900000, 0x0000000084900000| Untracked 
|  74|0x0000000084a00000, 0x0000000084a00000, 0x0000000084b00000|  0%| F|  |TAMS 0x0000000084a00000, 0x0000000084a00000| Untracked 
|  75|0x0000000084b00000, 0x0000000084b00000, 0x0000000084c00000|  0%| F|  |TAMS 0x0000000084b00000, 0x0000000084b00000| Untracked 
|  76|0x0000000084c00000, 0x0000000084c00000, 0x0000000084d00000|  0%| F|  |TAMS 0x0000000084c00000, 0x0000000084c00000| Untracked 
|  77|0x0000000084d00000, 0x0000000084d00000, 0x0000000084e00000|  0%| F|  |TAMS 0x0000000084d00000, 0x0000000084d00000| Untracked 
|  78|0x0000000084e00000, 0x0000000084e00000, 0x0000000084f00000|  0%| F|  |TAMS 0x0000000084e00000, 0x0000000084e00000| Untracked 
|  79|0x0000000084f00000, 0x0000000084f00000, 0x0000000085000000|  0%| F|  |TAMS 0x0000000084f00000, 0x0000000084f00000| Untracked 
|  80|0x0000000085000000, 0x0000000085000000, 0x0000000085100000|  0%| F|  |TAMS 0x0000000085000000, 0x0000000085000000| Untracked 
|  81|0x0000000085100000, 0x0000000085100000, 0x0000000085200000|  0%| F|  |TAMS 0x0000000085100000, 0x0000000085100000| Untracked 
|  82|0x0000000085200000, 0x0000000085200000, 0x0000000085300000|  0%| F|  |TAMS 0x0000000085200000, 0x0000000085200000| Untracked 
|  83|0x0000000085300000, 0x0000000085300000, 0x0000000085400000|  0%| F|  |TAMS 0x0000000085300000, 0x0000000085300000| Untracked 
|  84|0x0000000085400000, 0x0000000085480000, 0x0000000085500000| 50%| S|CS|TAMS 0x0000000085400000, 0x0000000085400000| Complete 
|  85|0x0000000085500000, 0x0000000085600000, 0x0000000085600000|100%| S|CS|TAMS 0x0000000085500000, 0x0000000085500000| Complete 
|  86|0x0000000085600000, 0x0000000085700000, 0x0000000085700000|100%| S|CS|TAMS 0x0000000085600000, 0x0000000085600000| Complete 
|  87|0x0000000085700000, 0x0000000085800000, 0x0000000085800000|100%| S|CS|TAMS 0x0000000085700000, 0x0000000085700000| Complete 
|  88|0x0000000085800000, 0x0000000085900000, 0x0000000085900000|100%| S|CS|TAMS 0x0000000085800000, 0x0000000085800000| Complete 
|  89|0x0000000085900000, 0x0000000085a00000, 0x0000000085a00000|100%| S|CS|TAMS 0x0000000085900000, 0x0000000085900000| Complete 
|  90|0x0000000085a00000, 0x0000000085b00000, 0x0000000085b00000|100%| S|CS|TAMS 0x0000000085a00000, 0x0000000085a00000| Complete 
|  91|0x0000000085b00000, 0x0000000085c00000, 0x0000000085c00000|100%| S|CS|TAMS 0x0000000085b00000, 0x0000000085b00000| Complete 
|  92|0x0000000085c00000, 0x0000000085d00000, 0x0000000085d00000|100%| S|CS|TAMS 0x0000000085c00000, 0x0000000085c00000| Complete 
|  93|0x0000000085d00000, 0x0000000085e00000, 0x0000000085e00000|100%| S|CS|TAMS 0x0000000085d00000, 0x0000000085d00000| Complete 
|  94|0x0000000085e00000, 0x0000000085f00000, 0x0000000085f00000|100%| S|CS|TAMS 0x0000000085e00000, 0x0000000085e00000| Complete 
|  95|0x0000000085f00000, 0x0000000086000000, 0x0000000086000000|100%| S|CS|TAMS 0x0000000085f00000, 0x0000000085f00000| Complete 
|  96|0x0000000086000000, 0x0000000086100000, 0x0000000086100000|100%| S|CS|TAMS 0x0000000086000000, 0x0000000086000000| Complete 
|  97|0x0000000086100000, 0x0000000086200000, 0x0000000086200000|100%| S|CS|TAMS 0x0000000086100000, 0x0000000086100000| Complete 
|  98|0x0000000086200000, 0x0000000086300000, 0x0000000086300000|100%| S|CS|TAMS 0x0000000086200000, 0x0000000086200000| Complete 
|  99|0x0000000086300000, 0x0000000086400000, 0x0000000086400000|100%| S|CS|TAMS 0x0000000086300000, 0x0000000086300000| Complete 
| 100|0x0000000086400000, 0x0000000086500000, 0x0000000086500000|100%| S|CS|TAMS 0x0000000086400000, 0x0000000086400000| Complete 
| 101|0x0000000086500000, 0x0000000086600000, 0x0000000086600000|100%| S|CS|TAMS 0x0000000086500000, 0x0000000086500000| Complete 
| 102|0x0000000086600000, 0x0000000086700000, 0x0000000086700000|100%| S|CS|TAMS 0x0000000086600000, 0x0000000086600000| Complete 
| 103|0x0000000086700000, 0x0000000086700000, 0x0000000086800000|  0%| F|  |TAMS 0x0000000086700000, 0x0000000086700000| Untracked 
| 104|0x0000000086800000, 0x0000000086800000, 0x0000000086900000|  0%| F|  |TAMS 0x0000000086800000, 0x0000000086800000| Untracked 
| 105|0x0000000086900000, 0x0000000086900000, 0x0000000086a00000|  0%| F|  |TAMS 0x0000000086900000, 0x0000000086900000| Untracked 
| 106|0x0000000086a00000, 0x0000000086a00000, 0x0000000086b00000|  0%| F|  |TAMS 0x0000000086a00000, 0x0000000086a00000| Untracked 
| 107|0x0000000086b00000, 0x0000000086b00000, 0x0000000086c00000|  0%| F|  |TAMS 0x0000000086b00000, 0x0000000086b00000| Untracked 
| 108|0x0000000086c00000, 0x0000000086c00000, 0x0000000086d00000|  0%| F|  |TAMS 0x0000000086c00000, 0x0000000086c00000| Untracked 
| 109|0x0000000086d00000, 0x0000000086d00000, 0x0000000086e00000|  0%| F|  |TAMS 0x0000000086d00000, 0x0000000086d00000| Untracked 
| 110|0x0000000086e00000, 0x0000000086e00000, 0x0000000086f00000|  0%| F|  |TAMS 0x0000000086e00000, 0x0000000086e00000| Untracked 
| 111|0x0000000086f00000, 0x0000000086f00000, 0x0000000087000000|  0%| F|  |TAMS 0x0000000086f00000, 0x0000000086f00000| Untracked 
| 112|0x0000000087000000, 0x0000000087000000, 0x0000000087100000|  0%| F|  |TAMS 0x0000000087000000, 0x0000000087000000| Untracked 
| 113|0x0000000087100000, 0x0000000087100000, 0x0000000087200000|  0%| F|  |TAMS 0x0000000087100000, 0x0000000087100000| Untracked 
| 114|0x0000000087200000, 0x0000000087200000, 0x0000000087300000|  0%| F|  |TAMS 0x0000000087200000, 0x0000000087200000| Untracked 
| 115|0x0000000087300000, 0x0000000087300000, 0x0000000087400000|  0%| F|  |TAMS 0x0000000087300000, 0x0000000087300000| Untracked 
| 116|0x0000000087400000, 0x0000000087400000, 0x0000000087500000|  0%| F|  |TAMS 0x0000000087400000, 0x0000000087400000| Untracked 
| 117|0x0000000087500000, 0x0000000087500000, 0x0000000087600000|  0%| F|  |TAMS 0x0000000087500000, 0x0000000087500000| Untracked 
| 118|0x0000000087600000, 0x0000000087600000, 0x0000000087700000|  0%| F|  |TAMS 0x0000000087600000, 0x0000000087600000| Untracked 
| 119|0x0000000087700000, 0x0000000087700000, 0x0000000087800000|  0%| F|  |TAMS 0x0000000087700000, 0x0000000087700000| Untracked 
| 120|0x0000000087800000, 0x0000000087800000, 0x0000000087900000|  0%| F|  |TAMS 0x0000000087800000, 0x0000000087800000| Untracked 
| 121|0x0000000087900000, 0x0000000087900000, 0x0000000087a00000|  0%| F|  |TAMS 0x0000000087900000, 0x0000000087900000| Untracked 
| 122|0x0000000087a00000, 0x0000000087a00000, 0x0000000087b00000|  0%| F|  |TAMS 0x0000000087a00000, 0x0000000087a00000| Untracked 
| 123|0x0000000087b00000, 0x0000000087b00000, 0x0000000087c00000|  0%| F|  |TAMS 0x0000000087b00000, 0x0000000087b00000| Untracked 
| 124|0x0000000087c00000, 0x0000000087c00000, 0x0000000087d00000|  0%| F|  |TAMS 0x0000000087c00000, 0x0000000087c00000| Untracked 
| 125|0x0000000087d00000, 0x0000000087d00000, 0x0000000087e00000|  0%| F|  |TAMS 0x0000000087d00000, 0x0000000087d00000| Untracked 
| 126|0x0000000087e00000, 0x0000000087e00000, 0x0000000087f00000|  0%| F|  |TAMS 0x0000000087e00000, 0x0000000087e00000| Untracked 
| 127|0x0000000087f00000, 0x0000000087f00000, 0x0000000088000000|  0%| F|  |TAMS 0x0000000087f00000, 0x0000000087f00000| Untracked 
| 128|0x0000000088000000, 0x0000000088000000, 0x0000000088100000|  0%| F|  |TAMS 0x0000000088000000, 0x0000000088000000| Untracked 
| 129|0x0000000088100000, 0x0000000088100000, 0x0000000088200000|  0%| F|  |TAMS 0x0000000088100000, 0x0000000088100000| Untracked 
| 130|0x0000000088200000, 0x0000000088200000, 0x0000000088300000|  0%| F|  |TAMS 0x0000000088200000, 0x0000000088200000| Untracked 
| 131|0x0000000088300000, 0x0000000088300000, 0x0000000088400000|  0%| F|  |TAMS 0x0000000088300000, 0x0000000088300000| Untracked 
| 132|0x0000000088400000, 0x0000000088400000, 0x0000000088500000|  0%| F|  |TAMS 0x0000000088400000, 0x0000000088400000| Untracked 
| 133|0x0000000088500000, 0x0000000088500000, 0x0000000088600000|  0%| F|  |TAMS 0x0000000088500000, 0x0000000088500000| Untracked 
| 134|0x0000000088600000, 0x0000000088600000, 0x0000000088700000|  0%| F|  |TAMS 0x0000000088600000, 0x0000000088600000| Untracked 
| 135|0x0000000088700000, 0x0000000088700000, 0x0000000088800000|  0%| F|  |TAMS 0x0000000088700000, 0x0000000088700000| Untracked 
| 136|0x0000000088800000, 0x0000000088800000, 0x0000000088900000|  0%| F|  |TAMS 0x0000000088800000, 0x0000000088800000| Untracked 
| 137|0x0000000088900000, 0x0000000088900000, 0x0000000088a00000|  0%| F|  |TAMS 0x0000000088900000, 0x0000000088900000| Untracked 
| 138|0x0000000088a00000, 0x0000000088a00000, 0x0000000088b00000|  0%| F|  |TAMS 0x0000000088a00000, 0x0000000088a00000| Untracked 
| 139|0x0000000088b00000, 0x0000000088b00000, 0x0000000088c00000|  0%| F|  |TAMS 0x0000000088b00000, 0x0000000088b00000| Untracked 
| 140|0x0000000088c00000, 0x0000000088c00000, 0x0000000088d00000|  0%| F|  |TAMS 0x0000000088c00000, 0x0000000088c00000| Untracked 
| 141|0x0000000088d00000, 0x0000000088d00000, 0x0000000088e00000|  0%| F|  |TAMS 0x0000000088d00000, 0x0000000088d00000| Untracked 
| 142|0x0000000088e00000, 0x0000000088e00000, 0x0000000088f00000|  0%| F|  |TAMS 0x0000000088e00000, 0x0000000088e00000| Untracked 
| 143|0x0000000088f00000, 0x0000000088f00000, 0x0000000089000000|  0%| F|  |TAMS 0x0000000088f00000, 0x0000000088f00000| Untracked 
| 144|0x0000000089000000, 0x0000000089000000, 0x0000000089100000|  0%| F|  |TAMS 0x0000000089000000, 0x0000000089000000| Untracked 
| 145|0x0000000089100000, 0x0000000089100000, 0x0000000089200000|  0%| F|  |TAMS 0x0000000089100000, 0x0000000089100000| Untracked 
| 146|0x0000000089200000, 0x0000000089200000, 0x0000000089300000|  0%| F|  |TAMS 0x0000000089200000, 0x0000000089200000| Untracked 
| 147|0x0000000089300000, 0x0000000089300000, 0x0000000089400000|  0%| F|  |TAMS 0x0000000089300000, 0x0000000089300000| Untracked 
| 148|0x0000000089400000, 0x0000000089400000, 0x0000000089500000|  0%| F|  |TAMS 0x0000000089400000, 0x0000000089400000| Untracked 
| 149|0x0000000089500000, 0x0000000089500000, 0x0000000089600000|  0%| F|  |TAMS 0x0000000089500000, 0x0000000089500000| Untracked 
| 150|0x0000000089600000, 0x0000000089600000, 0x0000000089700000|  0%| F|  |TAMS 0x0000000089600000, 0x0000000089600000| Untracked 
| 151|0x0000000089700000, 0x0000000089700000, 0x0000000089800000|  0%| F|  |TAMS 0x0000000089700000, 0x0000000089700000| Untracked 
| 152|0x0000000089800000, 0x0000000089800000, 0x0000000089900000|  0%| F|  |TAMS 0x0000000089800000, 0x0000000089800000| Untracked 
| 153|0x0000000089900000, 0x0000000089900000, 0x0000000089a00000|  0%| F|  |TAMS 0x0000000089900000, 0x0000000089900000| Untracked 
| 154|0x0000000089a00000, 0x0000000089a00000, 0x0000000089b00000|  0%| F|  |TAMS 0x0000000089a00000, 0x0000000089a00000| Untracked 
| 155|0x0000000089b00000, 0x0000000089b00000, 0x0000000089c00000|  0%| F|  |TAMS 0x0000000089b00000, 0x0000000089b00000| Untracked 
| 156|0x0000000089c00000, 0x0000000089c00000, 0x0000000089d00000|  0%| F|  |TAMS 0x0000000089c00000, 0x0000000089c00000| Untracked 
| 157|0x0000000089d00000, 0x0000000089d00000, 0x0000000089e00000|  0%| F|  |TAMS 0x0000000089d00000, 0x0000000089d00000| Untracked 
| 158|0x0000000089e00000, 0x0000000089e00000, 0x0000000089f00000|  0%| F|  |TAMS 0x0000000089e00000, 0x0000000089e00000| Untracked 
| 159|0x0000000089f00000, 0x0000000089f00000, 0x000000008a000000|  0%| F|  |TAMS 0x0000000089f00000, 0x0000000089f00000| Untracked 
| 160|0x000000008a000000, 0x000000008a000000, 0x000000008a100000|  0%| F|  |TAMS 0x000000008a000000, 0x000000008a000000| Untracked 
| 161|0x000000008a100000, 0x000000008a100000, 0x000000008a200000|  0%| F|  |TAMS 0x000000008a100000, 0x000000008a100000| Untracked 
| 162|0x000000008a200000, 0x000000008a200000, 0x000000008a300000|  0%| F|  |TAMS 0x000000008a200000, 0x000000008a200000| Untracked 
| 163|0x000000008a300000, 0x000000008a300000, 0x000000008a400000|  0%| F|  |TAMS 0x000000008a300000, 0x000000008a300000| Untracked 
| 164|0x000000008a400000, 0x000000008a400000, 0x000000008a500000|  0%| F|  |TAMS 0x000000008a400000, 0x000000008a400000| Untracked 
| 165|0x000000008a500000, 0x000000008a500000, 0x000000008a600000|  0%| F|  |TAMS 0x000000008a500000, 0x000000008a500000| Untracked 
| 166|0x000000008a600000, 0x000000008a600000, 0x000000008a700000|  0%| F|  |TAMS 0x000000008a600000, 0x000000008a600000| Untracked 
| 167|0x000000008a700000, 0x000000008a700000, 0x000000008a800000|  0%| F|  |TAMS 0x000000008a700000, 0x000000008a700000| Untracked 
| 168|0x000000008a800000, 0x000000008a800000, 0x000000008a900000|  0%| F|  |TAMS 0x000000008a800000, 0x000000008a800000| Untracked 
| 169|0x000000008a900000, 0x000000008a900000, 0x000000008aa00000|  0%| F|  |TAMS 0x000000008a900000, 0x000000008a900000| Untracked 
| 170|0x000000008aa00000, 0x000000008aa00000, 0x000000008ab00000|  0%| F|  |TAMS 0x000000008aa00000, 0x000000008aa00000| Untracked 
| 171|0x000000008ab00000, 0x000000008ab00000, 0x000000008ac00000|  0%| F|  |TAMS 0x000000008ab00000, 0x000000008ab00000| Untracked 
| 172|0x000000008ac00000, 0x000000008ac00000, 0x000000008ad00000|  0%| F|  |TAMS 0x000000008ac00000, 0x000000008ac00000| Untracked 
| 173|0x000000008ad00000, 0x000000008ad00000, 0x000000008ae00000|  0%| F|  |TAMS 0x000000008ad00000, 0x000000008ad00000| Untracked 
| 174|0x000000008ae00000, 0x000000008ae00000, 0x000000008af00000|  0%| F|  |TAMS 0x000000008ae00000, 0x000000008ae00000| Untracked 
| 175|0x000000008af00000, 0x000000008af00000, 0x000000008b000000|  0%| F|  |TAMS 0x000000008af00000, 0x000000008af00000| Untracked 
| 176|0x000000008b000000, 0x000000008b000000, 0x000000008b100000|  0%| F|  |TAMS 0x000000008b000000, 0x000000008b000000| Untracked 
| 177|0x000000008b100000, 0x000000008b100000, 0x000000008b200000|  0%| F|  |TAMS 0x000000008b100000, 0x000000008b100000| Untracked 
| 178|0x000000008b200000, 0x000000008b200000, 0x000000008b300000|  0%| F|  |TAMS 0x000000008b200000, 0x000000008b200000| Untracked 
| 179|0x000000008b300000, 0x000000008b300000, 0x000000008b400000|  0%| F|  |TAMS 0x000000008b300000, 0x000000008b300000| Untracked 
| 180|0x000000008b400000, 0x000000008b400000, 0x000000008b500000|  0%| F|  |TAMS 0x000000008b400000, 0x000000008b400000| Untracked 
| 181|0x000000008b500000, 0x000000008b500000, 0x000000008b600000|  0%| F|  |TAMS 0x000000008b500000, 0x000000008b500000| Untracked 
| 182|0x000000008b600000, 0x000000008b600000, 0x000000008b700000|  0%| F|  |TAMS 0x000000008b600000, 0x000000008b600000| Untracked 
| 183|0x000000008b700000, 0x000000008b700000, 0x000000008b800000|  0%| F|  |TAMS 0x000000008b700000, 0x000000008b700000| Untracked 
| 184|0x000000008b800000, 0x000000008b800000, 0x000000008b900000|  0%| F|  |TAMS 0x000000008b800000, 0x000000008b800000| Untracked 
| 185|0x000000008b900000, 0x000000008b900000, 0x000000008ba00000|  0%| F|  |TAMS 0x000000008b900000, 0x000000008b900000| Untracked 
| 186|0x000000008ba00000, 0x000000008ba00000, 0x000000008bb00000|  0%| F|  |TAMS 0x000000008ba00000, 0x000000008ba00000| Untracked 
| 187|0x000000008bb00000, 0x000000008bb00000, 0x000000008bc00000|  0%| F|  |TAMS 0x000000008bb00000, 0x000000008bb00000| Untracked 
| 188|0x000000008bc00000, 0x000000008bc00000, 0x000000008bd00000|  0%| F|  |TAMS 0x000000008bc00000, 0x000000008bc00000| Untracked 
| 189|0x000000008bd00000, 0x000000008bd00000, 0x000000008be00000|  0%| F|  |TAMS 0x000000008bd00000, 0x000000008bd00000| Untracked 
| 190|0x000000008be00000, 0x000000008be00000, 0x000000008bf00000|  0%| F|  |TAMS 0x000000008be00000, 0x000000008be00000| Untracked 
| 191|0x000000008bf00000, 0x000000008bf00000, 0x000000008c000000|  0%| F|  |TAMS 0x000000008bf00000, 0x000000008bf00000| Untracked 
| 192|0x000000008c000000, 0x000000008c000000, 0x000000008c100000|  0%| F|  |TAMS 0x000000008c000000, 0x000000008c000000| Untracked 
| 193|0x000000008c100000, 0x000000008c100000, 0x000000008c200000|  0%| F|  |TAMS 0x000000008c100000, 0x000000008c100000| Untracked 
| 194|0x000000008c200000, 0x000000008c200000, 0x000000008c300000|  0%| F|  |TAMS 0x000000008c200000, 0x000000008c200000| Untracked 
| 195|0x000000008c300000, 0x000000008c300000, 0x000000008c400000|  0%| F|  |TAMS 0x000000008c300000, 0x000000008c300000| Untracked 
| 196|0x000000008c400000, 0x000000008c400000, 0x000000008c500000|  0%| F|  |TAMS 0x000000008c400000, 0x000000008c400000| Untracked 
| 197|0x000000008c500000, 0x000000008c500000, 0x000000008c600000|  0%| F|  |TAMS 0x000000008c500000, 0x000000008c500000| Untracked 
| 198|0x000000008c600000, 0x000000008c600000, 0x000000008c700000|  0%| F|  |TAMS 0x000000008c600000, 0x000000008c600000| Untracked 
| 199|0x000000008c700000, 0x000000008c700000, 0x000000008c800000|  0%| F|  |TAMS 0x000000008c700000, 0x000000008c700000| Untracked 
| 200|0x000000008c800000, 0x000000008c800000, 0x000000008c900000|  0%| F|  |TAMS 0x000000008c800000, 0x000000008c800000| Untracked 
| 201|0x000000008c900000, 0x000000008c900000, 0x000000008ca00000|  0%| F|  |TAMS 0x000000008c900000, 0x000000008c900000| Untracked 
| 202|0x000000008ca00000, 0x000000008ca00000, 0x000000008cb00000|  0%| F|  |TAMS 0x000000008ca00000, 0x000000008ca00000| Untracked 
| 203|0x000000008cb00000, 0x000000008cb00000, 0x000000008cc00000|  0%| F|  |TAMS 0x000000008cb00000, 0x000000008cb00000| Untracked 
| 204|0x000000008cc00000, 0x000000008cc00000, 0x000000008cd00000|  0%| F|  |TAMS 0x000000008cc00000, 0x000000008cc00000| Untracked 
| 205|0x000000008cd00000, 0x000000008ce00000, 0x000000008ce00000|100%| E|  |TAMS 0x000000008cd00000, 0x000000008cd00000| Complete 
| 206|0x000000008ce00000, 0x000000008cf00000, 0x000000008cf00000|100%| E|CS|TAMS 0x000000008ce00000, 0x000000008ce00000| Complete 
| 207|0x000000008cf00000, 0x000000008d000000, 0x000000008d000000|100%| E|CS|TAMS 0x000000008cf00000, 0x000000008cf00000| Complete 
| 208|0x000000008d000000, 0x000000008d100000, 0x000000008d100000|100%| E|CS|TAMS 0x000000008d000000, 0x000000008d000000| Complete 
| 209|0x000000008d100000, 0x000000008d200000, 0x000000008d200000|100%| E|CS|TAMS 0x000000008d100000, 0x000000008d100000| Complete 
| 210|0x000000008d200000, 0x000000008d300000, 0x000000008d300000|100%| E|CS|TAMS 0x000000008d200000, 0x000000008d200000| Complete 
| 211|0x000000008d300000, 0x000000008d400000, 0x000000008d400000|100%| E|CS|TAMS 0x000000008d300000, 0x000000008d300000| Complete 
| 212|0x000000008d400000, 0x000000008d500000, 0x000000008d500000|100%| E|CS|TAMS 0x000000008d400000, 0x000000008d400000| Complete 
| 213|0x000000008d500000, 0x000000008d600000, 0x000000008d600000|100%| E|CS|TAMS 0x000000008d500000, 0x000000008d500000| Complete 
| 214|0x000000008d600000, 0x000000008d700000, 0x000000008d700000|100%| E|CS|TAMS 0x000000008d600000, 0x000000008d600000| Complete 
| 215|0x000000008d700000, 0x000000008d800000, 0x000000008d800000|100%| E|CS|TAMS 0x000000008d700000, 0x000000008d700000| Complete 
| 216|0x000000008d800000, 0x000000008d900000, 0x000000008d900000|100%| E|CS|TAMS 0x000000008d800000, 0x000000008d800000| Complete 
| 217|0x000000008d900000, 0x000000008da00000, 0x000000008da00000|100%| E|CS|TAMS 0x000000008d900000, 0x000000008d900000| Complete 
| 218|0x000000008da00000, 0x000000008db00000, 0x000000008db00000|100%| E|CS|TAMS 0x000000008da00000, 0x000000008da00000| Complete 
| 219|0x000000008db00000, 0x000000008dc00000, 0x000000008dc00000|100%| E|CS|TAMS 0x000000008db00000, 0x000000008db00000| Complete 
| 220|0x000000008dc00000, 0x000000008dd00000, 0x000000008dd00000|100%| E|CS|TAMS 0x000000008dc00000, 0x000000008dc00000| Complete 
| 221|0x000000008dd00000, 0x000000008de00000, 0x000000008de00000|100%| E|CS|TAMS 0x000000008dd00000, 0x000000008dd00000| Complete 
| 222|0x000000008de00000, 0x000000008df00000, 0x000000008df00000|100%| E|CS|TAMS 0x000000008de00000, 0x000000008de00000| Complete 
| 223|0x000000008df00000, 0x000000008e000000, 0x000000008e000000|100%| E|CS|TAMS 0x000000008df00000, 0x000000008df00000| Complete 
| 224|0x000000008e000000, 0x000000008e100000, 0x000000008e100000|100%| E|CS|TAMS 0x000000008e000000, 0x000000008e000000| Complete 
| 225|0x000000008e100000, 0x000000008e200000, 0x000000008e200000|100%| E|CS|TAMS 0x000000008e100000, 0x000000008e100000| Complete 
| 226|0x000000008e200000, 0x000000008e300000, 0x000000008e300000|100%| E|CS|TAMS 0x000000008e200000, 0x000000008e200000| Complete 
| 227|0x000000008e300000, 0x000000008e400000, 0x000000008e400000|100%| E|CS|TAMS 0x000000008e300000, 0x000000008e300000| Complete 
| 228|0x000000008e400000, 0x000000008e500000, 0x000000008e500000|100%| E|CS|TAMS 0x000000008e400000, 0x000000008e400000| Complete 
| 229|0x000000008e500000, 0x000000008e600000, 0x000000008e600000|100%| E|CS|TAMS 0x000000008e500000, 0x000000008e500000| Complete 
| 230|0x000000008e600000, 0x000000008e700000, 0x000000008e700000|100%| E|CS|TAMS 0x000000008e600000, 0x000000008e600000| Complete 
| 231|0x000000008e700000, 0x000000008e800000, 0x000000008e800000|100%| E|CS|TAMS 0x000000008e700000, 0x000000008e700000| Complete 
| 232|0x000000008e800000, 0x000000008e900000, 0x000000008e900000|100%| E|CS|TAMS 0x000000008e800000, 0x000000008e800000| Complete 
| 233|0x000000008e900000, 0x000000008ea00000, 0x000000008ea00000|100%| E|CS|TAMS 0x000000008e900000, 0x000000008e900000| Complete 
| 234|0x000000008ea00000, 0x000000008eb00000, 0x000000008eb00000|100%| E|CS|TAMS 0x000000008ea00000, 0x000000008ea00000| Complete 
| 235|0x000000008eb00000, 0x000000008ec00000, 0x000000008ec00000|100%| E|CS|TAMS 0x000000008eb00000, 0x000000008eb00000| Complete 
| 236|0x000000008ec00000, 0x000000008ed00000, 0x000000008ed00000|100%| E|CS|TAMS 0x000000008ec00000, 0x000000008ec00000| Complete 
| 237|0x000000008ed00000, 0x000000008ee00000, 0x000000008ee00000|100%| E|CS|TAMS 0x000000008ed00000, 0x000000008ed00000| Complete 
| 238|0x000000008ee00000, 0x000000008ef00000, 0x000000008ef00000|100%| E|CS|TAMS 0x000000008ee00000, 0x000000008ee00000| Complete 
| 239|0x000000008ef00000, 0x000000008f000000, 0x000000008f000000|100%| E|CS|TAMS 0x000000008ef00000, 0x000000008ef00000| Complete 
| 240|0x000000008f000000, 0x000000008f100000, 0x000000008f100000|100%| E|CS|TAMS 0x000000008f000000, 0x000000008f000000| Complete 
| 241|0x000000008f100000, 0x000000008f200000, 0x000000008f200000|100%| E|CS|TAMS 0x000000008f100000, 0x000000008f100000| Complete 
| 242|0x000000008f200000, 0x000000008f300000, 0x000000008f300000|100%| E|CS|TAMS 0x000000008f200000, 0x000000008f200000| Complete 
| 243|0x000000008f300000, 0x000000008f400000, 0x000000008f400000|100%| E|  |TAMS 0x000000008f300000, 0x000000008f300000| Complete 
| 244|0x000000008f400000, 0x000000008f500000, 0x000000008f500000|100%| E|CS|TAMS 0x000000008f400000, 0x000000008f400000| Complete 
| 245|0x000000008f500000, 0x000000008f600000, 0x000000008f600000|100%| E|CS|TAMS 0x000000008f500000, 0x000000008f500000| Complete 
| 246|0x000000008f600000, 0x000000008f700000, 0x000000008f700000|100%| E|CS|TAMS 0x000000008f600000, 0x000000008f600000| Complete 
| 247|0x000000008f700000, 0x000000008f800000, 0x000000008f800000|100%| E|CS|TAMS 0x000000008f700000, 0x000000008f700000| Complete 
| 248|0x000000008f800000, 0x000000008f900000, 0x000000008f900000|100%| E|CS|TAMS 0x000000008f800000, 0x000000008f800000| Complete 
| 249|0x000000008f900000, 0x000000008fa00000, 0x000000008fa00000|100%| E|CS|TAMS 0x000000008f900000, 0x000000008f900000| Complete 
| 250|0x000000008fa00000, 0x000000008fb00000, 0x000000008fb00000|100%| E|CS|TAMS 0x000000008fa00000, 0x000000008fa00000| Complete 
| 251|0x000000008fb00000, 0x000000008fc00000, 0x000000008fc00000|100%| E|CS|TAMS 0x000000008fb00000, 0x000000008fb00000| Complete 
| 252|0x000000008fc00000, 0x000000008fd00000, 0x000000008fd00000|100%| E|CS|TAMS 0x000000008fc00000, 0x000000008fc00000| Complete 
| 253|0x000000008fd00000, 0x000000008fe00000, 0x000000008fe00000|100%| E|CS|TAMS 0x000000008fd00000, 0x000000008fd00000| Complete 
| 254|0x000000008fe00000, 0x000000008ff00000, 0x000000008ff00000|100%| E|CS|TAMS 0x000000008fe00000, 0x000000008fe00000| Complete 
| 255|0x000000008ff00000, 0x0000000090000000, 0x0000000090000000|100%| E|CS|TAMS 0x000000008ff00000, 0x000000008ff00000| Complete 

Card table byte_map: [0x0000025b19740000,0x0000025b19b40000] _byte_map_base: 0x0000025b19340000

Marking Bits (Prev, Next): (CMBitMap*) 0x0000025b0687efb0, (CMBitMap*) 0x0000025b0687ef78
 Prev Bits: [0x0000025b1bf40000, 0x0000025b1df40000)
 Next Bits: [0x0000025b19f40000, 0x0000025b1bf40000)

Polling page: 0x0000025b04670000

Metaspace:

Usage:
  Non-class:     55.21 MB capacity,    54.27 MB ( 98%) used,   799.13 KB (  1%) free+waste,   161.94 KB ( <1%) overhead. 
      Class:      8.45 MB capacity,     7.89 MB ( 93%) used,   488.97 KB (  6%) free+waste,    75.94 KB ( <1%) overhead. 
       Both:     63.66 MB capacity,    62.17 MB ( 98%) used,     1.26 MB (  2%) free+waste,   237.88 KB ( <1%) overhead. 

Virtual space:
  Non-class space:       56.00 MB reserved,      55.25 MB ( 99%) committed 
      Class space:        1.00 GB reserved,       8.50 MB ( <1%) committed 
             Both:        1.05 GB reserved,      63.75 MB (  6%) committed 

Chunk freelists:
   Non-Class:  42.00 KB
       Class:  23.00 KB
        Both:  65.00 KB

MaxMetaspaceSize: 17179869184.00 GB
CompressedClassSpaceSize: 1.00 GB

CodeHeap 'non-profiled nmethods': size=120064Kb used=3622Kb max_used=3622Kb free=116441Kb
 bounds [0x0000025b11e00000, 0x0000025b12190000, 0x0000025b19340000]
CodeHeap 'profiled nmethods': size=120000Kb used=13401Kb max_used=13401Kb free=106599Kb
 bounds [0x0000025b0a8d0000, 0x0000025b0b5f0000, 0x0000025b11e00000]
CodeHeap 'non-nmethods': size=5696Kb used=2262Kb max_used=2304Kb free=3434Kb
 bounds [0x0000025b0a340000, 0x0000025b0a5b0000, 0x0000025b0a8d0000]
 total_blobs=7210 nmethods=6360 adapters=761
 compilation: enabled
              stopped_count=0, restarted_count=0
 full_count=0

Compilation events (20 events):
Event: 29.226 Thread 0x0000025b20d0a800 nmethod 6260 0x0000025b12181b90 code [0x0000025b12181e80, 0x0000025b12183ee0]
Event: 29.226 Thread 0x0000025b20d0a800 6300       4       org.objectweb.asm.ByteVector::putUTF8 (144 bytes)
Event: 29.226 Thread 0x0000025b20d0e000 6307       3       org.gradle.internal.instantiation.generator.AbstractClassGenerator$PropertyMetadata::addSetter (41 bytes)
Event: 29.226 Thread 0x0000025b20d0e000 nmethod 6307 0x0000025b0b5c9710 code [0x0000025b0b5c9900, 0x0000025b0b5c9dd8]
Event: 29.230 Thread 0x0000025b20d0a800 nmethod 6300 0x0000025b12185710 code [0x0000025b121858e0, 0x0000025b12185c58]
Event: 29.230 Thread 0x0000025b20d0a800 6277       4       org.objectweb.asm.Type::appendDescriptor (90 bytes)
Event: 29.237 Thread 0x0000025b20d0e000 6309       3       org.gradle.internal.instantiation.generator.AsmBackedClassGenerator$ClassBuilderImpl::applyConventionMappingToSetter (177 bytes)
Event: 29.238 Thread 0x0000025b20d0e000 nmethod 6309 0x0000025b0b5c9f90 code [0x0000025b0b5ca360, 0x0000025b0b5cb9a8]
Event: 29.241 Thread 0x0000025b20d0e000 6310       1       kotlin.reflect.jvm.internal.pcollections.ConsPStack::size (5 bytes)
Event: 29.241 Thread 0x0000025b20d0e000 nmethod 6310 0x0000025b12185f90 code [0x0000025b12186140, 0x0000025b121861f8]
Event: 29.242 Thread 0x0000025b20d0e000 6311       3       org.gradle.internal.instantiation.generator.AbstractClassGenerator$ExtensibleTypePropertyHandler::applyTo (228 bytes)
Event: 29.243 Thread 0x0000025b20d0e000 nmethod 6311 0x0000025b0b5cc210 code [0x0000025b0b5cc600, 0x0000025b0b5ce2b8]
Event: 29.250 Thread 0x0000025b20d0a800 nmethod 6277 0x0000025b12186290 code [0x0000025b121864a0, 0x0000025b121873f0]
Event: 29.250 Thread 0x0000025b20d0a800 6308       4       java.util.LinkedHashMap$LinkedValues::iterator (12 bytes)
Event: 29.251 Thread 0x0000025b20d0a800 nmethod 6308 0x0000025b12187c10 code [0x0000025b12187dc0, 0x0000025b12187f78]
Event: 29.251 Thread 0x0000025b20d0a800 6266       4       org.gradle.internal.instantiation.generator.AbstractClassGenerator::assertNotAbstract (61 bytes)
Event: 29.252 Thread 0x0000025b20d0a800 nmethod 6266 0x0000025b12188090 code [0x0000025b12188220, 0x0000025b121882f8]
Event: 29.256 Thread 0x0000025b20d0a800 6312       4       java.util.TreeMap::put (247 bytes)
Event: 29.264 Thread 0x0000025b20d0e000 6316   !   3       org.gradle.internal.instantiation.generator.AsmBackedClassGenerator$ClassBuilderImpl::getAnnotationParameterValue (16 bytes)
Event: 29.264 Thread 0x0000025b20d0e000 nmethod 6316 0x0000025b0b5ceb10 code [0x0000025b0b5ced40, 0x0000025b0b5cf348]

GC Heap History (14 events):
Event: 4.347 GC heap before
{Heap before GC invocations=0 (full 0):
 garbage-first heap   total 262144K, used 19456K [0x0000000080000000, 0x0000000100000000)
  region size 1024K, 14 young (14336K), 0 survivors (0K)
 Metaspace       used 6731K, capacity 6921K, committed 7168K, reserved 1056768K
  class space    used 582K, capacity 650K, committed 768K, reserved 1048576K
}
Event: 4.353 GC heap after
{Heap after GC invocations=1 (full 0):
 garbage-first heap   total 262144K, used 8031K [0x0000000080000000, 0x0000000100000000)
  region size 1024K, 2 young (2048K), 2 survivors (2048K)
 Metaspace       used 6731K, capacity 6921K, committed 7168K, reserved 1056768K
  class space    used 582K, capacity 650K, committed 768K, reserved 1048576K
}
Event: 5.300 GC heap before
{Heap before GC invocations=1 (full 0):
 garbage-first heap   total 262144K, used 19295K [0x0000000080000000, 0x0000000100000000)
  region size 1024K, 13 young (13312K), 2 survivors (2048K)
 Metaspace       used 9854K, capacity 10050K, committed 10112K, reserved 1058816K
  class space    used 1028K, capacity 1102K, committed 1152K, reserved 1048576K
}
Event: 5.305 GC heap after
{Heap after GC invocations=2 (full 0):
 garbage-first heap   total 262144K, used 9256K [0x0000000080000000, 0x0000000100000000)
  region size 1024K, 2 young (2048K), 2 survivors (2048K)
 Metaspace       used 9854K, capacity 10050K, committed 10112K, reserved 1058816K
  class space    used 1028K, capacity 1102K, committed 1152K, reserved 1048576K
}
Event: 10.427 GC heap before
{Heap before GC invocations=2 (full 0):
 garbage-first heap   total 262144K, used 39976K [0x0000000080000000, 0x0000000100000000)
  region size 1024K, 32 young (32768K), 2 survivors (2048K)
 Metaspace       used 10830K, capacity 11005K, committed 11264K, reserved 1058816K
  class space    used 1131K, capacity 1207K, committed 1280K, reserved 1048576K
}
Event: 10.429 GC heap after
{Heap after GC invocations=3 (full 0):
 garbage-first heap   total 262144K, used 11210K [0x0000000080000000, 0x0000000100000000)
  region size 1024K, 4 young (4096K), 4 survivors (4096K)
 Metaspace       used 10830K, capacity 11005K, committed 11264K, reserved 1058816K
  class space    used 1131K, capacity 1207K, committed 1280K, reserved 1048576K
}
Event: 15.010 GC heap before
{Heap before GC invocations=3 (full 0):
 garbage-first heap   total 262144K, used 78794K [0x0000000080000000, 0x0000000100000000)
  region size 1024K, 71 young (72704K), 4 survivors (4096K)
 Metaspace       used 20704K, capacity 21075K, committed 21248K, reserved 1067008K
  class space    used 2540K, capacity 2693K, committed 2816K, reserved 1048576K
}
Event: 15.018 GC heap after
{Heap after GC invocations=4 (full 0):
 garbage-first heap   total 262144K, used 17072K [0x0000000080000000, 0x0000000100000000)
  region size 1024K, 9 young (9216K), 9 survivors (9216K)
 Metaspace       used 20704K, capacity 21075K, committed 21248K, reserved 1067008K
  class space    used 2540K, capacity 2693K, committed 2816K, reserved 1048576K
}
Event: 18.015 GC heap before
{Heap before GC invocations=5 (full 0):
 garbage-first heap   total 262144K, used 129712K [0x0000000080000000, 0x0000000100000000)
  region size 1024K, 120 young (122880K), 9 survivors (9216K)
 Metaspace       used 34991K, capacity 35786K, committed 35840K, reserved 1081344K
  class space    used 4541K, capacity 4863K, committed 4864K, reserved 1048576K
}
Event: 18.028 GC heap after
{Heap after GC invocations=6 (full 0):
 garbage-first heap   total 262144K, used 22584K [0x0000000080000000, 0x0000000100000000)
  region size 1024K, 15 young (15360K), 15 survivors (15360K)
 Metaspace       used 34991K, capacity 35786K, committed 35840K, reserved 1081344K
  class space    used 4541K, capacity 4863K, committed 4864K, reserved 1048576K
}
Event: 20.172 GC heap before
{Heap before GC invocations=7 (full 0):
 garbage-first heap   total 262144K, used 151608K [0x0000000080000000, 0x0000000100000000)
  region size 1024K, 138 young (141312K), 15 survivors (15360K)
 Metaspace       used 45373K, capacity 46492K, committed 46720K, reserved 1089536K
  class space    used 5820K, capacity 6242K, committed 6272K, reserved 1048576K
}
Event: 20.187 GC heap after
{Heap after GC invocations=8 (full 0):
 garbage-first heap   total 262144K, used 29289K [0x0000000080000000, 0x0000000100000000)
  region size 1024K, 13 young (13312K), 13 survivors (13312K)
 Metaspace       used 45373K, capacity 46492K, committed 46720K, reserved 1089536K
  class space    used 5820K, capacity 6242K, committed 6272K, reserved 1048576K
}
Event: 28.069 GC heap before
{Heap before GC invocations=8 (full 0):
 garbage-first heap   total 262144K, used 175721K [0x0000000080000000, 0x0000000100000000)
  region size 1024K, 153 young (156672K), 13 survivors (13312K)
 Metaspace       used 58636K, capacity 60064K, committed 60160K, reserved 1101824K
  class space    used 7459K, capacity 8016K, committed 8064K, reserved 1048576K
}
Event: 28.096 GC heap after
{Heap after GC invocations=9 (full 0):
 garbage-first heap   total 262144K, used 46199K [0x0000000080000000, 0x0000000100000000)
  region size 1024K, 19 young (19456K), 19 survivors (19456K)
 Metaspace       used 58636K, capacity 60064K, committed 60160K, reserved 1101824K
  class space    used 7459K, capacity 8016K, committed 8064K, reserved 1048576K
}

Deoptimization events (20 events):
Event: 28.656 Thread 0x0000025b219c9000 DEOPT PACKING pc=0x0000025b0b52eb28 sp=0x000000e3225f3d80
Event: 28.656 Thread 0x0000025b219c9000 DEOPT UNPACKING pc=0x0000025b0a366dde sp=0x000000e3225f3238 mode 0
Event: 28.657 Thread 0x0000025b219c9000 DEOPT PACKING pc=0x0000025b0b52eb28 sp=0x000000e3225f3d80
Event: 28.657 Thread 0x0000025b219c9000 DEOPT UNPACKING pc=0x0000025b0a366dde sp=0x000000e3225f3238 mode 0
Event: 28.657 Thread 0x0000025b219c9000 DEOPT PACKING pc=0x0000025b0b52eb28 sp=0x000000e3225f3d80
Event: 28.657 Thread 0x0000025b219c9000 DEOPT UNPACKING pc=0x0000025b0a366dde sp=0x000000e3225f3238 mode 0
Event: 28.657 Thread 0x0000025b219c9000 DEOPT PACKING pc=0x0000025b0b52eb28 sp=0x000000e3225f3d80
Event: 28.657 Thread 0x0000025b219c9000 DEOPT UNPACKING pc=0x0000025b0a366dde sp=0x000000e3225f3238 mode 0
Event: 29.190 Thread 0x0000025b219c9000 Uncommon trap: trap_request=0xffffffc6 fr.pc=0x0000025b11fb81d8 relative=0x0000000000003bb8
Event: 29.190 Thread 0x0000025b219c9000 Uncommon trap: reason=bimorphic_or_optimized_type_check action=maybe_recompile pc=0x0000025b11fb81d8 method=java.util.AbstractCollection.addAll(Ljava/util/Collection;)Z @ 29 c2
Event: 29.191 Thread 0x0000025b219c9000 DEOPT PACKING pc=0x0000025b11fb81d8 sp=0x000000e3225f6070
Event: 29.191 Thread 0x0000025b219c9000 DEOPT UNPACKING pc=0x0000025b0a36662f sp=0x000000e3225f6070 mode 2
Event: 29.191 Thread 0x0000025b219c9000 Uncommon trap: trap_request=0xffffffc6 fr.pc=0x0000025b11fb81d8 relative=0x0000000000003bb8
Event: 29.191 Thread 0x0000025b219c9000 Uncommon trap: reason=bimorphic_or_optimized_type_check action=maybe_recompile pc=0x0000025b11fb81d8 method=java.util.AbstractCollection.addAll(Ljava/util/Collection;)Z @ 29 c2
Event: 29.191 Thread 0x0000025b219c9000 DEOPT PACKING pc=0x0000025b11fb81d8 sp=0x000000e3225f6070
Event: 29.191 Thread 0x0000025b219c9000 DEOPT UNPACKING pc=0x0000025b0a36662f sp=0x000000e3225f6070 mode 2
Event: 29.199 Thread 0x0000025b219c9000 Uncommon trap: trap_request=0xffffffc6 fr.pc=0x0000025b11fb81d8 relative=0x0000000000003bb8
Event: 29.199 Thread 0x0000025b219c9000 Uncommon trap: reason=bimorphic_or_optimized_type_check action=maybe_recompile pc=0x0000025b11fb81d8 method=java.util.AbstractCollection.addAll(Ljava/util/Collection;)Z @ 29 c2
Event: 29.199 Thread 0x0000025b219c9000 DEOPT PACKING pc=0x0000025b11fb81d8 sp=0x000000e3225f6d10
Event: 29.199 Thread 0x0000025b219c9000 DEOPT UNPACKING pc=0x0000025b0a36662f sp=0x000000e3225f6d10 mode 2

Classes redefined (0 events):
No events

Internal exceptions (20 events):
Event: 25.073 Thread 0x0000025b227ba000 Exception <a 'java/lang/NoSuchMethodError'{0x000000008b916030}: <clinit>> (0x000000008b916030) thrown at [./src/hotspot/share/prims/jni.cpp, line 1362]
Event: 25.075 Thread 0x0000025b227ba000 Exception <a 'java/lang/NoSuchMethodError'{0x000000008b920358}: <clinit>> (0x000000008b920358) thrown at [./src/hotspot/share/prims/jni.cpp, line 1362]
Event: 25.076 Thread 0x0000025b227ba000 Exception <a 'java/lang/NoSuchMethodError'{0x000000008b933ca0}: <clinit>> (0x000000008b933ca0) thrown at [./src/hotspot/share/prims/jni.cpp, line 1362]
Event: 25.230 Thread 0x0000025b219c9000 Exception <a 'java/lang/ClassNotFoundException'{0x000000008b989ab8}: build_3jvqfzyaz7qpjz52d366e3mngBeanInfo> (0x000000008b989ab8) thrown at [./src/hotspot/share/classfile/systemDictionary.cpp, line 231]
Event: 25.230 Thread 0x0000025b219c9000 Exception <a 'java/lang/ClassNotFoundException'{0x000000008b994a70}: build_3jvqfzyaz7qpjz52d366e3mngCustomizer> (0x000000008b994a70) thrown at [./src/hotspot/share/classfile/systemDictionary.cpp, line 231]
Event: 25.298 Thread 0x0000025b219c9000 Exception <a 'java/lang/ClassNotFoundException'{0x000000008b71a108}: org/gradle/api/internal/plugins/DefaultObjectConfigurationActionBeanInfo> (0x000000008b71a108) thrown at [./src/hotspot/share/classfile/systemDictionary.cpp, line 231]
Event: 25.299 Thread 0x0000025b219c9000 Exception <a 'java/lang/ClassNotFoundException'{0x000000008b74f1f8}: org/gradle/api/internal/plugins/DefaultObjectConfigurationActionCustomizer> (0x000000008b74f1f8) thrown at [./src/hotspot/share/classfile/systemDictionary.cpp, line 231]
Event: 26.225 Thread 0x0000025b219c9000 Exception <a 'java/lang/NoSuchMethodError'{0x000000008ad96a00}: 'java.lang.Object java.lang.invoke.DirectMethodHandle$Holder.invokeStatic(java.lang.Object, java.lang.Object, java.lang.Object, java.lang.Object, int)'> (0x000000008ad96a00) thrown at [./src/hotspot/share/interpreter/linkResolver.cpp, line 773]
Event: 26.226 Thread 0x0000025b219c9000 Exception <a 'java/lang/NoSuchMethodError'{0x000000008ad9b3f8}: 'java.lang.Object java.lang.invoke.DirectMethodHandle$Holder.invokeSpecial(java.lang.Object, java.lang.Object, java.lang.Object, java.lang.Object, java.lang.Object, int)'> (0x000000008ad9b3f8) thrown at [./src/hotspot/share/interpreter/linkResolver.cpp, line 773]
Event: 26.226 Thread 0x0000025b219c9000 Exception <a 'java/lang/NoSuchMethodError'{0x000000008ad9fa38}: 'java.lang.Object java.lang.invoke.Invokers$Holder.linkToTargetMethod(java.lang.Object, java.lang.Object, java.lang.Object, int, java.lang.Object)'> (0x000000008ad9fa38) thrown at [./src/hotspot/share/interpreter/linkResolver.cpp, line 773]
Event: 26.929 Thread 0x0000025b219c9000 Exception <a 'java/lang/NoSuchMethodError'{0x0000000089e73bf8}: 'java.lang.Object java.lang.invoke.DirectMethodHandle$Holder.invokeSpecial(java.lang.Object, java.lang.Object, int, int, java.lang.Object, java.lang.Object, java.lang.Object)'> (0x0000000089e73bf8) thrown at [./src/hotspot/share/interpreter/linkResolver.cpp, line 773]
Event: 26.929 Thread 0x0000025b219c9000 Exception <a 'java/lang/NoSuchMethodError'{0x0000000089e78178}: 'java.lang.Object java.lang.invoke.DelegatingMethodHandle$Holder.reinvoke_L(java.lang.Object, int, int, java.lang.Object, java.lang.Object, java.lang.Object)'> (0x0000000089e78178) thrown at [./src/hotspot/share/interpreter/linkResolver.cpp, line 773]
Event: 27.165 Thread 0x0000025b219c9000 Exception <a 'java/lang/NoSuchMethodError'{0x00000000892d7118}: 'int java.lang.invoke.DirectMethodHandle$Holder.invokeInterface(java.lang.Object, java.lang.Object, java.lang.Object, java.lang.Object)'> (0x00000000892d7118) thrown at [./src/hotspot/share/interpreter/linkResolver.cpp, line 773]
Event: 27.704 Thread 0x0000025b219c9000 Exception <a 'java/lang/NoSuchMethodError'{0x00000000882bd9b0}: 'void java.lang.invoke.DirectMethodHandle$Holder.invokeInterface(java.lang.Object, java.lang.Object, java.lang.Object, java.lang.Object)'> (0x00000000882bd9b0) thrown at [./src/hotspot/share/interpreter/linkResolver.cpp, line 773]
Event: 27.931 Thread 0x0000025b219c9000 Exception <a 'java/lang/IncompatibleClassChangeError'{0x0000000087951fa0}: Found class java.lang.Object, but interface was expected> (0x0000000087951fa0) thrown at [./src/hotspot/share/interpreter/linkResolver.cpp, line 839]
Event: 28.008 Thread 0x0000025b219c9000 Implicit null exception at 0x0000025b120cd1d4 to 0x0000025b120cd3b8
Event: 28.008 Thread 0x0000025b219c9000 Implicit null exception at 0x0000025b11fe6bc7 to 0x0000025b11fe8700
Event: 28.476 Thread 0x0000025b219c9000 Implicit null exception at 0x0000025b11f3ae0b to 0x0000025b11f3aee4
Event: 28.567 Thread 0x0000025b219c9000 Implicit null exception at 0x0000025b11f565ac to 0x0000025b11f5675a
Event: 28.706 Thread 0x0000025b219c9000 Exception <a 'sun/nio/fs/WindowsException'{0x000000008eef8780}> (0x000000008eef8780) thrown at [./src/hotspot/share/prims/jni.cpp, line 615]

Events (20 events):
Event: 29.274 loading class com/android/build/gradle/internal/services/VariantPropertiesApiServicesImpl
Event: 29.274 loading class com/android/build/gradle/internal/services/VariantPropertiesApiServicesImpl done
Event: 29.275 loading class com/android/build/gradle/internal/services/VariantPropertiesApiServices
Event: 29.275 loading class com/android/build/gradle/internal/services/VariantPropertiesApiServices done
Event: 29.276 loading class com/android/build/gradle/internal/services/TaskCreationServicesImpl
Event: 29.276 loading class com/android/build/gradle/internal/services/TaskCreationServicesImpl done
Event: 29.276 loading class com/android/build/gradle/internal/services/TaskCreationServices
Event: 29.276 loading class com/android/build/gradle/internal/services/TaskCreationServices done
Event: 29.277 loading class com/android/build/gradle/internal/variant/VariantModelImpl
Event: 29.277 loading class com/android/build/gradle/internal/variant/VariantModelImpl done
Event: 29.277 loading class com/android/build/gradle/BaseExtension
Event: 29.277 loading class com/android/build/gradle/BaseExtension done
Event: 29.278 loading class com/android/build/gradle/internal/plugins/BasePlugin
Event: 29.278 loading class com/android/build/gradle/internal/plugins/BasePlugin done
Event: 29.278 loading class com/android/build/gradle/internal/plugins/BasePlugin
Event: 29.278 loading class com/android/build/gradle/internal/plugins/BasePlugin done
Event: 29.278 loading class com/android/build/gradle/internal/AppModelBuilder
Event: 29.278 loading class com/android/build/gradle/internal/AppModelBuilder done
Event: 29.282 loading class com/android/build/gradle/internal/ide/ModelBuilder
Event: 29.282 loading class com/android/build/gradle/internal/ide/ModelBuilder done


Dynamic libraries:
0x00007ff7f4730000 - 0x00007ff7f473a000 	C:\Program Files\Android\Android Studio\jre\bin\java.exe
0x00007ffc2b690000 - 0x00007ffc2b885000 	C:\WINDOWS\SYSTEM32\ntdll.dll
0x00007ffc29d50000 - 0x00007ffc29e0e000 	C:\WINDOWS\System32\KERNEL32.DLL
0x00007ffc29420000 - 0x00007ffc296e8000 	C:\WINDOWS\System32\KERNELBASE.dll
0x00007ffc28fa0000 - 0x00007ffc290a0000 	C:\WINDOWS\System32\ucrtbase.dll
0x00007ffc00ec0000 - 0x00007ffc00ed7000 	C:\Program Files\Android\Android Studio\jre\bin\VCRUNTIME140.dll
0x00007ffc00ce0000 - 0x00007ffc00cf9000 	C:\Program Files\Android\Android Studio\jre\bin\jli.dll
0x00007ffc296f0000 - 0x00007ffc29890000 	C:\WINDOWS\System32\USER32.dll
0x00007ffc0ff50000 - 0x00007ffc101ea000 	C:\WINDOWS\WinSxS\amd64_microsoft.windows.common-controls_6595b64144ccf1df_6.0.19041.1110_none_60b5254171f9507e\COMCTL32.dll
0x00007ffc293f0000 - 0x00007ffc29412000 	C:\WINDOWS\System32\win32u.dll
0x00007ffc29c30000 - 0x00007ffc29cce000 	C:\WINDOWS\System32\msvcrt.dll
0x00007ffc2b1f0000 - 0x00007ffc2b21a000 	C:\WINDOWS\System32\GDI32.dll
0x00007ffc29180000 - 0x00007ffc2928b000 	C:\WINDOWS\System32\gdi32full.dll
0x00007ffc28ed0000 - 0x00007ffc28f6d000 	C:\WINDOWS\System32\msvcp_win.dll
0x00007ffc2b3b0000 - 0x00007ffc2b3e0000 	C:\WINDOWS\System32\IMM32.DLL
0x00007ffbf6670000 - 0x00007ffbf670d000 	C:\Program Files\Android\Android Studio\jre\bin\msvcp140.dll
0x00007ffbd0010000 - 0x00007ffbd0ae5000 	C:\Program Files\Android\Android Studio\jre\bin\server\jvm.dll
0x00007ffc2b220000 - 0x00007ffc2b2ce000 	C:\WINDOWS\System32\ADVAPI32.dll
0x00007ffc29ac0000 - 0x00007ffc29b5c000 	C:\WINDOWS\System32\sechost.dll
0x00007ffc2abf0000 - 0x00007ffc2ad15000 	C:\WINDOWS\System32\RPCRT4.dll
0x00007ffc2a9b0000 - 0x00007ffc2a9b8000 	C:\WINDOWS\System32\PSAPI.DLL
0x00007ffc12660000 - 0x00007ffc12687000 	C:\WINDOWS\SYSTEM32\WINMM.dll
0x00007ffc20d10000 - 0x00007ffc20d1a000 	C:\WINDOWS\SYSTEM32\VERSION.dll
0x00007ffc253b0000 - 0x00007ffc253b9000 	C:\WINDOWS\SYSTEM32\WSOCK32.dll
0x00007ffc2a9c0000 - 0x00007ffc2aa2b000 	C:\WINDOWS\System32\ws2_32.DLL
0x00007ffc276b0000 - 0x00007ffc276c2000 	C:\WINDOWS\SYSTEM32\kernel.appcore.dll
0x00007ffc220e0000 - 0x00007ffc220f1000 	C:\Program Files\Android\Android Studio\jre\bin\verify.dll
0x00007ffc26330000 - 0x00007ffc26514000 	C:\WINDOWS\SYSTEM32\DBGHELP.DLL
0x00007ffc1f550000 - 0x00007ffc1f57c000 	C:\WINDOWS\SYSTEM32\dbgcore.DLL
0x00007ffc290f0000 - 0x00007ffc29172000 	C:\WINDOWS\System32\bcryptPrimitives.dll
0x00007ffc1f040000 - 0x00007ffc1f069000 	C:\Program Files\Android\Android Studio\jre\bin\java.dll
0x00007ffc237c0000 - 0x00007ffc237cb000 	C:\Program Files\Android\Android Studio\jre\bin\jimage.dll
0x00007ffc20240000 - 0x00007ffc20258000 	C:\Program Files\Android\Android Studio\jre\bin\zip.dll
0x00007ffc29e90000 - 0x00007ffc2a5d4000 	C:\WINDOWS\System32\SHELL32.dll
0x00007ffc26eb0000 - 0x00007ffc27644000 	C:\WINDOWS\SYSTEM32\windows.storage.dll
0x00007ffc2a5f0000 - 0x00007ffc2a944000 	C:\WINDOWS\System32\combase.dll
0x00007ffc28750000 - 0x00007ffc2877c000 	C:\WINDOWS\SYSTEM32\Wldp.dll
0x00007ffc29a10000 - 0x00007ffc29abd000 	C:\WINDOWS\System32\SHCORE.dll
0x00007ffc2a950000 - 0x00007ffc2a9a5000 	C:\WINDOWS\System32\shlwapi.dll
0x00007ffc28cf0000 - 0x00007ffc28d0f000 	C:\WINDOWS\SYSTEM32\profapi.dll
0x00007ffc1ed90000 - 0x00007ffc1edaa000 	C:\Program Files\Android\Android Studio\jre\bin\net.dll
0x00007ffc1f650000 - 0x00007ffc1f75a000 	C:\WINDOWS\SYSTEM32\WINHTTP.dll
0x00007ffc284b0000 - 0x00007ffc2851a000 	C:\WINDOWS\system32\mswsock.dll
0x00007ffc1c2a0000 - 0x00007ffc1c2b4000 	C:\Program Files\Android\Android Studio\jre\bin\nio.dll
0x00007ffc02400000 - 0x00007ffc02427000 	C:\Users\Arne\.gradle\native\e1d6ef7f7dcc3fd88c89a11ec53ec762bb8ba0a96d01ffa2cd45eb1d1d8dd5c5\windows-amd64\native-platform.dll
0x00007ffbf3460000 - 0x00007ffbf35a4000 	C:\Users\Arne\.gradle\native\5664cfc778a61ccfe75a443a1ab52a65af34e5dc3c78e0209fed803814484fcb\windows-amd64\native-platform-file-events.dll
0x00007ffc220b0000 - 0x00007ffc220ba000 	C:\Program Files\Android\Android Studio\jre\bin\management.dll
0x00007ffc22090000 - 0x00007ffc2209d000 	C:\Program Files\Android\Android Studio\jre\bin\management_ext.dll
0x00007ffc286a0000 - 0x00007ffc286b8000 	C:\WINDOWS\SYSTEM32\CRYPTSP.dll
0x00007ffc27e30000 - 0x00007ffc27e64000 	C:\WINDOWS\system32\rsaenh.dll
0x00007ffc28f70000 - 0x00007ffc28f97000 	C:\WINDOWS\System32\bcrypt.dll
0x00007ffc28cb0000 - 0x00007ffc28cde000 	C:\WINDOWS\SYSTEM32\USERENV.dll
0x00007ffc286c0000 - 0x00007ffc286cc000 	C:\WINDOWS\SYSTEM32\CRYPTBASE.dll
0x00007ffc281a0000 - 0x00007ffc281db000 	C:\WINDOWS\SYSTEM32\IPHLPAPI.DLL
0x00007ffc2abe0000 - 0x00007ffc2abe8000 	C:\WINDOWS\System32\NSI.dll
0x00007ffc22330000 - 0x00007ffc22347000 	C:\WINDOWS\SYSTEM32\dhcpcsvc6.DLL
0x00007ffc225f0000 - 0x00007ffc2260d000 	C:\WINDOWS\SYSTEM32\dhcpcsvc.DLL
0x00007ffc281e0000 - 0x00007ffc282ab000 	C:\WINDOWS\SYSTEM32\DNSAPI.dll

dbghelp: loaded successfully - version: 4.0.5 - missing functions: none
symbol engine: initialized successfully - sym options: 0x614 - pdb path: .;C:\Program Files\Android\Android Studio\jre\bin;C:\WINDOWS\SYSTEM32;C:\WINDOWS\WinSxS\amd64_microsoft.windows.common-controls_6595b64144ccf1df_6.0.19041.1110_none_60b5254171f9507e;C:\Program Files\Android\Android Studio\jre\bin\server;C:\Users\Arne\.gradle\native\e1d6ef7f7dcc3fd88c89a11ec53ec762bb8ba0a96d01ffa2cd45eb1d1d8dd5c5\windows-amd64;C:\Users\Arne\.gradle\native\5664cfc778a61ccfe75a443a1ab52a65af34e5dc3c78e0209fed803814484fcb\windows-amd64

VM Arguments:
jvm_args: --add-opens=java.base/java.util=ALL-UNNAMED --add-opens=java.base/java.lang=ALL-UNNAMED --add-opens=java.base/java.lang.invoke=ALL-UNNAMED --add-opens=java.base/java.util=ALL-UNNAMED --add-opens=java.prefs/java.util.prefs=ALL-UNNAMED --add-opens=java.prefs/java.util.prefs=ALL-UNNAMED --add-opens=java.base/java.nio.charset=ALL-UNNAMED --add-opens=java.base/java.net=ALL-UNNAMED --add-opens=java.base/java.util.concurrent.atomic=ALL-UNNAMED -Xmx2048m -Dfile.encoding=UTF-8 -Duser.country=US -Duser.language=en -Duser.variant 
java_command: org.gradle.launcher.daemon.bootstrap.GradleDaemon 7.2
java_class_path (initial): C:\Users\Arne\.gradle\wrapper\dists\gradle-7.2-bin\2dnblmf4td7x66yl1d74lt32g\gradle-7.2\lib\gradle-launcher-7.2.jar
Launcher Type: SUN_STANDARD

[Global flags]
     intx CICompilerCount                          = 3                                         {product} {ergonomic}
     uint ConcGCThreads                            = 1                                         {product} {ergonomic}
     uint G1ConcRefinementThreads                  = 4                                         {product} {ergonomic}
   size_t G1HeapRegionSize                         = 1048576                                   {product} {ergonomic}
    uintx GCDrainStackTargetSize                   = 64                                        {product} {ergonomic}
   size_t InitialHeapSize                          = 268435456                                 {product} {ergonomic}
   size_t MarkStackSize                            = 4194304                                   {product} {ergonomic}
   size_t MaxHeapSize                              = 2147483648                                {product} {command line}
   size_t MaxNewSize                               = 1287651328                                {product} {ergonomic}
   size_t MinHeapDeltaBytes                        = 1048576                                   {product} {ergonomic}
    uintx NonNMethodCodeHeapSize                   = 5830732                                {pd product} {ergonomic}
    uintx NonProfiledCodeHeapSize                  = 122913754                              {pd product} {ergonomic}
    uintx ProfiledCodeHeapSize                     = 122913754                              {pd product} {ergonomic}
    uintx ReservedCodeCacheSize                    = 251658240                              {pd product} {ergonomic}
     bool SegmentedCodeCache                       = true                                      {product} {ergonomic}
     bool UseCompressedClassPointers               = true                                 {lp64_product} {ergonomic}
     bool UseCompressedOops                        = true                                 {lp64_product} {ergonomic}
     bool UseG1GC                                  = true                                      {product} {ergonomic}
     bool UseLargePagesIndividualAllocation        = false                                  {pd product} {ergonomic}

Logging:
Log output configuration:
 #0: stdout all=warning uptime,level,tags
 #1: stderr all=off uptime,level,tags

Environment Variables:
JAVA_HOME=C:\Program Files\Java\jdk-17.0.2
PATH=C:\Program Files\Common Files\Oracle\Java\javapath;C:\Program Files\Eclipse Foundation\jdk-8.0.302.8-hotspot\bin;C:\Program Files (x86)\Common Files\Oracle\Java\javapath;C:\Program Files (x86)\Intel\iCLS Client\;C:\Program Files\Intel\iCLS Client\;C:\WINDOWS\system32;C:\WINDOWS;C:\WINDOWS\System32\Wbem;C:\WINDOWS\System32\WindowsPowerShell\v1.0\;C:\WINDOWS\System32\OpenSSH\;C:\Program Files\Intel\Intel(R) Management Engine Components\DAL;C:\Program Files (x86)\Intel\Intel(R) Management Engine Components\DAL;C:\Program Files\Intel\Intel(R) Management Engine Components\IPT;C:\Program Files (x86)\Intel\Intel(R) Management Engine Components\IPT;C:\Program Files\Microsoft SQL Server\Client SDK\ODBC\130\Tools\Binn\;C:\Program Files (x86)\Microsoft SQL Server\140\Tools\Binn\;C:\Program Files\Microsoft SQL Server\140\Tools\Binn\;C:\Program Files\Microsoft SQL Server\140\DTS\Binn\;C:\Program Files\Microsoft SQL Server\130\Tools\Binn\;C:\Program Files\Microsoft SQL Server\Client SDK\ODBC\170\Tools\Binn\;C:\Program Files (x86)\Microsoft SQL Server\150\DTS\Binn\;C:\Program Files\Git\cmd;C:\Program Files\dotnet\;C:\Users\Arne\AppData\Local\Microsoft\WindowsApps;C:\Users\Arne\.dotnet\tools
USERNAME=Arne
OS=Windows_NT
PROCESSOR_IDENTIFIER=Intel64 Family 6 Model 60 Stepping 3, GenuineIntel



---------------  S Y S T E M  ---------------

OS: Windows 10 , 64 bit Build 19041 (10.0.19041.1645)
OS uptime: 21 days 22:38 hours

CPU:total 4 (initial active 4) (4 cores per cpu, 1 threads per core) family 6 model 60 stepping 3 microcode 0x27, cmov, cx8, fxsr, mmx, sse, sse2, sse3, ssse3, sse4.1, sse4.2, popcnt, avx, avx2, aes, clmul, erms, lzcnt, tsc, tscinvbit, bmi1, bmi2, fma

Memory: 4k page, system-wide physical 16324M (4493M free)
TotalPageFile size 19260M (AvailPageFile size 5M)
current process WorkingSet (physical memory assigned to process): 397M, peak: 397M
current process commit charge ("private bytes"): 490M, peak: 491M

vm_info: OpenJDK 64-Bit Server VM (11.0.11+9-b60-7590822) for windows-amd64 JRE (11.0.11+9-b60-7590822), built on Jul 29 2021 21:43:44 by "builder" with MS VC++ 14.0 (VS2015)

END.
