#
# There is insufficient memory for the Java Runtime Environment to continue.
# Native memory allocation (mmap) failed to map 54525952 bytes for Failed to commit area from 0x0000000090000000 to 0x0000000093400000 of length 54525952.
# Possible reasons:
#   The system is out of physical RAM or swap space
#   The process is running with CompressedOops enabled, and the Java Heap may be blocking the growth of the native heap
# Possible solutions:
#   Reduce memory load on the system
#   Increase physical memory or swap space
#   Check if swap backing store is full
#   Decrease Java heap size (-Xmx/-Xms)
#   Decrease number of Java threads
#   Decrease Java thread stack sizes (-Xss)
#   Set larger code cache with -XX:ReservedCodeCacheSize=
#   JVM is running with Unscaled Compressed Oops mode in which the Java heap is
#     placed in the first 4GB address space. The Java Heap base address is the
#     maximum limit for the native heap growth. Please use -XX:HeapBaseMinAddress
#     to set the Java Heap base and to place the Java Heap above 4GB virtual address.
# This output file may be truncated or incomplete.
#
#  Out of Memory Error (./src/hotspot/os/windows/os_windows.cpp:3301), pid=16884, tid=26140
#
# JRE version: OpenJDK Runtime Environment (11.0.11+9) (build 11.0.11+9-b60-7590822)
# Java VM: OpenJDK 64-Bit Server VM (11.0.11+9-b60-7590822, mixed mode, tiered, compressed oops, g1 gc, windows-amd64)
# No core dump will be written. Minidumps are not enabled by default on client versions of Windows
#

---------------  S U M M A R Y ------------

Command Line: --add-opens=java.base/java.util=ALL-UNNAMED --add-opens=java.base/java.lang=ALL-UNNAMED --add-opens=java.base/java.lang.invoke=ALL-UNNAMED --add-opens=java.base/java.util=ALL-UNNAMED --add-opens=java.prefs/java.util.prefs=ALL-UNNAMED --add-opens=java.prefs/java.util.prefs=ALL-UNNAMED --add-opens=java.base/java.nio.charset=ALL-UNNAMED --add-opens=java.base/java.net=ALL-UNNAMED --add-opens=java.base/java.util.concurrent.atomic=ALL-UNNAMED -Xmx2048m -Dfile.encoding=UTF-8 -Duser.country=US -Duser.language=en -Duser.variant org.gradle.launcher.daemon.bootstrap.GradleDaemon 7.2

Host: Intel(R) Core(TM) i5-4570 CPU @ 3.20GHz, 4 cores, 15G,  Windows 10 , 64 bit Build 19041 (10.0.19041.1645)
Time: Sat May  7 11:12:26 2022 Romance Daylight Time elapsed time: 6.920356 seconds (0d 0h 0m 6s)

---------------  T H R E A D  ---------------

Current thread (0x000001e4f5147000):  VMThread "VM Thread" [stack: 0x0000006515200000,0x0000006515300000] [id=26140]

Stack: [0x0000006515200000,0x0000006515300000]
[error occurred during error reporting (printing stack bounds), id 0xc0000005, EXCEPTION_ACCESS_VIOLATION (0xc0000005) at pc=0x000001e4df020f2d]

Native frames: (J=compiled Java code, j=interpreted, Vv=VM code, C=native code)
V  [jvm.dll+0x5f214a]
V  [jvm.dll+0x726fb5]
V  [jvm.dll+0x7285cd]
V  [jvm.dll+0x728be5]
V  [jvm.dll+0x728b9b]
V  [jvm.dll+0x5f14e8]
V  [jvm.dll+0x5f1c78]
C  [ntdll.dll+0xa20cf]
C  [ntdll.dll+0x51454]
C  [ntdll.dll+0xa0bfe]
C  0x000001e4df020f2d

VM_Operation (0x00000065167f86b0): G1CollectForAllocation, mode: safepoint, requested by thread 0x000001e4f8052800


---------------  P R O C E S S  ---------------

Threads class SMR info:
_java_thread_list=0x000001e4fbb1ee50, length=79, elements={
0x000001e4db51d800, 0x000001e4f514c000, 0x000001e4f5973000, 0x000001e4f59cf000,
0x000001e4f59d0000, 0x000001e4f59d4800, 0x000001e4f59d8000, 0x000001e4f59dd000,
0x000001e4f59e0800, 0x000001e4f5b48000, 0x000001e4f5cb2000, 0x000001e4f7075000,
0x000001e4f6fda800, 0x000001e4f7c93800, 0x000001e4f8b7b800, 0x000001e4f7c5d000,
0x000001e4f6d78000, 0x000001e4f8052800, 0x000001e4f7e6b000, 0x000001e4f7401800,
0x000001e4f8d6b800, 0x000001e4f8d70800, 0x000001e4f8d6e000, 0x000001e4f8d6a800,
0x000001e4f8d6f800, 0x000001e4f8d6c000, 0x000001e4f8d6e800, 0x000001e4f8d71000,
0x000001e4f8d6d000, 0x000001e4f9902000, 0x000001e4f98ff800, 0x000001e4f98ff000,
0x000001e4f9901800, 0x000001e4f98fd000, 0x000001e4f9904000, 0x000001e4f9905800,
0x000001e4f9906000, 0x000001e4f9907000, 0x000001e4f9908000, 0x000001e4f9904800,
0x000001e4f990c000, 0x000001e4f9908800, 0x000001e4f9909800, 0x000001e4f990a800,
0x000001e4f990b000, 0x000001e4fafa8800, 0x000001e4fafab000, 0x000001e4fafab800,
0x000001e4fafa9000, 0x000001e4fafaa000, 0x000001e4fafac800, 0x000001e4fafad000,
0x000001e4fafa7800, 0x000001e4fafb3000, 0x000001e4fafb2000, 0x000001e4fafaf800,
0x000001e4fafb0800, 0x000001e4fafaf000, 0x000001e4fafb3800, 0x000001e4fafb1800,
0x000001e4fafae000, 0x000001e4fafb4800, 0x000001e4fafb5800, 0x000001e4fafb6000,
0x000001e4fb28d800, 0x000001e4fb288800, 0x000001e4fb28c800, 0x000001e4fb289800,
0x000001e4fb28a000, 0x000001e4fb28b000, 0x000001e4fb288000, 0x000001e4fb28f000,
0x000001e4fb28e800, 0x000001e4fb290000, 0x000001e4fb290800, 0x000001e4fb291800,
0x000001e4fb28c000, 0x000001e4fb294000, 0x000001e4fb295000
}

Java Threads: ( => current thread )
  0x000001e4db51d800 JavaThread "main" [_thread_blocked, id=14360, stack(0x0000006514c00000,0x0000006514d00000)]
  0x000001e4f514c000 JavaThread "Reference Handler" daemon [_thread_blocked, id=15376, stack(0x0000006515300000,0x0000006515400000)]
  0x000001e4f5973000 JavaThread "Finalizer" daemon [_thread_blocked, id=20476, stack(0x0000006515400000,0x0000006515500000)]
  0x000001e4f59cf000 JavaThread "Signal Dispatcher" daemon [_thread_blocked, id=24392, stack(0x0000006515500000,0x0000006515600000)]
  0x000001e4f59d0000 JavaThread "Attach Listener" daemon [_thread_blocked, id=24724, stack(0x0000006515600000,0x0000006515700000)]
  0x000001e4f59d4800 JavaThread "Service Thread" daemon [_thread_blocked, id=18160, stack(0x0000006515700000,0x0000006515800000)]
  0x000001e4f59d8000 JavaThread "C2 CompilerThread0" daemon [_thread_in_native, id=24792, stack(0x0000006515800000,0x0000006515900000)]
  0x000001e4f59dd000 JavaThread "C1 CompilerThread0" daemon [_thread_blocked, id=19284, stack(0x0000006515900000,0x0000006515a00000)]
  0x000001e4f59e0800 JavaThread "Sweeper thread" daemon [_thread_blocked, id=20896, stack(0x0000006515a00000,0x0000006515b00000)]
  0x000001e4f5b48000 JavaThread "Common-Cleaner" daemon [_thread_blocked, id=12796, stack(0x0000006515b00000,0x0000006515c00000)]
  0x000001e4f5cb2000 JavaThread "C2 CompilerThread1" daemon [_thread_in_native, id=25296, stack(0x0000006515d00000,0x0000006515e00000)]
  0x000001e4f7075000 JavaThread "Daemon health stats" [_thread_blocked, id=13272, stack(0x0000006516100000,0x0000006516200000)]
  0x000001e4f6fda800 JavaThread "Incoming local TCP Connector on port 49905" [_thread_in_native, id=25328, stack(0x0000006516200000,0x0000006516300000)]
  0x000001e4f7c93800 JavaThread "Daemon periodic checks" [_thread_blocked, id=12776, stack(0x0000006516300000,0x0000006516400000)]
  0x000001e4f8b7b800 JavaThread "Daemon" [_thread_blocked, id=14092, stack(0x0000006516400000,0x0000006516500000)]
  0x000001e4f7c5d000 JavaThread "Handler for socket connection from /127.0.0.1:49905 to /127.0.0.1:49906" [_thread_in_native, id=19932, stack(0x0000006516500000,0x0000006516600000)]
  0x000001e4f6d78000 JavaThread "Cancel handler" [_thread_blocked, id=2876, stack(0x0000006516600000,0x0000006516700000)]
  0x000001e4f8052800 JavaThread "Daemon worker" [_thread_blocked, id=21312, stack(0x0000006516700000,0x0000006516800000)]
  0x000001e4f7e6b000 JavaThread "Asynchronous log dispatcher for DefaultDaemonConnection: socket connection from /127.0.0.1:49905 to /127.0.0.1:49906" [_thread_blocked, id=13964, stack(0x0000006516800000,0x0000006516900000)]
  0x000001e4f7401800 JavaThread "Stdin handler" [_thread_blocked, id=24388, stack(0x0000006516900000,0x0000006516a00000)]
  0x000001e4f8d6b800 JavaThread "Daemon client event forwarder" [_thread_blocked, id=1300, stack(0x0000006516a00000,0x0000006516b00000)]
  0x000001e4f8d70800 JavaThread "Cache worker for journal cache (C:\Users\Arne\.gradle\caches\journal-1)" [_thread_blocked, id=23756, stack(0x0000006516b00000,0x0000006516c00000)]
  0x000001e4f8d6e000 JavaThread "File lock request listener" [_thread_in_native, id=23704, stack(0x0000006516c00000,0x0000006516d00000)]
  0x000001e4f8d6a800 JavaThread "Cache worker for file hash cache (C:\Users\Arne\.gradle\caches\7.2\fileHashes)" [_thread_blocked, id=15704, stack(0x0000006516d00000,0x0000006516e00000)]
  0x000001e4f8d6f800 JavaThread "Cache worker for file hash cache (C:\Users\Arne\AndroidStudioProjects\iHave\.gradle\7.2\fileHashes)" [_thread_blocked, id=22364, stack(0x0000006516e00000,0x0000006516f00000)]
  0x000001e4f8d6c000 JavaThread "File watcher server" daemon [_thread_in_native, id=9856, stack(0x0000006516f00000,0x0000006517000000)]
  0x000001e4f8d6e800 JavaThread "File watcher consumer" daemon [_thread_blocked, id=22320, stack(0x0000006517000000,0x0000006517100000)]
  0x000001e4f8d71000 JavaThread "Cache worker for checksums cache (C:\Users\Arne\AndroidStudioProjects\iHave\.gradle\checksums)" [_thread_blocked, id=18796, stack(0x0000006517100000,0x0000006517200000)]
  0x000001e4f8d6d000 JavaThread "Cache worker for cache directory md-supplier (C:\Users\Arne\.gradle\caches\7.2\md-supplier)" [_thread_blocked, id=26208, stack(0x0000006517200000,0x0000006517300000)]
  0x000001e4f9902000 JavaThread "Cache worker for cache directory md-rule (C:\Users\Arne\.gradle\caches\7.2\md-rule)" [_thread_blocked, id=14652, stack(0x0000006517300000,0x0000006517400000)]
  0x000001e4f98ff800 JavaThread "Cache worker for execution history cache (C:\Users\Arne\.gradle\caches\7.2\executionHistory)" [_thread_blocked, id=25976, stack(0x0000006517400000,0x0000006517500000)]
  0x000001e4f98ff000 JavaThread "jar transforms" [_thread_blocked, id=24660, stack(0x0000006517500000,0x0000006517600000)]
  0x000001e4f9901800 JavaThread "Cache worker for file content cache (C:\Users\Arne\.gradle\caches\7.2\fileContent)" [_thread_blocked, id=20412, stack(0x0000006517600000,0x0000006517700000)]
  0x000001e4f98fd000 JavaThread "jar transforms Thread 2" [_thread_blocked, id=9992, stack(0x0000006517700000,0x0000006517800000)]
  0x000001e4f9904000 JavaThread "Cache worker for dependencies-accessors (C:\Users\Arne\AndroidStudioProjects\iHave\.gradle\7.2\dependencies-accessors)" [_thread_blocked, id=25880, stack(0x0000006517800000,0x0000006517900000)]
  0x000001e4f9905800 JavaThread "jar transforms Thread 3" [_thread_blocked, id=21336, stack(0x0000006517900000,0x0000006517a00000)]
  0x000001e4f9906000 JavaThread "Cache worker for Build Output Cleanup Cache (C:\Users\Arne\AndroidStudioProjects\iHave\.gradle\buildOutputCleanup)" [_thread_blocked, id=20508, stack(0x0000006517a00000,0x0000006517b00000)]
  0x000001e4f9907000 JavaThread "Unconstrained build operations" [_thread_blocked, id=19900, stack(0x0000006517b00000,0x0000006517c00000)]
  0x000001e4f9908000 JavaThread "Unconstrained build operations Thread 2" [_thread_blocked, id=25000, stack(0x0000006517c00000,0x0000006517d00000)]
  0x000001e4f9904800 JavaThread "Unconstrained build operations Thread 3" [_thread_blocked, id=14432, stack(0x0000006517d00000,0x0000006517e00000)]
  0x000001e4f990c000 JavaThread "Unconstrained build operations Thread 4" [_thread_blocked, id=8428, stack(0x0000006517e00000,0x0000006517f00000)]
  0x000001e4f9908800 JavaThread "Unconstrained build operations Thread 5" [_thread_blocked, id=25932, stack(0x0000006517f00000,0x0000006518000000)]
  0x000001e4f9909800 JavaThread "Unconstrained build operations Thread 6" [_thread_blocked, id=8320, stack(0x0000006518000000,0x0000006518100000)]
  0x000001e4f990a800 JavaThread "Unconstrained build operations Thread 7" [_thread_blocked, id=10296, stack(0x0000006518100000,0x0000006518200000)]
  0x000001e4f990b000 JavaThread "Unconstrained build operations Thread 8" [_thread_blocked, id=25144, stack(0x0000006518200000,0x0000006518300000)]
  0x000001e4fafa8800 JavaThread "Unconstrained build operations Thread 9" [_thread_blocked, id=26500, stack(0x0000006518300000,0x0000006518400000)]
  0x000001e4fafab000 JavaThread "Unconstrained build operations Thread 10" [_thread_blocked, id=20504, stack(0x0000006518400000,0x0000006518500000)]
  0x000001e4fafab800 JavaThread "Unconstrained build operations Thread 11" [_thread_blocked, id=16216, stack(0x0000006518500000,0x0000006518600000)]
  0x000001e4fafa9000 JavaThread "Unconstrained build operations Thread 12" [_thread_blocked, id=23264, stack(0x0000006518600000,0x0000006518700000)]
  0x000001e4fafaa000 JavaThread "Unconstrained build operations Thread 13" [_thread_blocked, id=7240, stack(0x0000006518700000,0x0000006518800000)]
  0x000001e4fafac800 JavaThread "Unconstrained build operations Thread 14" [_thread_blocked, id=17872, stack(0x0000006518800000,0x0000006518900000)]
  0x000001e4fafad000 JavaThread "Unconstrained build operations Thread 15" [_thread_blocked, id=11884, stack(0x0000006518900000,0x0000006518a00000)]
  0x000001e4fafa7800 JavaThread "Unconstrained build operations Thread 16" [_thread_blocked, id=26220, stack(0x0000006518a00000,0x0000006518b00000)]
  0x000001e4fafb3000 JavaThread "Unconstrained build operations Thread 17" [_thread_blocked, id=9380, stack(0x0000006518b00000,0x0000006518c00000)]
  0x000001e4fafb2000 JavaThread "Unconstrained build operations Thread 18" [_thread_blocked, id=25372, stack(0x0000006518c00000,0x0000006518d00000)]
  0x000001e4fafaf800 JavaThread "Unconstrained build operations Thread 19" [_thread_blocked, id=376, stack(0x0000006518d00000,0x0000006518e00000)]
  0x000001e4fafb0800 JavaThread "Unconstrained build operations Thread 20" [_thread_blocked, id=1048, stack(0x0000006518e00000,0x0000006518f00000)]
  0x000001e4fafaf000 JavaThread "Unconstrained build operations Thread 21" [_thread_blocked, id=25668, stack(0x0000006518f00000,0x0000006519000000)]
  0x000001e4fafb3800 JavaThread "Unconstrained build operations Thread 22" [_thread_blocked, id=10156, stack(0x0000006519000000,0x0000006519100000)]
  0x000001e4fafb1800 JavaThread "Unconstrained build operations Thread 23" [_thread_blocked, id=19952, stack(0x0000006519100000,0x0000006519200000)]
  0x000001e4fafae000 JavaThread "Unconstrained build operations Thread 24" [_thread_blocked, id=26012, stack(0x0000006519200000,0x0000006519300000)]
  0x000001e4fafb4800 JavaThread "Unconstrained build operations Thread 25" [_thread_blocked, id=24888, stack(0x0000006519300000,0x0000006519400000)]
  0x000001e4fafb5800 JavaThread "Unconstrained build operations Thread 26" [_thread_blocked, id=26184, stack(0x0000006519400000,0x0000006519500000)]
  0x000001e4fafb6000 JavaThread "Unconstrained build operations Thread 27" [_thread_blocked, id=10304, stack(0x0000006519500000,0x0000006519600000)]
  0x000001e4fb28d800 JavaThread "Unconstrained build operations Thread 28" [_thread_blocked, id=22948, stack(0x0000006519600000,0x0000006519700000)]
  0x000001e4fb288800 JavaThread "Unconstrained build operations Thread 29" [_thread_blocked, id=2460, stack(0x0000006519700000,0x0000006519800000)]
  0x000001e4fb28c800 JavaThread "Unconstrained build operations Thread 30" [_thread_blocked, id=25524, stack(0x0000006519800000,0x0000006519900000)]
  0x000001e4fb289800 JavaThread "Unconstrained build operations Thread 31" [_thread_blocked, id=19804, stack(0x0000006519900000,0x0000006519a00000)]
  0x000001e4fb28a000 JavaThread "Unconstrained build operations Thread 32" [_thread_blocked, id=13160, stack(0x0000006519a00000,0x0000006519b00000)]
  0x000001e4fb28b000 JavaThread "Unconstrained build operations Thread 33" [_thread_blocked, id=24216, stack(0x0000006519b00000,0x0000006519c00000)]
  0x000001e4fb288000 JavaThread "Unconstrained build operations Thread 34" [_thread_blocked, id=12712, stack(0x0000006519c00000,0x0000006519d00000)]
  0x000001e4fb28f000 JavaThread "Unconstrained build operations Thread 35" [_thread_blocked, id=23792, stack(0x0000006519d00000,0x0000006519e00000)]
  0x000001e4fb28e800 JavaThread "Unconstrained build operations Thread 36" [_thread_blocked, id=25336, stack(0x0000006519e00000,0x0000006519f00000)]
  0x000001e4fb290000 JavaThread "Unconstrained build operations Thread 37" [_thread_blocked, id=19544, stack(0x0000006519f00000,0x000000651a000000)]
  0x000001e4fb290800 JavaThread "Unconstrained build operations Thread 38" [_thread_blocked, id=26372, stack(0x000000651a000000,0x000000651a100000)]
  0x000001e4fb291800 JavaThread "Unconstrained build operations Thread 39" [_thread_blocked, id=9388, stack(0x000000651a100000,0x000000651a200000)]
  0x000001e4fb28c000 JavaThread "Unconstrained build operations Thread 40" [_thread_blocked, id=19564, stack(0x000000651a200000,0x000000651a300000)]
  0x000001e4fb294000 JavaThread "jar transforms Thread 4" [_thread_blocked, id=25224, stack(0x000000651a300000,0x000000651a400000)]
  0x000001e4fb295000 JavaThread "Memory manager" [_thread_blocked, id=24508, stack(0x000000651a400000,0x000000651a500000)]

Other Threads:
=>0x000001e4f5147000 VMThread "VM Thread" [stack: 0x0000006515200000,0x0000006515300000] [id=26140]
  0x000001e4f5b61800 WatcherThread [stack: 0x0000006515c00000,0x0000006515d00000] [id=24608]
  0x000001e4db536800 GCTaskThread "GC Thread#0" [stack: 0x0000006514d00000,0x0000006514e00000] [id=23364]
  0x000001e4f5fa5800 GCTaskThread "GC Thread#1" [stack: 0x0000006515e00000,0x0000006515f00000] [id=25828]
  0x000001e4f6362800 GCTaskThread "GC Thread#2" [stack: 0x0000006515f00000,0x0000006516000000] [id=5424]
  0x000001e4f6363000 GCTaskThread "GC Thread#3" [stack: 0x0000006516000000,0x0000006516100000] [id=26572]
  0x000001e4db566800 ConcurrentGCThread "G1 Main Marker" [stack: 0x0000006514e00000,0x0000006514f00000] [id=19308]
  0x000001e4db568000 ConcurrentGCThread "G1 Conc#0" [stack: 0x0000006514f00000,0x0000006515000000] [id=22380]
  0x000001e4f4fb4800 ConcurrentGCThread "G1 Refine#0" [stack: 0x0000006515000000,0x0000006515100000] [id=22164]
  0x000001e4f4fb5800 ConcurrentGCThread "G1 Young RemSet Sampling" [stack: 0x0000006515100000,0x0000006515200000] [id=9060]

Threads with active compile tasks:
C2 CompilerThread0   6931 6465       4       groovy.lang.MetaClassImpl$1MOPIter::methodNameAction (325 bytes)
C1 CompilerThread0   6931 6682       2       org.gradle.api.internal.tasks.DefaultTaskContainer::registerTask (69 bytes)
C2 CompilerThread1   6931 6568       4       jdk.internal.loader.URLClassPath$JarLoader$2::getInputStream (15 bytes)

VM state:at safepoint (normal execution)

VM Mutex/Monitor currently owned by a thread:  ([mutex/lock_event])
[0x000001e4db519a30] Threads_lock - owner thread: 0x000001e4f5147000
[0x000001e4db51a3c0] Heap_lock - owner thread: 0x000001e4f8052800

Heap address: 0x0000000080000000, size: 2048 MB, Compressed Oops mode: 32-bit
Narrow klass base: 0x0000000000000000, Narrow klass shift: 3
Compressed class space size: 1073741824 Address: 0x0000000100000000

Heap:
 garbage-first heap   total 315392K, used 55424K [0x0000000080000000, 0x0000000100000000)
  region size 1024K, 12 young (12288K), 12 survivors (12288K)
 Metaspace       used 68484K, capacity 70041K, committed 70220K, reserved 1110016K
  class space    used 8868K, capacity 9471K, committed 9548K, reserved 1048576K
Heap Regions: E=young(eden), S=young(survivor), O=old, HS=humongous(starts), HC=humongous(continues), CS=collection set, F=free, A=archive, TAMS=top-at-mark-start (previous, next)
|   0|0x0000000080000000, 0x0000000080100000, 0x0000000080100000|100%| O|  |TAMS 0x0000000080100000, 0x0000000080100000| Untracked 
|   1|0x0000000080100000, 0x0000000080200000, 0x0000000080200000|100%| O|  |TAMS 0x0000000080200000, 0x0000000080200000| Untracked 
|   2|0x0000000080200000, 0x0000000080300000, 0x0000000080300000|100%| O|  |TAMS 0x0000000080300000, 0x0000000080300000| Untracked 
|   3|0x0000000080300000, 0x0000000080400000, 0x0000000080400000|100%|HS|  |TAMS 0x0000000080400000, 0x0000000080400000| Complete 
|   4|0x0000000080400000, 0x0000000080500000, 0x0000000080500000|100%|HC|  |TAMS 0x0000000080500000, 0x0000000080500000| Complete 
|   5|0x0000000080500000, 0x0000000080600000, 0x0000000080600000|100%|HC|  |TAMS 0x0000000080600000, 0x0000000080600000| Complete 
|   6|0x0000000080600000, 0x0000000080700000, 0x0000000080700000|100%| O|  |TAMS 0x0000000080700000, 0x0000000080700000| Untracked 
|   7|0x0000000080700000, 0x0000000080800000, 0x0000000080800000|100%| O|  |TAMS 0x0000000080800000, 0x0000000080800000| Untracked 
|   8|0x0000000080800000, 0x0000000080900000, 0x0000000080900000|100%| O|  |TAMS 0x0000000080900000, 0x0000000080900000| Untracked 
|   9|0x0000000080900000, 0x0000000080a00000, 0x0000000080a00000|100%| O|  |TAMS 0x0000000080a00000, 0x0000000080a00000| Untracked 
|  10|0x0000000080a00000, 0x0000000080b00000, 0x0000000080b00000|100%| O|  |TAMS 0x0000000080b00000, 0x0000000080b00000| Untracked 
|  11|0x0000000080b00000, 0x0000000080c00000, 0x0000000080c00000|100%| O|  |TAMS 0x0000000080c00000, 0x0000000080c00000| Untracked 
|  12|0x0000000080c00000, 0x0000000080d00000, 0x0000000080d00000|100%| O|  |TAMS 0x0000000080d00000, 0x0000000080d00000| Untracked 
|  13|0x0000000080d00000, 0x0000000080e00000, 0x0000000080e00000|100%| O|  |TAMS 0x0000000080e00000, 0x0000000080e00000| Untracked 
|  14|0x0000000080e00000, 0x0000000080f00000, 0x0000000080f00000|100%| O|  |TAMS 0x0000000080f00000, 0x0000000080f00000| Untracked 
|  15|0x0000000080f00000, 0x0000000081000000, 0x0000000081000000|100%| O|  |TAMS 0x0000000081000000, 0x0000000081000000| Untracked 
|  16|0x0000000081000000, 0x0000000081100000, 0x0000000081100000|100%| O|  |TAMS 0x0000000081100000, 0x0000000081100000| Untracked 
|  17|0x0000000081100000, 0x0000000081200000, 0x0000000081200000|100%|HS|  |TAMS 0x0000000081200000, 0x0000000081200000| Complete 
|  18|0x0000000081200000, 0x0000000081300000, 0x0000000081300000|100%|HS|  |TAMS 0x0000000081300000, 0x0000000081300000| Complete 
|  19|0x0000000081300000, 0x0000000081400000, 0x0000000081400000|100%|HS|  |TAMS 0x0000000081400000, 0x0000000081400000| Complete 
|  20|0x0000000081400000, 0x0000000081500000, 0x0000000081500000|100%| O|  |TAMS 0x0000000081500000, 0x0000000081500000| Untracked 
|  21|0x0000000081500000, 0x0000000081600000, 0x0000000081600000|100%|HS|  |TAMS 0x0000000081600000, 0x0000000081600000| Complete 
|  22|0x0000000081600000, 0x0000000081700000, 0x0000000081700000|100%|HC|  |TAMS 0x0000000081700000, 0x0000000081700000| Complete 
|  23|0x0000000081700000, 0x0000000081800000, 0x0000000081800000|100%| O|  |TAMS 0x0000000081800000, 0x0000000081800000| Untracked 
|  24|0x0000000081800000, 0x0000000081900000, 0x0000000081900000|100%| O|  |TAMS 0x0000000081900000, 0x0000000081900000| Untracked 
|  25|0x0000000081900000, 0x0000000081a00000, 0x0000000081a00000|100%| O|  |TAMS 0x0000000081a00000, 0x0000000081a00000| Untracked 
|  26|0x0000000081a00000, 0x0000000081b00000, 0x0000000081b00000|100%| O|  |TAMS 0x0000000081b00000, 0x0000000081b00000| Untracked 
|  27|0x0000000081b00000, 0x0000000081c00000, 0x0000000081c00000|100%| O|  |TAMS 0x0000000081c00000, 0x0000000081c00000| Untracked 
|  28|0x0000000081c00000, 0x0000000081d00000, 0x0000000081d00000|100%| O|  |TAMS 0x0000000081d00000, 0x0000000081d00000| Untracked 
|  29|0x0000000081d00000, 0x0000000081e00000, 0x0000000081e00000|100%| O|  |TAMS 0x0000000081e00000, 0x0000000081e00000| Untracked 
|  30|0x0000000081e00000, 0x0000000081f00000, 0x0000000081f00000|100%| O|  |TAMS 0x0000000081f00000, 0x0000000081f00000| Untracked 
|  31|0x0000000081f00000, 0x0000000082000000, 0x0000000082000000|100%| O|  |TAMS 0x0000000082000000, 0x0000000082000000| Untracked 
|  32|0x0000000082000000, 0x0000000082100000, 0x0000000082100000|100%| O|  |TAMS 0x0000000082100000, 0x0000000082100000| Untracked 
|  33|0x0000000082100000, 0x0000000082200000, 0x0000000082200000|100%| O|  |TAMS 0x0000000082200000, 0x0000000082200000| Untracked 
|  34|0x0000000082200000, 0x0000000082300000, 0x0000000082300000|100%| O|  |TAMS 0x0000000082300000, 0x0000000082300000| Untracked 
|  35|0x0000000082300000, 0x0000000082400000, 0x0000000082400000|100%| O|  |TAMS 0x0000000082400000, 0x0000000082400000| Untracked 
|  36|0x0000000082400000, 0x0000000082500000, 0x0000000082500000|100%| O|  |TAMS 0x0000000082500000, 0x0000000082500000| Untracked 
|  37|0x0000000082500000, 0x0000000082600000, 0x0000000082600000|100%| O|  |TAMS 0x0000000082600000, 0x0000000082600000| Untracked 
|  38|0x0000000082600000, 0x0000000082700000, 0x0000000082700000|100%| O|  |TAMS 0x0000000082700000, 0x0000000082700000| Untracked 
|  39|0x0000000082700000, 0x0000000082800000, 0x0000000082800000|100%| O|  |TAMS 0x0000000082800000, 0x0000000082800000| Untracked 
|  40|0x0000000082800000, 0x0000000082900000, 0x0000000082900000|100%| O|  |TAMS 0x0000000082900000, 0x0000000082900000| Untracked 
|  41|0x0000000082900000, 0x0000000082a00000, 0x0000000082a00000|100%| O|  |TAMS 0x0000000082a00000, 0x0000000082a00000| Untracked 
|  42|0x0000000082a00000, 0x0000000082ade800, 0x0000000082b00000| 86%| O|  |TAMS 0x0000000082ade800, 0x0000000082ade800| Untracked 
|  43|0x0000000082b00000, 0x0000000082b00000, 0x0000000082c00000|  0%| F|  |TAMS 0x0000000082b00000, 0x0000000082b00000| Untracked 
|  44|0x0000000082c00000, 0x0000000082c00000, 0x0000000082d00000|  0%| F|  |TAMS 0x0000000082c00000, 0x0000000082c00000| Untracked 
|  45|0x0000000082d00000, 0x0000000082d00000, 0x0000000082e00000|  0%| F|  |TAMS 0x0000000082d00000, 0x0000000082d00000| Untracked 
|  46|0x0000000082e00000, 0x0000000082e00000, 0x0000000082f00000|  0%| F|  |TAMS 0x0000000082e00000, 0x0000000082e00000| Untracked 
|  47|0x0000000082f00000, 0x0000000082f00000, 0x0000000083000000|  0%| F|  |TAMS 0x0000000082f00000, 0x0000000082f00000| Untracked 
|  48|0x0000000083000000, 0x0000000083000000, 0x0000000083100000|  0%| F|  |TAMS 0x0000000083000000, 0x0000000083000000| Untracked 
|  49|0x0000000083100000, 0x0000000083100000, 0x0000000083200000|  0%| F|  |TAMS 0x0000000083100000, 0x0000000083100000| Untracked 
|  50|0x0000000083200000, 0x0000000083200000, 0x0000000083300000|  0%| F|  |TAMS 0x0000000083200000, 0x0000000083200000| Untracked 
|  51|0x0000000083300000, 0x0000000083300000, 0x0000000083400000|  0%| F|  |TAMS 0x0000000083300000, 0x0000000083300000| Untracked 
|  52|0x0000000083400000, 0x0000000083400000, 0x0000000083500000|  0%| F|  |TAMS 0x0000000083400000, 0x0000000083400000| Untracked 
|  53|0x0000000083500000, 0x0000000083500000, 0x0000000083600000|  0%| F|  |TAMS 0x0000000083500000, 0x0000000083500000| Untracked 
|  54|0x0000000083600000, 0x0000000083600000, 0x0000000083700000|  0%| F|  |TAMS 0x0000000083600000, 0x0000000083600000| Untracked 
|  55|0x0000000083700000, 0x0000000083700000, 0x0000000083800000|  0%| F|  |TAMS 0x0000000083700000, 0x0000000083700000| Untracked 
|  56|0x0000000083800000, 0x0000000083800000, 0x0000000083900000|  0%| F|  |TAMS 0x0000000083800000, 0x0000000083800000| Untracked 
|  57|0x0000000083900000, 0x0000000083900000, 0x0000000083a00000|  0%| F|  |TAMS 0x0000000083900000, 0x0000000083900000| Untracked 
|  58|0x0000000083a00000, 0x0000000083a00000, 0x0000000083b00000|  0%| F|  |TAMS 0x0000000083a00000, 0x0000000083a00000| Untracked 
|  59|0x0000000083b00000, 0x0000000083b00000, 0x0000000083c00000|  0%| F|  |TAMS 0x0000000083b00000, 0x0000000083b00000| Untracked 
|  60|0x0000000083c00000, 0x0000000083c00000, 0x0000000083d00000|  0%| F|  |TAMS 0x0000000083c00000, 0x0000000083c00000| Untracked 
|  61|0x0000000083d00000, 0x0000000083d00000, 0x0000000083e00000|  0%| F|  |TAMS 0x0000000083d00000, 0x0000000083d00000| Untracked 
|  62|0x0000000083e00000, 0x0000000083e00000, 0x0000000083f00000|  0%| F|  |TAMS 0x0000000083e00000, 0x0000000083e00000| Untracked 
|  63|0x0000000083f00000, 0x0000000083f00000, 0x0000000084000000|  0%| F|  |TAMS 0x0000000083f00000, 0x0000000083f00000| Untracked 
|  64|0x0000000084000000, 0x0000000084000000, 0x0000000084100000|  0%| F|  |TAMS 0x0000000084000000, 0x0000000084000000| Untracked 
|  65|0x0000000084100000, 0x0000000084100000, 0x0000000084200000|  0%| F|  |TAMS 0x0000000084100000, 0x0000000084100000| Untracked 
|  66|0x0000000084200000, 0x0000000084200000, 0x0000000084300000|  0%| F|  |TAMS 0x0000000084200000, 0x0000000084200000| Untracked 
|  67|0x0000000084300000, 0x0000000084300000, 0x0000000084400000|  0%| F|  |TAMS 0x0000000084300000, 0x0000000084300000| Untracked 
|  68|0x0000000084400000, 0x0000000084400000, 0x0000000084500000|  0%| F|  |TAMS 0x0000000084400000, 0x0000000084400000| Untracked 
|  69|0x0000000084500000, 0x0000000084500000, 0x0000000084600000|  0%| F|  |TAMS 0x0000000084500000, 0x0000000084500000| Untracked 
|  70|0x0000000084600000, 0x0000000084600000, 0x0000000084700000|  0%| F|  |TAMS 0x0000000084600000, 0x0000000084600000| Untracked 
|  71|0x0000000084700000, 0x0000000084700000, 0x0000000084800000|  0%| F|  |TAMS 0x0000000084700000, 0x0000000084700000| Untracked 
|  72|0x0000000084800000, 0x0000000084800000, 0x0000000084900000|  0%| F|  |TAMS 0x0000000084800000, 0x0000000084800000| Untracked 
|  73|0x0000000084900000, 0x0000000084900000, 0x0000000084a00000|  0%| F|  |TAMS 0x0000000084900000, 0x0000000084900000| Untracked 
|  74|0x0000000084a00000, 0x0000000084a00000, 0x0000000084b00000|  0%| F|  |TAMS 0x0000000084a00000, 0x0000000084a00000| Untracked 
|  75|0x0000000084b00000, 0x0000000084b00000, 0x0000000084c00000|  0%| F|  |TAMS 0x0000000084b00000, 0x0000000084b00000| Untracked 
|  76|0x0000000084c00000, 0x0000000084c00000, 0x0000000084d00000|  0%| F|  |TAMS 0x0000000084c00000, 0x0000000084c00000| Untracked 
|  77|0x0000000084d00000, 0x0000000084d00000, 0x0000000084e00000|  0%| F|  |TAMS 0x0000000084d00000, 0x0000000084d00000| Untracked 
|  78|0x0000000084e00000, 0x0000000084e00000, 0x0000000084f00000|  0%| F|  |TAMS 0x0000000084e00000, 0x0000000084e00000| Untracked 
|  79|0x0000000084f00000, 0x0000000084f00000, 0x0000000085000000|  0%| F|  |TAMS 0x0000000084f00000, 0x0000000084f00000| Untracked 
|  80|0x0000000085000000, 0x0000000085000000, 0x0000000085100000|  0%| F|  |TAMS 0x0000000085000000, 0x0000000085000000| Untracked 
|  81|0x0000000085100000, 0x0000000085100000, 0x0000000085200000|  0%| F|  |TAMS 0x0000000085100000, 0x0000000085100000| Untracked 
|  82|0x0000000085200000, 0x0000000085200000, 0x0000000085300000|  0%| F|  |TAMS 0x0000000085200000, 0x0000000085200000| Untracked 
|  83|0x0000000085300000, 0x0000000085300000, 0x0000000085400000|  0%| F|  |TAMS 0x0000000085300000, 0x0000000085300000| Untracked 
|  84|0x0000000085400000, 0x0000000085400000, 0x0000000085500000|  0%| F|  |TAMS 0x0000000085400000, 0x0000000085400000| Untracked 
|  85|0x0000000085500000, 0x0000000085500000, 0x0000000085600000|  0%| F|  |TAMS 0x0000000085500000, 0x0000000085500000| Untracked 
|  86|0x0000000085600000, 0x0000000085600000, 0x0000000085700000|  0%| F|  |TAMS 0x0000000085600000, 0x0000000085600000| Untracked 
|  87|0x0000000085700000, 0x0000000085700000, 0x0000000085800000|  0%| F|  |TAMS 0x0000000085700000, 0x0000000085700000| Untracked 
|  88|0x0000000085800000, 0x0000000085800000, 0x0000000085900000|  0%| F|  |TAMS 0x0000000085800000, 0x0000000085800000| Untracked 
|  89|0x0000000085900000, 0x0000000085900000, 0x0000000085a00000|  0%| F|  |TAMS 0x0000000085900000, 0x0000000085900000| Untracked 
|  90|0x0000000085a00000, 0x0000000085a00000, 0x0000000085b00000|  0%| F|  |TAMS 0x0000000085a00000, 0x0000000085a00000| Untracked 
|  91|0x0000000085b00000, 0x0000000085b00000, 0x0000000085c00000|  0%| F|  |TAMS 0x0000000085b00000, 0x0000000085b00000| Untracked 
|  92|0x0000000085c00000, 0x0000000085c00000, 0x0000000085d00000|  0%| F|  |TAMS 0x0000000085c00000, 0x0000000085c00000| Untracked 
|  93|0x0000000085d00000, 0x0000000085d00000, 0x0000000085e00000|  0%| F|  |TAMS 0x0000000085d00000, 0x0000000085d00000| Untracked 
|  94|0x0000000085e00000, 0x0000000085e00000, 0x0000000085f00000|  0%| F|  |TAMS 0x0000000085e00000, 0x0000000085e00000| Untracked 
|  95|0x0000000085f00000, 0x0000000085f00000, 0x0000000086000000|  0%| F|  |TAMS 0x0000000085f00000, 0x0000000085f00000| Untracked 
|  96|0x0000000086000000, 0x0000000086000000, 0x0000000086100000|  0%| F|  |TAMS 0x0000000086000000, 0x0000000086000000| Untracked 
|  97|0x0000000086100000, 0x0000000086100000, 0x0000000086200000|  0%| F|  |TAMS 0x0000000086100000, 0x0000000086100000| Untracked 
|  98|0x0000000086200000, 0x0000000086200000, 0x0000000086300000|  0%| F|  |TAMS 0x0000000086200000, 0x0000000086200000| Untracked 
|  99|0x0000000086300000, 0x0000000086300000, 0x0000000086400000|  0%| F|  |TAMS 0x0000000086300000, 0x0000000086300000| Untracked 
| 100|0x0000000086400000, 0x0000000086400000, 0x0000000086500000|  0%| F|  |TAMS 0x0000000086400000, 0x0000000086400000| Untracked 
| 101|0x0000000086500000, 0x0000000086500000, 0x0000000086600000|  0%| F|  |TAMS 0x0000000086500000, 0x0000000086500000| Untracked 
| 102|0x0000000086600000, 0x0000000086600000, 0x0000000086700000|  0%| F|  |TAMS 0x0000000086600000, 0x0000000086600000| Untracked 
| 103|0x0000000086700000, 0x0000000086700000, 0x0000000086800000|  0%| F|  |TAMS 0x0000000086700000, 0x0000000086700000| Untracked 
| 104|0x0000000086800000, 0x0000000086800000, 0x0000000086900000|  0%| F|  |TAMS 0x0000000086800000, 0x0000000086800000| Untracked 
| 105|0x0000000086900000, 0x0000000086900000, 0x0000000086a00000|  0%| F|  |TAMS 0x0000000086900000, 0x0000000086900000| Untracked 
| 106|0x0000000086a00000, 0x0000000086a00000, 0x0000000086b00000|  0%| F|  |TAMS 0x0000000086a00000, 0x0000000086a00000| Untracked 
| 107|0x0000000086b00000, 0x0000000086b00000, 0x0000000086c00000|  0%| F|  |TAMS 0x0000000086b00000, 0x0000000086b00000| Untracked 
| 108|0x0000000086c00000, 0x0000000086c00000, 0x0000000086d00000|  0%| F|  |TAMS 0x0000000086c00000, 0x0000000086c00000| Untracked 
| 109|0x0000000086d00000, 0x0000000086d00000, 0x0000000086e00000|  0%| F|  |TAMS 0x0000000086d00000, 0x0000000086d00000| Untracked 
| 110|0x0000000086e00000, 0x0000000086e41998, 0x0000000086f00000| 25%| S|CS|TAMS 0x0000000086e00000, 0x0000000086e00000| Complete 
| 111|0x0000000086f00000, 0x0000000087000000, 0x0000000087000000|100%| S|CS|TAMS 0x0000000086f00000, 0x0000000086f00000| Complete 
| 112|0x0000000087000000, 0x0000000087100000, 0x0000000087100000|100%| S|CS|TAMS 0x0000000087000000, 0x0000000087000000| Complete 
| 113|0x0000000087100000, 0x0000000087200000, 0x0000000087200000|100%| S|CS|TAMS 0x0000000087100000, 0x0000000087100000| Complete 
| 114|0x0000000087200000, 0x0000000087300000, 0x0000000087300000|100%| S|CS|TAMS 0x0000000087200000, 0x0000000087200000| Complete 
| 115|0x0000000087300000, 0x0000000087400000, 0x0000000087400000|100%| S|CS|TAMS 0x0000000087300000, 0x0000000087300000| Complete 
| 116|0x0000000087400000, 0x0000000087500000, 0x0000000087500000|100%| S|CS|TAMS 0x0000000087400000, 0x0000000087400000| Complete 
| 117|0x0000000087500000, 0x0000000087600000, 0x0000000087600000|100%| S|CS|TAMS 0x0000000087500000, 0x0000000087500000| Complete 
| 118|0x0000000087600000, 0x0000000087700000, 0x0000000087700000|100%| S|CS|TAMS 0x0000000087600000, 0x0000000087600000| Complete 
| 119|0x0000000087700000, 0x0000000087800000, 0x0000000087800000|100%| S|CS|TAMS 0x0000000087700000, 0x0000000087700000| Complete 
| 120|0x0000000087800000, 0x0000000087900000, 0x0000000087900000|100%| S|CS|TAMS 0x0000000087800000, 0x0000000087800000| Complete 
| 121|0x0000000087900000, 0x0000000087a00000, 0x0000000087a00000|100%| S|CS|TAMS 0x0000000087900000, 0x0000000087900000| Complete 
| 122|0x0000000087a00000, 0x0000000087a00000, 0x0000000087b00000|  0%| F|  |TAMS 0x0000000087a00000, 0x0000000087a00000| Untracked 
| 123|0x0000000087b00000, 0x0000000087b00000, 0x0000000087c00000|  0%| F|  |TAMS 0x0000000087b00000, 0x0000000087b00000| Untracked 
| 124|0x0000000087c00000, 0x0000000087c00000, 0x0000000087d00000|  0%| F|  |TAMS 0x0000000087c00000, 0x0000000087c00000| Untracked 
| 125|0x0000000087d00000, 0x0000000087d00000, 0x0000000087e00000|  0%| F|  |TAMS 0x0000000087d00000, 0x0000000087d00000| Untracked 
| 126|0x0000000087e00000, 0x0000000087e00000, 0x0000000087f00000|  0%| F|  |TAMS 0x0000000087e00000, 0x0000000087e00000| Untracked 
| 127|0x0000000087f00000, 0x0000000087f00000, 0x0000000088000000|  0%| F|  |TAMS 0x0000000087f00000, 0x0000000087f00000| Untracked 
| 128|0x0000000088000000, 0x0000000088000000, 0x0000000088100000|  0%| F|  |TAMS 0x0000000088000000, 0x0000000088000000| Untracked 
| 129|0x0000000088100000, 0x0000000088100000, 0x0000000088200000|  0%| F|  |TAMS 0x0000000088100000, 0x0000000088100000| Untracked 
| 130|0x0000000088200000, 0x0000000088200000, 0x0000000088300000|  0%| F|  |TAMS 0x0000000088200000, 0x0000000088200000| Untracked 
| 131|0x0000000088300000, 0x0000000088300000, 0x0000000088400000|  0%| F|  |TAMS 0x0000000088300000, 0x0000000088300000| Untracked 
| 132|0x0000000088400000, 0x0000000088400000, 0x0000000088500000|  0%| F|  |TAMS 0x0000000088400000, 0x0000000088400000| Untracked 
| 133|0x0000000088500000, 0x0000000088500000, 0x0000000088600000|  0%| F|  |TAMS 0x0000000088500000, 0x0000000088500000| Untracked 
| 134|0x0000000088600000, 0x0000000088600000, 0x0000000088700000|  0%| F|  |TAMS 0x0000000088600000, 0x0000000088600000| Untracked 
| 135|0x0000000088700000, 0x0000000088700000, 0x0000000088800000|  0%| F|  |TAMS 0x0000000088700000, 0x0000000088700000| Untracked 
| 136|0x0000000088800000, 0x0000000088800000, 0x0000000088900000|  0%| F|  |TAMS 0x0000000088800000, 0x0000000088800000| Untracked 
| 137|0x0000000088900000, 0x0000000088900000, 0x0000000088a00000|  0%| F|  |TAMS 0x0000000088900000, 0x0000000088900000| Untracked 
| 138|0x0000000088a00000, 0x0000000088a00000, 0x0000000088b00000|  0%| F|  |TAMS 0x0000000088a00000, 0x0000000088a00000| Untracked 
| 139|0x0000000088b00000, 0x0000000088b00000, 0x0000000088c00000|  0%| F|  |TAMS 0x0000000088b00000, 0x0000000088b00000| Untracked 
| 140|0x0000000088c00000, 0x0000000088c00000, 0x0000000088d00000|  0%| F|  |TAMS 0x0000000088c00000, 0x0000000088c00000| Untracked 
| 141|0x0000000088d00000, 0x0000000088d00000, 0x0000000088e00000|  0%| F|  |TAMS 0x0000000088d00000, 0x0000000088d00000| Untracked 
| 142|0x0000000088e00000, 0x0000000088e00000, 0x0000000088f00000|  0%| F|  |TAMS 0x0000000088e00000, 0x0000000088e00000| Untracked 
| 143|0x0000000088f00000, 0x0000000088f00000, 0x0000000089000000|  0%| F|  |TAMS 0x0000000088f00000, 0x0000000088f00000| Untracked 
| 144|0x0000000089000000, 0x0000000089000000, 0x0000000089100000|  0%| F|  |TAMS 0x0000000089000000, 0x0000000089000000| Untracked 
| 145|0x0000000089100000, 0x0000000089100000, 0x0000000089200000|  0%| F|  |TAMS 0x0000000089100000, 0x0000000089100000| Untracked 
| 146|0x0000000089200000, 0x0000000089200000, 0x0000000089300000|  0%| F|  |TAMS 0x0000000089200000, 0x0000000089200000| Untracked 
| 147|0x0000000089300000, 0x0000000089300000, 0x0000000089400000|  0%| F|  |TAMS 0x0000000089300000, 0x0000000089300000| Untracked 
| 148|0x0000000089400000, 0x0000000089400000, 0x0000000089500000|  0%| F|  |TAMS 0x0000000089400000, 0x0000000089400000| Untracked 
| 149|0x0000000089500000, 0x0000000089500000, 0x0000000089600000|  0%| F|  |TAMS 0x0000000089500000, 0x0000000089500000| Untracked 
| 150|0x0000000089600000, 0x0000000089600000, 0x0000000089700000|  0%| F|  |TAMS 0x0000000089600000, 0x0000000089600000| Untracked 
| 151|0x0000000089700000, 0x0000000089700000, 0x0000000089800000|  0%| F|  |TAMS 0x0000000089700000, 0x0000000089700000| Untracked 
| 152|0x0000000089800000, 0x0000000089800000, 0x0000000089900000|  0%| F|  |TAMS 0x0000000089800000, 0x0000000089800000| Untracked 
| 153|0x0000000089900000, 0x0000000089900000, 0x0000000089a00000|  0%| F|  |TAMS 0x0000000089900000, 0x0000000089900000| Untracked 
| 154|0x0000000089a00000, 0x0000000089a00000, 0x0000000089b00000|  0%| F|  |TAMS 0x0000000089a00000, 0x0000000089a00000| Untracked 
| 155|0x0000000089b00000, 0x0000000089b00000, 0x0000000089c00000|  0%| F|  |TAMS 0x0000000089b00000, 0x0000000089b00000| Untracked 
| 156|0x0000000089c00000, 0x0000000089c00000, 0x0000000089d00000|  0%| F|  |TAMS 0x0000000089c00000, 0x0000000089c00000| Untracked 
| 157|0x0000000089d00000, 0x0000000089d00000, 0x0000000089e00000|  0%| F|  |TAMS 0x0000000089d00000, 0x0000000089d00000| Untracked 
| 158|0x0000000089e00000, 0x0000000089e00000, 0x0000000089f00000|  0%| F|  |TAMS 0x0000000089e00000, 0x0000000089e00000| Untracked 
| 159|0x0000000089f00000, 0x0000000089f00000, 0x000000008a000000|  0%| F|  |TAMS 0x0000000089f00000, 0x0000000089f00000| Untracked 
| 160|0x000000008a000000, 0x000000008a000000, 0x000000008a100000|  0%| F|  |TAMS 0x000000008a000000, 0x000000008a000000| Untracked 
| 161|0x000000008a100000, 0x000000008a100000, 0x000000008a200000|  0%| F|  |TAMS 0x000000008a100000, 0x000000008a100000| Untracked 
| 162|0x000000008a200000, 0x000000008a200000, 0x000000008a300000|  0%| F|  |TAMS 0x000000008a200000, 0x000000008a200000| Untracked 
| 163|0x000000008a300000, 0x000000008a300000, 0x000000008a400000|  0%| F|  |TAMS 0x000000008a300000, 0x000000008a300000| Untracked 
| 164|0x000000008a400000, 0x000000008a400000, 0x000000008a500000|  0%| F|  |TAMS 0x000000008a400000, 0x000000008a400000| Untracked 
| 165|0x000000008a500000, 0x000000008a500000, 0x000000008a600000|  0%| F|  |TAMS 0x000000008a500000, 0x000000008a500000| Untracked 
| 166|0x000000008a600000, 0x000000008a600000, 0x000000008a700000|  0%| F|  |TAMS 0x000000008a600000, 0x000000008a600000| Untracked 
| 167|0x000000008a700000, 0x000000008a700000, 0x000000008a800000|  0%| F|  |TAMS 0x000000008a700000, 0x000000008a700000| Untracked 
| 168|0x000000008a800000, 0x000000008a800000, 0x000000008a900000|  0%| F|  |TAMS 0x000000008a800000, 0x000000008a800000| Untracked 
| 169|0x000000008a900000, 0x000000008a900000, 0x000000008aa00000|  0%| F|  |TAMS 0x000000008a900000, 0x000000008a900000| Untracked 
| 170|0x000000008aa00000, 0x000000008aa00000, 0x000000008ab00000|  0%| F|  |TAMS 0x000000008aa00000, 0x000000008aa00000| Untracked 
| 171|0x000000008ab00000, 0x000000008ab00000, 0x000000008ac00000|  0%| F|  |TAMS 0x000000008ab00000, 0x000000008ab00000| Untracked 
| 172|0x000000008ac00000, 0x000000008ac00000, 0x000000008ad00000|  0%| F|  |TAMS 0x000000008ac00000, 0x000000008ac00000| Untracked 
| 173|0x000000008ad00000, 0x000000008ad00000, 0x000000008ae00000|  0%| F|  |TAMS 0x000000008ad00000, 0x000000008ad00000| Untracked 
| 174|0x000000008ae00000, 0x000000008ae00000, 0x000000008af00000|  0%| F|  |TAMS 0x000000008ae00000, 0x000000008ae00000| Untracked 
| 175|0x000000008af00000, 0x000000008af00000, 0x000000008b000000|  0%| F|  |TAMS 0x000000008af00000, 0x000000008af00000| Untracked 
| 176|0x000000008b000000, 0x000000008b000000, 0x000000008b100000|  0%| F|  |TAMS 0x000000008b000000, 0x000000008b000000| Untracked 
| 177|0x000000008b100000, 0x000000008b100000, 0x000000008b200000|  0%| F|  |TAMS 0x000000008b100000, 0x000000008b100000| Untracked 
| 178|0x000000008b200000, 0x000000008b200000, 0x000000008b300000|  0%| F|  |TAMS 0x000000008b200000, 0x000000008b200000| Untracked 
| 179|0x000000008b300000, 0x000000008b300000, 0x000000008b400000|  0%| F|  |TAMS 0x000000008b300000, 0x000000008b300000| Untracked 
| 180|0x000000008b400000, 0x000000008b400000, 0x000000008b500000|  0%| F|  |TAMS 0x000000008b400000, 0x000000008b400000| Untracked 
| 181|0x000000008b500000, 0x000000008b500000, 0x000000008b600000|  0%| F|  |TAMS 0x000000008b500000, 0x000000008b500000| Untracked 
| 182|0x000000008b600000, 0x000000008b600000, 0x000000008b700000|  0%| F|  |TAMS 0x000000008b600000, 0x000000008b600000| Untracked 
| 183|0x000000008b700000, 0x000000008b700000, 0x000000008b800000|  0%| F|  |TAMS 0x000000008b700000, 0x000000008b700000| Untracked 
| 184|0x000000008b800000, 0x000000008b800000, 0x000000008b900000|  0%| F|  |TAMS 0x000000008b800000, 0x000000008b800000| Untracked 
| 185|0x000000008b900000, 0x000000008b900000, 0x000000008ba00000|  0%| F|  |TAMS 0x000000008b900000, 0x000000008b900000| Untracked 
| 186|0x000000008ba00000, 0x000000008ba00000, 0x000000008bb00000|  0%| F|  |TAMS 0x000000008ba00000, 0x000000008ba00000| Untracked 
| 187|0x000000008bb00000, 0x000000008bb00000, 0x000000008bc00000|  0%| F|  |TAMS 0x000000008bb00000, 0x000000008bb00000| Untracked 
| 188|0x000000008bc00000, 0x000000008bc00000, 0x000000008bd00000|  0%| F|  |TAMS 0x000000008bc00000, 0x000000008bc00000| Untracked 
| 189|0x000000008bd00000, 0x000000008bd00000, 0x000000008be00000|  0%| F|  |TAMS 0x000000008bd00000, 0x000000008bd00000| Untracked 
| 190|0x000000008be00000, 0x000000008be00000, 0x000000008bf00000|  0%| F|  |TAMS 0x000000008be00000, 0x000000008be00000| Untracked 
| 191|0x000000008bf00000, 0x000000008bf00000, 0x000000008c000000|  0%| F|  |TAMS 0x000000008bf00000, 0x000000008bf00000| Untracked 
| 192|0x000000008c000000, 0x000000008c000000, 0x000000008c100000|  0%| F|  |TAMS 0x000000008c000000, 0x000000008c000000| Untracked 
| 193|0x000000008c100000, 0x000000008c100000, 0x000000008c200000|  0%| F|  |TAMS 0x000000008c100000, 0x000000008c100000| Untracked 
| 194|0x000000008c200000, 0x000000008c200000, 0x000000008c300000|  0%| F|  |TAMS 0x000000008c200000, 0x000000008c200000| Untracked 
| 195|0x000000008c300000, 0x000000008c300000, 0x000000008c400000|  0%| F|  |TAMS 0x000000008c300000, 0x000000008c300000| Untracked 
| 196|0x000000008c400000, 0x000000008c400000, 0x000000008c500000|  0%| F|  |TAMS 0x000000008c400000, 0x000000008c400000| Untracked 
| 197|0x000000008c500000, 0x000000008c500000, 0x000000008c600000|  0%| F|  |TAMS 0x000000008c500000, 0x000000008c500000| Untracked 
| 198|0x000000008c600000, 0x000000008c600000, 0x000000008c700000|  0%| F|  |TAMS 0x000000008c600000, 0x000000008c600000| Untracked 
| 199|0x000000008c700000, 0x000000008c700000, 0x000000008c800000|  0%| F|  |TAMS 0x000000008c700000, 0x000000008c700000| Untracked 
| 200|0x000000008c800000, 0x000000008c800000, 0x000000008c900000|  0%| F|  |TAMS 0x000000008c800000, 0x000000008c800000| Untracked 
| 201|0x000000008c900000, 0x000000008c900000, 0x000000008ca00000|  0%| F|  |TAMS 0x000000008c900000, 0x000000008c900000| Untracked 
| 202|0x000000008ca00000, 0x000000008ca00000, 0x000000008cb00000|  0%| F|  |TAMS 0x000000008ca00000, 0x000000008ca00000| Untracked 
| 203|0x000000008cb00000, 0x000000008cb00000, 0x000000008cc00000|  0%| F|  |TAMS 0x000000008cb00000, 0x000000008cb00000| Untracked 
| 204|0x000000008cc00000, 0x000000008cc00000, 0x000000008cd00000|  0%| F|  |TAMS 0x000000008cc00000, 0x000000008cc00000| Untracked 
| 205|0x000000008cd00000, 0x000000008cd00000, 0x000000008ce00000|  0%| F|  |TAMS 0x000000008cd00000, 0x000000008cd00000| Untracked 
| 206|0x000000008ce00000, 0x000000008ce00000, 0x000000008cf00000|  0%| F|  |TAMS 0x000000008ce00000, 0x000000008ce00000| Untracked 
| 207|0x000000008cf00000, 0x000000008cf00000, 0x000000008d000000|  0%| F|  |TAMS 0x000000008cf00000, 0x000000008cf00000| Untracked 
| 208|0x000000008d000000, 0x000000008d000000, 0x000000008d100000|  0%| F|  |TAMS 0x000000008d000000, 0x000000008d000000| Untracked 
| 209|0x000000008d100000, 0x000000008d100000, 0x000000008d200000|  0%| F|  |TAMS 0x000000008d100000, 0x000000008d100000| Untracked 
| 210|0x000000008d200000, 0x000000008d200000, 0x000000008d300000|  0%| F|  |TAMS 0x000000008d200000, 0x000000008d200000| Untracked 
| 211|0x000000008d300000, 0x000000008d300000, 0x000000008d400000|  0%| F|  |TAMS 0x000000008d300000, 0x000000008d300000| Untracked 
| 212|0x000000008d400000, 0x000000008d400000, 0x000000008d500000|  0%| F|  |TAMS 0x000000008d400000, 0x000000008d400000| Untracked 
| 213|0x000000008d500000, 0x000000008d500000, 0x000000008d600000|  0%| F|  |TAMS 0x000000008d500000, 0x000000008d500000| Untracked 
| 214|0x000000008d600000, 0x000000008d600000, 0x000000008d700000|  0%| F|  |TAMS 0x000000008d600000, 0x000000008d600000| Untracked 
| 215|0x000000008d700000, 0x000000008d700000, 0x000000008d800000|  0%| F|  |TAMS 0x000000008d700000, 0x000000008d700000| Untracked 
| 216|0x000000008d800000, 0x000000008d800000, 0x000000008d900000|  0%| F|  |TAMS 0x000000008d800000, 0x000000008d800000| Untracked 
| 217|0x000000008d900000, 0x000000008d900000, 0x000000008da00000|  0%| F|  |TAMS 0x000000008d900000, 0x000000008d900000| Untracked 
| 218|0x000000008da00000, 0x000000008da00000, 0x000000008db00000|  0%| F|  |TAMS 0x000000008da00000, 0x000000008da00000| Untracked 
| 219|0x000000008db00000, 0x000000008db00000, 0x000000008dc00000|  0%| F|  |TAMS 0x000000008db00000, 0x000000008db00000| Untracked 
| 220|0x000000008dc00000, 0x000000008dc00000, 0x000000008dd00000|  0%| F|  |TAMS 0x000000008dc00000, 0x000000008dc00000| Untracked 
| 221|0x000000008dd00000, 0x000000008dd00000, 0x000000008de00000|  0%| F|  |TAMS 0x000000008dd00000, 0x000000008dd00000| Untracked 
| 222|0x000000008de00000, 0x000000008de00000, 0x000000008df00000|  0%| F|  |TAMS 0x000000008de00000, 0x000000008de00000| Untracked 
| 223|0x000000008df00000, 0x000000008df00000, 0x000000008e000000|  0%| F|  |TAMS 0x000000008df00000, 0x000000008df00000| Untracked 
| 224|0x000000008e000000, 0x000000008e000000, 0x000000008e100000|  0%| F|  |TAMS 0x000000008e000000, 0x000000008e000000| Untracked 
| 225|0x000000008e100000, 0x000000008e100000, 0x000000008e200000|  0%| F|  |TAMS 0x000000008e100000, 0x000000008e100000| Untracked 
| 226|0x000000008e200000, 0x000000008e200000, 0x000000008e300000|  0%| F|  |TAMS 0x000000008e200000, 0x000000008e200000| Untracked 
| 227|0x000000008e300000, 0x000000008e300000, 0x000000008e400000|  0%| F|  |TAMS 0x000000008e300000, 0x000000008e300000| Untracked 
| 228|0x000000008e400000, 0x000000008e400000, 0x000000008e500000|  0%| F|  |TAMS 0x000000008e400000, 0x000000008e400000| Untracked 
| 229|0x000000008e500000, 0x000000008e500000, 0x000000008e600000|  0%| F|  |TAMS 0x000000008e500000, 0x000000008e500000| Untracked 
| 230|0x000000008e600000, 0x000000008e600000, 0x000000008e700000|  0%| F|  |TAMS 0x000000008e600000, 0x000000008e600000| Untracked 
| 231|0x000000008e700000, 0x000000008e700000, 0x000000008e800000|  0%| F|  |TAMS 0x000000008e700000, 0x000000008e700000| Untracked 
| 232|0x000000008e800000, 0x000000008e800000, 0x000000008e900000|  0%| F|  |TAMS 0x000000008e800000, 0x000000008e800000| Untracked 
| 233|0x000000008e900000, 0x000000008e900000, 0x000000008ea00000|  0%| F|  |TAMS 0x000000008e900000, 0x000000008e900000| Untracked 
| 234|0x000000008ea00000, 0x000000008ea00000, 0x000000008eb00000|  0%| F|  |TAMS 0x000000008ea00000, 0x000000008ea00000| Untracked 
| 235|0x000000008eb00000, 0x000000008eb00000, 0x000000008ec00000|  0%| F|  |TAMS 0x000000008eb00000, 0x000000008eb00000| Untracked 
| 236|0x000000008ec00000, 0x000000008ec00000, 0x000000008ed00000|  0%| F|  |TAMS 0x000000008ec00000, 0x000000008ec00000| Untracked 
| 237|0x000000008ed00000, 0x000000008ed00000, 0x000000008ee00000|  0%| F|  |TAMS 0x000000008ed00000, 0x000000008ed00000| Untracked 
| 238|0x000000008ee00000, 0x000000008ee00000, 0x000000008ef00000|  0%| F|  |TAMS 0x000000008ee00000, 0x000000008ee00000| Untracked 
| 239|0x000000008ef00000, 0x000000008ef00000, 0x000000008f000000|  0%| F|  |TAMS 0x000000008ef00000, 0x000000008ef00000| Untracked 
| 240|0x000000008f000000, 0x000000008f000000, 0x000000008f100000|  0%| F|  |TAMS 0x000000008f000000, 0x000000008f000000| Untracked 
| 241|0x000000008f100000, 0x000000008f100000, 0x000000008f200000|  0%| F|  |TAMS 0x000000008f100000, 0x000000008f100000| Untracked 
| 242|0x000000008f200000, 0x000000008f200000, 0x000000008f300000|  0%| F|  |TAMS 0x000000008f200000, 0x000000008f200000| Untracked 
| 243|0x000000008f300000, 0x000000008f300000, 0x000000008f400000|  0%| F|  |TAMS 0x000000008f300000, 0x000000008f300000| Untracked 
| 244|0x000000008f400000, 0x000000008f400000, 0x000000008f500000|  0%| F|  |TAMS 0x000000008f400000, 0x000000008f400000| Untracked 
| 245|0x000000008f500000, 0x000000008f500000, 0x000000008f600000|  0%| F|  |TAMS 0x000000008f500000, 0x000000008f500000| Untracked 
| 246|0x000000008f600000, 0x000000008f600000, 0x000000008f700000|  0%| F|  |TAMS 0x000000008f600000, 0x000000008f600000| Untracked 
| 247|0x000000008f700000, 0x000000008f700000, 0x000000008f800000|  0%| F|  |TAMS 0x000000008f700000, 0x000000008f700000| Untracked 
| 248|0x000000008f800000, 0x000000008f800000, 0x000000008f900000|  0%| F|  |TAMS 0x000000008f800000, 0x000000008f800000| Untracked 
| 249|0x000000008f900000, 0x000000008f900000, 0x000000008fa00000|  0%| F|  |TAMS 0x000000008f900000, 0x000000008f900000| Untracked 
| 250|0x000000008fa00000, 0x000000008fa00000, 0x000000008fb00000|  0%| F|  |TAMS 0x000000008fa00000, 0x000000008fa00000| Untracked 
| 251|0x000000008fb00000, 0x000000008fb00000, 0x000000008fc00000|  0%| F|  |TAMS 0x000000008fb00000, 0x000000008fb00000| Untracked 
| 252|0x000000008fc00000, 0x000000008fc00000, 0x000000008fd00000|  0%| F|  |TAMS 0x000000008fc00000, 0x000000008fc00000| Untracked 
| 253|0x000000008fd00000, 0x000000008fd00000, 0x000000008fe00000|  0%| F|  |TAMS 0x000000008fd00000, 0x000000008fd00000| Untracked 
| 254|0x000000008fe00000, 0x000000008fe00000, 0x000000008ff00000|  0%| F|  |TAMS 0x000000008fe00000, 0x000000008fe00000| Untracked 
| 255|0x000000008ff00000, 0x000000008ff00000, 0x0000000090000000|  0%| F|  |TAMS 0x000000008ff00000, 0x000000008ff00000| Untracked 

Card table byte_map: [0x000001e4ee420000,0x000001e4ee820000] _byte_map_base: 0x000001e4ee020000

Marking Bits (Prev, Next): (CMBitMap*) 0x000001e4db55da90, (CMBitMap*) 0x000001e4db55da58
 Prev Bits: [0x000001e4f0c20000, 0x000001e4f2c20000)
 Next Bits: [0x000001e4eec20000, 0x000001e4f0c20000)

Polling page: 0x000001e4d96c0000

Metaspace:

Usage:
  Non-class:     59.15 MB capacity,    58.22 MB ( 98%) used,   786.70 KB (  1%) free+waste,   168.00 KB ( <1%) overhead. 
      Class:      9.25 MB capacity,     8.66 MB ( 94%) used,   523.62 KB (  6%) free+waste,    78.56 KB ( <1%) overhead. 
       Both:     68.40 MB capacity,    66.88 MB ( 98%) used,     1.28 MB (  2%) free+waste,   246.56 KB ( <1%) overhead. 

Virtual space:
  Non-class space:       60.00 MB reserved,      59.25 MB ( 99%) committed 
      Class space:        1.00 GB reserved,       9.32 MB ( <1%) committed 
             Both:        1.06 GB reserved,      68.57 MB (  6%) committed 

Chunk freelists:
   Non-Class:  38.00 KB
       Class:  1.00 KB
        Both:  39.00 KB

MaxMetaspaceSize: 17179869184.00 GB
CompressedClassSpaceSize: 1.00 GB

CodeHeap 'non-profiled nmethods': size=120064Kb used=3420Kb max_used=3420Kb free=116644Kb
 bounds [0x000001e4e6ae0000, 0x000001e4e6e40000, 0x000001e4ee020000]
CodeHeap 'profiled nmethods': size=120000Kb used=13101Kb max_used=13101Kb free=106898Kb
 bounds [0x000001e4df5b0000, 0x000001e4e0280000, 0x000001e4e6ae0000]
CodeHeap 'non-nmethods': size=5696Kb used=2267Kb max_used=2340Kb free=3428Kb
 bounds [0x000001e4df020000, 0x000001e4df290000, 0x000001e4df5b0000]
 total_blobs=7473 nmethods=6615 adapters=769
 compilation: enabled
              stopped_count=0, restarted_count=0
 full_count=0

Compilation events (20 events):
Event: 6.895 Thread 0x000001e4f59dd000 nmethod 6672 0x000001e4e0278110 code [0x000001e4e02782c0, 0x000001e4e0278408]
Event: 6.895 Thread 0x000001e4f59dd000 6673       2       org.gradle.internal.operations.DefaultBuildOperationExecutor::call (19 bytes)
Event: 6.896 Thread 0x000001e4f59dd000 nmethod 6673 0x000001e4e0278510 code [0x000001e4e0278720, 0x000001e4e0278b48]
Event: 6.896 Thread 0x000001e4f59dd000 6674       2       org.gradle.internal.operations.DefaultBuildOperationExecutor$$Lambda$96/0x000000010021e440::get$Lambda (10 bytes)
Event: 6.896 Thread 0x000001e4f59dd000 nmethod 6674 0x000001e4e0278e90 code [0x000001e4e0279040, 0x000001e4e0279238]
Event: 6.896 Thread 0x000001e4f59dd000 6675       2       org.gradle.internal.operations.DefaultBuildOperationRunner$CallableBuildOperationWorker::execute (10 bytes)
Event: 6.896 Thread 0x000001e4f59dd000 nmethod 6675 0x000001e4e0279310 code [0x000001e4e02794e0, 0x000001e4e02796a8]
Event: 6.896 Thread 0x000001e4f59dd000 6676       1       com.android.build.api.component.impl.ComponentImpl::getServices (5 bytes)
Event: 6.896 Thread 0x000001e4f59dd000 nmethod 6676 0x000001e4e6e36d10 code [0x000001e4e6e36ec0, 0x000001e4e6e36f78]
Event: 6.896 Thread 0x000001e4f59dd000 6677       2       org.gradle.model.internal.core.ModelPath::path (8 bytes)
Event: 6.896 Thread 0x000001e4f59dd000 nmethod 6677 0x000001e4e0279790 code [0x000001e4e0279940, 0x000001e4e0279a48]
Event: 6.896 Thread 0x000001e4f59dd000 6678  s    2       org.gradle.model.internal.core.ModelPath$Cache::get (39 bytes)
Event: 6.896 Thread 0x000001e4f59dd000 nmethod 6678 0x000001e4e0279b10 code [0x000001e4e0279d00, 0x000001e4e027a238]
Event: 6.901 Thread 0x000001e4f59dd000 6679       2       org.gradle.api.internal.tasks.DefaultTaskCollection::hasWithName (65 bytes)
Event: 6.901 Thread 0x000001e4f59dd000 nmethod 6679 0x000001e4e027a410 code [0x000001e4e027a680, 0x000001e4e027abd8]
Event: 6.901 Thread 0x000001e4f59dd000 6680       2       org.gradle.model.internal.registry.DefaultModelRegistry::state (22 bytes)
Event: 6.902 Thread 0x000001e4f59dd000 nmethod 6680 0x000001e4e027af10 code [0x000001e4e027b0e0, 0x000001e4e027b278]
Event: 6.902 Thread 0x000001e4f59dd000 6681       2       org.gradle.model.internal.core.ModelPath::compareTo (9 bytes)
Event: 6.902 Thread 0x000001e4f59dd000 nmethod 6681 0x000001e4e027b390 code [0x000001e4e027b540, 0x000001e4e027b6a8]
Event: 6.903 Thread 0x000001e4f59dd000 6682       2       org.gradle.api.internal.tasks.DefaultTaskContainer::registerTask (69 bytes)

GC Heap History (20 events):
Event: 0.388 GC heap after
{Heap after GC invocations=1 (full 0):
 garbage-first heap   total 262144K, used 8076K [0x0000000080000000, 0x0000000100000000)
  region size 1024K, 2 young (2048K), 2 survivors (2048K)
 Metaspace       used 6728K, capacity 6925K, committed 7168K, reserved 1056768K
  class space    used 582K, capacity 650K, committed 768K, reserved 1048576K
}
Event: 0.670 GC heap before
{Heap before GC invocations=1 (full 0):
 garbage-first heap   total 262144K, used 25484K [0x0000000080000000, 0x0000000100000000)
  region size 1024K, 19 young (19456K), 2 survivors (2048K)
 Metaspace       used 10605K, capacity 10845K, committed 11008K, reserved 1058816K
  class space    used 1116K, capacity 1174K, committed 1280K, reserved 1048576K
}
Event: 0.672 GC heap after
{Heap after GC invocations=2 (full 0):
 garbage-first heap   total 262144K, used 9359K [0x0000000080000000, 0x0000000100000000)
  region size 1024K, 2 young (2048K), 2 survivors (2048K)
 Metaspace       used 10605K, capacity 10845K, committed 11008K, reserved 1058816K
  class space    used 1116K, capacity 1174K, committed 1280K, reserved 1048576K
}
Event: 0.915 GC heap before
{Heap before GC invocations=2 (full 0):
 garbage-first heap   total 262144K, used 34959K [0x0000000080000000, 0x0000000100000000)
  region size 1024K, 27 young (27648K), 2 survivors (2048K)
 Metaspace       used 10859K, capacity 11073K, committed 11264K, reserved 1058816K
  class space    used 1131K, capacity 1207K, committed 1280K, reserved 1048576K
}
Event: 0.917 GC heap after
{Heap after GC invocations=3 (full 0):
 garbage-first heap   total 262144K, used 11770K [0x0000000080000000, 0x0000000100000000)
  region size 1024K, 4 young (4096K), 4 survivors (4096K)
 Metaspace       used 10859K, capacity 11073K, committed 11264K, reserved 1058816K
  class space    used 1131K, capacity 1207K, committed 1280K, reserved 1048576K
}
Event: 1.811 GC heap before
{Heap before GC invocations=3 (full 0):
 garbage-first heap   total 262144K, used 60922K [0x0000000080000000, 0x0000000100000000)
  region size 1024K, 53 young (54272K), 4 survivors (4096K)
 Metaspace       used 18762K, capacity 19129K, committed 19328K, reserved 1067008K
  class space    used 2261K, capacity 2384K, committed 2432K, reserved 1048576K
}
Event: 1.817 GC heap after
{Heap after GC invocations=4 (full 0):
 garbage-first heap   total 262144K, used 15989K [0x0000000080000000, 0x0000000100000000)
  region size 1024K, 7 young (7168K), 7 survivors (7168K)
 Metaspace       used 18762K, capacity 19129K, committed 19328K, reserved 1067008K
  class space    used 2261K, capacity 2384K, committed 2432K, reserved 1048576K
}
Event: 1.959 GC heap before
{Heap before GC invocations=4 (full 0):
 garbage-first heap   total 262144K, used 32373K [0x0000000080000000, 0x0000000100000000)
  region size 1024K, 24 young (24576K), 7 survivors (7168K)
 Metaspace       used 20679K, capacity 21079K, committed 21248K, reserved 1067008K
  class space    used 2537K, capacity 2693K, committed 2816K, reserved 1048576K
}
Event: 1.965 GC heap after
{Heap after GC invocations=5 (full 0):
 garbage-first heap   total 262144K, used 17577K [0x0000000080000000, 0x0000000100000000)
  region size 1024K, 5 young (5120K), 5 survivors (5120K)
 Metaspace       used 20679K, capacity 21079K, committed 21248K, reserved 1067008K
  class space    used 2537K, capacity 2693K, committed 2816K, reserved 1048576K
}
Event: 2.414 GC heap before
{Heap before GC invocations=6 (full 0):
 garbage-first heap   total 262144K, used 70825K [0x0000000080000000, 0x0000000100000000)
  region size 1024K, 57 young (58368K), 5 survivors (5120K)
 Metaspace       used 26047K, capacity 26634K, committed 26752K, reserved 1073152K
  class space    used 3405K, capacity 3615K, committed 3712K, reserved 1048576K
}
Event: 2.421 GC heap after
{Heap after GC invocations=7 (full 0):
 garbage-first heap   total 262144K, used 19316K [0x0000000080000000, 0x0000000100000000)
  region size 1024K, 3 young (3072K), 3 survivors (3072K)
 Metaspace       used 26047K, capacity 26634K, committed 26752K, reserved 1073152K
  class space    used 3405K, capacity 3615K, committed 3712K, reserved 1048576K
}
Event: 3.044 GC heap before
{Heap before GC invocations=7 (full 0):
 garbage-first heap   total 262144K, used 78708K [0x0000000080000000, 0x0000000100000000)
  region size 1024K, 62 young (63488K), 3 survivors (3072K)
 Metaspace       used 35016K, capacity 35790K, committed 35840K, reserved 1081344K
  class space    used 4554K, capacity 4863K, committed 4864K, reserved 1048576K
}
Event: 3.053 GC heap after
{Heap after GC invocations=8 (full 0):
 garbage-first heap   total 262144K, used 22786K [0x0000000080000000, 0x0000000100000000)
  region size 1024K, 7 young (7168K), 7 survivors (7168K)
 Metaspace       used 35016K, capacity 35790K, committed 35840K, reserved 1081344K
  class space    used 4554K, capacity 4863K, committed 4864K, reserved 1048576K
}
Event: 3.880 GC heap before
{Heap before GC invocations=9 (full 0):
 garbage-first heap   total 262144K, used 118018K [0x0000000080000000, 0x0000000100000000)
  region size 1024K, 97 young (99328K), 7 survivors (7168K)
 Metaspace       used 42920K, capacity 43892K, committed 43980K, reserved 1087488K
  class space    used 5457K, capacity 5823K, committed 5836K, reserved 1048576K
}
Event: 3.890 GC heap after
{Heap after GC invocations=10 (full 0):
 garbage-first heap   total 262144K, used 29782K [0x0000000080000000, 0x0000000100000000)
  region size 1024K, 12 young (12288K), 12 survivors (12288K)
 Metaspace       used 42920K, capacity 43892K, committed 43980K, reserved 1087488K
  class space    used 5457K, capacity 5823K, committed 5836K, reserved 1048576K
}
Event: 5.205 GC heap before
{Heap before GC invocations=10 (full 0):
 garbage-first heap   total 262144K, used 179286K [0x0000000080000000, 0x0000000100000000)
  region size 1024K, 153 young (156672K), 12 survivors (12288K)
 Metaspace       used 52962K, capacity 54288K, committed 54476K, reserved 1095680K
  class space    used 6740K, capacity 7267K, committed 7372K, reserved 1048576K
}
Event: 5.221 GC heap after
{Heap after GC invocations=11 (full 0):
 garbage-first heap   total 262144K, used 44541K [0x0000000080000000, 0x0000000100000000)
  region size 1024K, 20 young (20480K), 20 survivors (20480K)
 Metaspace       used 52962K, capacity 54288K, committed 54476K, reserved 1095680K
  class space    used 6740K, capacity 7267K, committed 7372K, reserved 1048576K
}
Event: 5.688 GC heap before
{Heap before GC invocations=11 (full 0):
 garbage-first heap   total 262144K, used 82429K [0x0000000080000000, 0x0000000100000000)
  region size 1024K, 58 young (59392K), 20 survivors (20480K)
 Metaspace       used 58738K, capacity 60079K, committed 60288K, reserved 1101824K
  class space    used 7477K, capacity 8043K, committed 8140K, reserved 1048576K
}
Event: 5.708 GC heap after
{Heap after GC invocations=12 (full 0):
 garbage-first heap   total 262144K, used 46458K [0x0000000080000000, 0x0000000100000000)
  region size 1024K, 3 young (3072K), 3 survivors (3072K)
 Metaspace       used 58738K, capacity 60079K, committed 60288K, reserved 1101824K
  class space    used 7477K, capacity 8043K, committed 8140K, reserved 1048576K
}
Event: 6.903 GC heap before
{Heap before GC invocations=13 (full 0):
 garbage-first heap   total 262144K, used 180602K [0x0000000080000000, 0x0000000100000000)
  region size 1024K, 134 young (137216K), 3 survivors (3072K)
 Metaspace       used 68484K, capacity 70041K, committed 70220K, reserved 1110016K
  class space    used 8868K, capacity 9471K, committed 9548K, reserved 1048576K
}

Deoptimization events (20 events):
Event: 6.295 Thread 0x000001e4f8052800 DEOPT PACKING pc=0x000001e4e6b12cec sp=0x00000065167f6610
Event: 6.295 Thread 0x000001e4f8052800 DEOPT UNPACKING pc=0x000001e4df04662f sp=0x00000065167f65d8 mode 2
Event: 6.298 Thread 0x000001e4f8052800 DEOPT PACKING pc=0x000001e4e010c06a sp=0x00000065167f6670
Event: 6.298 Thread 0x000001e4f8052800 DEOPT UNPACKING pc=0x000001e4df046dde sp=0x00000065167f5b10 mode 0
Event: 6.353 Thread 0x000001e4f8052800 Uncommon trap: trap_request=0xffffff4d fr.pc=0x000001e4e6c685f8 relative=0x0000000000000338
Event: 6.353 Thread 0x000001e4f8052800 Uncommon trap: reason=unstable_if action=reinterpret pc=0x000001e4e6c685f8 method=java.util.StringJoiner.add(Ljava/lang/CharSequence;)Ljava/util/StringJoiner; @ 33 c2
Event: 6.353 Thread 0x000001e4f8052800 DEOPT PACKING pc=0x000001e4e6c685f8 sp=0x00000065167f58a0
Event: 6.353 Thread 0x000001e4f8052800 DEOPT UNPACKING pc=0x000001e4df04662f sp=0x00000065167f5850 mode 2
Event: 6.463 Thread 0x000001e4f8052800 Uncommon trap: trap_request=0xffffff4d fr.pc=0x000001e4e6e07998 relative=0x00000000000034d8
Event: 6.463 Thread 0x000001e4f8052800 Uncommon trap: reason=unstable_if action=reinterpret pc=0x000001e4e6e07998 method=java.lang.ClassLoader.checkCerts(Ljava/lang/String;Ljava/security/CodeSource;)V @ 29 c2
Event: 6.463 Thread 0x000001e4f8052800 DEOPT PACKING pc=0x000001e4e6e07998 sp=0x00000065167f0a00
Event: 6.463 Thread 0x000001e4f8052800 DEOPT UNPACKING pc=0x000001e4df04662f sp=0x00000065167f0920 mode 2
Event: 6.464 Thread 0x000001e4f8052800 Uncommon trap: trap_request=0xffffff4d fr.pc=0x000001e4e6d82688 relative=0x0000000000000bc8
Event: 6.464 Thread 0x000001e4f8052800 Uncommon trap: reason=unstable_if action=reinterpret pc=0x000001e4e6d82688 method=java.lang.ClassLoader.loadClass(Ljava/lang/String;Z)Ljava/lang/Class; @ 29 c2
Event: 6.464 Thread 0x000001e4f8052800 DEOPT PACKING pc=0x000001e4e6d82688 sp=0x00000065167f0350
Event: 6.464 Thread 0x000001e4f8052800 DEOPT UNPACKING pc=0x000001e4df04662f sp=0x00000065167f0318 mode 2
Event: 6.509 Thread 0x000001e4f8052800 Uncommon trap: trap_request=0xffffff4d fr.pc=0x000001e4e6c9a3e4 relative=0x0000000000005be4
Event: 6.509 Thread 0x000001e4f8052800 Uncommon trap: reason=unstable_if action=reinterpret pc=0x000001e4e6c9a3e4 method=org.codehaus.groovy.runtime.metaclass.MetaMethodIndex.isOverridden(Lgroovy/lang/MetaMethod;Lgroovy/lang/MetaMethod;)Z @ 33 c2
Event: 6.509 Thread 0x000001e4f8052800 DEOPT PACKING pc=0x000001e4e6c9a3e4 sp=0x00000065167f46e0
Event: 6.509 Thread 0x000001e4f8052800 DEOPT UNPACKING pc=0x000001e4df04662f sp=0x00000065167f46f8 mode 2

Classes redefined (0 events):
No events

Internal exceptions (20 events):
Event: 6.512 Thread 0x000001e4f8052800 Exception <a 'java/lang/ClassNotFoundException'{0x0000000089dda6b8}: com/android/builder/core/AbstractBuildTypeCustomizer> (0x0000000089dda6b8) thrown at [./src/hotspot/share/classfile/systemDictionary.cpp, line 231]
Event: 6.513 Thread 0x000001e4f8052800 Exception <a 'java/lang/ClassNotFoundException'{0x0000000089c10f48}: com/android/build/gradle/internal/dsl/BuildTypeCustomizer> (0x0000000089c10f48) thrown at [./src/hotspot/share/classfile/systemDictionary.cpp, line 231]
Event: 6.515 Thread 0x000001e4f8052800 Exception <a 'java/lang/ClassNotFoundException'{0x0000000089ca6110}: com/android/build/gradle/internal/dsl/BuildType$AgpDecoratedCustomizer> (0x0000000089ca6110) thrown at [./src/hotspot/share/classfile/systemDictionary.cpp, line 231]
Event: 6.516 Thread 0x000001e4f8052800 Exception <a 'java/lang/ClassNotFoundException'{0x0000000089cf39c8}: com/android/build/gradle/internal/dsl/BuildType$AgpDecorated_DecoratedCustomizer> (0x0000000089cf39c8) thrown at [./src/hotspot/share/classfile/systemDictionary.cpp, line 231]
Event: 6.521 Thread 0x000001e4f8052800 Exception <a 'java/lang/ClassNotFoundException'{0x0000000089bc17f0}: build_3jvqfzyaz7qpjz52d366e3mng$_run_closure1$_closure4BeanInfo> (0x0000000089bc17f0) thrown at [./src/hotspot/share/classfile/systemDictionary.cpp, line 231]
Event: 6.521 Thread 0x000001e4f8052800 Exception <a 'java/lang/ClassNotFoundException'{0x0000000089bd2c18}: build_3jvqfzyaz7qpjz52d366e3mng$_run_closure1$_closure4Customizer> (0x0000000089bd2c18) thrown at [./src/hotspot/share/classfile/systemDictionary.cpp, line 231]
Event: 6.523 Thread 0x000001e4f8052800 Exception <a 'java/lang/ClassNotFoundException'{0x0000000089a02760}: build_3jvqfzyaz7qpjz52d366e3mng$_run_closure1BeanInfo> (0x0000000089a02760) thrown at [./src/hotspot/share/classfile/systemDictionary.cpp, line 231]
Event: 6.524 Thread 0x000001e4f8052800 Exception <a 'java/lang/ClassNotFoundException'{0x0000000089a13120}: build_3jvqfzyaz7qpjz52d366e3mng$_run_closure1Customizer> (0x0000000089a13120) thrown at [./src/hotspot/share/classfile/systemDictionary.cpp, line 231]
Event: 6.527 Thread 0x000001e4f8052800 Exception <a 'java/lang/ClassNotFoundException'{0x0000000089a726d8}: org/gradle/api/JavaVersionBeanInfo> (0x0000000089a726d8) thrown at [./src/hotspot/share/classfile/systemDictionary.cpp, line 231]
Event: 6.528 Thread 0x000001e4f8052800 Exception <a 'java/lang/ClassNotFoundException'{0x0000000089a9d6f8}: org/gradle/api/JavaVersionCustomizer> (0x0000000089a9d6f8) thrown at [./src/hotspot/share/classfile/systemDictionary.cpp, line 231]
Event: 6.530 Thread 0x000001e4f8052800 Exception <a 'java/lang/ClassNotFoundException'{0x0000000089909478}: com/android/build/gradle/internal/CompileOptions$AgpDecorated_DecoratedBeanInfo> (0x0000000089909478) thrown at [./src/hotspot/share/classfile/systemDictionary.cpp, line 231]
Event: 6.531 Thread 0x000001e4f8052800 Exception <a 'java/lang/ClassNotFoundException'{0x0000000089924680}: com/android/build/gradle/internal/CompileOptions$AgpDecoratedBeanInfo> (0x0000000089924680) thrown at [./src/hotspot/share/classfile/systemDictionary.cpp, line 231]
Event: 6.531 Thread 0x000001e4f8052800 Exception <a 'java/lang/ClassNotFoundException'{0x000000008993da38}: com/android/build/gradle/internal/CompileOptionsBeanInfo> (0x000000008993da38) thrown at [./src/hotspot/share/classfile/systemDictionary.cpp, line 231]
Event: 6.531 Thread 0x000001e4f8052800 Exception <a 'java/lang/ClassNotFoundException'{0x0000000089957138}: com/android/build/gradle/internal/CompileOptionsCustomizer> (0x0000000089957138) thrown at [./src/hotspot/share/classfile/systemDictionary.cpp, line 231]
Event: 6.532 Thread 0x000001e4f8052800 Exception <a 'java/lang/ClassNotFoundException'{0x000000008997e548}: com/android/build/gradle/internal/CompileOptions$AgpDecoratedCustomizer> (0x000000008997e548) thrown at [./src/hotspot/share/classfile/systemDictionary.cpp, line 231]
Event: 6.532 Thread 0x000001e4f8052800 Exception <a 'java/lang/ClassNotFoundException'{0x00000000899a93c8}: com/android/build/gradle/internal/CompileOptions$AgpDecorated_DecoratedCustomizer> (0x00000000899a93c8) thrown at [./src/hotspot/share/classfile/systemDictionary.cpp, line 231]
Event: 6.537 Thread 0x000001e4f8052800 Exception <a 'java/lang/ClassNotFoundException'{0x000000008986b200}: org/gradle/api/internal/artifacts/dsl/dependencies/DefaultDependencyHandler_DecoratedBeanInfo> (0x000000008986b200) thrown at [./src/hotspot/share/classfile/systemDictionary.cpp, line 231]
Event: 6.538 Thread 0x000001e4f8052800 Exception <a 'java/lang/ClassNotFoundException'{0x00000000898b3b38}: org/gradle/api/internal/artifacts/dsl/dependencies/DefaultDependencyHandlerBeanInfo> (0x00000000898b3b38) thrown at [./src/hotspot/share/classfile/systemDictionary.cpp, line 231]
Event: 6.539 Thread 0x000001e4f8052800 Exception <a 'java/lang/ClassNotFoundException'{0x00000000898fbec8}: org/gradle/api/internal/artifacts/dsl/dependencies/DefaultDependencyHandlerCustomizer> (0x00000000898fbec8) thrown at [./src/hotspot/share/classfile/systemDictionary.cpp, line 231]
Event: 6.541 Thread 0x000001e4f8052800 Exception <a 'java/lang/ClassNotFoundException'{0x000000008976d9c0}: org/gradle/api/internal/artifacts/dsl/dependencies/DefaultDependencyHandler_DecoratedCustomizer> (0x000000008976d9c0) thrown at [./src/hotspot/share/classfile/systemDictionary.cpp, line 231]

Events (20 events):
Event: 6.897 loading class com/android/build/gradle/internal/tasks/JacocoTask$Companion done
Event: 6.897 loading class com/android/build/gradle/internal/coverage/JacocoConfigurations
Event: 6.897 loading class com/android/build/gradle/internal/coverage/JacocoConfigurations done
Event: 6.898 loading class com/android/build/gradle/tasks/factory/AndroidUnitTest$CreationAction
Event: 6.898 loading class com/android/build/gradle/tasks/factory/AndroidUnitTest$CreationAction done
Event: 6.899 loading class org/gradle/api/reporting/ConfigurableReport
Event: 6.899 loading class org/gradle/api/reporting/ConfigurableReport done
Event: 6.899 loading class org/gradle/api/reporting/ConfigurableReport
Event: 6.899 loading class org/gradle/api/reporting/ConfigurableReport done
Event: 6.899 loading class org/gradle/api/reporting/Report
Event: 6.899 loading class org/gradle/api/reporting/Report done
Event: 6.899 loading class com/android/build/gradle/tasks/factory/AndroidUnitTest
Event: 6.899 loading class com/android/build/gradle/tasks/factory/AndroidUnitTest done
Event: 6.900 Executing VM operation: Deoptimize
Event: 6.900 Executing VM operation: Deoptimize done
Event: 6.901 loading class com/android/build/gradle/internal/TaskManager$createRunUnitTestTask$1
Event: 6.901 loading class com/android/build/gradle/internal/TaskManager$createRunUnitTestTask$1 done
Event: 6.902 loading class com/android/build/gradle/internal/TaskManager$createUnitTestVariantTasks$2
Event: 6.902 loading class com/android/build/gradle/internal/TaskManager$createUnitTestVariantTasks$2 done
Event: 6.903 Executing VM operation: G1CollectForAllocation


Dynamic libraries:
0x00007ff7f4730000 - 0x00007ff7f473a000 	C:\Program Files\Android\Android Studio\jre\bin\java.exe
0x00007ffc2b690000 - 0x00007ffc2b885000 	C:\WINDOWS\SYSTEM32\ntdll.dll
0x00007ffc29d50000 - 0x00007ffc29e0e000 	C:\WINDOWS\System32\KERNEL32.DLL
0x00007ffc29420000 - 0x00007ffc296e8000 	C:\WINDOWS\System32\KERNELBASE.dll
0x00007ffc28fa0000 - 0x00007ffc290a0000 	C:\WINDOWS\System32\ucrtbase.dll
0x00007ffc1f2c0000 - 0x00007ffc1f2d7000 	C:\Program Files\Android\Android Studio\jre\bin\VCRUNTIME140.dll
0x00007ffc0bff0000 - 0x00007ffc0c009000 	C:\Program Files\Android\Android Studio\jre\bin\jli.dll
0x00007ffc296f0000 - 0x00007ffc29890000 	C:\WINDOWS\System32\USER32.dll
0x00007ffc293f0000 - 0x00007ffc29412000 	C:\WINDOWS\System32\win32u.dll
0x00007ffc2b1f0000 - 0x00007ffc2b21a000 	C:\WINDOWS\System32\GDI32.dll
0x00007ffc29180000 - 0x00007ffc2928b000 	C:\WINDOWS\System32\gdi32full.dll
0x00007ffc28ed0000 - 0x00007ffc28f6d000 	C:\WINDOWS\System32\msvcp_win.dll
0x00007ffc0ff50000 - 0x00007ffc101ea000 	C:\WINDOWS\WinSxS\amd64_microsoft.windows.common-controls_6595b64144ccf1df_6.0.19041.1110_none_60b5254171f9507e\COMCTL32.dll
0x00007ffc29c30000 - 0x00007ffc29cce000 	C:\WINDOWS\System32\msvcrt.dll
0x00007ffc2b3b0000 - 0x00007ffc2b3e0000 	C:\WINDOWS\System32\IMM32.DLL
0x00007ffbf6670000 - 0x00007ffbf670d000 	C:\Program Files\Android\Android Studio\jre\bin\msvcp140.dll
0x00007ffbd0010000 - 0x00007ffbd0ae5000 	C:\Program Files\Android\Android Studio\jre\bin\server\jvm.dll
0x00007ffc2b220000 - 0x00007ffc2b2ce000 	C:\WINDOWS\System32\ADVAPI32.dll
0x00007ffc29ac0000 - 0x00007ffc29b5c000 	C:\WINDOWS\System32\sechost.dll
0x00007ffc2abf0000 - 0x00007ffc2ad15000 	C:\WINDOWS\System32\RPCRT4.dll
0x00007ffc2a9b0000 - 0x00007ffc2a9b8000 	C:\WINDOWS\System32\PSAPI.DLL
0x00007ffc253b0000 - 0x00007ffc253b9000 	C:\WINDOWS\SYSTEM32\WSOCK32.dll
0x00007ffc2a9c0000 - 0x00007ffc2aa2b000 	C:\WINDOWS\System32\WS2_32.dll
0x00007ffc12660000 - 0x00007ffc12687000 	C:\WINDOWS\SYSTEM32\WINMM.dll
0x00007ffc20d10000 - 0x00007ffc20d1a000 	C:\WINDOWS\SYSTEM32\VERSION.dll
0x00007ffc276b0000 - 0x00007ffc276c2000 	C:\WINDOWS\SYSTEM32\kernel.appcore.dll
0x00007ffc220e0000 - 0x00007ffc220f1000 	C:\Program Files\Android\Android Studio\jre\bin\verify.dll
0x00007ffc26330000 - 0x00007ffc26514000 	C:\WINDOWS\SYSTEM32\DBGHELP.DLL
0x00007ffc1f550000 - 0x00007ffc1f57c000 	C:\WINDOWS\SYSTEM32\dbgcore.DLL
0x00007ffc290f0000 - 0x00007ffc29172000 	C:\WINDOWS\System32\bcryptPrimitives.dll
0x00007ffc1f040000 - 0x00007ffc1f069000 	C:\Program Files\Android\Android Studio\jre\bin\java.dll
0x00007ffc237c0000 - 0x00007ffc237cb000 	C:\Program Files\Android\Android Studio\jre\bin\jimage.dll
0x00007ffc20240000 - 0x00007ffc20258000 	C:\Program Files\Android\Android Studio\jre\bin\zip.dll
0x00007ffc29e90000 - 0x00007ffc2a5d4000 	C:\WINDOWS\System32\SHELL32.dll
0x00007ffc26eb0000 - 0x00007ffc27644000 	C:\WINDOWS\SYSTEM32\windows.storage.dll
0x00007ffc2a5f0000 - 0x00007ffc2a944000 	C:\WINDOWS\System32\combase.dll
0x00007ffc28750000 - 0x00007ffc2877c000 	C:\WINDOWS\SYSTEM32\Wldp.dll
0x00007ffc29a10000 - 0x00007ffc29abd000 	C:\WINDOWS\System32\SHCORE.dll
0x00007ffc2a950000 - 0x00007ffc2a9a5000 	C:\WINDOWS\System32\shlwapi.dll
0x00007ffc28cf0000 - 0x00007ffc28d0f000 	C:\WINDOWS\SYSTEM32\profapi.dll
0x00007ffc1ed90000 - 0x00007ffc1edaa000 	C:\Program Files\Android\Android Studio\jre\bin\net.dll
0x00007ffc1f650000 - 0x00007ffc1f75a000 	C:\WINDOWS\SYSTEM32\WINHTTP.dll
0x00007ffc284b0000 - 0x00007ffc2851a000 	C:\WINDOWS\system32\mswsock.dll
0x00007ffc1c2a0000 - 0x00007ffc1c2b4000 	C:\Program Files\Android\Android Studio\jre\bin\nio.dll
0x00007ffc02400000 - 0x00007ffc02427000 	C:\Users\Arne\.gradle\native\e1d6ef7f7dcc3fd88c89a11ec53ec762bb8ba0a96d01ffa2cd45eb1d1d8dd5c5\windows-amd64\native-platform.dll
0x00007ffbf3460000 - 0x00007ffbf35a4000 	C:\Users\Arne\.gradle\native\5664cfc778a61ccfe75a443a1ab52a65af34e5dc3c78e0209fed803814484fcb\windows-amd64\native-platform-file-events.dll
0x00007ffc220b0000 - 0x00007ffc220ba000 	C:\Program Files\Android\Android Studio\jre\bin\management.dll
0x00007ffc22090000 - 0x00007ffc2209d000 	C:\Program Files\Android\Android Studio\jre\bin\management_ext.dll
0x00007ffc286a0000 - 0x00007ffc286b8000 	C:\WINDOWS\SYSTEM32\CRYPTSP.dll
0x00007ffc27e30000 - 0x00007ffc27e64000 	C:\WINDOWS\system32\rsaenh.dll
0x00007ffc28f70000 - 0x00007ffc28f97000 	C:\WINDOWS\System32\bcrypt.dll
0x00007ffc28cb0000 - 0x00007ffc28cde000 	C:\WINDOWS\SYSTEM32\USERENV.dll
0x00007ffc286c0000 - 0x00007ffc286cc000 	C:\WINDOWS\SYSTEM32\CRYPTBASE.dll
0x00007ffc281a0000 - 0x00007ffc281db000 	C:\WINDOWS\SYSTEM32\IPHLPAPI.DLL
0x00007ffc2abe0000 - 0x00007ffc2abe8000 	C:\WINDOWS\System32\NSI.dll
0x00007ffc22330000 - 0x00007ffc22347000 	C:\WINDOWS\SYSTEM32\dhcpcsvc6.DLL
0x00007ffc225f0000 - 0x00007ffc2260d000 	C:\WINDOWS\SYSTEM32\dhcpcsvc.DLL
0x00007ffc281e0000 - 0x00007ffc282ab000 	C:\WINDOWS\SYSTEM32\DNSAPI.dll

dbghelp: loaded successfully - version: 4.0.5 - missing functions: none
symbol engine: initialized successfully - sym options: 0x614 - pdb path: .;C:\Program Files\Android\Android Studio\jre\bin;C:\WINDOWS\SYSTEM32;C:\WINDOWS\WinSxS\amd64_microsoft.windows.common-controls_6595b64144ccf1df_6.0.19041.1110_none_60b5254171f9507e;C:\Program Files\Android\Android Studio\jre\bin\server;C:\Users\Arne\.gradle\native\e1d6ef7f7dcc3fd88c89a11ec53ec762bb8ba0a96d01ffa2cd45eb1d1d8dd5c5\windows-amd64;C:\Users\Arne\.gradle\native\5664cfc778a61ccfe75a443a1ab52a65af34e5dc3c78e0209fed803814484fcb\windows-amd64

VM Arguments:
jvm_args: --add-opens=java.base/java.util=ALL-UNNAMED --add-opens=java.base/java.lang=ALL-UNNAMED --add-opens=java.base/java.lang.invoke=ALL-UNNAMED --add-opens=java.base/java.util=ALL-UNNAMED --add-opens=java.prefs/java.util.prefs=ALL-UNNAMED --add-opens=java.prefs/java.util.prefs=ALL-UNNAMED --add-opens=java.base/java.nio.charset=ALL-UNNAMED --add-opens=java.base/java.net=ALL-UNNAMED --add-opens=java.base/java.util.concurrent.atomic=ALL-UNNAMED -Xmx2048m -Dfile.encoding=UTF-8 -Duser.country=US -Duser.language=en -Duser.variant 
java_command: org.gradle.launcher.daemon.bootstrap.GradleDaemon 7.2
java_class_path (initial): C:\Users\Arne\.gradle\wrapper\dists\gradle-7.2-bin\2dnblmf4td7x66yl1d74lt32g\gradle-7.2\lib\gradle-launcher-7.2.jar
Launcher Type: SUN_STANDARD

[Global flags]
     intx CICompilerCount                          = 3                                         {product} {ergonomic}
     uint ConcGCThreads                            = 1                                         {product} {ergonomic}
     uint G1ConcRefinementThreads                  = 4                                         {product} {ergonomic}
   size_t G1HeapRegionSize                         = 1048576                                   {product} {ergonomic}
    uintx GCDrainStackTargetSize                   = 64                                        {product} {ergonomic}
   size_t InitialHeapSize                          = 268435456                                 {product} {ergonomic}
   size_t MarkStackSize                            = 4194304                                   {product} {ergonomic}
   size_t MaxHeapSize                              = 2147483648                                {product} {command line}
   size_t MaxNewSize                               = 1287651328                                {product} {ergonomic}
   size_t MinHeapDeltaBytes                        = 1048576                                   {product} {ergonomic}
    uintx NonNMethodCodeHeapSize                   = 5830732                                {pd product} {ergonomic}
    uintx NonProfiledCodeHeapSize                  = 122913754                              {pd product} {ergonomic}
    uintx ProfiledCodeHeapSize                     = 122913754                              {pd product} {ergonomic}
    uintx ReservedCodeCacheSize                    = 251658240                              {pd product} {ergonomic}
     bool SegmentedCodeCache                       = true                                      {product} {ergonomic}
     bool UseCompressedClassPointers               = true                                 {lp64_product} {ergonomic}
     bool UseCompressedOops                        = true                                 {lp64_product} {ergonomic}
     bool UseG1GC                                  = true                                      {product} {ergonomic}
     bool UseLargePagesIndividualAllocation        = false                                  {pd product} {ergonomic}

Logging:
Log output configuration:
 #0: stdout all=warning uptime,level,tags
 #1: stderr all=off uptime,level,tags

Environment Variables:
JAVA_HOME=C:\Program Files\Java\jdk-17.0.2
PATH=C:\Program Files\Common Files\Oracle\Java\javapath;C:\Program Files\Eclipse Foundation\jdk-8.0.302.8-hotspot\bin;C:\Program Files (x86)\Common Files\Oracle\Java\javapath;C:\Program Files (x86)\Intel\iCLS Client\;C:\Program Files\Intel\iCLS Client\;C:\WINDOWS\system32;C:\WINDOWS;C:\WINDOWS\System32\Wbem;C:\WINDOWS\System32\WindowsPowerShell\v1.0\;C:\WINDOWS\System32\OpenSSH\;C:\Program Files\Intel\Intel(R) Management Engine Components\DAL;C:\Program Files (x86)\Intel\Intel(R) Management Engine Components\DAL;C:\Program Files\Intel\Intel(R) Management Engine Components\IPT;C:\Program Files (x86)\Intel\Intel(R) Management Engine Components\IPT;C:\Program Files\Microsoft SQL Server\Client SDK\ODBC\130\Tools\Binn\;C:\Program Files (x86)\Microsoft SQL Server\140\Tools\Binn\;C:\Program Files\Microsoft SQL Server\140\Tools\Binn\;C:\Program Files\Microsoft SQL Server\140\DTS\Binn\;C:\Program Files\Microsoft SQL Server\130\Tools\Binn\;C:\Program Files\Microsoft SQL Server\Client SDK\ODBC\170\Tools\Binn\;C:\Program Files (x86)\Microsoft SQL Server\150\DTS\Binn\;C:\Program Files\Git\cmd;C:\Program Files\dotnet\;C:\Users\Arne\AppData\Local\Microsoft\WindowsApps;C:\Users\Arne\.dotnet\tools
USERNAME=Arne
OS=Windows_NT
PROCESSOR_IDENTIFIER=Intel64 Family 6 Model 60 Stepping 3, GenuineIntel



---------------  S Y S T E M  ---------------

OS: Windows 10 , 64 bit Build 19041 (10.0.19041.1645)
OS uptime: 21 days 22:39 hours

CPU:total 4 (initial active 4) (4 cores per cpu, 1 threads per core) family 6 model 60 stepping 3 microcode 0x27, cmov, cx8, fxsr, mmx, sse, sse2, sse3, ssse3, sse4.1, sse4.2, popcnt, avx, avx2, aes, clmul, erms, lzcnt, tsc, tscinvbit, bmi1, bmi2, fma

Memory: 4k page, system-wide physical 16324M (4469M free)
TotalPageFile size 19260M (AvailPageFile size 57M)
current process WorkingSet (physical memory assigned to process): 439M, peak: 442M
current process commit charge ("private bytes"): 508M, peak: 562M

vm_info: OpenJDK 64-Bit Server VM (11.0.11+9-b60-7590822) for windows-amd64 JRE (11.0.11+9-b60-7590822), built on Jul 29 2021 21:43:44 by "builder" with MS VC++ 14.0 (VS2015)

END.
