#
# There is insufficient memory for the Java Runtime Environment to continue.
# Native memory allocation (mmap) failed to map 54525952 bytes for Failed to commit area from 0x0000000090000000 to 0x0000000093400000 of length 54525952.
# Possible reasons:
#   The system is out of physical RAM or swap space
#   The process is running with CompressedOops enabled, and the Java Heap may be blocking the growth of the native heap
# Possible solutions:
#   Reduce memory load on the system
#   Increase physical memory or swap space
#   Check if swap backing store is full
#   Decrease Java heap size (-Xmx/-Xms)
#   Decrease number of Java threads
#   Decrease Java thread stack sizes (-Xss)
#   Set larger code cache with -XX:ReservedCodeCacheSize=
#   JVM is running with Unscaled Compressed Oops mode in which the Java heap is
#     placed in the first 4GB address space. The Java Heap base address is the
#     maximum limit for the native heap growth. Please use -XX:HeapBaseMinAddress
#     to set the Java Heap base and to place the Java Heap above 4GB virtual address.
# This output file may be truncated or incomplete.
#
#  Out of Memory Error (./src/hotspot/os/windows/os_windows.cpp:3301), pid=19436, tid=21716
#
# JRE version: OpenJDK Runtime Environment (11.0.11+9) (build 11.0.11+9-b60-7590822)
# Java VM: OpenJDK 64-Bit Server VM (11.0.11+9-b60-7590822, mixed mode, tiered, compressed oops, g1 gc, windows-amd64)
# No core dump will be written. Minidumps are not enabled by default on client versions of Windows
#

---------------  S U M M A R Y ------------

Command Line: --add-opens=java.base/java.util=ALL-UNNAMED --add-opens=java.base/java.lang=ALL-UNNAMED --add-opens=java.base/java.lang.invoke=ALL-UNNAMED --add-opens=java.base/java.util=ALL-UNNAMED --add-opens=java.prefs/java.util.prefs=ALL-UNNAMED --add-opens=java.prefs/java.util.prefs=ALL-UNNAMED --add-opens=java.base/java.nio.charset=ALL-UNNAMED --add-opens=java.base/java.net=ALL-UNNAMED --add-opens=java.base/java.util.concurrent.atomic=ALL-UNNAMED -Xmx2048m -Dfile.encoding=UTF-8 -Duser.country=US -Duser.language=en -Duser.variant org.gradle.launcher.daemon.bootstrap.GradleDaemon 7.2

Host: Intel(R) Core(TM) i5-4570 CPU @ 3.20GHz, 4 cores, 15G,  Windows 10 , 64 bit Build 19041 (10.0.19041.1645)
Time: Sat May  7 11:16:24 2022 Romance Daylight Time elapsed time: 8.756296 seconds (0d 0h 0m 8s)

---------------  T H R E A D  ---------------

Current thread (0x0000018fa58a5000):  VMThread "VM Thread" [stack: 0x0000007d8f800000,0x0000007d8f900000] [id=21716]

Stack: [0x0000007d8f800000,0x0000007d8f900000]
[error occurred during error reporting (printing stack bounds), id 0xc0000005, EXCEPTION_ACCESS_VIOLATION (0xc0000005) at pc=0x0000018f8f770f2d]

Native frames: (J=compiled Java code, j=interpreted, Vv=VM code, C=native code)
V  [jvm.dll+0x5f214a]
V  [jvm.dll+0x726fb5]
V  [jvm.dll+0x7285cd]
V  [jvm.dll+0x728be5]
V  [jvm.dll+0x728b9b]
V  [jvm.dll+0x5f14e8]
V  [jvm.dll+0x5f1c78]
C  [ntdll.dll+0xa20cf]
C  [ntdll.dll+0x51454]
C  [ntdll.dll+0xa0bfe]
C  0x0000018f8f770f2d

VM_Operation (0x0000007d90cfa660): G1CollectForAllocation, mode: safepoint, requested by thread 0x0000018fa95a0800


---------------  P R O C E S S  ---------------

Threads class SMR info:
_java_thread_list=0x0000018fabb88280, length=79, elements={
0x0000018f8bc6b800, 0x0000018fa58aa000, 0x0000018fa58ad800, 0x0000018fa612e800,
0x0000018fa612f800, 0x0000018fa6134000, 0x0000018fa6137800, 0x0000018fa613c800,
0x0000018fa6140000, 0x0000018fa629f000, 0x0000018fa87e0000, 0x0000018fa7ce8800,
0x0000018fa83c0000, 0x0000018fa828c000, 0x0000018fa75bd800, 0x0000018fa86d2800,
0x0000018fa95a0800, 0x0000018fa955e000, 0x0000018fa8271000, 0x0000018fa869d800,
0x0000018fa869b000, 0x0000018fa869c000, 0x0000018fa869d000, 0x0000018fa8224800,
0x0000018fa81d3000, 0x0000018fa81d4000, 0x0000018fa81d5000, 0x0000018fa81d1800,
0x0000018fa81d2800, 0x0000018fa81d5800, 0x0000018fa81d1000, 0x0000018fa81da000,
0x0000018fa81d6800, 0x0000018fa81dc000, 0x0000018fa81dd000, 0x0000018fa81d7800,
0x0000018fa81de000, 0x0000018fa81de800, 0x0000018fa81df800, 0x0000018faa0e0800,
0x0000018faa0db000, 0x0000018faa0df800, 0x0000018faa0e1800, 0x0000018faa0de000,
0x0000018faa0dd000, 0x0000018faa0df000, 0x0000018faa0db800, 0x0000018faa0e2000,
0x0000018faa0dc800, 0x0000018faa0e5800, 0x0000018faa0e3800, 0x0000018faa0e6000,
0x0000018faa0e8000, 0x0000018faa0e4800, 0x0000018faa0e7000, 0x0000018faa0e8800,
0x0000018faa0e3000, 0x0000018faa0e9800, 0x0000018fad07e000, 0x0000018fad07f000,
0x0000018fad080000, 0x0000018fad081800, 0x0000018fad086800, 0x0000018fad085800,
0x0000018fad082000, 0x0000018fad084800, 0x0000018fad080800, 0x0000018fad087000,
0x0000018fad088000, 0x0000018fad089000, 0x0000018fad083000, 0x0000018fad089800,
0x0000018fad084000, 0x0000018fad08a800, 0x0000018fad08b000, 0x0000018fad08c000,
0x0000018fad08d000, 0x0000018fa9e60800, 0x0000018fa9e5e800
}

Java Threads: ( => current thread )
  0x0000018f8bc6b800 JavaThread "main" [_thread_blocked, id=23724, stack(0x0000007d8f200000,0x0000007d8f300000)]
  0x0000018fa58aa000 JavaThread "Reference Handler" daemon [_thread_blocked, id=25660, stack(0x0000007d8f900000,0x0000007d8fa00000)]
  0x0000018fa58ad800 JavaThread "Finalizer" daemon [_thread_blocked, id=22044, stack(0x0000007d8fa00000,0x0000007d8fb00000)]
  0x0000018fa612e800 JavaThread "Signal Dispatcher" daemon [_thread_blocked, id=16732, stack(0x0000007d8fb00000,0x0000007d8fc00000)]
  0x0000018fa612f800 JavaThread "Attach Listener" daemon [_thread_blocked, id=9392, stack(0x0000007d8fc00000,0x0000007d8fd00000)]
  0x0000018fa6134000 JavaThread "Service Thread" daemon [_thread_blocked, id=15268, stack(0x0000007d8fd00000,0x0000007d8fe00000)]
  0x0000018fa6137800 JavaThread "C2 CompilerThread0" daemon [_thread_blocked, id=25988, stack(0x0000007d8fe00000,0x0000007d8ff00000)]
  0x0000018fa613c800 JavaThread "C1 CompilerThread0" daemon [_thread_blocked, id=7288, stack(0x0000007d8ff00000,0x0000007d90000000)]
  0x0000018fa6140000 JavaThread "Sweeper thread" daemon [_thread_blocked, id=17692, stack(0x0000007d90000000,0x0000007d90100000)]
  0x0000018fa629f000 JavaThread "Common-Cleaner" daemon [_thread_blocked, id=23240, stack(0x0000007d90100000,0x0000007d90200000)]
  0x0000018fa87e0000 JavaThread "Daemon health stats" [_thread_blocked, id=13100, stack(0x0000007d90700000,0x0000007d90800000)]
  0x0000018fa7ce8800 JavaThread "Incoming local TCP Connector on port 49958" [_thread_in_native, id=24672, stack(0x0000007d90300000,0x0000007d90400000)]
  0x0000018fa83c0000 JavaThread "Daemon periodic checks" [_thread_blocked, id=21192, stack(0x0000007d90800000,0x0000007d90900000)]
  0x0000018fa828c000 JavaThread "Daemon" [_thread_blocked, id=20100, stack(0x0000007d90900000,0x0000007d90a00000)]
  0x0000018fa75bd800 JavaThread "Handler for socket connection from /127.0.0.1:49958 to /127.0.0.1:49959" [_thread_in_native, id=16696, stack(0x0000007d90a00000,0x0000007d90b00000)]
  0x0000018fa86d2800 JavaThread "Cancel handler" [_thread_blocked, id=22784, stack(0x0000007d90b00000,0x0000007d90c00000)]
  0x0000018fa95a0800 JavaThread "Daemon worker" [_thread_blocked, id=23992, stack(0x0000007d90c00000,0x0000007d90d00000)]
  0x0000018fa955e000 JavaThread "Asynchronous log dispatcher for DefaultDaemonConnection: socket connection from /127.0.0.1:49958 to /127.0.0.1:49959" [_thread_blocked, id=18244, stack(0x0000007d90d00000,0x0000007d90e00000)]
  0x0000018fa8271000 JavaThread "Stdin handler" [_thread_blocked, id=15336, stack(0x0000007d90e00000,0x0000007d90f00000)]
  0x0000018fa869d800 JavaThread "Daemon client event forwarder" [_thread_blocked, id=24656, stack(0x0000007d90f00000,0x0000007d91000000)]
  0x0000018fa869b000 JavaThread "Cache worker for journal cache (C:\Users\Arne\.gradle\caches\journal-1)" [_thread_blocked, id=24024, stack(0x0000007d91000000,0x0000007d91100000)]
  0x0000018fa869c000 JavaThread "File lock request listener" [_thread_in_native, id=14256, stack(0x0000007d91100000,0x0000007d91200000)]
  0x0000018fa869d000 JavaThread "Cache worker for file hash cache (C:\Users\Arne\.gradle\caches\7.2\fileHashes)" [_thread_blocked, id=18004, stack(0x0000007d91200000,0x0000007d91300000)]
  0x0000018fa8224800 JavaThread "C2 CompilerThread1" daemon [_thread_in_native, id=6860, stack(0x0000007d91300000,0x0000007d91400000)]
  0x0000018fa81d3000 JavaThread "Cache worker for file hash cache (C:\Users\Arne\AndroidStudioProjects\iHave\.gradle\7.2\fileHashes)" [_thread_blocked, id=8220, stack(0x0000007d91400000,0x0000007d91500000)]
  0x0000018fa81d4000 JavaThread "File watcher server" daemon [_thread_in_native, id=26552, stack(0x0000007d91500000,0x0000007d91600000)]
  0x0000018fa81d5000 JavaThread "File watcher consumer" daemon [_thread_blocked, id=23512, stack(0x0000007d91600000,0x0000007d91700000)]
  0x0000018fa81d1800 JavaThread "Cache worker for checksums cache (C:\Users\Arne\AndroidStudioProjects\iHave\.gradle\checksums)" [_thread_blocked, id=25596, stack(0x0000007d91700000,0x0000007d91800000)]
  0x0000018fa81d2800 JavaThread "Cache worker for cache directory md-supplier (C:\Users\Arne\.gradle\caches\7.2\md-supplier)" [_thread_blocked, id=25064, stack(0x0000007d91800000,0x0000007d91900000)]
  0x0000018fa81d5800 JavaThread "Cache worker for cache directory md-rule (C:\Users\Arne\.gradle\caches\7.2\md-rule)" [_thread_blocked, id=8448, stack(0x0000007d91900000,0x0000007d91a00000)]
  0x0000018fa81d1000 JavaThread "Cache worker for execution history cache (C:\Users\Arne\.gradle\caches\7.2\executionHistory)" [_thread_blocked, id=25864, stack(0x0000007d91a00000,0x0000007d91b00000)]
  0x0000018fa81da000 JavaThread "jar transforms" [_thread_blocked, id=26416, stack(0x0000007d91b00000,0x0000007d91c00000)]
  0x0000018fa81d6800 JavaThread "Cache worker for file content cache (C:\Users\Arne\.gradle\caches\7.2\fileContent)" [_thread_blocked, id=23772, stack(0x0000007d91c00000,0x0000007d91d00000)]
  0x0000018fa81dc000 JavaThread "jar transforms Thread 2" [_thread_blocked, id=24676, stack(0x0000007d91d00000,0x0000007d91e00000)]
  0x0000018fa81dd000 JavaThread "Cache worker for dependencies-accessors (C:\Users\Arne\AndroidStudioProjects\iHave\.gradle\7.2\dependencies-accessors)" [_thread_blocked, id=12220, stack(0x0000007d91e00000,0x0000007d91f00000)]
  0x0000018fa81d7800 JavaThread "jar transforms Thread 3" [_thread_blocked, id=26000, stack(0x0000007d91f00000,0x0000007d92000000)]
  0x0000018fa81de000 JavaThread "Cache worker for Build Output Cleanup Cache (C:\Users\Arne\AndroidStudioProjects\iHave\.gradle\buildOutputCleanup)" [_thread_blocked, id=20884, stack(0x0000007d92000000,0x0000007d92100000)]
  0x0000018fa81de800 JavaThread "Unconstrained build operations" [_thread_blocked, id=11248, stack(0x0000007d92100000,0x0000007d92200000)]
  0x0000018fa81df800 JavaThread "Unconstrained build operations Thread 2" [_thread_blocked, id=12476, stack(0x0000007d92200000,0x0000007d92300000)]
  0x0000018faa0e0800 JavaThread "Unconstrained build operations Thread 3" [_thread_blocked, id=4800, stack(0x0000007d92300000,0x0000007d92400000)]
  0x0000018faa0db000 JavaThread "Unconstrained build operations Thread 4" [_thread_blocked, id=12860, stack(0x0000007d92400000,0x0000007d92500000)]
  0x0000018faa0df800 JavaThread "Unconstrained build operations Thread 5" [_thread_blocked, id=26020, stack(0x0000007d92500000,0x0000007d92600000)]
  0x0000018faa0e1800 JavaThread "Unconstrained build operations Thread 6" [_thread_blocked, id=12628, stack(0x0000007d92600000,0x0000007d92700000)]
  0x0000018faa0de000 JavaThread "Unconstrained build operations Thread 7" [_thread_blocked, id=19540, stack(0x0000007d92700000,0x0000007d92800000)]
  0x0000018faa0dd000 JavaThread "Unconstrained build operations Thread 8" [_thread_blocked, id=26152, stack(0x0000007d92800000,0x0000007d92900000)]
  0x0000018faa0df000 JavaThread "Unconstrained build operations Thread 9" [_thread_blocked, id=24728, stack(0x0000007d92900000,0x0000007d92a00000)]
  0x0000018faa0db800 JavaThread "Unconstrained build operations Thread 10" [_thread_blocked, id=21804, stack(0x0000007d92a00000,0x0000007d92b00000)]
  0x0000018faa0e2000 JavaThread "Unconstrained build operations Thread 11" [_thread_blocked, id=14072, stack(0x0000007d92b00000,0x0000007d92c00000)]
  0x0000018faa0dc800 JavaThread "Unconstrained build operations Thread 12" [_thread_blocked, id=14476, stack(0x0000007d92c00000,0x0000007d92d00000)]
  0x0000018faa0e5800 JavaThread "Unconstrained build operations Thread 13" [_thread_blocked, id=15324, stack(0x0000007d92d00000,0x0000007d92e00000)]
  0x0000018faa0e3800 JavaThread "Unconstrained build operations Thread 14" [_thread_blocked, id=8964, stack(0x0000007d92e00000,0x0000007d92f00000)]
  0x0000018faa0e6000 JavaThread "Unconstrained build operations Thread 15" [_thread_blocked, id=22168, stack(0x0000007d92f00000,0x0000007d93000000)]
  0x0000018faa0e8000 JavaThread "Unconstrained build operations Thread 16" [_thread_blocked, id=25160, stack(0x0000007d93000000,0x0000007d93100000)]
  0x0000018faa0e4800 JavaThread "Unconstrained build operations Thread 17" [_thread_blocked, id=7812, stack(0x0000007d93100000,0x0000007d93200000)]
  0x0000018faa0e7000 JavaThread "Unconstrained build operations Thread 18" [_thread_blocked, id=19568, stack(0x0000007d93200000,0x0000007d93300000)]
  0x0000018faa0e8800 JavaThread "Unconstrained build operations Thread 19" [_thread_blocked, id=14348, stack(0x0000007d93300000,0x0000007d93400000)]
  0x0000018faa0e3000 JavaThread "Unconstrained build operations Thread 20" [_thread_blocked, id=3224, stack(0x0000007d93400000,0x0000007d93500000)]
  0x0000018faa0e9800 JavaThread "Unconstrained build operations Thread 21" [_thread_blocked, id=25768, stack(0x0000007d93500000,0x0000007d93600000)]
  0x0000018fad07e000 JavaThread "Unconstrained build operations Thread 22" [_thread_blocked, id=16320, stack(0x0000007d93600000,0x0000007d93700000)]
  0x0000018fad07f000 JavaThread "Unconstrained build operations Thread 23" [_thread_blocked, id=25984, stack(0x0000007d93700000,0x0000007d93800000)]
  0x0000018fad080000 JavaThread "Unconstrained build operations Thread 24" [_thread_blocked, id=17276, stack(0x0000007d93800000,0x0000007d93900000)]
  0x0000018fad081800 JavaThread "Unconstrained build operations Thread 25" [_thread_blocked, id=12684, stack(0x0000007d93900000,0x0000007d93a00000)]
  0x0000018fad086800 JavaThread "Unconstrained build operations Thread 26" [_thread_blocked, id=11280, stack(0x0000007d93a00000,0x0000007d93b00000)]
  0x0000018fad085800 JavaThread "Unconstrained build operations Thread 27" [_thread_blocked, id=22548, stack(0x0000007d93b00000,0x0000007d93c00000)]
  0x0000018fad082000 JavaThread "Unconstrained build operations Thread 28" [_thread_blocked, id=18324, stack(0x0000007d93c00000,0x0000007d93d00000)]
  0x0000018fad084800 JavaThread "Unconstrained build operations Thread 29" [_thread_blocked, id=25300, stack(0x0000007d93d00000,0x0000007d93e00000)]
  0x0000018fad080800 JavaThread "Unconstrained build operations Thread 30" [_thread_blocked, id=9564, stack(0x0000007d93e00000,0x0000007d93f00000)]
  0x0000018fad087000 JavaThread "Unconstrained build operations Thread 31" [_thread_blocked, id=23380, stack(0x0000007d93f00000,0x0000007d94000000)]
  0x0000018fad088000 JavaThread "Unconstrained build operations Thread 32" [_thread_blocked, id=23952, stack(0x0000007d94000000,0x0000007d94100000)]
  0x0000018fad089000 JavaThread "Unconstrained build operations Thread 33" [_thread_blocked, id=2556, stack(0x0000007d94100000,0x0000007d94200000)]
  0x0000018fad083000 JavaThread "Unconstrained build operations Thread 34" [_thread_blocked, id=26400, stack(0x0000007d94200000,0x0000007d94300000)]
  0x0000018fad089800 JavaThread "Unconstrained build operations Thread 35" [_thread_blocked, id=24796, stack(0x0000007d94300000,0x0000007d94400000)]
  0x0000018fad084000 JavaThread "Unconstrained build operations Thread 36" [_thread_blocked, id=24220, stack(0x0000007d94400000,0x0000007d94500000)]
  0x0000018fad08a800 JavaThread "Unconstrained build operations Thread 37" [_thread_blocked, id=25680, stack(0x0000007d94500000,0x0000007d94600000)]
  0x0000018fad08b000 JavaThread "Unconstrained build operations Thread 38" [_thread_blocked, id=16516, stack(0x0000007d94600000,0x0000007d94700000)]
  0x0000018fad08c000 JavaThread "Unconstrained build operations Thread 39" [_thread_blocked, id=4660, stack(0x0000007d94700000,0x0000007d94800000)]
  0x0000018fad08d000 JavaThread "Unconstrained build operations Thread 40" [_thread_blocked, id=24080, stack(0x0000007d94800000,0x0000007d94900000)]
  0x0000018fa9e60800 JavaThread "jar transforms Thread 4" [_thread_blocked, id=18580, stack(0x0000007d94900000,0x0000007d94a00000)]
  0x0000018fa9e5e800 JavaThread "Memory manager" [_thread_blocked, id=5036, stack(0x0000007d94a00000,0x0000007d94b00000)]

Other Threads:
=>0x0000018fa58a5000 VMThread "VM Thread" [stack: 0x0000007d8f800000,0x0000007d8f900000] [id=21716]
  0x0000018fa62ca000 WatcherThread [stack: 0x0000007d90200000,0x0000007d90300000] [id=26492]
  0x0000018f8bc85000 GCTaskThread "GC Thread#0" [stack: 0x0000007d8f300000,0x0000007d8f400000] [id=16024]
  0x0000018fa64ab000 GCTaskThread "GC Thread#1" [stack: 0x0000007d90400000,0x0000007d90500000] [id=17936]
  0x0000018fa6b06000 GCTaskThread "GC Thread#2" [stack: 0x0000007d90500000,0x0000007d90600000] [id=1624]
  0x0000018fa6966800 GCTaskThread "GC Thread#3" [stack: 0x0000007d90600000,0x0000007d90700000] [id=26048]
  0x0000018f8bcb5000 ConcurrentGCThread "G1 Main Marker" [stack: 0x0000007d8f400000,0x0000007d8f500000] [id=19588]
  0x0000018f8bcb8000 ConcurrentGCThread "G1 Conc#0" [stack: 0x0000007d8f500000,0x0000007d8f600000] [id=20812]
  0x0000018fa5716800 ConcurrentGCThread "G1 Refine#0" [stack: 0x0000007d8f600000,0x0000007d8f700000] [id=25436]
  0x0000018fa5717000 ConcurrentGCThread "G1 Young RemSet Sampling" [stack: 0x0000007d8f700000,0x0000007d8f800000] [id=26060]

Threads with active compile tasks:
C2 CompilerThread0   8768 7624       4       java.util.TreeMap::put (247 bytes)
C2 CompilerThread1   8768 7501       4       org.gradle.internal.instantiation.generator.AbstractClassGenerator::inspectType (560 bytes)

VM state:at safepoint (normal execution)

VM Mutex/Monitor currently owned by a thread:  ([mutex/lock_event])
[0x0000018f8bc68540] Threads_lock - owner thread: 0x0000018fa58a5000
[0x0000018f8bc67bb0] Heap_lock - owner thread: 0x0000018fa95a0800

Heap address: 0x0000000080000000, size: 2048 MB, Compressed Oops mode: 32-bit
Narrow klass base: 0x0000000000000000, Narrow klass shift: 3
Compressed class space size: 1073741824 Address: 0x0000000100000000

Heap:
 garbage-first heap   total 315392K, used 61597K [0x0000000080000000, 0x0000000100000000)
  region size 1024K, 8 young (8192K), 8 survivors (8192K)
 Metaspace       used 77522K, capacity 79319K, committed 79488K, reserved 1118208K
  class space    used 10113K, capacity 10801K, committed 10880K, reserved 1048576K
Heap Regions: E=young(eden), S=young(survivor), O=old, HS=humongous(starts), HC=humongous(continues), CS=collection set, F=free, A=archive, TAMS=top-at-mark-start (previous, next)
|   0|0x0000000080000000, 0x0000000080100000, 0x0000000080100000|100%| O|  |TAMS 0x0000000080100000, 0x0000000080000000| Untracked 
|   1|0x0000000080100000, 0x0000000080200000, 0x0000000080200000|100%| O|  |TAMS 0x0000000080200000, 0x0000000080100000| Untracked 
|   2|0x0000000080200000, 0x0000000080300000, 0x0000000080300000|100%| O|  |TAMS 0x0000000080300000, 0x0000000080200000| Untracked 
|   3|0x0000000080300000, 0x0000000080400000, 0x0000000080400000|100%|HS|  |TAMS 0x0000000080400000, 0x0000000080300000| Complete 
|   4|0x0000000080400000, 0x0000000080500000, 0x0000000080500000|100%|HC|  |TAMS 0x0000000080500000, 0x0000000080400000| Complete 
|   5|0x0000000080500000, 0x0000000080600000, 0x0000000080600000|100%|HC|  |TAMS 0x0000000080600000, 0x0000000080500000| Complete 
|   6|0x0000000080600000, 0x0000000080700000, 0x0000000080700000|100%| O|  |TAMS 0x0000000080700000, 0x0000000080600000| Untracked 
|   7|0x0000000080700000, 0x0000000080800000, 0x0000000080800000|100%| O|  |TAMS 0x0000000080800000, 0x0000000080700000| Untracked 
|   8|0x0000000080800000, 0x0000000080900000, 0x0000000080900000|100%| O|  |TAMS 0x0000000080900000, 0x0000000080800000| Untracked 
|   9|0x0000000080900000, 0x0000000080a00000, 0x0000000080a00000|100%| O|  |TAMS 0x0000000080a00000, 0x0000000080900000| Untracked 
|  10|0x0000000080a00000, 0x0000000080b00000, 0x0000000080b00000|100%| O|  |TAMS 0x0000000080b00000, 0x0000000080a00000| Untracked 
|  11|0x0000000080b00000, 0x0000000080c00000, 0x0000000080c00000|100%| O|  |TAMS 0x0000000080c00000, 0x0000000080b00000| Untracked 
|  12|0x0000000080c00000, 0x0000000080d00000, 0x0000000080d00000|100%| O|  |TAMS 0x0000000080d00000, 0x0000000080c00000| Untracked 
|  13|0x0000000080d00000, 0x0000000080e00000, 0x0000000080e00000|100%| O|  |TAMS 0x0000000080e00000, 0x0000000080d00000| Untracked 
|  14|0x0000000080e00000, 0x0000000080f00000, 0x0000000080f00000|100%| O|  |TAMS 0x0000000080f00000, 0x0000000080e00000| Untracked 
|  15|0x0000000080f00000, 0x0000000081000000, 0x0000000081000000|100%| O|  |TAMS 0x0000000081000000, 0x0000000080f00000| Untracked 
|  16|0x0000000081000000, 0x0000000081100000, 0x0000000081100000|100%| O|  |TAMS 0x0000000081100000, 0x0000000081000000| Untracked 
|  17|0x0000000081100000, 0x0000000081200000, 0x0000000081200000|100%|HS|  |TAMS 0x0000000081200000, 0x0000000081100000| Complete 
|  18|0x0000000081200000, 0x0000000081300000, 0x0000000081300000|100%|HS|  |TAMS 0x0000000081300000, 0x0000000081200000| Complete 
|  19|0x0000000081300000, 0x0000000081400000, 0x0000000081400000|100%|HS|  |TAMS 0x0000000081400000, 0x0000000081300000| Complete 
|  20|0x0000000081400000, 0x0000000081500000, 0x0000000081500000|100%|HS|  |TAMS 0x0000000081500000, 0x0000000081400000| Complete 
|  21|0x0000000081500000, 0x0000000081600000, 0x0000000081600000|100%|HC|  |TAMS 0x0000000081600000, 0x0000000081500000| Complete 
|  22|0x0000000081600000, 0x0000000081700000, 0x0000000081700000|100%| O|  |TAMS 0x0000000081700000, 0x0000000081600000| Untracked 
|  23|0x0000000081700000, 0x0000000081800000, 0x0000000081800000|100%| O|  |TAMS 0x0000000081800000, 0x0000000081700000| Untracked 
|  24|0x0000000081800000, 0x0000000081900000, 0x0000000081900000|100%| O|  |TAMS 0x0000000081900000, 0x0000000081800000| Untracked 
|  25|0x0000000081900000, 0x0000000081a00000, 0x0000000081a00000|100%| O|  |TAMS 0x0000000081a00000, 0x0000000081900000| Untracked 
|  26|0x0000000081a00000, 0x0000000081b00000, 0x0000000081b00000|100%| O|  |TAMS 0x0000000081b00000, 0x0000000081a00000| Untracked 
|  27|0x0000000081b00000, 0x0000000081c00000, 0x0000000081c00000|100%| O|  |TAMS 0x0000000081c00000, 0x0000000081b00000| Untracked 
|  28|0x0000000081c00000, 0x0000000081d00000, 0x0000000081d00000|100%| O|  |TAMS 0x0000000081d00000, 0x0000000081c00000| Untracked 
|  29|0x0000000081d00000, 0x0000000081e00000, 0x0000000081e00000|100%| O|  |TAMS 0x0000000081e00000, 0x0000000081d00000| Untracked 
|  30|0x0000000081e00000, 0x0000000081f00000, 0x0000000081f00000|100%| O|  |TAMS 0x0000000081f00000, 0x0000000081e00000| Untracked 
|  31|0x0000000081f00000, 0x0000000082000000, 0x0000000082000000|100%| O|  |TAMS 0x0000000082000000, 0x0000000081f00000| Untracked 
|  32|0x0000000082000000, 0x0000000082100000, 0x0000000082100000|100%| O|  |TAMS 0x0000000082100000, 0x0000000082000000| Untracked 
|  33|0x0000000082100000, 0x0000000082200000, 0x0000000082200000|100%| O|  |TAMS 0x0000000082200000, 0x0000000082100000| Untracked 
|  34|0x0000000082200000, 0x0000000082300000, 0x0000000082300000|100%| O|  |TAMS 0x0000000082300000, 0x0000000082200000| Untracked 
|  35|0x0000000082300000, 0x0000000082400000, 0x0000000082400000|100%| O|  |TAMS 0x0000000082400000, 0x0000000082300000| Untracked 
|  36|0x0000000082400000, 0x0000000082500000, 0x0000000082500000|100%| O|  |TAMS 0x0000000082500000, 0x0000000082400000| Untracked 
|  37|0x0000000082500000, 0x0000000082600000, 0x0000000082600000|100%| O|  |TAMS 0x0000000082600000, 0x0000000082500000| Untracked 
|  38|0x0000000082600000, 0x0000000082700000, 0x0000000082700000|100%| O|  |TAMS 0x0000000082700000, 0x0000000082600000| Untracked 
|  39|0x0000000082700000, 0x0000000082800000, 0x0000000082800000|100%| O|  |TAMS 0x0000000082800000, 0x0000000082700000| Untracked 
|  40|0x0000000082800000, 0x0000000082900000, 0x0000000082900000|100%| O|  |TAMS 0x0000000082900000, 0x0000000082800000| Untracked 
|  41|0x0000000082900000, 0x0000000082a00000, 0x0000000082a00000|100%| O|  |TAMS 0x0000000082a00000, 0x0000000082900000| Untracked 
|  42|0x0000000082a00000, 0x0000000082b00000, 0x0000000082b00000|100%| O|  |TAMS 0x0000000082ab1400, 0x0000000082a00000| Untracked 
|  43|0x0000000082b00000, 0x0000000082c00000, 0x0000000082c00000|100%| O|  |TAMS 0x0000000082b00000, 0x0000000082b00000| Untracked 
|  44|0x0000000082c00000, 0x0000000082d00000, 0x0000000082d00000|100%| O|  |TAMS 0x0000000082c00000, 0x0000000082c00000| Untracked 
|  45|0x0000000082d00000, 0x0000000082e00000, 0x0000000082e00000|100%| O|  |TAMS 0x0000000082d00000, 0x0000000082d00000| Untracked 
|  46|0x0000000082e00000, 0x0000000082f00000, 0x0000000082f00000|100%| O|  |TAMS 0x0000000082e00000, 0x0000000082e00000| Untracked 
|  47|0x0000000082f00000, 0x0000000083000000, 0x0000000083000000|100%| O|  |TAMS 0x0000000082f00000, 0x0000000082f00000| Untracked 
|  48|0x0000000083000000, 0x0000000083100000, 0x0000000083100000|100%| O|  |TAMS 0x0000000083000000, 0x0000000083000000| Untracked 
|  49|0x0000000083100000, 0x0000000083200000, 0x0000000083200000|100%| O|  |TAMS 0x0000000083100000, 0x0000000083100000| Untracked 
|  50|0x0000000083200000, 0x0000000083300000, 0x0000000083300000|100%| O|  |TAMS 0x0000000083200000, 0x0000000083200000| Untracked 
|  51|0x0000000083300000, 0x0000000083400000, 0x0000000083400000|100%| O|  |TAMS 0x0000000083300000, 0x0000000083300000| Untracked 
|  52|0x0000000083400000, 0x000000008344ee00, 0x0000000083500000| 30%| O|  |TAMS 0x0000000083400000, 0x0000000083400000| Untracked 
|  53|0x0000000083500000, 0x0000000083500000, 0x0000000083600000|  0%| F|  |TAMS 0x0000000083500000, 0x0000000083500000| Untracked 
|  54|0x0000000083600000, 0x0000000083600000, 0x0000000083700000|  0%| F|  |TAMS 0x0000000083600000, 0x0000000083600000| Untracked 
|  55|0x0000000083700000, 0x0000000083700000, 0x0000000083800000|  0%| F|  |TAMS 0x0000000083700000, 0x0000000083700000| Untracked 
|  56|0x0000000083800000, 0x0000000083800000, 0x0000000083900000|  0%| F|  |TAMS 0x0000000083800000, 0x0000000083800000| Untracked 
|  57|0x0000000083900000, 0x0000000083900000, 0x0000000083a00000|  0%| F|  |TAMS 0x0000000083900000, 0x0000000083900000| Untracked 
|  58|0x0000000083a00000, 0x0000000083a00000, 0x0000000083b00000|  0%| F|  |TAMS 0x0000000083a00000, 0x0000000083a00000| Untracked 
|  59|0x0000000083b00000, 0x0000000083b00000, 0x0000000083c00000|  0%| F|  |TAMS 0x0000000083b00000, 0x0000000083b00000| Untracked 
|  60|0x0000000083c00000, 0x0000000083c00000, 0x0000000083d00000|  0%| F|  |TAMS 0x0000000083c00000, 0x0000000083c00000| Untracked 
|  61|0x0000000083d00000, 0x0000000083d00000, 0x0000000083e00000|  0%| F|  |TAMS 0x0000000083d00000, 0x0000000083d00000| Untracked 
|  62|0x0000000083e00000, 0x0000000083e00000, 0x0000000083f00000|  0%| F|  |TAMS 0x0000000083e00000, 0x0000000083e00000| Untracked 
|  63|0x0000000083f00000, 0x0000000083f00000, 0x0000000084000000|  0%| F|  |TAMS 0x0000000083f00000, 0x0000000083f00000| Untracked 
|  64|0x0000000084000000, 0x0000000084000000, 0x0000000084100000|  0%| F|  |TAMS 0x0000000084000000, 0x0000000084000000| Untracked 
|  65|0x0000000084100000, 0x0000000084100000, 0x0000000084200000|  0%| F|  |TAMS 0x0000000084100000, 0x0000000084100000| Untracked 
|  66|0x0000000084200000, 0x0000000084200000, 0x0000000084300000|  0%| F|  |TAMS 0x0000000084200000, 0x0000000084200000| Untracked 
|  67|0x0000000084300000, 0x0000000084300000, 0x0000000084400000|  0%| F|  |TAMS 0x0000000084300000, 0x0000000084300000| Untracked 
|  68|0x0000000084400000, 0x0000000084400000, 0x0000000084500000|  0%| F|  |TAMS 0x0000000084400000, 0x0000000084400000| Untracked 
|  69|0x0000000084500000, 0x0000000084500000, 0x0000000084600000|  0%| F|  |TAMS 0x0000000084500000, 0x0000000084500000| Untracked 
|  70|0x0000000084600000, 0x0000000084600000, 0x0000000084700000|  0%| F|  |TAMS 0x0000000084600000, 0x0000000084600000| Untracked 
|  71|0x0000000084700000, 0x0000000084700000, 0x0000000084800000|  0%| F|  |TAMS 0x0000000084700000, 0x0000000084700000| Untracked 
|  72|0x0000000084800000, 0x0000000084800000, 0x0000000084900000|  0%| F|  |TAMS 0x0000000084800000, 0x0000000084800000| Untracked 
|  73|0x0000000084900000, 0x0000000084900000, 0x0000000084a00000|  0%| F|  |TAMS 0x0000000084900000, 0x0000000084900000| Untracked 
|  74|0x0000000084a00000, 0x0000000084a00000, 0x0000000084b00000|  0%| F|  |TAMS 0x0000000084a00000, 0x0000000084a00000| Untracked 
|  75|0x0000000084b00000, 0x0000000084b00000, 0x0000000084c00000|  0%| F|  |TAMS 0x0000000084b00000, 0x0000000084b00000| Untracked 
|  76|0x0000000084c00000, 0x0000000084c00000, 0x0000000084d00000|  0%| F|  |TAMS 0x0000000084c00000, 0x0000000084c00000| Untracked 
|  77|0x0000000084d00000, 0x0000000084d00000, 0x0000000084e00000|  0%| F|  |TAMS 0x0000000084d00000, 0x0000000084d00000| Untracked 
|  78|0x0000000084e00000, 0x0000000084e00000, 0x0000000084f00000|  0%| F|  |TAMS 0x0000000084e00000, 0x0000000084e00000| Untracked 
|  79|0x0000000084f00000, 0x0000000084f00000, 0x0000000085000000|  0%| F|  |TAMS 0x0000000084f00000, 0x0000000084f00000| Untracked 
|  80|0x0000000085000000, 0x0000000085000000, 0x0000000085100000|  0%| F|  |TAMS 0x0000000085000000, 0x0000000085000000| Untracked 
|  81|0x0000000085100000, 0x0000000085100000, 0x0000000085200000|  0%| F|  |TAMS 0x0000000085100000, 0x0000000085100000| Untracked 
|  82|0x0000000085200000, 0x0000000085200000, 0x0000000085300000|  0%| F|  |TAMS 0x0000000085200000, 0x0000000085200000| Untracked 
|  83|0x0000000085300000, 0x0000000085300000, 0x0000000085400000|  0%| F|  |TAMS 0x0000000085300000, 0x0000000085300000| Untracked 
|  84|0x0000000085400000, 0x0000000085400000, 0x0000000085500000|  0%| F|  |TAMS 0x0000000085400000, 0x0000000085400000| Untracked 
|  85|0x0000000085500000, 0x0000000085500000, 0x0000000085600000|  0%| F|  |TAMS 0x0000000085500000, 0x0000000085500000| Untracked 
|  86|0x0000000085600000, 0x0000000085600000, 0x0000000085700000|  0%| F|  |TAMS 0x0000000085600000, 0x0000000085600000| Untracked 
|  87|0x0000000085700000, 0x0000000085700000, 0x0000000085800000|  0%| F|  |TAMS 0x0000000085700000, 0x0000000085700000| Untracked 
|  88|0x0000000085800000, 0x0000000085800000, 0x0000000085900000|  0%| F|  |TAMS 0x0000000085800000, 0x0000000085800000| Untracked 
|  89|0x0000000085900000, 0x0000000085900000, 0x0000000085a00000|  0%| F|  |TAMS 0x0000000085900000, 0x0000000085900000| Untracked 
|  90|0x0000000085a00000, 0x0000000085a00000, 0x0000000085b00000|  0%| F|  |TAMS 0x0000000085a00000, 0x0000000085a00000| Untracked 
|  91|0x0000000085b00000, 0x0000000085b00000, 0x0000000085c00000|  0%| F|  |TAMS 0x0000000085b00000, 0x0000000085b00000| Untracked 
|  92|0x0000000085c00000, 0x0000000085c00000, 0x0000000085d00000|  0%| F|  |TAMS 0x0000000085c00000, 0x0000000085c00000| Untracked 
|  93|0x0000000085d00000, 0x0000000085d00000, 0x0000000085e00000|  0%| F|  |TAMS 0x0000000085d00000, 0x0000000085d00000| Untracked 
|  94|0x0000000085e00000, 0x0000000085e00000, 0x0000000085f00000|  0%| F|  |TAMS 0x0000000085e00000, 0x0000000085e00000| Untracked 
|  95|0x0000000085f00000, 0x0000000085f00000, 0x0000000086000000|  0%| F|  |TAMS 0x0000000085f00000, 0x0000000085f00000| Untracked 
|  96|0x0000000086000000, 0x0000000086000000, 0x0000000086100000|  0%| F|  |TAMS 0x0000000086000000, 0x0000000086000000| Untracked 
|  97|0x0000000086100000, 0x0000000086100000, 0x0000000086200000|  0%| F|  |TAMS 0x0000000086100000, 0x0000000086100000| Untracked 
|  98|0x0000000086200000, 0x0000000086200000, 0x0000000086300000|  0%| F|  |TAMS 0x0000000086200000, 0x0000000086200000| Untracked 
|  99|0x0000000086300000, 0x0000000086300000, 0x0000000086400000|  0%| F|  |TAMS 0x0000000086300000, 0x0000000086300000| Untracked 
| 100|0x0000000086400000, 0x0000000086400000, 0x0000000086500000|  0%| F|  |TAMS 0x0000000086400000, 0x0000000086400000| Untracked 
| 101|0x0000000086500000, 0x0000000086500000, 0x0000000086600000|  0%| F|  |TAMS 0x0000000086500000, 0x0000000086500000| Untracked 
| 102|0x0000000086600000, 0x0000000086600000, 0x0000000086700000|  0%| F|  |TAMS 0x0000000086600000, 0x0000000086600000| Untracked 
| 103|0x0000000086700000, 0x0000000086700000, 0x0000000086800000|  0%| F|  |TAMS 0x0000000086700000, 0x0000000086700000| Untracked 
| 104|0x0000000086800000, 0x0000000086800000, 0x0000000086900000|  0%| F|  |TAMS 0x0000000086800000, 0x0000000086800000| Untracked 
| 105|0x0000000086900000, 0x0000000086900000, 0x0000000086a00000|  0%| F|  |TAMS 0x0000000086900000, 0x0000000086900000| Untracked 
| 106|0x0000000086a00000, 0x0000000086a00000, 0x0000000086b00000|  0%| F|  |TAMS 0x0000000086a00000, 0x0000000086a00000| Untracked 
| 107|0x0000000086b00000, 0x0000000086b00000, 0x0000000086c00000|  0%| F|  |TAMS 0x0000000086b00000, 0x0000000086b00000| Untracked 
| 108|0x0000000086c00000, 0x0000000086c00000, 0x0000000086d00000|  0%| F|  |TAMS 0x0000000086c00000, 0x0000000086c00000| Untracked 
| 109|0x0000000086d00000, 0x0000000086d00000, 0x0000000086e00000|  0%| F|  |TAMS 0x0000000086d00000, 0x0000000086d00000| Untracked 
| 110|0x0000000086e00000, 0x0000000086e00000, 0x0000000086f00000|  0%| F|  |TAMS 0x0000000086e00000, 0x0000000086e00000| Untracked 
| 111|0x0000000086f00000, 0x0000000086f00000, 0x0000000087000000|  0%| F|  |TAMS 0x0000000086f00000, 0x0000000086f00000| Untracked 
| 112|0x0000000087000000, 0x0000000087000000, 0x0000000087100000|  0%| F|  |TAMS 0x0000000087000000, 0x0000000087000000| Untracked 
| 113|0x0000000087100000, 0x0000000087100000, 0x0000000087200000|  0%| F|  |TAMS 0x0000000087100000, 0x0000000087100000| Untracked 
| 114|0x0000000087200000, 0x0000000087200000, 0x0000000087300000|  0%| F|  |TAMS 0x0000000087200000, 0x0000000087200000| Untracked 
| 115|0x0000000087300000, 0x0000000087300000, 0x0000000087400000|  0%| F|  |TAMS 0x0000000087300000, 0x0000000087300000| Untracked 
| 116|0x0000000087400000, 0x0000000087400000, 0x0000000087500000|  0%| F|  |TAMS 0x0000000087400000, 0x0000000087400000| Untracked 
| 117|0x0000000087500000, 0x0000000087500000, 0x0000000087600000|  0%| F|  |TAMS 0x0000000087500000, 0x0000000087500000| Untracked 
| 118|0x0000000087600000, 0x0000000087600000, 0x0000000087700000|  0%| F|  |TAMS 0x0000000087600000, 0x0000000087600000| Untracked 
| 119|0x0000000087700000, 0x0000000087700000, 0x0000000087800000|  0%| F|  |TAMS 0x0000000087700000, 0x0000000087700000| Untracked 
| 120|0x0000000087800000, 0x0000000087800000, 0x0000000087900000|  0%| F|  |TAMS 0x0000000087800000, 0x0000000087800000| Untracked 
| 121|0x0000000087900000, 0x0000000087900000, 0x0000000087a00000|  0%| F|  |TAMS 0x0000000087900000, 0x0000000087900000| Untracked 
| 122|0x0000000087a00000, 0x0000000087a00000, 0x0000000087b00000|  0%| F|  |TAMS 0x0000000087a00000, 0x0000000087a00000| Untracked 
| 123|0x0000000087b00000, 0x0000000087b00000, 0x0000000087c00000|  0%| F|  |TAMS 0x0000000087b00000, 0x0000000087b00000| Untracked 
| 124|0x0000000087c00000, 0x0000000087c00000, 0x0000000087d00000|  0%| F|  |TAMS 0x0000000087c00000, 0x0000000087c00000| Untracked 
| 125|0x0000000087d00000, 0x0000000087dd8780, 0x0000000087e00000| 84%| S|CS|TAMS 0x0000000087d00000, 0x0000000087d00000| Complete 
| 126|0x0000000087e00000, 0x0000000087f00000, 0x0000000087f00000|100%| S|CS|TAMS 0x0000000087e00000, 0x0000000087e00000| Complete 
| 127|0x0000000087f00000, 0x0000000088000000, 0x0000000088000000|100%| S|CS|TAMS 0x0000000087f00000, 0x0000000087f00000| Complete 
| 128|0x0000000088000000, 0x0000000088100000, 0x0000000088100000|100%| S|CS|TAMS 0x0000000088000000, 0x0000000088000000| Complete 
| 129|0x0000000088100000, 0x0000000088200000, 0x0000000088200000|100%| S|CS|TAMS 0x0000000088100000, 0x0000000088100000| Complete 
| 130|0x0000000088200000, 0x0000000088300000, 0x0000000088300000|100%| S|CS|TAMS 0x0000000088200000, 0x0000000088200000| Complete 
| 131|0x0000000088300000, 0x0000000088400000, 0x0000000088400000|100%| S|CS|TAMS 0x0000000088300000, 0x0000000088300000| Complete 
| 132|0x0000000088400000, 0x0000000088500000, 0x0000000088500000|100%| S|CS|TAMS 0x0000000088400000, 0x0000000088400000| Complete 
| 133|0x0000000088500000, 0x0000000088500000, 0x0000000088600000|  0%| F|  |TAMS 0x0000000088500000, 0x0000000088500000| Untracked 
| 134|0x0000000088600000, 0x0000000088600000, 0x0000000088700000|  0%| F|  |TAMS 0x0000000088600000, 0x0000000088600000| Untracked 
| 135|0x0000000088700000, 0x0000000088700000, 0x0000000088800000|  0%| F|  |TAMS 0x0000000088700000, 0x0000000088700000| Untracked 
| 136|0x0000000088800000, 0x0000000088800000, 0x0000000088900000|  0%| F|  |TAMS 0x0000000088800000, 0x0000000088800000| Untracked 
| 137|0x0000000088900000, 0x0000000088900000, 0x0000000088a00000|  0%| F|  |TAMS 0x0000000088900000, 0x0000000088900000| Untracked 
| 138|0x0000000088a00000, 0x0000000088a00000, 0x0000000088b00000|  0%| F|  |TAMS 0x0000000088a00000, 0x0000000088a00000| Untracked 
| 139|0x0000000088b00000, 0x0000000088b00000, 0x0000000088c00000|  0%| F|  |TAMS 0x0000000088b00000, 0x0000000088b00000| Untracked 
| 140|0x0000000088c00000, 0x0000000088c00000, 0x0000000088d00000|  0%| F|  |TAMS 0x0000000088c00000, 0x0000000088c00000| Untracked 
| 141|0x0000000088d00000, 0x0000000088d00000, 0x0000000088e00000|  0%| F|  |TAMS 0x0000000088d00000, 0x0000000088d00000| Untracked 
| 142|0x0000000088e00000, 0x0000000088e00000, 0x0000000088f00000|  0%| F|  |TAMS 0x0000000088e00000, 0x0000000088e00000| Untracked 
| 143|0x0000000088f00000, 0x0000000088f00000, 0x0000000089000000|  0%| F|  |TAMS 0x0000000088f00000, 0x0000000088f00000| Untracked 
| 144|0x0000000089000000, 0x0000000089000000, 0x0000000089100000|  0%| F|  |TAMS 0x0000000089000000, 0x0000000089000000| Untracked 
| 145|0x0000000089100000, 0x0000000089100000, 0x0000000089200000|  0%| F|  |TAMS 0x0000000089100000, 0x0000000089100000| Untracked 
| 146|0x0000000089200000, 0x0000000089200000, 0x0000000089300000|  0%| F|  |TAMS 0x0000000089200000, 0x0000000089200000| Untracked 
| 147|0x0000000089300000, 0x0000000089300000, 0x0000000089400000|  0%| F|  |TAMS 0x0000000089300000, 0x0000000089300000| Untracked 
| 148|0x0000000089400000, 0x0000000089400000, 0x0000000089500000|  0%| F|  |TAMS 0x0000000089400000, 0x0000000089400000| Untracked 
| 149|0x0000000089500000, 0x0000000089500000, 0x0000000089600000|  0%| F|  |TAMS 0x0000000089500000, 0x0000000089500000| Untracked 
| 150|0x0000000089600000, 0x0000000089600000, 0x0000000089700000|  0%| F|  |TAMS 0x0000000089600000, 0x0000000089600000| Untracked 
| 151|0x0000000089700000, 0x0000000089700000, 0x0000000089800000|  0%| F|  |TAMS 0x0000000089700000, 0x0000000089700000| Untracked 
| 152|0x0000000089800000, 0x0000000089800000, 0x0000000089900000|  0%| F|  |TAMS 0x0000000089800000, 0x0000000089800000| Untracked 
| 153|0x0000000089900000, 0x0000000089900000, 0x0000000089a00000|  0%| F|  |TAMS 0x0000000089900000, 0x0000000089900000| Untracked 
| 154|0x0000000089a00000, 0x0000000089a00000, 0x0000000089b00000|  0%| F|  |TAMS 0x0000000089a00000, 0x0000000089a00000| Untracked 
| 155|0x0000000089b00000, 0x0000000089b00000, 0x0000000089c00000|  0%| F|  |TAMS 0x0000000089b00000, 0x0000000089b00000| Untracked 
| 156|0x0000000089c00000, 0x0000000089c00000, 0x0000000089d00000|  0%| F|  |TAMS 0x0000000089c00000, 0x0000000089c00000| Untracked 
| 157|0x0000000089d00000, 0x0000000089d00000, 0x0000000089e00000|  0%| F|  |TAMS 0x0000000089d00000, 0x0000000089d00000| Untracked 
| 158|0x0000000089e00000, 0x0000000089e00000, 0x0000000089f00000|  0%| F|  |TAMS 0x0000000089e00000, 0x0000000089e00000| Untracked 
| 159|0x0000000089f00000, 0x0000000089f00000, 0x000000008a000000|  0%| F|  |TAMS 0x0000000089f00000, 0x0000000089f00000| Untracked 
| 160|0x000000008a000000, 0x000000008a000000, 0x000000008a100000|  0%| F|  |TAMS 0x000000008a000000, 0x000000008a000000| Untracked 
| 161|0x000000008a100000, 0x000000008a100000, 0x000000008a200000|  0%| F|  |TAMS 0x000000008a100000, 0x000000008a100000| Untracked 
| 162|0x000000008a200000, 0x000000008a200000, 0x000000008a300000|  0%| F|  |TAMS 0x000000008a200000, 0x000000008a200000| Untracked 
| 163|0x000000008a300000, 0x000000008a300000, 0x000000008a400000|  0%| F|  |TAMS 0x000000008a300000, 0x000000008a300000| Untracked 
| 164|0x000000008a400000, 0x000000008a400000, 0x000000008a500000|  0%| F|  |TAMS 0x000000008a400000, 0x000000008a400000| Untracked 
| 165|0x000000008a500000, 0x000000008a500000, 0x000000008a600000|  0%| F|  |TAMS 0x000000008a500000, 0x000000008a500000| Untracked 
| 166|0x000000008a600000, 0x000000008a600000, 0x000000008a700000|  0%| F|  |TAMS 0x000000008a600000, 0x000000008a600000| Untracked 
| 167|0x000000008a700000, 0x000000008a700000, 0x000000008a800000|  0%| F|  |TAMS 0x000000008a700000, 0x000000008a700000| Untracked 
| 168|0x000000008a800000, 0x000000008a800000, 0x000000008a900000|  0%| F|  |TAMS 0x000000008a800000, 0x000000008a800000| Untracked 
| 169|0x000000008a900000, 0x000000008a900000, 0x000000008aa00000|  0%| F|  |TAMS 0x000000008a900000, 0x000000008a900000| Untracked 
| 170|0x000000008aa00000, 0x000000008aa00000, 0x000000008ab00000|  0%| F|  |TAMS 0x000000008aa00000, 0x000000008aa00000| Untracked 
| 171|0x000000008ab00000, 0x000000008ab00000, 0x000000008ac00000|  0%| F|  |TAMS 0x000000008ab00000, 0x000000008ab00000| Untracked 
| 172|0x000000008ac00000, 0x000000008ac00000, 0x000000008ad00000|  0%| F|  |TAMS 0x000000008ac00000, 0x000000008ac00000| Untracked 
| 173|0x000000008ad00000, 0x000000008ad00000, 0x000000008ae00000|  0%| F|  |TAMS 0x000000008ad00000, 0x000000008ad00000| Untracked 
| 174|0x000000008ae00000, 0x000000008ae00000, 0x000000008af00000|  0%| F|  |TAMS 0x000000008ae00000, 0x000000008ae00000| Untracked 
| 175|0x000000008af00000, 0x000000008af00000, 0x000000008b000000|  0%| F|  |TAMS 0x000000008af00000, 0x000000008af00000| Untracked 
| 176|0x000000008b000000, 0x000000008b000000, 0x000000008b100000|  0%| F|  |TAMS 0x000000008b000000, 0x000000008b000000| Untracked 
| 177|0x000000008b100000, 0x000000008b100000, 0x000000008b200000|  0%| F|  |TAMS 0x000000008b100000, 0x000000008b100000| Untracked 
| 178|0x000000008b200000, 0x000000008b200000, 0x000000008b300000|  0%| F|  |TAMS 0x000000008b200000, 0x000000008b200000| Untracked 
| 179|0x000000008b300000, 0x000000008b300000, 0x000000008b400000|  0%| F|  |TAMS 0x000000008b300000, 0x000000008b300000| Untracked 
| 180|0x000000008b400000, 0x000000008b400000, 0x000000008b500000|  0%| F|  |TAMS 0x000000008b400000, 0x000000008b400000| Untracked 
| 181|0x000000008b500000, 0x000000008b500000, 0x000000008b600000|  0%| F|  |TAMS 0x000000008b500000, 0x000000008b500000| Untracked 
| 182|0x000000008b600000, 0x000000008b600000, 0x000000008b700000|  0%| F|  |TAMS 0x000000008b600000, 0x000000008b600000| Untracked 
| 183|0x000000008b700000, 0x000000008b700000, 0x000000008b800000|  0%| F|  |TAMS 0x000000008b700000, 0x000000008b700000| Untracked 
| 184|0x000000008b800000, 0x000000008b800000, 0x000000008b900000|  0%| F|  |TAMS 0x000000008b800000, 0x000000008b800000| Untracked 
| 185|0x000000008b900000, 0x000000008b900000, 0x000000008ba00000|  0%| F|  |TAMS 0x000000008b900000, 0x000000008b900000| Untracked 
| 186|0x000000008ba00000, 0x000000008ba00000, 0x000000008bb00000|  0%| F|  |TAMS 0x000000008ba00000, 0x000000008ba00000| Untracked 
| 187|0x000000008bb00000, 0x000000008bb00000, 0x000000008bc00000|  0%| F|  |TAMS 0x000000008bb00000, 0x000000008bb00000| Untracked 
| 188|0x000000008bc00000, 0x000000008bc00000, 0x000000008bd00000|  0%| F|  |TAMS 0x000000008bc00000, 0x000000008bc00000| Untracked 
| 189|0x000000008bd00000, 0x000000008bd00000, 0x000000008be00000|  0%| F|  |TAMS 0x000000008bd00000, 0x000000008bd00000| Untracked 
| 190|0x000000008be00000, 0x000000008be00000, 0x000000008bf00000|  0%| F|  |TAMS 0x000000008be00000, 0x000000008be00000| Untracked 
| 191|0x000000008bf00000, 0x000000008bf00000, 0x000000008c000000|  0%| F|  |TAMS 0x000000008bf00000, 0x000000008bf00000| Untracked 
| 192|0x000000008c000000, 0x000000008c000000, 0x000000008c100000|  0%| F|  |TAMS 0x000000008c000000, 0x000000008c000000| Untracked 
| 193|0x000000008c100000, 0x000000008c100000, 0x000000008c200000|  0%| F|  |TAMS 0x000000008c100000, 0x000000008c100000| Untracked 
| 194|0x000000008c200000, 0x000000008c200000, 0x000000008c300000|  0%| F|  |TAMS 0x000000008c200000, 0x000000008c200000| Untracked 
| 195|0x000000008c300000, 0x000000008c300000, 0x000000008c400000|  0%| F|  |TAMS 0x000000008c300000, 0x000000008c300000| Untracked 
| 196|0x000000008c400000, 0x000000008c400000, 0x000000008c500000|  0%| F|  |TAMS 0x000000008c400000, 0x000000008c400000| Untracked 
| 197|0x000000008c500000, 0x000000008c500000, 0x000000008c600000|  0%| F|  |TAMS 0x000000008c500000, 0x000000008c500000| Untracked 
| 198|0x000000008c600000, 0x000000008c600000, 0x000000008c700000|  0%| F|  |TAMS 0x000000008c600000, 0x000000008c600000| Untracked 
| 199|0x000000008c700000, 0x000000008c700000, 0x000000008c800000|  0%| F|  |TAMS 0x000000008c700000, 0x000000008c700000| Untracked 
| 200|0x000000008c800000, 0x000000008c800000, 0x000000008c900000|  0%| F|  |TAMS 0x000000008c800000, 0x000000008c800000| Untracked 
| 201|0x000000008c900000, 0x000000008c900000, 0x000000008ca00000|  0%| F|  |TAMS 0x000000008c900000, 0x000000008c900000| Untracked 
| 202|0x000000008ca00000, 0x000000008ca00000, 0x000000008cb00000|  0%| F|  |TAMS 0x000000008ca00000, 0x000000008ca00000| Untracked 
| 203|0x000000008cb00000, 0x000000008cb00000, 0x000000008cc00000|  0%| F|  |TAMS 0x000000008cb00000, 0x000000008cb00000| Untracked 
| 204|0x000000008cc00000, 0x000000008cc00000, 0x000000008cd00000|  0%| F|  |TAMS 0x000000008cc00000, 0x000000008cc00000| Untracked 
| 205|0x000000008cd00000, 0x000000008cd00000, 0x000000008ce00000|  0%| F|  |TAMS 0x000000008cd00000, 0x000000008cd00000| Untracked 
| 206|0x000000008ce00000, 0x000000008ce00000, 0x000000008cf00000|  0%| F|  |TAMS 0x000000008ce00000, 0x000000008ce00000| Untracked 
| 207|0x000000008cf00000, 0x000000008cf00000, 0x000000008d000000|  0%| F|  |TAMS 0x000000008cf00000, 0x000000008cf00000| Untracked 
| 208|0x000000008d000000, 0x000000008d000000, 0x000000008d100000|  0%| F|  |TAMS 0x000000008d000000, 0x000000008d000000| Untracked 
| 209|0x000000008d100000, 0x000000008d100000, 0x000000008d200000|  0%| F|  |TAMS 0x000000008d100000, 0x000000008d100000| Untracked 
| 210|0x000000008d200000, 0x000000008d200000, 0x000000008d300000|  0%| F|  |TAMS 0x000000008d200000, 0x000000008d200000| Untracked 
| 211|0x000000008d300000, 0x000000008d300000, 0x000000008d400000|  0%| F|  |TAMS 0x000000008d300000, 0x000000008d300000| Untracked 
| 212|0x000000008d400000, 0x000000008d400000, 0x000000008d500000|  0%| F|  |TAMS 0x000000008d400000, 0x000000008d400000| Untracked 
| 213|0x000000008d500000, 0x000000008d500000, 0x000000008d600000|  0%| F|  |TAMS 0x000000008d500000, 0x000000008d500000| Untracked 
| 214|0x000000008d600000, 0x000000008d600000, 0x000000008d700000|  0%| F|  |TAMS 0x000000008d600000, 0x000000008d600000| Untracked 
| 215|0x000000008d700000, 0x000000008d700000, 0x000000008d800000|  0%| F|  |TAMS 0x000000008d700000, 0x000000008d700000| Untracked 
| 216|0x000000008d800000, 0x000000008d800000, 0x000000008d900000|  0%| F|  |TAMS 0x000000008d800000, 0x000000008d800000| Untracked 
| 217|0x000000008d900000, 0x000000008d900000, 0x000000008da00000|  0%| F|  |TAMS 0x000000008d900000, 0x000000008d900000| Untracked 
| 218|0x000000008da00000, 0x000000008da00000, 0x000000008db00000|  0%| F|  |TAMS 0x000000008da00000, 0x000000008da00000| Untracked 
| 219|0x000000008db00000, 0x000000008db00000, 0x000000008dc00000|  0%| F|  |TAMS 0x000000008db00000, 0x000000008db00000| Untracked 
| 220|0x000000008dc00000, 0x000000008dc00000, 0x000000008dd00000|  0%| F|  |TAMS 0x000000008dc00000, 0x000000008dc00000| Untracked 
| 221|0x000000008dd00000, 0x000000008dd00000, 0x000000008de00000|  0%| F|  |TAMS 0x000000008dd00000, 0x000000008dd00000| Untracked 
| 222|0x000000008de00000, 0x000000008de00000, 0x000000008df00000|  0%| F|  |TAMS 0x000000008de00000, 0x000000008de00000| Untracked 
| 223|0x000000008df00000, 0x000000008df00000, 0x000000008e000000|  0%| F|  |TAMS 0x000000008df00000, 0x000000008df00000| Untracked 
| 224|0x000000008e000000, 0x000000008e000000, 0x000000008e100000|  0%| F|  |TAMS 0x000000008e000000, 0x000000008e000000| Untracked 
| 225|0x000000008e100000, 0x000000008e100000, 0x000000008e200000|  0%| F|  |TAMS 0x000000008e100000, 0x000000008e100000| Untracked 
| 226|0x000000008e200000, 0x000000008e200000, 0x000000008e300000|  0%| F|  |TAMS 0x000000008e200000, 0x000000008e200000| Untracked 
| 227|0x000000008e300000, 0x000000008e300000, 0x000000008e400000|  0%| F|  |TAMS 0x000000008e300000, 0x000000008e300000| Untracked 
| 228|0x000000008e400000, 0x000000008e400000, 0x000000008e500000|  0%| F|  |TAMS 0x000000008e400000, 0x000000008e400000| Untracked 
| 229|0x000000008e500000, 0x000000008e500000, 0x000000008e600000|  0%| F|  |TAMS 0x000000008e500000, 0x000000008e500000| Untracked 
| 230|0x000000008e600000, 0x000000008e600000, 0x000000008e700000|  0%| F|  |TAMS 0x000000008e600000, 0x000000008e600000| Untracked 
| 231|0x000000008e700000, 0x000000008e700000, 0x000000008e800000|  0%| F|  |TAMS 0x000000008e700000, 0x000000008e700000| Untracked 
| 232|0x000000008e800000, 0x000000008e800000, 0x000000008e900000|  0%| F|  |TAMS 0x000000008e800000, 0x000000008e800000| Untracked 
| 233|0x000000008e900000, 0x000000008e900000, 0x000000008ea00000|  0%| F|  |TAMS 0x000000008e900000, 0x000000008e900000| Untracked 
| 234|0x000000008ea00000, 0x000000008ea00000, 0x000000008eb00000|  0%| F|  |TAMS 0x000000008ea00000, 0x000000008ea00000| Untracked 
| 235|0x000000008eb00000, 0x000000008eb00000, 0x000000008ec00000|  0%| F|  |TAMS 0x000000008eb00000, 0x000000008eb00000| Untracked 
| 236|0x000000008ec00000, 0x000000008ec00000, 0x000000008ed00000|  0%| F|  |TAMS 0x000000008ec00000, 0x000000008ec00000| Untracked 
| 237|0x000000008ed00000, 0x000000008ed00000, 0x000000008ee00000|  0%| F|  |TAMS 0x000000008ed00000, 0x000000008ed00000| Untracked 
| 238|0x000000008ee00000, 0x000000008ee00000, 0x000000008ef00000|  0%| F|  |TAMS 0x000000008ee00000, 0x000000008ee00000| Untracked 
| 239|0x000000008ef00000, 0x000000008ef00000, 0x000000008f000000|  0%| F|  |TAMS 0x000000008ef00000, 0x000000008ef00000| Untracked 
| 240|0x000000008f000000, 0x000000008f000000, 0x000000008f100000|  0%| F|  |TAMS 0x000000008f000000, 0x000000008f000000| Untracked 
| 241|0x000000008f100000, 0x000000008f100000, 0x000000008f200000|  0%| F|  |TAMS 0x000000008f100000, 0x000000008f100000| Untracked 
| 242|0x000000008f200000, 0x000000008f200000, 0x000000008f300000|  0%| F|  |TAMS 0x000000008f200000, 0x000000008f200000| Untracked 
| 243|0x000000008f300000, 0x000000008f300000, 0x000000008f400000|  0%| F|  |TAMS 0x000000008f300000, 0x000000008f300000| Untracked 
| 244|0x000000008f400000, 0x000000008f400000, 0x000000008f500000|  0%| F|  |TAMS 0x000000008f400000, 0x000000008f400000| Untracked 
| 245|0x000000008f500000, 0x000000008f500000, 0x000000008f600000|  0%| F|  |TAMS 0x000000008f500000, 0x000000008f500000| Untracked 
| 246|0x000000008f600000, 0x000000008f600000, 0x000000008f700000|  0%| F|  |TAMS 0x000000008f600000, 0x000000008f600000| Untracked 
| 247|0x000000008f700000, 0x000000008f700000, 0x000000008f800000|  0%| F|  |TAMS 0x000000008f700000, 0x000000008f700000| Untracked 
| 248|0x000000008f800000, 0x000000008f800000, 0x000000008f900000|  0%| F|  |TAMS 0x000000008f800000, 0x000000008f800000| Untracked 
| 249|0x000000008f900000, 0x000000008f900000, 0x000000008fa00000|  0%| F|  |TAMS 0x000000008f900000, 0x000000008f900000| Untracked 
| 250|0x000000008fa00000, 0x000000008fa00000, 0x000000008fb00000|  0%| F|  |TAMS 0x000000008fa00000, 0x000000008fa00000| Untracked 
| 251|0x000000008fb00000, 0x000000008fb00000, 0x000000008fc00000|  0%| F|  |TAMS 0x000000008fb00000, 0x000000008fb00000| Untracked 
| 252|0x000000008fc00000, 0x000000008fc00000, 0x000000008fd00000|  0%| F|  |TAMS 0x000000008fc00000, 0x000000008fc00000| Untracked 
| 253|0x000000008fd00000, 0x000000008fd00000, 0x000000008fe00000|  0%| F|  |TAMS 0x000000008fd00000, 0x000000008fd00000| Untracked 
| 254|0x000000008fe00000, 0x000000008fe00000, 0x000000008ff00000|  0%| F|  |TAMS 0x000000008fe00000, 0x000000008fe00000| Untracked 
| 255|0x000000008ff00000, 0x000000008ff00000, 0x0000000090000000|  0%| F|  |TAMS 0x000000008ff00000, 0x000000008ff00000| Untracked 

Card table byte_map: [0x0000018f9eb70000,0x0000018f9ef70000] _byte_map_base: 0x0000018f9e770000

Marking Bits (Prev, Next): (CMBitMap*) 0x0000018f8bcabf28, (CMBitMap*) 0x0000018f8bcabf60
 Prev Bits: [0x0000018f9f370000, 0x0000018fa1370000)
 Next Bits: [0x0000018fa1370000, 0x0000018fa3370000)

Polling page: 0x0000018f89e20000

Metaspace:

Usage:
  Non-class:     66.91 MB capacity,    65.83 MB ( 98%) used,   914.87 KB (  1%) free+waste,   194.13 KB ( <1%) overhead. 
      Class:     10.55 MB capacity,     9.88 MB ( 94%) used,   597.06 KB (  6%) free+waste,    90.00 KB ( <1%) overhead. 
       Both:     77.46 MB capacity,    75.71 MB ( 98%) used,     1.48 MB (  2%) free+waste,   284.13 KB ( <1%) overhead. 

Virtual space:
  Non-class space:       68.00 MB reserved,      67.00 MB ( 99%) committed 
      Class space:        1.00 GB reserved,      10.63 MB (  1%) committed 
             Both:        1.07 GB reserved,      77.63 MB (  7%) committed 

Chunk freelists:
   Non-Class:  26.00 KB
       Class:  15.00 KB
        Both:  41.00 KB

MaxMetaspaceSize: 17179869184.00 GB
CompressedClassSpaceSize: 1.00 GB

CodeHeap 'non-profiled nmethods': size=120064Kb used=4182Kb max_used=4182Kb free=115881Kb
 bounds [0x0000018f97230000, 0x0000018f97650000, 0x0000018f9e770000]
CodeHeap 'profiled nmethods': size=120000Kb used=15772Kb max_used=15772Kb free=104228Kb
 bounds [0x0000018f8fd00000, 0x0000018f90c70000, 0x0000018f97230000]
CodeHeap 'non-nmethods': size=5696Kb used=2272Kb max_used=2322Kb free=3423Kb
 bounds [0x0000018f8f770000, 0x0000018f8f9e0000, 0x0000018f8fd00000]
 total_blobs=8449 nmethods=7580 adapters=780
 compilation: enabled
              stopped_count=0, restarted_count=0
 full_count=0

Compilation events (20 events):
Event: 8.725 Thread 0x0000018fa613c800 7630       3       org.gradle.internal.reflect.annotations.impl.DefaultTypeAnnotationMetadataStore::getOrCreateBuilder (24 bytes)
Event: 8.726 Thread 0x0000018fa613c800 nmethod 7630 0x0000018f90c63090 code [0x0000018f90c632a0, 0x0000018f90c63878]
Event: 8.726 Thread 0x0000018fa613c800 7631       3       org.gradle.internal.reflect.annotations.impl.DefaultTypeAnnotationMetadataStore$$Lambda$566/0x00000001006fc840::get$Lambda (12 bytes)
Event: 8.726 Thread 0x0000018fa613c800 nmethod 7631 0x0000018f90c63b10 code [0x0000018f90c63ce0, 0x0000018f90c64058]
Event: 8.727 Thread 0x0000018fa613c800 7633       1       java.util.stream.ForEachOps$ForEachOp::get (2 bytes)
Event: 8.727 Thread 0x0000018fa613c800 nmethod 7633 0x0000018f97645010 code [0x0000018f976451c0, 0x0000018f97645278]
Event: 8.727 Thread 0x0000018fa613c800 7634       1       org.gradle.api.internal.tasks.properties.annotations.InputPropertyAnnotationHandler::isPropertyRelevant (2 bytes)
Event: 8.727 Thread 0x0000018fa613c800 nmethod 7634 0x0000018f97645310 code [0x0000018f976454c0, 0x0000018f97645578]
Event: 8.728 Thread 0x0000018fa613c800 7635       3       org.gradle.api.internal.DefaultNamedDomainObjectCollection::doAdd (63 bytes)
Event: 8.729 Thread 0x0000018fa613c800 nmethod 7635 0x0000018f90c64190 code [0x0000018f90c64400, 0x0000018f90c65038]
Event: 8.729 Thread 0x0000018fa613c800 7636       3       org.gradle.api.internal.DefaultNamedDomainObjectCollection$UnfilteredIndex::put (13 bytes)
Event: 8.729 Thread 0x0000018fa613c800 nmethod 7636 0x0000018f90c65410 code [0x0000018f90c655c0, 0x0000018f90c65788]
Event: 8.732 Thread 0x0000018fa613c800 7637       3       java.lang.invoke.DirectMethodHandle$Holder::invokeStatic (22 bytes)
Event: 8.732 Thread 0x0000018fa613c800 nmethod 7637 0x0000018f90c65890 code [0x0000018f90c65a60, 0x0000018f90c65f98]
Event: 8.738 Thread 0x0000018fa613c800 7638       3       com.google.common.collect.SingletonImmutableBiMap::containsKey (9 bytes)
Event: 8.738 Thread 0x0000018fa613c800 nmethod 7638 0x0000018f90c66110 code [0x0000018f90c662c0, 0x0000018f90c66488]
Event: 8.739 Thread 0x0000018fa613c800 7639       3       java.util.ArrayList::forEach (74 bytes)
Event: 8.739 Thread 0x0000018fa613c800 nmethod 7639 0x0000018f90c66590 code [0x0000018f90c667a0, 0x0000018f90c66d68]
Event: 8.739 Thread 0x0000018fa613c800 7640       1       org.gradle.api.internal.DefaultNamedDomainObjectCollection$AbstractDomainObjectCreatingProvider::wasElementRemovedBeforeRealized (5 bytes)
Event: 8.739 Thread 0x0000018fa613c800 nmethod 7640 0x0000018f97645610 code [0x0000018f976457c0, 0x0000018f97645878]

GC Heap History (20 events):
Event: 0.672 GC heap after
{Heap after GC invocations=2 (full 0):
 garbage-first heap   total 262144K, used 9412K [0x0000000080000000, 0x0000000100000000)
  region size 1024K, 2 young (2048K), 2 survivors (2048K)
 Metaspace       used 10596K, capacity 10841K, committed 11008K, reserved 1058816K
  class space    used 1116K, capacity 1174K, committed 1280K, reserved 1048576K
}
Event: 0.896 GC heap before
{Heap before GC invocations=2 (full 0):
 garbage-first heap   total 262144K, used 33988K [0x0000000080000000, 0x0000000100000000)
  region size 1024K, 26 young (26624K), 2 survivors (2048K)
 Metaspace       used 10829K, capacity 11005K, committed 11264K, reserved 1058816K
  class space    used 1131K, capacity 1207K, committed 1280K, reserved 1048576K
}
Event: 0.898 GC heap after
{Heap after GC invocations=3 (full 0):
 garbage-first heap   total 262144K, used 10731K [0x0000000080000000, 0x0000000100000000)
  region size 1024K, 3 young (3072K), 3 survivors (3072K)
 Metaspace       used 10829K, capacity 11005K, committed 11264K, reserved 1058816K
  class space    used 1131K, capacity 1207K, committed 1280K, reserved 1048576K
}
Event: 1.814 GC heap before
{Heap before GC invocations=3 (full 0):
 garbage-first heap   total 262144K, used 61931K [0x0000000080000000, 0x0000000100000000)
  region size 1024K, 53 young (54272K), 3 survivors (3072K)
 Metaspace       used 18773K, capacity 19125K, committed 19328K, reserved 1067008K
  class space    used 2261K, capacity 2384K, committed 2432K, reserved 1048576K
}
Event: 1.819 GC heap after
{Heap after GC invocations=4 (full 0):
 garbage-first heap   total 262144K, used 16635K [0x0000000080000000, 0x0000000100000000)
  region size 1024K, 7 young (7168K), 7 survivors (7168K)
 Metaspace       used 18773K, capacity 19125K, committed 19328K, reserved 1067008K
  class space    used 2261K, capacity 2384K, committed 2432K, reserved 1048576K
}
Event: 1.958 GC heap before
{Heap before GC invocations=4 (full 0):
 garbage-first heap   total 262144K, used 33019K [0x0000000080000000, 0x0000000100000000)
  region size 1024K, 24 young (24576K), 7 survivors (7168K)
 Metaspace       used 20693K, capacity 21075K, committed 21248K, reserved 1067008K
  class space    used 2537K, capacity 2693K, committed 2816K, reserved 1048576K
}
Event: 1.965 GC heap after
{Heap after GC invocations=5 (full 0):
 garbage-first heap   total 262144K, used 17120K [0x0000000080000000, 0x0000000100000000)
  region size 1024K, 6 young (6144K), 6 survivors (6144K)
 Metaspace       used 20693K, capacity 21075K, committed 21248K, reserved 1067008K
  class space    used 2537K, capacity 2693K, committed 2816K, reserved 1048576K
}
Event: 2.405 GC heap before
{Heap before GC invocations=6 (full 0):
 garbage-first heap   total 262144K, used 70368K [0x0000000080000000, 0x0000000100000000)
  region size 1024K, 58 young (59392K), 6 survivors (6144K)
 Metaspace       used 26081K, capacity 26630K, committed 26752K, reserved 1073152K
  class space    used 3408K, capacity 3615K, committed 3712K, reserved 1048576K
}
Event: 2.410 GC heap after
{Heap after GC invocations=7 (full 0):
 garbage-first heap   total 262144K, used 19203K [0x0000000080000000, 0x0000000100000000)
  region size 1024K, 3 young (3072K), 3 survivors (3072K)
 Metaspace       used 26081K, capacity 26630K, committed 26752K, reserved 1073152K
  class space    used 3408K, capacity 3615K, committed 3712K, reserved 1048576K
}
Event: 3.097 GC heap before
{Heap before GC invocations=7 (full 0):
 garbage-first heap   total 262144K, used 80643K [0x0000000080000000, 0x0000000100000000)
  region size 1024K, 64 young (65536K), 3 survivors (3072K)
 Metaspace       used 34975K, capacity 35785K, committed 35840K, reserved 1081344K
  class space    used 4541K, capacity 4863K, committed 4864K, reserved 1048576K
}
Event: 3.105 GC heap after
{Heap after GC invocations=8 (full 0):
 garbage-first heap   total 262144K, used 22998K [0x0000000080000000, 0x0000000100000000)
  region size 1024K, 7 young (7168K), 7 survivors (7168K)
 Metaspace       used 34975K, capacity 35785K, committed 35840K, reserved 1081344K
  class space    used 4541K, capacity 4863K, committed 4864K, reserved 1048576K
}
Event: 3.968 GC heap before
{Heap before GC invocations=9 (full 0):
 garbage-first heap   total 262144K, used 120278K [0x0000000080000000, 0x0000000100000000)
  region size 1024K, 99 young (101376K), 7 survivors (7168K)
 Metaspace       used 43073K, capacity 44019K, committed 44288K, reserved 1087488K
  class space    used 5467K, capacity 5824K, committed 5888K, reserved 1048576K
}
Event: 3.981 GC heap after
{Heap after GC invocations=10 (full 0):
 garbage-first heap   total 262144K, used 28699K [0x0000000080000000, 0x0000000100000000)
  region size 1024K, 12 young (12288K), 12 survivors (12288K)
 Metaspace       used 43073K, capacity 44019K, committed 44288K, reserved 1087488K
  class space    used 5467K, capacity 5824K, committed 5888K, reserved 1048576K
}
Event: 5.429 GC heap before
{Heap before GC invocations=10 (full 0):
 garbage-first heap   total 262144K, used 177179K [0x0000000080000000, 0x0000000100000000)
  region size 1024K, 153 young (156672K), 12 survivors (12288K)
 Metaspace       used 52755K, capacity 54080K, committed 54144K, reserved 1095680K
  class space    used 6718K, capacity 7242K, committed 7296K, reserved 1048576K
}
Event: 5.446 GC heap after
{Heap after GC invocations=11 (full 0):
 garbage-first heap   total 262144K, used 44479K [0x0000000080000000, 0x0000000100000000)
  region size 1024K, 20 young (20480K), 20 survivors (20480K)
 Metaspace       used 52755K, capacity 54080K, committed 54144K, reserved 1095680K
  class space    used 6718K, capacity 7242K, committed 7296K, reserved 1048576K
}
Event: 5.897 GC heap before
{Heap before GC invocations=11 (full 0):
 garbage-first heap   total 262144K, used 82367K [0x0000000080000000, 0x0000000100000000)
  region size 1024K, 58 young (59392K), 20 survivors (20480K)
 Metaspace       used 58595K, capacity 60050K, committed 60160K, reserved 1101824K
  class space    used 7460K, capacity 8013K, committed 8064K, reserved 1048576K
}
Event: 5.917 GC heap after
{Heap after GC invocations=12 (full 0):
 garbage-first heap   total 262144K, used 46277K [0x0000000080000000, 0x0000000100000000)
  region size 1024K, 3 young (3072K), 3 survivors (3072K)
 Metaspace       used 58595K, capacity 60050K, committed 60160K, reserved 1101824K
  class space    used 7460K, capacity 8013K, committed 8064K, reserved 1048576K
}
Event: 6.904 GC heap before
{Heap before GC invocations=13 (full 0):
 garbage-first heap   total 262144K, used 157893K [0x0000000080000000, 0x0000000100000000)
  region size 1024K, 112 young (114688K), 3 survivors (3072K)
 Metaspace       used 65409K, capacity 67020K, committed 67328K, reserved 1107968K
  class space    used 8309K, capacity 8891K, committed 8960K, reserved 1048576K
}
Event: 6.920 GC heap after
{Heap after GC invocations=14 (full 0):
 garbage-first heap   total 262144K, used 53957K [0x0000000080000000, 0x0000000100000000)
  region size 1024K, 10 young (10240K), 10 survivors (10240K)
 Metaspace       used 65409K, capacity 67020K, committed 67328K, reserved 1107968K
  class space    used 8309K, capacity 8891K, committed 8960K, reserved 1048576K
}
Event: 8.740 GC heap before
{Heap before GC invocations=15 (full 0):
 garbage-first heap   total 262144K, used 169669K [0x0000000080000000, 0x0000000100000000)
  region size 1024K, 123 young (125952K), 10 survivors (10240K)
 Metaspace       used 77522K, capacity 79319K, committed 79488K, reserved 1118208K
  class space    used 10113K, capacity 10801K, committed 10880K, reserved 1048576K
}

Deoptimization events (20 events):
Event: 8.330 Thread 0x0000018fa95a0800 DEOPT PACKING pc=0x0000018f907bdce3 sp=0x0000007d90cf8be0
Event: 8.330 Thread 0x0000018fa95a0800 DEOPT UNPACKING pc=0x0000018f8f796dde sp=0x0000007d90cf8090 mode 0
Event: 8.330 Thread 0x0000018fa95a0800 DEOPT PACKING pc=0x0000018f907bdce3 sp=0x0000007d90cf8be0
Event: 8.330 Thread 0x0000018fa95a0800 DEOPT UNPACKING pc=0x0000018f8f796dde sp=0x0000007d90cf8090 mode 0
Event: 8.330 Thread 0x0000018fa95a0800 DEOPT PACKING pc=0x0000018f907bdce3 sp=0x0000007d90cf8be0
Event: 8.330 Thread 0x0000018fa95a0800 DEOPT UNPACKING pc=0x0000018f8f796dde sp=0x0000007d90cf8090 mode 0
Event: 8.330 Thread 0x0000018fa95a0800 DEOPT PACKING pc=0x0000018f907bdce3 sp=0x0000007d90cf8be0
Event: 8.330 Thread 0x0000018fa95a0800 DEOPT UNPACKING pc=0x0000018f8f796dde sp=0x0000007d90cf8090 mode 0
Event: 8.340 Thread 0x0000018fa95a0800 Uncommon trap: trap_request=0xffffff4d fr.pc=0x0000018f97530618 relative=0x00000000000005f8
Event: 8.340 Thread 0x0000018fa95a0800 Uncommon trap: reason=unstable_if action=reinterpret pc=0x0000018f97530618 method=java.util.regex.Matcher.find()Z @ 10 c2
Event: 8.340 Thread 0x0000018fa95a0800 DEOPT PACKING pc=0x0000018f97530618 sp=0x0000007d90cf8e10
Event: 8.340 Thread 0x0000018fa95a0800 DEOPT UNPACKING pc=0x0000018f8f79662f sp=0x0000007d90cf8dd0 mode 2
Event: 8.350 Thread 0x0000018fa95a0800 Uncommon trap: trap_request=0xffffff4d fr.pc=0x0000018f974cf044 relative=0x00000000000000a4
Event: 8.350 Thread 0x0000018fa95a0800 Uncommon trap: reason=unstable_if action=reinterpret pc=0x0000018f974cf044 method=java.lang.CharacterDataLatin1.digit(II)I @ 12 c2
Event: 8.350 Thread 0x0000018fa95a0800 DEOPT PACKING pc=0x0000018f974cf044 sp=0x0000007d90cf9100
Event: 8.350 Thread 0x0000018fa95a0800 DEOPT UNPACKING pc=0x0000018f8f79662f sp=0x0000007d90cf9078 mode 2
Event: 8.373 Thread 0x0000018fa95a0800 DEOPT PACKING pc=0x0000018f90c064bd sp=0x0000007d90cf9390
Event: 8.373 Thread 0x0000018fa95a0800 DEOPT UNPACKING pc=0x0000018f8f796dde sp=0x0000007d90cf8858 mode 0
Event: 8.424 Thread 0x0000018fa95a0800 DEOPT PACKING pc=0x0000018f9089daf3 sp=0x0000007d90cf90f0
Event: 8.425 Thread 0x0000018fa95a0800 DEOPT UNPACKING pc=0x0000018f8f796dde sp=0x0000007d90cf86b8 mode 0

Classes redefined (0 events):
No events

Internal exceptions (20 events):
Event: 6.807 Thread 0x0000018fa95a0800 Exception <a 'java/lang/ClassNotFoundException'{0x00000000896370a8}: org/gradle/api/internal/artifacts/dsl/dependencies/DefaultDependencyHandlerBeanInfo> (0x00000000896370a8) thrown at [./src/hotspot/share/classfile/systemDictionary.cpp, line 231]
Event: 6.808 Thread 0x0000018fa95a0800 Exception <a 'java/lang/ClassNotFoundException'{0x000000008967f438}: org/gradle/api/internal/artifacts/dsl/dependencies/DefaultDependencyHandlerCustomizer> (0x000000008967f438) thrown at [./src/hotspot/share/classfile/systemDictionary.cpp, line 231]
Event: 6.811 Thread 0x0000018fa95a0800 Exception <a 'java/lang/ClassNotFoundException'{0x00000000896f0d10}: org/gradle/api/internal/artifacts/dsl/dependencies/DefaultDependencyHandler_DecoratedCustomizer> (0x00000000896f0d10) thrown at [./src/hotspot/share/classfile/systemDictionary.cpp, line 231]
Event: 7.438 Thread 0x0000018fa95a0800 Exception <a 'java/lang/ClassNotFoundException'{0x000000008dab4950}: com/android/build/gradle/internal/api/ApkVariantOutputImpl_DecoratedBeanInfo> (0x000000008dab4950) thrown at [./src/hotspot/share/classfile/systemDictionary.cpp, line 231]
Event: 7.438 Thread 0x0000018fa95a0800 Exception <a 'java/lang/ClassNotFoundException'{0x000000008dacf180}: com/android/build/gradle/internal/api/ApkVariantOutputImplBeanInfo> (0x000000008dacf180) thrown at [./src/hotspot/share/classfile/systemDictionary.cpp, line 231]
Event: 7.439 Thread 0x0000018fa95a0800 Exception <a 'java/lang/ClassNotFoundException'{0x000000008daea1f0}: com/android/build/gradle/internal/api/BaseVariantOutputImplBeanInfo> (0x000000008daea1f0) thrown at [./src/hotspot/share/classfile/systemDictionary.cpp, line 231]
Event: 7.439 Thread 0x0000018fa95a0800 Exception <a 'java/lang/ClassNotFoundException'{0x000000008d9057b0}: com/android/build/gradle/internal/api/BaseVariantOutputImplCustomizer> (0x000000008d9057b0) thrown at [./src/hotspot/share/classfile/systemDictionary.cpp, line 231]
Event: 7.460 Thread 0x0000018fa95a0800 Exception <a 'java/lang/ClassNotFoundException'{0x000000008d932f20}: com/android/build/gradle/internal/api/ApkVariantOutputImplCustomizer> (0x000000008d932f20) thrown at [./src/hotspot/share/classfile/systemDictionary.cpp, line 231]
Event: 7.460 Thread 0x0000018fa95a0800 Exception <a 'java/lang/ClassNotFoundException'{0x000000008d95cbb8}: com/android/build/gradle/internal/api/ApkVariantOutputImpl_DecoratedCustomizer> (0x000000008d95cbb8) thrown at [./src/hotspot/share/classfile/systemDictionary.cpp, line 231]
Event: 7.477 Thread 0x0000018fa95a0800 Exception <a 'java/lang/NoClassDefFoundError'{0x000000008d8c7838}: org/jetbrains/kotlin/gradle/plugin/KotlinBasePluginWrapper> (0x000000008d8c7838) thrown at [./src/hotspot/share/classfile/systemDictionary.cpp, line 220]
Event: 7.766 Thread 0x0000018fa95a0800 Exception <a 'java/lang/NoSuchMethodError'{0x000000008bec19a8}: 'java.lang.Object java.lang.invoke.Invokers$Holder.linkToTargetMethod(java.lang.Object, int, java.lang.Object)'> (0x000000008bec19a8) thrown at [./src/hotspot/share/interpreter/linkResolver.cpp, line 773]
Event: 7.881 Thread 0x0000018fa95a0800 Exception <a 'sun/nio/fs/WindowsException'{0x000000008b4950b8}> (0x000000008b4950b8) thrown at [./src/hotspot/share/prims/jni.cpp, line 615]
Event: 7.881 Thread 0x0000018fa95a0800 Exception <a 'sun/nio/fs/WindowsException'{0x000000008b495480}> (0x000000008b495480) thrown at [./src/hotspot/share/prims/jni.cpp, line 615]
Event: 7.970 Thread 0x0000018fa95a0800 Exception <a 'java/lang/NullPointerException'{0x000000008aa40738}> (0x000000008aa40738) thrown at [./src/hotspot/share/interpreter/linkResolver.cpp, line 1440]
Event: 8.284 Thread 0x0000018fa95a0800 Exception <a 'java/lang/NoSuchMethodError'{0x0000000089a41e00}: 'int java.lang.invoke.DirectMethodHandle$Holder.invokeStatic(java.lang.Object, java.lang.Object, int, java.lang.Object)'> (0x0000000089a41e00) thrown at [./src/hotspot/share/interpreter/linkResolver.cpp, line 773]
Event: 8.360 Thread 0x0000018fa95a0800 Exception <a 'sun/nio/fs/WindowsException'{0x0000000089976778}> (0x0000000089976778) thrown at [./src/hotspot/share/prims/jni.cpp, line 615]
Event: 8.360 Thread 0x0000018fa95a0800 Exception <a 'sun/nio/fs/WindowsException'{0x0000000089977b08}> (0x0000000089977b08) thrown at [./src/hotspot/share/prims/jni.cpp, line 615]
Event: 8.360 Thread 0x0000018fa95a0800 Exception <a 'sun/nio/fs/WindowsException'{0x0000000089978ed0}> (0x0000000089978ed0) thrown at [./src/hotspot/share/prims/jni.cpp, line 615]
Event: 8.361 Thread 0x0000018fa95a0800 Exception <a 'sun/nio/fs/WindowsException'{0x000000008997a298}> (0x000000008997a298) thrown at [./src/hotspot/share/prims/jni.cpp, line 615]
Event: 8.607 Thread 0x0000018fa95a0800 Exception <a 'java/lang/NoSuchMethodError'{0x00000000892c18a0}: 'java.lang.Object java.lang.invoke.Invokers$Holder.linkToTargetMethod(java.lang.Object, int, int, java.lang.Object)'> (0x00000000892c18a0) thrown at [./src/hotspot/share/interpreter/linkResolver.cpp, line 773]

Events (20 events):
Event: 8.674 loading class com/android/build/gradle/tasks/ProcessApplicationManifest$sam$java_util_concurrent_Callable$0 done
Event: 8.675 loading class com/android/build/gradle/tasks/ProcessApplicationManifest$CreationAction$configure$3
Event: 8.675 loading class com/android/build/gradle/tasks/ProcessApplicationManifest$CreationAction$configure$3 done
Event: 8.680 loading class com/android/build/gradle/tasks/CompatibleScreensManifest$CreationAction$configure$2
Event: 8.680 loading class com/android/build/gradle/tasks/CompatibleScreensManifest$CreationAction$configure$2 done
Event: 8.692 loading class com/android/build/gradle/internal/core/VariantSources$manifestOverlays$gatherManifest$1
Event: 8.692 loading class com/android/build/gradle/internal/core/VariantSources$manifestOverlays$gatherManifest$1 done
Event: 8.712 loading class org/gradle/api/internal/artifacts/ivyservice/moduleconverter/dependencies/DefaultLocalConfigurationMetadataBuilder$DefaultLocalFileDependencyMetadata
Event: 8.712 loading class org/gradle/api/internal/artifacts/ivyservice/moduleconverter/dependencies/DefaultLocalConfigurationMetadataBuilder$DefaultLocalFileDependencyMetadata done
Event: 8.717 loading class org/gradle/api/internal/artifacts/ivyservice/resolveengine/artifact/FileDependencyArtifactSet
Event: 8.717 loading class org/gradle/api/internal/artifacts/ivyservice/resolveengine/artifact/FileDependencyArtifactSet done
Event: 8.718 loading class org/gradle/api/internal/artifacts/ivyservice/resolveengine/artifact/LocalFileDependencyBackedArtifactSet
Event: 8.718 loading class org/gradle/api/internal/artifacts/ivyservice/resolveengine/artifact/LocalFileDependencyBackedArtifactSet done
Event: 8.721 loading class org/gradle/api/internal/artifacts/ivyservice/resolveengine/artifact/LocalDependencyFiles
Event: 8.721 loading class org/gradle/api/internal/artifacts/ivyservice/resolveengine/artifact/LocalDependencyFiles done
Event: 8.722 loading class org/gradle/api/internal/file/AbstractFileCollection$1
Event: 8.722 loading class org/gradle/api/internal/file/AbstractFileCollection$1 done
Event: 8.722 loading class com/android/build/gradle/internal/TaskManager$createMockableJarTask$1$1
Event: 8.722 loading class com/android/build/gradle/internal/TaskManager$createMockableJarTask$1$1 done
Event: 8.739 Executing VM operation: G1CollectForAllocation


Dynamic libraries:
0x00007ff7f4730000 - 0x00007ff7f473a000 	C:\Program Files\Android\Android Studio\jre\bin\java.exe
0x00007ffc2b690000 - 0x00007ffc2b885000 	C:\WINDOWS\SYSTEM32\ntdll.dll
0x00007ffc29d50000 - 0x00007ffc29e0e000 	C:\WINDOWS\System32\KERNEL32.DLL
0x00007ffc29420000 - 0x00007ffc296e8000 	C:\WINDOWS\System32\KERNELBASE.dll
0x00007ffc28fa0000 - 0x00007ffc290a0000 	C:\WINDOWS\System32\ucrtbase.dll
0x00007ffc0bfd0000 - 0x00007ffc0bfe7000 	C:\Program Files\Android\Android Studio\jre\bin\VCRUNTIME140.dll
0x00007ffc0be30000 - 0x00007ffc0be49000 	C:\Program Files\Android\Android Studio\jre\bin\jli.dll
0x00007ffc296f0000 - 0x00007ffc29890000 	C:\WINDOWS\System32\USER32.dll
0x00007ffc293f0000 - 0x00007ffc29412000 	C:\WINDOWS\System32\win32u.dll
0x00007ffc2b1f0000 - 0x00007ffc2b21a000 	C:\WINDOWS\System32\GDI32.dll
0x00007ffc29180000 - 0x00007ffc2928b000 	C:\WINDOWS\System32\gdi32full.dll
0x00007ffc28ed0000 - 0x00007ffc28f6d000 	C:\WINDOWS\System32\msvcp_win.dll
0x00007ffc0ff50000 - 0x00007ffc101ea000 	C:\WINDOWS\WinSxS\amd64_microsoft.windows.common-controls_6595b64144ccf1df_6.0.19041.1110_none_60b5254171f9507e\COMCTL32.dll
0x00007ffc29c30000 - 0x00007ffc29cce000 	C:\WINDOWS\System32\msvcrt.dll
0x00007ffc2b3b0000 - 0x00007ffc2b3e0000 	C:\WINDOWS\System32\IMM32.DLL
0x00007ffc00ae0000 - 0x00007ffc00b7d000 	C:\Program Files\Android\Android Studio\jre\bin\msvcp140.dll
0x00007ffbd0010000 - 0x00007ffbd0ae5000 	C:\Program Files\Android\Android Studio\jre\bin\server\jvm.dll
0x00007ffc2b220000 - 0x00007ffc2b2ce000 	C:\WINDOWS\System32\ADVAPI32.dll
0x00007ffc29ac0000 - 0x00007ffc29b5c000 	C:\WINDOWS\System32\sechost.dll
0x00007ffc2abf0000 - 0x00007ffc2ad15000 	C:\WINDOWS\System32\RPCRT4.dll
0x00007ffc2a9b0000 - 0x00007ffc2a9b8000 	C:\WINDOWS\System32\PSAPI.DLL
0x00007ffc253b0000 - 0x00007ffc253b9000 	C:\WINDOWS\SYSTEM32\WSOCK32.dll
0x00007ffc2a9c0000 - 0x00007ffc2aa2b000 	C:\WINDOWS\System32\WS2_32.dll
0x00007ffc20d10000 - 0x00007ffc20d1a000 	C:\WINDOWS\SYSTEM32\VERSION.dll
0x00007ffc12660000 - 0x00007ffc12687000 	C:\WINDOWS\SYSTEM32\WINMM.dll
0x00007ffc276b0000 - 0x00007ffc276c2000 	C:\WINDOWS\SYSTEM32\kernel.appcore.dll
0x00007ffc220e0000 - 0x00007ffc220f1000 	C:\Program Files\Android\Android Studio\jre\bin\verify.dll
0x00007ffc26330000 - 0x00007ffc26514000 	C:\WINDOWS\SYSTEM32\DBGHELP.DLL
0x00007ffc1f550000 - 0x00007ffc1f57c000 	C:\WINDOWS\SYSTEM32\dbgcore.DLL
0x00007ffc290f0000 - 0x00007ffc29172000 	C:\WINDOWS\System32\bcryptPrimitives.dll
0x00007ffc1f040000 - 0x00007ffc1f069000 	C:\Program Files\Android\Android Studio\jre\bin\java.dll
0x00007ffc237c0000 - 0x00007ffc237cb000 	C:\Program Files\Android\Android Studio\jre\bin\jimage.dll
0x00007ffc20240000 - 0x00007ffc20258000 	C:\Program Files\Android\Android Studio\jre\bin\zip.dll
0x00007ffc29e90000 - 0x00007ffc2a5d4000 	C:\WINDOWS\System32\SHELL32.dll
0x00007ffc26eb0000 - 0x00007ffc27644000 	C:\WINDOWS\SYSTEM32\windows.storage.dll
0x00007ffc2a5f0000 - 0x00007ffc2a944000 	C:\WINDOWS\System32\combase.dll
0x00007ffc28750000 - 0x00007ffc2877c000 	C:\WINDOWS\SYSTEM32\Wldp.dll
0x00007ffc29a10000 - 0x00007ffc29abd000 	C:\WINDOWS\System32\SHCORE.dll
0x00007ffc2a950000 - 0x00007ffc2a9a5000 	C:\WINDOWS\System32\shlwapi.dll
0x00007ffc28cf0000 - 0x00007ffc28d0f000 	C:\WINDOWS\SYSTEM32\profapi.dll
0x00007ffc1ed90000 - 0x00007ffc1edaa000 	C:\Program Files\Android\Android Studio\jre\bin\net.dll
0x00007ffc1f650000 - 0x00007ffc1f75a000 	C:\WINDOWS\SYSTEM32\WINHTTP.dll
0x00007ffc284b0000 - 0x00007ffc2851a000 	C:\WINDOWS\system32\mswsock.dll
0x00007ffc1c2a0000 - 0x00007ffc1c2b4000 	C:\Program Files\Android\Android Studio\jre\bin\nio.dll
0x00007ffc02400000 - 0x00007ffc02427000 	C:\Users\Arne\.gradle\native\e1d6ef7f7dcc3fd88c89a11ec53ec762bb8ba0a96d01ffa2cd45eb1d1d8dd5c5\windows-amd64\native-platform.dll
0x00007ffbf3460000 - 0x00007ffbf35a4000 	C:\Users\Arne\.gradle\native\5664cfc778a61ccfe75a443a1ab52a65af34e5dc3c78e0209fed803814484fcb\windows-amd64\native-platform-file-events.dll
0x00007ffc220b0000 - 0x00007ffc220ba000 	C:\Program Files\Android\Android Studio\jre\bin\management.dll
0x00007ffc22090000 - 0x00007ffc2209d000 	C:\Program Files\Android\Android Studio\jre\bin\management_ext.dll
0x00007ffc286a0000 - 0x00007ffc286b8000 	C:\WINDOWS\SYSTEM32\CRYPTSP.dll
0x00007ffc27e30000 - 0x00007ffc27e64000 	C:\WINDOWS\system32\rsaenh.dll
0x00007ffc28f70000 - 0x00007ffc28f97000 	C:\WINDOWS\System32\bcrypt.dll
0x00007ffc28cb0000 - 0x00007ffc28cde000 	C:\WINDOWS\SYSTEM32\USERENV.dll
0x00007ffc286c0000 - 0x00007ffc286cc000 	C:\WINDOWS\SYSTEM32\CRYPTBASE.dll
0x00007ffc281a0000 - 0x00007ffc281db000 	C:\WINDOWS\SYSTEM32\IPHLPAPI.DLL
0x00007ffc2abe0000 - 0x00007ffc2abe8000 	C:\WINDOWS\System32\NSI.dll
0x00007ffc22330000 - 0x00007ffc22347000 	C:\WINDOWS\SYSTEM32\dhcpcsvc6.DLL
0x00007ffc225f0000 - 0x00007ffc2260d000 	C:\WINDOWS\SYSTEM32\dhcpcsvc.DLL
0x00007ffc281e0000 - 0x00007ffc282ab000 	C:\WINDOWS\SYSTEM32\DNSAPI.dll

dbghelp: loaded successfully - version: 4.0.5 - missing functions: none
symbol engine: initialized successfully - sym options: 0x614 - pdb path: .;C:\Program Files\Android\Android Studio\jre\bin;C:\WINDOWS\SYSTEM32;C:\WINDOWS\WinSxS\amd64_microsoft.windows.common-controls_6595b64144ccf1df_6.0.19041.1110_none_60b5254171f9507e;C:\Program Files\Android\Android Studio\jre\bin\server;C:\Users\Arne\.gradle\native\e1d6ef7f7dcc3fd88c89a11ec53ec762bb8ba0a96d01ffa2cd45eb1d1d8dd5c5\windows-amd64;C:\Users\Arne\.gradle\native\5664cfc778a61ccfe75a443a1ab52a65af34e5dc3c78e0209fed803814484fcb\windows-amd64

VM Arguments:
jvm_args: --add-opens=java.base/java.util=ALL-UNNAMED --add-opens=java.base/java.lang=ALL-UNNAMED --add-opens=java.base/java.lang.invoke=ALL-UNNAMED --add-opens=java.base/java.util=ALL-UNNAMED --add-opens=java.prefs/java.util.prefs=ALL-UNNAMED --add-opens=java.prefs/java.util.prefs=ALL-UNNAMED --add-opens=java.base/java.nio.charset=ALL-UNNAMED --add-opens=java.base/java.net=ALL-UNNAMED --add-opens=java.base/java.util.concurrent.atomic=ALL-UNNAMED -Xmx2048m -Dfile.encoding=UTF-8 -Duser.country=US -Duser.language=en -Duser.variant 
java_command: org.gradle.launcher.daemon.bootstrap.GradleDaemon 7.2
java_class_path (initial): C:\Users\Arne\.gradle\wrapper\dists\gradle-7.2-bin\2dnblmf4td7x66yl1d74lt32g\gradle-7.2\lib\gradle-launcher-7.2.jar
Launcher Type: SUN_STANDARD

[Global flags]
     intx CICompilerCount                          = 3                                         {product} {ergonomic}
     uint ConcGCThreads                            = 1                                         {product} {ergonomic}
     uint G1ConcRefinementThreads                  = 4                                         {product} {ergonomic}
   size_t G1HeapRegionSize                         = 1048576                                   {product} {ergonomic}
    uintx GCDrainStackTargetSize                   = 64                                        {product} {ergonomic}
   size_t InitialHeapSize                          = 268435456                                 {product} {ergonomic}
   size_t MarkStackSize                            = 4194304                                   {product} {ergonomic}
   size_t MaxHeapSize                              = 2147483648                                {product} {command line}
   size_t MaxNewSize                               = 1287651328                                {product} {ergonomic}
   size_t MinHeapDeltaBytes                        = 1048576                                   {product} {ergonomic}
    uintx NonNMethodCodeHeapSize                   = 5830732                                {pd product} {ergonomic}
    uintx NonProfiledCodeHeapSize                  = 122913754                              {pd product} {ergonomic}
    uintx ProfiledCodeHeapSize                     = 122913754                              {pd product} {ergonomic}
    uintx ReservedCodeCacheSize                    = 251658240                              {pd product} {ergonomic}
     bool SegmentedCodeCache                       = true                                      {product} {ergonomic}
     bool UseCompressedClassPointers               = true                                 {lp64_product} {ergonomic}
     bool UseCompressedOops                        = true                                 {lp64_product} {ergonomic}
     bool UseG1GC                                  = true                                      {product} {ergonomic}
     bool UseLargePagesIndividualAllocation        = false                                  {pd product} {ergonomic}

Logging:
Log output configuration:
 #0: stdout all=warning uptime,level,tags
 #1: stderr all=off uptime,level,tags

Environment Variables:
JAVA_HOME=C:\Program Files\Java\jdk-17.0.2
PATH=C:\Program Files\Common Files\Oracle\Java\javapath;C:\Program Files\Eclipse Foundation\jdk-8.0.302.8-hotspot\bin;C:\Program Files (x86)\Common Files\Oracle\Java\javapath;C:\Program Files (x86)\Intel\iCLS Client\;C:\Program Files\Intel\iCLS Client\;C:\WINDOWS\system32;C:\WINDOWS;C:\WINDOWS\System32\Wbem;C:\WINDOWS\System32\WindowsPowerShell\v1.0\;C:\WINDOWS\System32\OpenSSH\;C:\Program Files\Intel\Intel(R) Management Engine Components\DAL;C:\Program Files (x86)\Intel\Intel(R) Management Engine Components\DAL;C:\Program Files\Intel\Intel(R) Management Engine Components\IPT;C:\Program Files (x86)\Intel\Intel(R) Management Engine Components\IPT;C:\Program Files\Microsoft SQL Server\Client SDK\ODBC\130\Tools\Binn\;C:\Program Files (x86)\Microsoft SQL Server\140\Tools\Binn\;C:\Program Files\Microsoft SQL Server\140\Tools\Binn\;C:\Program Files\Microsoft SQL Server\140\DTS\Binn\;C:\Program Files\Microsoft SQL Server\130\Tools\Binn\;C:\Program Files\Microsoft SQL Server\Client SDK\ODBC\170\Tools\Binn\;C:\Program Files (x86)\Microsoft SQL Server\150\DTS\Binn\;C:\Program Files\Git\cmd;C:\Program Files\dotnet\;C:\Users\Arne\AppData\Local\Microsoft\WindowsApps;C:\Users\Arne\.dotnet\tools
USERNAME=Arne
OS=Windows_NT
PROCESSOR_IDENTIFIER=Intel64 Family 6 Model 60 Stepping 3, GenuineIntel



---------------  S Y S T E M  ---------------

OS: Windows 10 , 64 bit Build 19041 (10.0.19041.1645)
OS uptime: 21 days 22:43 hours

CPU:total 4 (initial active 4) (4 cores per cpu, 1 threads per core) family 6 model 60 stepping 3 microcode 0x27, cmov, cx8, fxsr, mmx, sse, sse2, sse3, ssse3, sse4.1, sse4.2, popcnt, avx, avx2, aes, clmul, erms, lzcnt, tsc, tscinvbit, bmi1, bmi2, fma

Memory: 4k page, system-wide physical 16324M (4535M free)
TotalPageFile size 19260M (AvailPageFile size 33M)
current process WorkingSet (physical memory assigned to process): 460M, peak: 464M
current process commit charge ("private bytes"): 518M, peak: 574M

vm_info: OpenJDK 64-Bit Server VM (11.0.11+9-b60-7590822) for windows-amd64 JRE (11.0.11+9-b60-7590822), built on Jul 29 2021 21:43:44 by "builder" with MS VC++ 14.0 (VS2015)

END.
